[0.945s] Invoking command in '/mac_remote/ws/build/manual_control': CMAKE_PREFIX_PATH=/mac_remote/ws/install/mac_messages:/mac_remote/ws/install/macnav_description PYTHONPATH=/mac_remote/ws/build/manual_control/prefix_override:/mac_remote/ws/install/manual_control/lib/python3.10/site-packages:${PYTHONPATH} /usr/bin/python3 setup.py develop --uninstall --editable --build-directory /mac_remote/ws/build/manual_control/build
[1.186s] running develop
[1.324s] Removing /mac_remote/ws/install/manual_control/lib/python3.10/site-packages/manual-control.egg-link (link to .)
[1.353s] Invoked command in '/mac_remote/ws/build/manual_control' returned '0': CMAKE_PREFIX_PATH=/mac_remote/ws/install/mac_messages:/mac_remote/ws/install/macnav_description PYTHONPATH=/mac_remote/ws/build/manual_control/prefix_override:/mac_remote/ws/install/manual_control/lib/python3.10/site-packages:${PYTHONPATH} /usr/bin/python3 setup.py develop --uninstall --editable --build-directory /mac_remote/ws/build/manual_control/build
[1.355s] Invoking command in '/mac_remote/ws/src/manual_control': CMAKE_PREFIX_PATH=/mac_remote/ws/install/mac_messages:/mac_remote/ws/install/macnav_description PYTHONPATH=/mac_remote/ws/build/manual_control/prefix_override:/mac_remote/ws/install/manual_control/lib/python3.10/site-packages:${PYTHONPATH} /usr/bin/python3 setup.py egg_info --egg-base ../../build/manual_control build --build-base /mac_remote/ws/build/manual_control/build install --record /mac_remote/ws/build/manual_control/install.log --single-version-externally-managed
[1.580s] running egg_info
[1.580s] writing ../../build/manual_control/manual_control.egg-info/PKG-INFO
[2.127s] writing dependency_links to ../../build/manual_control/manual_control.egg-info/dependency_links.txt
[2.493s] writing entry points to ../../build/manual_control/manual_control.egg-info/entry_points.txt
[3.102s] writing requirements to ../../build/manual_control/manual_control.egg-info/requires.txt
[3.106s] writing top-level names to ../../build/manual_control/manual_control.egg-info/top_level.txt
[3.178s] reading manifest file '../../build/manual_control/manual_control.egg-info/SOURCES.txt'
[3.181s] writing manifest file '../../build/manual_control/manual_control.egg-info/SOURCES.txt'
[3.278s] running build
[3.278s] running build_py
[3.278s] copying manual_control/odom_to_tf_node.py -> /mac_remote/ws/build/manual_control/build/lib/manual_control
[3.279s] running install
[3.280s] running install_lib
[3.282s] creating /mac_remote/ws/install/manual_control/lib/python3.10/site-packages/manual_control
[3.283s] copying /mac_remote/ws/build/manual_control/build/lib/manual_control/manual_node.py -> /mac_remote/ws/install/manual_control/lib/python3.10/site-packages/manual_control
[3.283s] copying /mac_remote/ws/build/manual_control/build/lib/manual_control/odom_to_tf_node.py -> /mac_remote/ws/install/manual_control/lib/python3.10/site-packages/manual_control
[3.284s] copying /mac_remote/ws/build/manual_control/build/lib/manual_control/__init__.py -> /mac_remote/ws/install/manual_control/lib/python3.10/site-packages/manual_control
[3.285s] byte-compiling /mac_remote/ws/install/manual_control/lib/python3.10/site-packages/manual_control/manual_node.py to manual_node.cpython-310.pyc
[3.288s] byte-compiling /mac_remote/ws/install/manual_control/lib/python3.10/site-packages/manual_control/odom_to_tf_node.py to odom_to_tf_node.cpython-310.pyc
[3.289s] byte-compiling /mac_remote/ws/install/manual_control/lib/python3.10/site-packages/manual_control/__init__.py to __init__.cpython-310.pyc
[3.290s] running install_data
[3.291s] running install_egg_info
[3.296s] Copying ../../build/manual_control/manual_control.egg-info to /mac_remote/ws/install/manual_control/lib/python3.10/site-packages/manual_control-0.0.0-py3.10.egg-info
[3.300s] running install_scripts
[3.332s] Installing manual_control_node script to /mac_remote/ws/install/manual_control/lib/manual_control
[3.407s] Installing odom_to_tf_node script to /mac_remote/ws/install/manual_control/lib/manual_control
[3.514s] writing list of installed files to '/mac_remote/ws/build/manual_control/install.log'
[3.567s] Invoked command in '/mac_remote/ws/src/manual_control' returned '0': CMAKE_PREFIX_PATH=/mac_remote/ws/install/mac_messages:/mac_remote/ws/install/macnav_description PYTHONPATH=/mac_remote/ws/build/manual_control/prefix_override:/mac_remote/ws/install/manual_control/lib/python3.10/site-packages:${PYTHONPATH} /usr/bin/python3 setup.py egg_info --egg-base ../../build/manual_control build --build-base /mac_remote/ws/build/manual_control/build install --record /mac_remote/ws/build/manual_control/install.log --single-version-externally-managed
