[2.716s] DEBUG:colcon:Command line arguments: ['/usr/bin/colcon', 'build', '--packages-select', 'manual_control', '--symlink-install']
[2.717s] DEBUG:colcon:Parsed command line arguments: Namespace(ament_cmake_args=None, base_paths=['.'], build_base='build', catkin_cmake_args=None, catkin_skip_building_tests=False, cmake_args=None, cmake_clean_cache=False, cmake_clean_first=False, cmake_force_configure=False, cmake_target=None, cmake_target_skip_unavailable=False, continue_on_error=False, event_handlers=None, executor='parallel', ignore_user_meta=False, install_base='install', log_base=None, log_level=None, main=<bound method BuildVerb.main of <colcon_core.verb.build.BuildVerb object at 0x7f7c393198>>, merge_install=False, metas=['./colcon.meta'], packages_above=None, packages_above_and_dependencies=None, packages_above_depth=None, packages_end=None, packages_ignore=None, packages_ignore_regex=None, packages_select=['manual_control'], packages_select_build_failed=False, packages_select_by_dep=None, packages_select_regex=None, packages_select_test_failures=False, packages_skip=None, packages_skip_build_finished=False, packages_skip_by_dep=None, packages_skip_regex=None, packages_skip_test_passed=False, packages_skip_up_to=None, packages_start=None, packages_up_to=None, packages_up_to_regex=None, parallel_workers=4, paths=None, symlink_install=True, test_result_base=None, verb_extension=<colcon_core.verb.build.BuildVerb object at 0x7f7c393198>, verb_name='build', verb_parser=<colcon_defaults.argument_parser.defaults.DefaultArgumentsDecorator object at 0x7f7c3934e0>)
[2.900s] Level 1:colcon.colcon_core.package_discovery:discover_packages(colcon_meta) check parameters
[2.901s] Level 1:colcon.colcon_core.package_discovery:discover_packages(recursive) check parameters
[2.901s] Level 1:colcon.colcon_core.package_discovery:discover_packages(ignore) check parameters
[2.901s] Level 1:colcon.colcon_core.package_discovery:discover_packages(path) check parameters
[2.901s] Level 1:colcon.colcon_core.package_discovery:discover_packages(colcon_meta) discover
[2.903s] Level 1:colcon.colcon_core.package_discovery:discover_packages(recursive) discover
[2.903s] INFO:colcon.colcon_core.package_discovery:Crawling recursively for packages in '/mac_everything/ws'
[2.904s] Level 1:colcon.colcon_core.package_identification:_identify(.) by extensions ['ignore', 'ignore_ament_install']
[2.904s] Level 1:colcon.colcon_core.package_identification:_identify(.) by extension 'ignore'
[2.904s] Level 1:colcon.colcon_core.package_identification:_identify(.) by extension 'ignore_ament_install'
[2.905s] Level 1:colcon.colcon_core.package_identification:_identify(.) by extensions ['colcon_pkg']
[2.905s] Level 1:colcon.colcon_core.package_identification:_identify(.) by extension 'colcon_pkg'
[2.905s] Level 1:colcon.colcon_core.package_identification:_identify(.) by extensions ['colcon_meta']
[2.905s] Level 1:colcon.colcon_core.package_identification:_identify(.) by extension 'colcon_meta'
[2.906s] Level 1:colcon.colcon_core.package_identification:_identify(.) by extensions ['ros']
[2.906s] Level 1:colcon.colcon_core.package_identification:_identify(.) by extension 'ros'
[3.098s] Level 1:colcon.colcon_core.package_identification:_identify(.) by extensions ['cmake', 'python']
[3.099s] Level 1:colcon.colcon_core.package_identification:_identify(.) by extension 'cmake'
[3.099s] Level 1:colcon.colcon_core.package_identification:_identify(.) by extension 'python'
[3.099s] Level 1:colcon.colcon_core.package_identification:_identify(.) by extensions ['python_setup_py']
[3.100s] Level 1:colcon.colcon_core.package_identification:_identify(.) by extension 'python_setup_py'
[3.100s] Level 1:colcon.colcon_core.package_identification:_identify(build) by extensions ['ignore', 'ignore_ament_install']
[3.101s] Level 1:colcon.colcon_core.package_identification:_identify(build) by extension 'ignore'
[3.101s] Level 1:colcon.colcon_core.package_identification:_identify(build) ignored
[3.103s] Level 1:colcon.colcon_core.package_identification:_identify(install) by extensions ['ignore', 'ignore_ament_install']
[3.104s] Level 1:colcon.colcon_core.package_identification:_identify(install) by extension 'ignore'
[3.104s] Level 1:colcon.colcon_core.package_identification:_identify(install) ignored
[3.105s] Level 1:colcon.colcon_core.package_identification:_identify(log) by extensions ['ignore', 'ignore_ament_install']
[3.105s] Level 1:colcon.colcon_core.package_identification:_identify(log) by extension 'ignore'
[3.105s] Level 1:colcon.colcon_core.package_identification:_identify(log) ignored
[3.106s] Level 1:colcon.colcon_core.package_identification:_identify(src) by extensions ['ignore', 'ignore_ament_install']
[3.106s] Level 1:colcon.colcon_core.package_identification:_identify(src) by extension 'ignore'
[3.106s] Level 1:colcon.colcon_core.package_identification:_identify(src) by extension 'ignore_ament_install'
[3.107s] Level 1:colcon.colcon_core.package_identification:_identify(src) by extensions ['colcon_pkg']
[3.107s] Level 1:colcon.colcon_core.package_identification:_identify(src) by extension 'colcon_pkg'
[3.107s] Level 1:colcon.colcon_core.package_identification:_identify(src) by extensions ['colcon_meta']
[3.107s] Level 1:colcon.colcon_core.package_identification:_identify(src) by extension 'colcon_meta'
[3.108s] Level 1:colcon.colcon_core.package_identification:_identify(src) by extensions ['ros']
[3.108s] Level 1:colcon.colcon_core.package_identification:_identify(src) by extension 'ros'
[3.108s] Level 1:colcon.colcon_core.package_identification:_identify(src) by extensions ['cmake', 'python']
[3.109s] Level 1:colcon.colcon_core.package_identification:_identify(src) by extension 'cmake'
[3.109s] Level 1:colcon.colcon_core.package_identification:_identify(src) by extension 'python'
[3.109s] Level 1:colcon.colcon_core.package_identification:_identify(src) by extensions ['python_setup_py']
[3.109s] Level 1:colcon.colcon_core.package_identification:_identify(src) by extension 'python_setup_py'
[3.110s] Level 1:colcon.colcon_core.package_identification:_identify(src/mac_messages) by extensions ['ignore', 'ignore_ament_install']
[3.110s] Level 1:colcon.colcon_core.package_identification:_identify(src/mac_messages) by extension 'ignore'
[3.111s] Level 1:colcon.colcon_core.package_identification:_identify(src/mac_messages) by extension 'ignore_ament_install'
[3.111s] Level 1:colcon.colcon_core.package_identification:_identify(src/mac_messages) by extensions ['colcon_pkg']
[3.111s] Level 1:colcon.colcon_core.package_identification:_identify(src/mac_messages) by extension 'colcon_pkg'
[3.111s] Level 1:colcon.colcon_core.package_identification:_identify(src/mac_messages) by extensions ['colcon_meta']
[3.112s] Level 1:colcon.colcon_core.package_identification:_identify(src/mac_messages) by extension 'colcon_meta'
[3.112s] Level 1:colcon.colcon_core.package_identification:_identify(src/mac_messages) by extensions ['ros']
[3.112s] Level 1:colcon.colcon_core.package_identification:_identify(src/mac_messages) by extension 'ros'
[3.125s] DEBUG:colcon.colcon_core.package_identification:Package 'src/mac_messages' with type 'ros.ament_cmake' and name 'mac_messages'
[3.125s] Level 1:colcon.colcon_core.package_identification:_identify(src/manual_control) by extensions ['ignore', 'ignore_ament_install']
[3.126s] Level 1:colcon.colcon_core.package_identification:_identify(src/manual_control) by extension 'ignore'
[3.126s] Level 1:colcon.colcon_core.package_identification:_identify(src/manual_control) by extension 'ignore_ament_install'
[3.127s] Level 1:colcon.colcon_core.package_identification:_identify(src/manual_control) by extensions ['colcon_pkg']
[3.127s] Level 1:colcon.colcon_core.package_identification:_identify(src/manual_control) by extension 'colcon_pkg'
[3.127s] Level 1:colcon.colcon_core.package_identification:_identify(src/manual_control) by extensions ['colcon_meta']
[3.127s] Level 1:colcon.colcon_core.package_identification:_identify(src/manual_control) by extension 'colcon_meta'
[3.128s] Level 1:colcon.colcon_core.package_identification:_identify(src/manual_control) by extensions ['ros']
[3.128s] Level 1:colcon.colcon_core.package_identification:_identify(src/manual_control) by extension 'ros'
[3.134s] DEBUG:colcon.colcon_core.package_identification:Package 'src/manual_control' with type 'ros.ament_python' and name 'manual_control'
[3.135s] Level 1:colcon.colcon_core.package_discovery:discover_packages(recursive) using defaults
[3.136s] Level 1:colcon.colcon_core.package_discovery:discover_packages(ignore) discover
[3.136s] Level 1:colcon.colcon_core.package_discovery:discover_packages(ignore) using defaults
[3.136s] Level 1:colcon.colcon_core.package_discovery:discover_packages(path) discover
[3.137s] Level 1:colcon.colcon_core.package_discovery:discover_packages(path) using defaults
[3.340s] INFO:colcon.colcon_core.package_selection:Skipping not selected package 'mac_messages' in 'src/mac_messages'
[3.360s] Level 5:colcon.colcon_core.verb:set package 'manual_control' build argument 'cmake_args' from command line to 'None'
[3.360s] Level 5:colcon.colcon_core.verb:set package 'manual_control' build argument 'cmake_target' from command line to 'None'
[3.360s] Level 5:colcon.colcon_core.verb:set package 'manual_control' build argument 'cmake_target_skip_unavailable' from command line to 'False'
[3.360s] Level 5:colcon.colcon_core.verb:set package 'manual_control' build argument 'cmake_clean_cache' from command line to 'False'
[3.361s] Level 5:colcon.colcon_core.verb:set package 'manual_control' build argument 'cmake_clean_first' from command line to 'False'
[3.361s] Level 5:colcon.colcon_core.verb:set package 'manual_control' build argument 'cmake_force_configure' from command line to 'False'
[3.361s] Level 5:colcon.colcon_core.verb:set package 'manual_control' build argument 'ament_cmake_args' from command line to 'None'
[3.361s] Level 5:colcon.colcon_core.verb:set package 'manual_control' build argument 'catkin_cmake_args' from command line to 'None'
[3.361s] Level 5:colcon.colcon_core.verb:set package 'manual_control' build argument 'catkin_skip_building_tests' from command line to 'False'
[3.362s] DEBUG:colcon.colcon_core.verb:Building package 'manual_control' with the following arguments: {'ament_cmake_args': None, 'build_base': '/mac_everything/ws/build/manual_control', 'catkin_cmake_args': None, 'catkin_skip_building_tests': False, 'cmake_args': None, 'cmake_clean_cache': False, 'cmake_clean_first': False, 'cmake_force_configure': False, 'cmake_target': None, 'cmake_target_skip_unavailable': False, 'install_base': '/mac_everything/ws/install/manual_control', 'merge_install': False, 'path': '/mac_everything/ws/src/manual_control', 'symlink_install': True, 'test_result_base': None}
[3.378s] INFO:colcon.colcon_core.executor:Executing jobs using 'parallel' executor
[3.472s] DEBUG:colcon.colcon_parallel_executor.executor.parallel:run_until_complete
[3.473s] INFO:colcon.colcon_ros.task.ament_python.build:Building ROS package in '/mac_everything/ws/src/manual_control' with build type 'ament_python'
[3.475s] Level 1:colcon.colcon_core.shell:create_environment_hook('manual_control', 'ament_prefix_path')
[3.530s] INFO:colcon.colcon_core.plugin_system:Skipping extension 'colcon_core.shell.bat': Not used on non-Windows systems
[3.531s] INFO:colcon.colcon_core.shell:Creating environment hook '/mac_everything/ws/install/manual_control/share/manual_control/hook/ament_prefix_path.ps1'
[3.540s] INFO:colcon.colcon_core.shell:Creating environment descriptor '/mac_everything/ws/install/manual_control/share/manual_control/hook/ament_prefix_path.dsv'
[3.545s] INFO:colcon.colcon_core.shell:Creating environment hook '/mac_everything/ws/install/manual_control/share/manual_control/hook/ament_prefix_path.sh'
[3.587s] INFO:colcon.colcon_core.shell:Skip shell extension 'powershell' for command environment: Not usable outside of PowerShell
[3.587s] DEBUG:colcon.colcon_core.shell:Skip shell extension 'dsv' for command environment
[5.251s] INFO:colcon.colcon_core.task.python.build:Building Python package in '/mac_everything/ws/src/manual_control'
[5.290s] INFO:colcon.colcon_core.shell:Skip shell extension 'powershell' for command environment: Not usable outside of PowerShell
[5.290s] DEBUG:colcon.colcon_core.shell:Skip shell extension 'dsv' for command environment
[7.715s] DEBUG:colcon.colcon_core.event_handler.log_command:Invoking command in '/mac_everything/ws/build/manual_control': LD_LIBRARY_PATH=/mac_everything/ws/install/mac_messages/lib:/opt/ros/iron/install/lib:/usr/local/cuda-10.2/targets/aarch64-linux/lib PYTHONPATH=/mac_everything/ws/build/manual_control/prefix_override:/mac_everything/ws/install/manual_control/lib/python3.6/site-packages:/mac_everything/ws/install/mac_messages/lib/python3.6/site-packages:/mac_everything/ws/build/manual_control:/mac_everything/ws/install/manual_control/lib/python3.6/site-packages:/opt/ros/iron/install/lib/python3.6/site-packages /usr/bin/python3 setup.py develop --editable --build-directory /mac_everything/ws/build/manual_control/build --no-deps install_data
[10.328s] Level 1:colcon.colcon_core.shell:create_environment_hook('manual_control', 'pythonpath_develop')
[10.341s] DEBUG:colcon.colcon_core.event_handler.log_command:Invoked command in '/mac_everything/ws/build/manual_control' returned '0': LD_LIBRARY_PATH=/mac_everything/ws/install/mac_messages/lib:/opt/ros/iron/install/lib:/usr/local/cuda-10.2/targets/aarch64-linux/lib PYTHONPATH=/mac_everything/ws/build/manual_control/prefix_override:/mac_everything/ws/install/manual_control/lib/python3.6/site-packages:/mac_everything/ws/install/mac_messages/lib/python3.6/site-packages:/mac_everything/ws/build/manual_control:/mac_everything/ws/install/manual_control/lib/python3.6/site-packages:/opt/ros/iron/install/lib/python3.6/site-packages /usr/bin/python3 setup.py develop --editable --build-directory /mac_everything/ws/build/manual_control/build --no-deps install_data
[10.372s] INFO:colcon.colcon_core.shell:Creating environment hook '/mac_everything/ws/build/manual_control/share/manual_control/hook/pythonpath_develop.ps1'
[10.375s] INFO:colcon.colcon_core.shell:Creating environment descriptor '/mac_everything/ws/build/manual_control/share/manual_control/hook/pythonpath_develop.dsv'
[10.376s] INFO:colcon.colcon_core.shell:Creating environment hook '/mac_everything/ws/build/manual_control/share/manual_control/hook/pythonpath_develop.sh'
[10.475s] Level 1:colcon.colcon_core.environment:checking '/mac_everything/ws/install/manual_control' for CMake module files
[10.480s] Level 1:colcon.colcon_core.environment:checking '/mac_everything/ws/install/manual_control' for CMake config files
[10.485s] Level 1:colcon.colcon_core.environment:checking '/mac_everything/ws/install/manual_control/lib'
[10.486s] Level 1:colcon.colcon_core.environment:checking '/mac_everything/ws/install/manual_control/bin'
[10.486s] Level 1:colcon.colcon_core.environment:checking '/mac_everything/ws/install/manual_control/lib/pkgconfig/manual_control.pc'
[10.487s] Level 1:colcon.colcon_core.environment:checking '/mac_everything/ws/install/manual_control/lib/python3.6/site-packages'
[10.488s] Level 1:colcon.colcon_core.shell:create_environment_hook('manual_control', 'pythonpath')
[10.525s] INFO:colcon.colcon_core.shell:Creating environment hook '/mac_everything/ws/install/manual_control/share/manual_control/hook/pythonpath.ps1'
[10.528s] INFO:colcon.colcon_core.shell:Creating environment descriptor '/mac_everything/ws/install/manual_control/share/manual_control/hook/pythonpath.dsv'
[10.529s] INFO:colcon.colcon_core.shell:Creating environment hook '/mac_everything/ws/install/manual_control/share/manual_control/hook/pythonpath.sh'
[10.531s] Level 1:colcon.colcon_core.environment:checking '/mac_everything/ws/install/manual_control/bin'
[10.532s] Level 1:colcon.colcon_core.environment:create_environment_scripts_only(manual_control)
[10.570s] INFO:colcon.colcon_core.shell:Creating package script '/mac_everything/ws/install/manual_control/share/manual_control/package.ps1'
[10.581s] INFO:colcon.colcon_core.shell:Creating package descriptor '/mac_everything/ws/install/manual_control/share/manual_control/package.dsv'
[10.585s] INFO:colcon.colcon_core.shell:Creating package script '/mac_everything/ws/install/manual_control/share/manual_control/package.sh'
[10.597s] INFO:colcon.colcon_core.shell:Creating package script '/mac_everything/ws/install/manual_control/share/manual_control/package.bash'
[10.604s] INFO:colcon.colcon_core.shell:Creating package script '/mac_everything/ws/install/manual_control/share/manual_control/package.zsh'
[10.608s] Level 1:colcon.colcon_core.environment:create_file_with_runtime_dependencies(/mac_everything/ws/install/manual_control/share/colcon-core/packages/manual_control)
[10.611s] DEBUG:colcon.colcon_parallel_executor.executor.parallel:closing loop
[10.613s] DEBUG:colcon.colcon_parallel_executor.executor.parallel:loop closed
[10.613s] DEBUG:colcon.colcon_parallel_executor.executor.parallel:run_until_complete finished with '0'
[10.614s] DEBUG:colcon.colcon_core.event_reactor:joining thread
[10.639s] INFO:colcon.colcon_core.plugin_system:Skipping extension 'colcon_notification.desktop_notification.notify_send': Could not find 'notify-send'
[10.640s] INFO:colcon.colcon_core.plugin_system:Skipping extension 'colcon_notification.desktop_notification.terminal_notifier': Not used on non-Darwin systems
[10.640s] INFO:colcon.colcon_core.plugin_system:Skipping extension 'colcon_notification.desktop_notification.win32': Not used on non-Windows systems
[10.641s] INFO:colcon.colcon_notification.desktop_notification:Sending desktop notification using 'notify2'
[10.641s] DEBUG:colcon.colcon_notification.desktop_notification.notify2:Failed to initialize notify2: org.freedesktop.DBus.Error.NotSupported: Unable to autolaunch a dbus-daemon without a $DISPLAY for X11
[10.641s] DEBUG:colcon.colcon_core.event_reactor:joined thread
[10.679s] INFO:colcon.colcon_core.shell:Creating prefix script '/mac_everything/ws/install/local_setup.ps1'
[10.685s] INFO:colcon.colcon_core.shell:Creating prefix util module '/mac_everything/ws/install/_local_setup_util_ps1.py'
[10.695s] INFO:colcon.colcon_core.shell:Creating prefix chain script '/mac_everything/ws/install/setup.ps1'
[10.709s] INFO:colcon.colcon_core.shell:Creating prefix script '/mac_everything/ws/install/local_setup.sh'
[10.712s] INFO:colcon.colcon_core.shell:Creating prefix util module '/mac_everything/ws/install/_local_setup_util_sh.py'
[10.714s] INFO:colcon.colcon_core.shell:Creating prefix chain script '/mac_everything/ws/install/setup.sh'
[10.728s] INFO:colcon.colcon_core.shell:Creating prefix script '/mac_everything/ws/install/local_setup.bash'
[10.731s] INFO:colcon.colcon_core.shell:Creating prefix chain script '/mac_everything/ws/install/setup.bash'
[10.745s] INFO:colcon.colcon_core.shell:Creating prefix script '/mac_everything/ws/install/local_setup.zsh'
[10.750s] INFO:colcon.colcon_core.shell:Creating prefix chain script '/mac_everything/ws/install/setup.zsh'
