[2.669s] DEBUG:colcon:Command line arguments: ['/usr/bin/colcon', 'build', '--packages-select', 'man_control', '--symlink-install']
[2.670s] DEBUG:colcon:Parsed command line arguments: Namespace(ament_cmake_args=None, base_paths=['.'], build_base='build', catkin_cmake_args=None, catkin_skip_building_tests=False, cmake_args=None, cmake_clean_cache=False, cmake_clean_first=False, cmake_force_configure=False, cmake_target=None, cmake_target_skip_unavailable=False, continue_on_error=False, event_handlers=None, executor='parallel', ignore_user_meta=False, install_base='install', log_base=None, log_level=None, main=<bound method BuildVerb.main of <colcon_core.verb.build.BuildVerb object at 0x7fb5263208>>, merge_install=False, metas=['./colcon.meta'], packages_above=None, packages_above_and_dependencies=None, packages_above_depth=None, packages_end=None, packages_ignore=None, packages_ignore_regex=None, packages_select=['man_control'], packages_select_build_failed=False, packages_select_by_dep=None, packages_select_regex=None, packages_select_test_failures=False, packages_skip=None, packages_skip_build_finished=False, packages_skip_by_dep=None, packages_skip_regex=None, packages_skip_test_passed=False, packages_skip_up_to=None, packages_start=None, packages_up_to=None, packages_up_to_regex=None, parallel_workers=4, paths=None, symlink_install=True, test_result_base=None, verb_extension=<colcon_core.verb.build.BuildVerb object at 0x7fb5263208>, verb_name='build', verb_parser=<colcon_defaults.argument_parser.defaults.DefaultArgumentsDecorator object at 0x7fb5263550>)
[2.928s] Level 1:colcon.colcon_core.package_discovery:discover_packages(colcon_meta) check parameters
[2.928s] Level 1:colcon.colcon_core.package_discovery:discover_packages(recursive) check parameters
[2.928s] Level 1:colcon.colcon_core.package_discovery:discover_packages(ignore) check parameters
[2.929s] Level 1:colcon.colcon_core.package_discovery:discover_packages(path) check parameters
[2.929s] Level 1:colcon.colcon_core.package_discovery:discover_packages(colcon_meta) discover
[2.930s] Level 1:colcon.colcon_core.package_discovery:discover_packages(recursive) discover
[2.931s] INFO:colcon.colcon_core.package_discovery:Crawling recursively for packages in '/mac_everything/ws'
[2.931s] Level 1:colcon.colcon_core.package_identification:_identify(.) by extensions ['ignore', 'ignore_ament_install']
[2.932s] Level 1:colcon.colcon_core.package_identification:_identify(.) by extension 'ignore'
[2.932s] Level 1:colcon.colcon_core.package_identification:_identify(.) by extension 'ignore_ament_install'
[2.932s] Level 1:colcon.colcon_core.package_identification:_identify(.) by extensions ['colcon_pkg']
[2.932s] Level 1:colcon.colcon_core.package_identification:_identify(.) by extension 'colcon_pkg'
[2.933s] Level 1:colcon.colcon_core.package_identification:_identify(.) by extensions ['colcon_meta']
[2.933s] Level 1:colcon.colcon_core.package_identification:_identify(.) by extension 'colcon_meta'
[2.933s] Level 1:colcon.colcon_core.package_identification:_identify(.) by extensions ['ros']
[2.933s] Level 1:colcon.colcon_core.package_identification:_identify(.) by extension 'ros'
[3.159s] Level 1:colcon.colcon_core.package_identification:_identify(.) by extensions ['cmake', 'python']
[3.160s] Level 1:colcon.colcon_core.package_identification:_identify(.) by extension 'cmake'
[3.160s] Level 1:colcon.colcon_core.package_identification:_identify(.) by extension 'python'
[3.160s] Level 1:colcon.colcon_core.package_identification:_identify(.) by extensions ['python_setup_py']
[3.161s] Level 1:colcon.colcon_core.package_identification:_identify(.) by extension 'python_setup_py'
[3.161s] Level 1:colcon.colcon_core.package_identification:_identify(build) by extensions ['ignore', 'ignore_ament_install']
[3.162s] Level 1:colcon.colcon_core.package_identification:_identify(build) by extension 'ignore'
[3.162s] Level 1:colcon.colcon_core.package_identification:_identify(build) ignored
[3.164s] Level 1:colcon.colcon_core.package_identification:_identify(install) by extensions ['ignore', 'ignore_ament_install']
[3.164s] Level 1:colcon.colcon_core.package_identification:_identify(install) by extension 'ignore'
[3.165s] Level 1:colcon.colcon_core.package_identification:_identify(install) ignored
[3.165s] Level 1:colcon.colcon_core.package_identification:_identify(log) by extensions ['ignore', 'ignore_ament_install']
[3.166s] Level 1:colcon.colcon_core.package_identification:_identify(log) by extension 'ignore'
[3.166s] Level 1:colcon.colcon_core.package_identification:_identify(log) ignored
[3.167s] Level 1:colcon.colcon_core.package_identification:_identify(src) by extensions ['ignore', 'ignore_ament_install']
[3.167s] Level 1:colcon.colcon_core.package_identification:_identify(src) by extension 'ignore'
[3.167s] Level 1:colcon.colcon_core.package_identification:_identify(src) by extension 'ignore_ament_install'
[3.168s] Level 1:colcon.colcon_core.package_identification:_identify(src) by extensions ['colcon_pkg']
[3.168s] Level 1:colcon.colcon_core.package_identification:_identify(src) by extension 'colcon_pkg'
[3.168s] Level 1:colcon.colcon_core.package_identification:_identify(src) by extensions ['colcon_meta']
[3.168s] Level 1:colcon.colcon_core.package_identification:_identify(src) by extension 'colcon_meta'
[3.169s] Level 1:colcon.colcon_core.package_identification:_identify(src) by extensions ['ros']
[3.169s] Level 1:colcon.colcon_core.package_identification:_identify(src) by extension 'ros'
[3.169s] Level 1:colcon.colcon_core.package_identification:_identify(src) by extensions ['cmake', 'python']
[3.169s] Level 1:colcon.colcon_core.package_identification:_identify(src) by extension 'cmake'
[3.170s] Level 1:colcon.colcon_core.package_identification:_identify(src) by extension 'python'
[3.170s] Level 1:colcon.colcon_core.package_identification:_identify(src) by extensions ['python_setup_py']
[3.170s] Level 1:colcon.colcon_core.package_identification:_identify(src) by extension 'python_setup_py'
[3.171s] Level 1:colcon.colcon_core.package_identification:_identify(src/mac_messages) by extensions ['ignore', 'ignore_ament_install']
[3.171s] Level 1:colcon.colcon_core.package_identification:_identify(src/mac_messages) by extension 'ignore'
[3.171s] Level 1:colcon.colcon_core.package_identification:_identify(src/mac_messages) by extension 'ignore_ament_install'
[3.172s] Level 1:colcon.colcon_core.package_identification:_identify(src/mac_messages) by extensions ['colcon_pkg']
[3.172s] Level 1:colcon.colcon_core.package_identification:_identify(src/mac_messages) by extension 'colcon_pkg'
[3.172s] Level 1:colcon.colcon_core.package_identification:_identify(src/mac_messages) by extensions ['colcon_meta']
[3.172s] Level 1:colcon.colcon_core.package_identification:_identify(src/mac_messages) by extension 'colcon_meta'
[3.173s] Level 1:colcon.colcon_core.package_identification:_identify(src/mac_messages) by extensions ['ros']
[3.173s] Level 1:colcon.colcon_core.package_identification:_identify(src/mac_messages) by extension 'ros'
[3.190s] DEBUG:colcon.colcon_core.package_identification:Package 'src/mac_messages' with type 'ros.ament_cmake' and name 'mac_messages'
[3.191s] Level 1:colcon.colcon_core.package_identification:_identify(src/manual_control) by extensions ['ignore', 'ignore_ament_install']
[3.191s] Level 1:colcon.colcon_core.package_identification:_identify(src/manual_control) by extension 'ignore'
[3.191s] Level 1:colcon.colcon_core.package_identification:_identify(src/manual_control) by extension 'ignore_ament_install'
[3.192s] Level 1:colcon.colcon_core.package_identification:_identify(src/manual_control) by extensions ['colcon_pkg']
[3.192s] Level 1:colcon.colcon_core.package_identification:_identify(src/manual_control) by extension 'colcon_pkg'
[3.192s] Level 1:colcon.colcon_core.package_identification:_identify(src/manual_control) by extensions ['colcon_meta']
[3.193s] Level 1:colcon.colcon_core.package_identification:_identify(src/manual_control) by extension 'colcon_meta'
[3.193s] Level 1:colcon.colcon_core.package_identification:_identify(src/manual_control) by extensions ['ros']
[3.193s] Level 1:colcon.colcon_core.package_identification:_identify(src/manual_control) by extension 'ros'
[3.202s] DEBUG:colcon.colcon_core.package_identification:Package 'src/manual_control' with type 'ros.ament_python' and name 'manual_control'
[3.203s] Level 1:colcon.colcon_core.package_discovery:discover_packages(recursive) using defaults
[3.204s] Level 1:colcon.colcon_core.package_discovery:discover_packages(ignore) discover
[3.204s] Level 1:colcon.colcon_core.package_discovery:discover_packages(ignore) using defaults
[3.204s] Level 1:colcon.colcon_core.package_discovery:discover_packages(path) discover
[3.204s] Level 1:colcon.colcon_core.package_discovery:discover_packages(path) using defaults
[3.236s] WARNING:colcon.colcon_core.package_selection:ignoring unknown package 'man_control' in --packages-select
[3.443s] INFO:colcon.colcon_core.package_selection:Skipping not selected package 'mac_messages' in 'src/mac_messages'
[3.444s] INFO:colcon.colcon_core.package_selection:Skipping not selected package 'manual_control' in 'src/manual_control'
[3.460s] INFO:colcon.colcon_core.executor:Executing jobs using 'parallel' executor
[3.545s] DEBUG:colcon.colcon_parallel_executor.executor.parallel:run_until_complete
[3.546s] DEBUG:colcon.colcon_parallel_executor.executor.parallel:closing loop
[3.547s] DEBUG:colcon.colcon_parallel_executor.executor.parallel:loop closed
[3.548s] DEBUG:colcon.colcon_parallel_executor.executor.parallel:run_until_complete finished with '0'
[3.548s] DEBUG:colcon.colcon_core.event_reactor:joining thread
[3.611s] INFO:colcon.colcon_core.plugin_system:Skipping extension 'colcon_notification.desktop_notification.notify_send': Could not find 'notify-send'
[3.612s] INFO:colcon.colcon_core.plugin_system:Skipping extension 'colcon_notification.desktop_notification.terminal_notifier': Not used on non-Darwin systems
[3.613s] INFO:colcon.colcon_core.plugin_system:Skipping extension 'colcon_notification.desktop_notification.win32': Not used on non-Windows systems
[3.613s] INFO:colcon.colcon_notification.desktop_notification:Sending desktop notification using 'notify2'
[3.613s] DEBUG:colcon.colcon_notification.desktop_notification.notify2:Failed to initialize notify2: org.freedesktop.DBus.Error.NotSupported: Unable to autolaunch a dbus-daemon without a $DISPLAY for X11
[3.614s] DEBUG:colcon.colcon_core.event_reactor:joined thread
[3.687s] INFO:colcon.colcon_core.plugin_system:Skipping extension 'colcon_core.shell.bat': Not used on non-Windows systems
[3.689s] INFO:colcon.colcon_core.shell:Creating prefix script '/mac_everything/ws/install/local_setup.ps1'
[3.696s] INFO:colcon.colcon_core.shell:Creating prefix util module '/mac_everything/ws/install/_local_setup_util_ps1.py'
[3.709s] INFO:colcon.colcon_core.shell:Creating prefix chain script '/mac_everything/ws/install/setup.ps1'
[3.730s] INFO:colcon.colcon_core.shell:Creating prefix script '/mac_everything/ws/install/local_setup.sh'
[3.734s] INFO:colcon.colcon_core.shell:Creating prefix util module '/mac_everything/ws/install/_local_setup_util_sh.py'
[3.736s] INFO:colcon.colcon_core.shell:Creating prefix chain script '/mac_everything/ws/install/setup.sh'
[3.754s] INFO:colcon.colcon_core.shell:Creating prefix script '/mac_everything/ws/install/local_setup.bash'
[3.760s] INFO:colcon.colcon_core.shell:Creating prefix chain script '/mac_everything/ws/install/setup.bash'
[3.777s] INFO:colcon.colcon_core.shell:Creating prefix script '/mac_everything/ws/install/local_setup.zsh'
[3.783s] INFO:colcon.colcon_core.shell:Creating prefix chain script '/mac_everything/ws/install/setup.zsh'
