[0.105s] Invoking command in '/mac_remote/ws/build/rplidar_ros': /usr/bin/cmake /mac_remote/ws/src/rplidar_ros -DCATKIN_INSTALL_INTO_PREFIX_ROOT=0 -DCMAKE_INSTALL_PREFIX=/mac_remote/ws/install/rplidar_ros
[0.131s] [0mCMake Deprecation Warning at CMakeLists.txt:1 (cmake_minimum_required):
[0.132s]   Compatibility with CMake < 2.8.12 will be removed from a future version of
[0.133s]   CMake.
[0.133s] 
[0.134s]   Update the VERSION argument <min> value or use a ...<max> suffix to tell
[0.134s]   CMake that the project does not need compatibility with older versions.
[0.134s] 
[0.134s] [0m
[0.296s] -- The C compiler identification is GNU 11.4.0
[0.466s] -- The CXX compiler identification is GNU 11.4.0
[0.483s] -- Detecting C compiler ABI info
[0.600s] -- Detecting C compiler ABI info - done
[0.621s] -- Check for working C compiler: /usr/bin/cc - skipped
[0.622s] -- Detecting C compile features
[0.623s] -- Detecting C compile features - done
[0.633s] -- Detecting CXX compiler ABI info
[0.769s] -- Detecting CXX compiler ABI info - done
[0.790s] -- Check for working CXX compiler: /usr/bin/c++ - skipped
[0.791s] -- Detecting CXX compile features
[0.793s] -- Detecting CXX compile features - done
[0.821s] [31mCMake Error at CMakeLists.txt:16 (find_package):
[0.821s]   By not providing "Findcatkin.cmake" in CMAKE_MODULE_PATH this project has
[0.822s]   asked CMake to find a package configuration file provided by "catkin", but
[0.822s]   CMake did not find one.
[0.822s] 
[0.822s]   Could not find a package configuration file provided by "catkin" with any
[0.822s]   of the following names:
[0.822s] 
[0.822s]     catkinConfig.cmake
[0.823s]     catkin-config.cmake
[0.823s] 
[0.823s]   Add the installation prefix of "catkin" to CMAKE_PREFIX_PATH or set
[0.823s]   "catkin_DIR" to a directory containing one of the above files.  If "catkin"
[0.823s]   provides a separate development package or SDK, be sure it has been
[0.823s]   installed.
[0.824s] 
[0.824s] [0m
[0.825s] -- Configuring incomplete, errors occurred!
[0.826s] See also "/mac_remote/ws/build/rplidar_ros/CMakeFiles/CMakeOutput.log".
[0.834s] Invoked command in '/mac_remote/ws/build/rplidar_ros' returned '1': /usr/bin/cmake /mac_remote/ws/src/rplidar_ros -DCATKIN_INSTALL_INTO_PREFIX_ROOT=0 -DCMAKE_INSTALL_PREFIX=/mac_remote/ws/install/rplidar_ros
