[0.163s] Invoking command in '/mac_remote/ws/build/macnav_description': CMAKE_PREFIX_PATH=${CMAKE_PREFIX_PATH}:/mac_remote/ws/install/manual_control:/opt/ros/humble /usr/bin/cmake --build /mac_remote/ws/build/macnav_description -- -j12 -l12
[0.512s] Invoked command in '/mac_remote/ws/build/macnav_description' returned '0': CMAKE_PREFIX_PATH=${CMAKE_PREFIX_PATH}:/mac_remote/ws/install/manual_control:/opt/ros/humble /usr/bin/cmake --build /mac_remote/ws/build/macnav_description -- -j12 -l12
[0.551s] Invoking command in '/mac_remote/ws/build/macnav_description': CMAKE_PREFIX_PATH=${CMAKE_PREFIX_PATH}:/mac_remote/ws/install/manual_control:/opt/ros/humble /usr/bin/cmake --install /mac_remote/ws/build/macnav_description
[0.563s] -- Install configuration: ""
[0.564s] -- Execute custom install script
[0.565s] -- Up-to-date symlink: /mac_remote/ws/install/macnav_description/share/macnav_description//urdf/common_properties.xacro
[0.565s] -- Up-to-date symlink: /mac_remote/ws/install/macnav_description/share/macnav_description//urdf/macnav.urdf.xacro
[0.565s] -- Up-to-date symlink: /mac_remote/ws/install/macnav_description/share/macnav_description//urdf/macnav_base.xacro
[0.565s] -- Up-to-date symlink: /mac_remote/ws/install/macnav_description/share/macnav_description//urdf/macnav_lidar.xacro
[0.566s] -- Up-to-date symlink: /mac_remote/ws/install/macnav_description/share/macnav_description//launch/display.launch.xml
[0.566s] -- Up-to-date symlink: /mac_remote/ws/install/macnav_description/share/macnav_description//rviz/macnav_config.rviz
[0.567s] -- Up-to-date symlink: /mac_remote/ws/install/macnav_description/share/ament_index/resource_index/package_run_dependencies/macnav_description
[0.567s] -- Up-to-date symlink: /mac_remote/ws/install/macnav_description/share/ament_index/resource_index/parent_prefix_path/macnav_description
[0.568s] -- Up-to-date symlink: /mac_remote/ws/install/macnav_description/share/macnav_description/environment/ament_prefix_path.sh
[0.568s] -- Up-to-date symlink: /mac_remote/ws/install/macnav_description/share/macnav_description/environment/ament_prefix_path.dsv
[0.569s] -- Up-to-date symlink: /mac_remote/ws/install/macnav_description/share/macnav_description/environment/path.sh
[0.569s] -- Up-to-date symlink: /mac_remote/ws/install/macnav_description/share/macnav_description/environment/path.dsv
[0.569s] -- Up-to-date symlink: /mac_remote/ws/install/macnav_description/share/macnav_description/local_setup.bash
[0.570s] -- Up-to-date symlink: /mac_remote/ws/install/macnav_description/share/macnav_description/local_setup.sh
[0.570s] -- Up-to-date symlink: /mac_remote/ws/install/macnav_description/share/macnav_description/local_setup.zsh
[0.570s] -- Up-to-date symlink: /mac_remote/ws/install/macnav_description/share/macnav_description/local_setup.dsv
[0.570s] -- Symlinking: /mac_remote/ws/install/macnav_description/share/macnav_description/package.dsv
[0.584s] -- Up-to-date symlink: /mac_remote/ws/install/macnav_description/share/ament_index/resource_index/packages/macnav_description
[0.585s] -- Up-to-date symlink: /mac_remote/ws/install/macnav_description/share/macnav_description/cmake/macnav_descriptionConfig.cmake
[0.585s] -- Up-to-date symlink: /mac_remote/ws/install/macnav_description/share/macnav_description/cmake/macnav_descriptionConfig-version.cmake
[0.585s] -- Up-to-date symlink: /mac_remote/ws/install/macnav_description/share/macnav_description/package.xml
[0.588s] Invoked command in '/mac_remote/ws/build/macnav_description' returned '0': CMAKE_PREFIX_PATH=${CMAKE_PREFIX_PATH}:/mac_remote/ws/install/manual_control:/opt/ros/humble /usr/bin/cmake --install /mac_remote/ws/build/macnav_description
