[1.078s] DEBUG:colcon:Command line arguments: ['/usr/bin/colcon', 'build', '--packages-select', 'manual_control', 'macnav_description', '--symlink-install']
[1.078s] DEBUG:colcon:Parsed command line arguments: Namespace(log_base=None, log_level=None, verb_name='build', build_base='build', install_base='install', merge_install=False, symlink_install=True, test_result_base=None, continue_on_error=False, executor='parallel', parallel_workers=12, event_handlers=None, ignore_user_meta=False, metas=['./colcon.meta'], base_paths=['.'], packages_ignore=None, packages_ignore_regex=None, paths=None, packages_up_to=None, packages_up_to_regex=None, packages_above=None, packages_above_and_dependencies=None, packages_above_depth=None, packages_select_by_dep=None, packages_skip_by_dep=None, packages_skip_up_to=None, packages_select_build_failed=False, packages_skip_build_finished=False, packages_select_test_failures=False, packages_skip_test_passed=False, packages_select=['manual_control', 'macnav_description'], packages_skip=None, packages_select_regex=None, packages_skip_regex=None, packages_start=None, packages_end=None, cmake_args=None, cmake_target=None, cmake_target_skip_unavailable=False, cmake_clean_cache=False, cmake_clean_first=False, cmake_force_configure=False, ament_cmake_args=None, catkin_cmake_args=None, catkin_skip_building_tests=False, mixin_files=None, mixin=None, verb_parser=<colcon_mixin.mixin.mixin_argument.MixinArgumentDecorator object at 0x7f895b453df0>, verb_extension=<colcon_core.verb.build.BuildVerb object at 0x7f895b450490>, main=<bound method BuildVerb.main of <colcon_core.verb.build.BuildVerb object at 0x7f895b450490>>, mixin_verb=('build',))
[1.118s] Level 1:colcon.colcon_core.package_discovery:discover_packages(colcon_meta) check parameters
[1.119s] INFO:colcon.colcon_metadata.package_discovery.colcon_meta:Using configuration from '/root/.colcon/metadata/default/Gazebo.meta'
[1.119s] INFO:colcon.colcon_metadata.package_discovery.colcon_meta:Using configuration from '/root/.colcon/metadata/default/fastrtps.meta'
[1.120s] Level 1:colcon.colcon_core.package_discovery:discover_packages(recursive) check parameters
[1.120s] Level 1:colcon.colcon_core.package_discovery:discover_packages(ignore) check parameters
[1.120s] Level 1:colcon.colcon_core.package_discovery:discover_packages(path) check parameters
[1.120s] Level 1:colcon.colcon_core.package_discovery:discover_packages(colcon_meta) discover
[1.120s] Level 1:colcon.colcon_core.package_discovery:discover_packages(recursive) discover
[1.120s] INFO:colcon.colcon_core.package_discovery:Crawling recursively for packages in '/mac_remote/ws'
[1.120s] Level 1:colcon.colcon_core.package_identification:_identify(.) by extensions ['ignore', 'ignore_ament_install']
[1.120s] Level 1:colcon.colcon_core.package_identification:_identify(.) by extension 'ignore'
[1.120s] Level 1:colcon.colcon_core.package_identification:_identify(.) by extension 'ignore_ament_install'
[1.120s] Level 1:colcon.colcon_core.package_identification:_identify(.) by extensions ['colcon_pkg']
[1.120s] Level 1:colcon.colcon_core.package_identification:_identify(.) by extension 'colcon_pkg'
[1.120s] Level 1:colcon.colcon_core.package_identification:_identify(.) by extensions ['colcon_meta']
[1.120s] Level 1:colcon.colcon_core.package_identification:_identify(.) by extension 'colcon_meta'
[1.120s] Level 1:colcon.colcon_core.package_identification:_identify(.) by extensions ['ros']
[1.120s] Level 1:colcon.colcon_core.package_identification:_identify(.) by extension 'ros'
[1.130s] Level 1:colcon.colcon_core.package_identification:_identify(.) by extensions ['cmake', 'python']
[1.130s] Level 1:colcon.colcon_core.package_identification:_identify(.) by extension 'cmake'
[1.130s] Level 1:colcon.colcon_core.package_identification:_identify(.) by extension 'python'
[1.130s] Level 1:colcon.colcon_core.package_identification:_identify(.) by extensions ['python_setup_py']
[1.130s] Level 1:colcon.colcon_core.package_identification:_identify(.) by extension 'python_setup_py'
[1.131s] Level 1:colcon.colcon_core.package_identification:_identify(build) by extensions ['ignore', 'ignore_ament_install']
[1.131s] Level 1:colcon.colcon_core.package_identification:_identify(build) by extension 'ignore'
[1.131s] Level 1:colcon.colcon_core.package_identification:_identify(build) ignored
[1.131s] Level 1:colcon.colcon_core.package_identification:_identify(install) by extensions ['ignore', 'ignore_ament_install']
[1.131s] Level 1:colcon.colcon_core.package_identification:_identify(install) by extension 'ignore'
[1.131s] Level 1:colcon.colcon_core.package_identification:_identify(install) ignored
[1.131s] Level 1:colcon.colcon_core.package_identification:_identify(log) by extensions ['ignore', 'ignore_ament_install']
[1.131s] Level 1:colcon.colcon_core.package_identification:_identify(log) by extension 'ignore'
[1.131s] Level 1:colcon.colcon_core.package_identification:_identify(log) ignored
[1.131s] Level 1:colcon.colcon_core.package_identification:_identify(src) by extensions ['ignore', 'ignore_ament_install']
[1.131s] Level 1:colcon.colcon_core.package_identification:_identify(src) by extension 'ignore'
[1.131s] Level 1:colcon.colcon_core.package_identification:_identify(src) by extension 'ignore_ament_install'
[1.132s] Level 1:colcon.colcon_core.package_identification:_identify(src) by extensions ['colcon_pkg']
[1.132s] Level 1:colcon.colcon_core.package_identification:_identify(src) by extension 'colcon_pkg'
[1.132s] Level 1:colcon.colcon_core.package_identification:_identify(src) by extensions ['colcon_meta']
[1.132s] Level 1:colcon.colcon_core.package_identification:_identify(src) by extension 'colcon_meta'
[1.132s] Level 1:colcon.colcon_core.package_identification:_identify(src) by extensions ['ros']
[1.132s] Level 1:colcon.colcon_core.package_identification:_identify(src) by extension 'ros'
[1.132s] Level 1:colcon.colcon_core.package_identification:_identify(src) by extensions ['cmake', 'python']
[1.132s] Level 1:colcon.colcon_core.package_identification:_identify(src) by extension 'cmake'
[1.132s] Level 1:colcon.colcon_core.package_identification:_identify(src) by extension 'python'
[1.132s] Level 1:colcon.colcon_core.package_identification:_identify(src) by extensions ['python_setup_py']
[1.132s] Level 1:colcon.colcon_core.package_identification:_identify(src) by extension 'python_setup_py'
[1.132s] Level 1:colcon.colcon_core.package_identification:_identify(src/mac_messages) by extensions ['ignore', 'ignore_ament_install']
[1.132s] Level 1:colcon.colcon_core.package_identification:_identify(src/mac_messages) by extension 'ignore'
[1.132s] Level 1:colcon.colcon_core.package_identification:_identify(src/mac_messages) by extension 'ignore_ament_install'
[1.132s] Level 1:colcon.colcon_core.package_identification:_identify(src/mac_messages) by extensions ['colcon_pkg']
[1.132s] Level 1:colcon.colcon_core.package_identification:_identify(src/mac_messages) by extension 'colcon_pkg'
[1.132s] Level 1:colcon.colcon_core.package_identification:_identify(src/mac_messages) by extensions ['colcon_meta']
[1.132s] Level 1:colcon.colcon_core.package_identification:_identify(src/mac_messages) by extension 'colcon_meta'
[1.132s] Level 1:colcon.colcon_core.package_identification:_identify(src/mac_messages) by extensions ['ros']
[1.132s] Level 1:colcon.colcon_core.package_identification:_identify(src/mac_messages) by extension 'ros'
[1.134s] DEBUG:colcon.colcon_core.package_identification:Package 'src/mac_messages' with type 'ros.ament_cmake' and name 'mac_messages'
[1.134s] Level 1:colcon.colcon_core.package_identification:_identify(src/macnav_description) by extensions ['ignore', 'ignore_ament_install']
[1.135s] Level 1:colcon.colcon_core.package_identification:_identify(src/macnav_description) by extension 'ignore'
[1.135s] Level 1:colcon.colcon_core.package_identification:_identify(src/macnav_description) by extension 'ignore_ament_install'
[1.135s] Level 1:colcon.colcon_core.package_identification:_identify(src/macnav_description) by extensions ['colcon_pkg']
[1.135s] Level 1:colcon.colcon_core.package_identification:_identify(src/macnav_description) by extension 'colcon_pkg'
[1.135s] Level 1:colcon.colcon_core.package_identification:_identify(src/macnav_description) by extensions ['colcon_meta']
[1.135s] Level 1:colcon.colcon_core.package_identification:_identify(src/macnav_description) by extension 'colcon_meta'
[1.135s] Level 1:colcon.colcon_core.package_identification:_identify(src/macnav_description) by extensions ['ros']
[1.135s] Level 1:colcon.colcon_core.package_identification:_identify(src/macnav_description) by extension 'ros'
[1.135s] DEBUG:colcon.colcon_core.package_identification:Package 'src/macnav_description' with type 'ros.ament_cmake' and name 'macnav_description'
[1.135s] Level 1:colcon.colcon_core.package_identification:_identify(src/manual_control) by extensions ['ignore', 'ignore_ament_install']
[1.135s] Level 1:colcon.colcon_core.package_identification:_identify(src/manual_control) by extension 'ignore'
[1.135s] Level 1:colcon.colcon_core.package_identification:_identify(src/manual_control) by extension 'ignore_ament_install'
[1.136s] Level 1:colcon.colcon_core.package_identification:_identify(src/manual_control) by extensions ['colcon_pkg']
[1.136s] Level 1:colcon.colcon_core.package_identification:_identify(src/manual_control) by extension 'colcon_pkg'
[1.136s] Level 1:colcon.colcon_core.package_identification:_identify(src/manual_control) by extensions ['colcon_meta']
[1.136s] Level 1:colcon.colcon_core.package_identification:_identify(src/manual_control) by extension 'colcon_meta'
[1.136s] Level 1:colcon.colcon_core.package_identification:_identify(src/manual_control) by extensions ['ros']
[1.136s] Level 1:colcon.colcon_core.package_identification:_identify(src/manual_control) by extension 'ros'
[1.136s] DEBUG:colcon.colcon_core.package_identification:Package 'src/manual_control' with type 'ros.ament_python' and name 'manual_control'
[1.136s] Level 1:colcon.colcon_core.package_discovery:discover_packages(recursive) using defaults
[1.136s] Level 1:colcon.colcon_core.package_discovery:discover_packages(ignore) discover
[1.136s] Level 1:colcon.colcon_core.package_discovery:discover_packages(ignore) using defaults
[1.136s] Level 1:colcon.colcon_core.package_discovery:discover_packages(path) discover
[1.136s] Level 1:colcon.colcon_core.package_discovery:discover_packages(path) using defaults
[1.191s] INFO:colcon.colcon_core.package_selection:Skipping not selected package 'mac_messages' in 'src/mac_messages'
[1.203s] Level 5:colcon.colcon_core.verb:set package 'macnav_description' build argument 'cmake_args' from command line to 'None'
[1.204s] Level 5:colcon.colcon_core.verb:set package 'macnav_description' build argument 'cmake_target' from command line to 'None'
[1.204s] Level 5:colcon.colcon_core.verb:set package 'macnav_description' build argument 'cmake_target_skip_unavailable' from command line to 'False'
[1.204s] Level 5:colcon.colcon_core.verb:set package 'macnav_description' build argument 'cmake_clean_cache' from command line to 'False'
[1.204s] Level 5:colcon.colcon_core.verb:set package 'macnav_description' build argument 'cmake_clean_first' from command line to 'False'
[1.204s] Level 5:colcon.colcon_core.verb:set package 'macnav_description' build argument 'cmake_force_configure' from command line to 'False'
[1.204s] Level 5:colcon.colcon_core.verb:set package 'macnav_description' build argument 'ament_cmake_args' from command line to 'None'
[1.204s] Level 5:colcon.colcon_core.verb:set package 'macnav_description' build argument 'catkin_cmake_args' from command line to 'None'
[1.204s] Level 5:colcon.colcon_core.verb:set package 'macnav_description' build argument 'catkin_skip_building_tests' from command line to 'False'
[1.204s] DEBUG:colcon.colcon_core.verb:Building package 'macnav_description' with the following arguments: {'ament_cmake_args': None, 'build_base': '/mac_remote/ws/build/macnav_description', 'catkin_cmake_args': None, 'catkin_skip_building_tests': False, 'cmake_args': None, 'cmake_clean_cache': False, 'cmake_clean_first': False, 'cmake_force_configure': False, 'cmake_target': None, 'cmake_target_skip_unavailable': False, 'install_base': '/mac_remote/ws/install/macnav_description', 'merge_install': False, 'path': '/mac_remote/ws/src/macnav_description', 'symlink_install': True, 'test_result_base': None}
[1.216s] Level 5:colcon.colcon_core.verb:set package 'manual_control' build argument 'cmake_args' from command line to 'None'
[1.216s] Level 5:colcon.colcon_core.verb:set package 'manual_control' build argument 'cmake_target' from command line to 'None'
[1.216s] Level 5:colcon.colcon_core.verb:set package 'manual_control' build argument 'cmake_target_skip_unavailable' from command line to 'False'
[1.216s] Level 5:colcon.colcon_core.verb:set package 'manual_control' build argument 'cmake_clean_cache' from command line to 'False'
[1.216s] Level 5:colcon.colcon_core.verb:set package 'manual_control' build argument 'cmake_clean_first' from command line to 'False'
[1.216s] Level 5:colcon.colcon_core.verb:set package 'manual_control' build argument 'cmake_force_configure' from command line to 'False'
[1.216s] Level 5:colcon.colcon_core.verb:set package 'manual_control' build argument 'ament_cmake_args' from command line to 'None'
[1.216s] Level 5:colcon.colcon_core.verb:set package 'manual_control' build argument 'catkin_cmake_args' from command line to 'None'
[1.216s] Level 5:colcon.colcon_core.verb:set package 'manual_control' build argument 'catkin_skip_building_tests' from command line to 'False'
[1.216s] DEBUG:colcon.colcon_core.verb:Building package 'manual_control' with the following arguments: {'ament_cmake_args': None, 'build_base': '/mac_remote/ws/build/manual_control', 'catkin_cmake_args': None, 'catkin_skip_building_tests': False, 'cmake_args': None, 'cmake_clean_cache': False, 'cmake_clean_first': False, 'cmake_force_configure': False, 'cmake_target': None, 'cmake_target_skip_unavailable': False, 'install_base': '/mac_remote/ws/install/manual_control', 'merge_install': False, 'path': '/mac_remote/ws/src/manual_control', 'symlink_install': True, 'test_result_base': None}
[1.228s] INFO:colcon.colcon_core.executor:Executing jobs using 'parallel' executor
[1.240s] DEBUG:colcon.colcon_parallel_executor.executor.parallel:run_until_complete
[1.240s] INFO:colcon.colcon_ros.task.ament_cmake.build:Building ROS package in '/mac_remote/ws/src/macnav_description' with build type 'ament_cmake'
[1.241s] INFO:colcon.colcon_cmake.task.cmake.build:Building CMake package in '/mac_remote/ws/src/macnav_description'
[1.256s] INFO:colcon.colcon_core.plugin_system:Skipping extension 'colcon_core.shell.bat': Not used on non-Windows systems
[1.256s] INFO:colcon.colcon_core.shell:Skip shell extension 'powershell' for command environment: Not usable outside of PowerShell
[1.256s] DEBUG:colcon.colcon_core.shell:Skip shell extension 'dsv' for command environment
[1.301s] INFO:colcon.colcon_ros.task.ament_python.build:Building ROS package in '/mac_remote/ws/src/manual_control' with build type 'ament_python'
[1.302s] Level 1:colcon.colcon_core.shell:create_environment_hook('manual_control', 'ament_prefix_path')
[1.315s] INFO:colcon.colcon_core.shell:Creating environment hook '/mac_remote/ws/install/manual_control/share/manual_control/hook/ament_prefix_path.ps1'
[1.315s] INFO:colcon.colcon_core.shell:Creating environment descriptor '/mac_remote/ws/install/manual_control/share/manual_control/hook/ament_prefix_path.dsv'
[1.316s] INFO:colcon.colcon_core.shell:Creating environment hook '/mac_remote/ws/install/manual_control/share/manual_control/hook/ament_prefix_path.sh'
[1.332s] INFO:colcon.colcon_core.shell:Skip shell extension 'powershell' for command environment: Not usable outside of PowerShell
[1.332s] DEBUG:colcon.colcon_core.shell:Skip shell extension 'dsv' for command environment
[1.382s] DEBUG:colcon.colcon_core.event_handler.log_command:Invoking command in '/mac_remote/ws/build/macnav_description': CMAKE_PREFIX_PATH=${CMAKE_PREFIX_PATH}:/mac_remote/ws/install/manual_control:/opt/ros/humble /usr/bin/cmake /mac_remote/ws/src/macnav_description -DAMENT_CMAKE_SYMLINK_INSTALL=1 -DCMAKE_INSTALL_PREFIX=/mac_remote/ws/install/macnav_description
[1.648s] INFO:colcon.colcon_core.task.python.build:Building Python package in '/mac_remote/ws/src/manual_control'
[1.664s] INFO:colcon.colcon_core.shell:Skip shell extension 'powershell' for command environment: Not usable outside of PowerShell
[1.664s] DEBUG:colcon.colcon_core.shell:Skip shell extension 'dsv' for command environment
[1.715s] DEBUG:colcon.colcon_core.event_handler.log_command:Invoked command in '/mac_remote/ws/build/macnav_description' returned '0': CMAKE_PREFIX_PATH=${CMAKE_PREFIX_PATH}:/mac_remote/ws/install/manual_control:/opt/ros/humble /usr/bin/cmake /mac_remote/ws/src/macnav_description -DAMENT_CMAKE_SYMLINK_INSTALL=1 -DCMAKE_INSTALL_PREFIX=/mac_remote/ws/install/macnav_description
[1.719s] DEBUG:colcon.colcon_core.event_handler.log_command:Invoking command in '/mac_remote/ws/build/macnav_description': CMAKE_PREFIX_PATH=${CMAKE_PREFIX_PATH}:/mac_remote/ws/install/manual_control:/opt/ros/humble /usr/bin/cmake --build /mac_remote/ws/build/macnav_description -- -j12 -l12
[1.772s] DEBUG:colcon.colcon_core.event_handler.log_command:Invoked command in '/mac_remote/ws/build/macnav_description' returned '0': CMAKE_PREFIX_PATH=${CMAKE_PREFIX_PATH}:/mac_remote/ws/install/manual_control:/opt/ros/humble /usr/bin/cmake --build /mac_remote/ws/build/macnav_description -- -j12 -l12
[1.817s] DEBUG:colcon.colcon_core.event_handler.log_command:Invoking command in '/mac_remote/ws/build/macnav_description': CMAKE_PREFIX_PATH=${CMAKE_PREFIX_PATH}:/mac_remote/ws/install/manual_control:/opt/ros/humble /usr/bin/cmake --install /mac_remote/ws/build/macnav_description
[1.843s] Level 1:colcon.colcon_core.environment:create_environment_scripts_only(macnav_description)
[1.843s] DEBUG:colcon.colcon_core.event_handler.log_command:Invoked command in '/mac_remote/ws/build/macnav_description' returned '0': CMAKE_PREFIX_PATH=${CMAKE_PREFIX_PATH}:/mac_remote/ws/install/manual_control:/opt/ros/humble /usr/bin/cmake --install /mac_remote/ws/build/macnav_description
[1.859s] Level 1:colcon.colcon_core.environment:checking '/mac_remote/ws/install/macnav_description' for CMake module files
[1.859s] Level 1:colcon.colcon_core.environment:checking '/mac_remote/ws/install/macnav_description' for CMake config files
[1.860s] Level 1:colcon.colcon_core.shell:create_environment_hook('macnav_description', 'cmake_prefix_path')
[1.876s] INFO:colcon.colcon_core.shell:Creating environment hook '/mac_remote/ws/install/macnav_description/share/macnav_description/hook/cmake_prefix_path.ps1'
[1.877s] INFO:colcon.colcon_core.shell:Creating environment descriptor '/mac_remote/ws/install/macnav_description/share/macnav_description/hook/cmake_prefix_path.dsv'
[1.877s] INFO:colcon.colcon_core.shell:Creating environment hook '/mac_remote/ws/install/macnav_description/share/macnav_description/hook/cmake_prefix_path.sh'
[1.878s] Level 1:colcon.colcon_core.environment:checking '/mac_remote/ws/install/macnav_description/bin'
[1.878s] Level 1:colcon.colcon_core.environment:checking '/mac_remote/ws/install/macnav_description/lib/pkgconfig/macnav_description.pc'
[1.878s] Level 1:colcon.colcon_core.environment:checking '/mac_remote/ws/install/macnav_description/lib/python3.10/site-packages'
[1.879s] Level 1:colcon.colcon_core.environment:checking '/mac_remote/ws/install/macnav_description/bin'
[1.891s] INFO:colcon.colcon_core.shell:Creating package script '/mac_remote/ws/install/macnav_description/share/macnav_description/package.ps1'
[1.892s] INFO:colcon.colcon_core.shell:Creating package descriptor '/mac_remote/ws/install/macnav_description/share/macnav_description/package.dsv'
[1.893s] INFO:colcon.colcon_core.shell:Creating package script '/mac_remote/ws/install/macnav_description/share/macnav_description/package.sh'
[1.893s] INFO:colcon.colcon_core.shell:Creating package script '/mac_remote/ws/install/macnav_description/share/macnav_description/package.bash'
[1.894s] INFO:colcon.colcon_core.shell:Creating package script '/mac_remote/ws/install/macnav_description/share/macnav_description/package.zsh'
[1.895s] Level 1:colcon.colcon_core.environment:create_file_with_runtime_dependencies(/mac_remote/ws/install/macnav_description/share/colcon-core/packages/macnav_description)
[1.930s] Level 1:colcon.colcon_core.environment:create_environment_scripts_only(macnav_description)
[1.943s] Level 1:colcon.colcon_core.environment:checking '/mac_remote/ws/install/macnav_description' for CMake module files
[1.943s] Level 1:colcon.colcon_core.environment:checking '/mac_remote/ws/install/macnav_description' for CMake config files
[1.944s] Level 1:colcon.colcon_core.shell:create_environment_hook('macnav_description', 'cmake_prefix_path')
[1.963s] INFO:colcon.colcon_core.shell:Creating environment hook '/mac_remote/ws/install/macnav_description/share/macnav_description/hook/cmake_prefix_path.ps1'
[1.964s] INFO:colcon.colcon_core.shell:Creating environment descriptor '/mac_remote/ws/install/macnav_description/share/macnav_description/hook/cmake_prefix_path.dsv'
[1.965s] INFO:colcon.colcon_core.shell:Creating environment hook '/mac_remote/ws/install/macnav_description/share/macnav_description/hook/cmake_prefix_path.sh'
[1.965s] Level 1:colcon.colcon_core.environment:checking '/mac_remote/ws/install/macnav_description/bin'
[1.966s] Level 1:colcon.colcon_core.environment:checking '/mac_remote/ws/install/macnav_description/lib/pkgconfig/macnav_description.pc'
[1.966s] Level 1:colcon.colcon_core.environment:checking '/mac_remote/ws/install/macnav_description/lib/python3.10/site-packages'
[1.966s] Level 1:colcon.colcon_core.environment:checking '/mac_remote/ws/install/macnav_description/bin'
[1.983s] INFO:colcon.colcon_core.shell:Creating package script '/mac_remote/ws/install/macnav_description/share/macnav_description/package.ps1'
[1.984s] INFO:colcon.colcon_core.shell:Creating package descriptor '/mac_remote/ws/install/macnav_description/share/macnav_description/package.dsv'
[1.984s] INFO:colcon.colcon_core.shell:Creating package script '/mac_remote/ws/install/macnav_description/share/macnav_description/package.sh'
[1.985s] INFO:colcon.colcon_core.shell:Creating package script '/mac_remote/ws/install/macnav_description/share/macnav_description/package.bash'
[1.985s] INFO:colcon.colcon_core.shell:Creating package script '/mac_remote/ws/install/macnav_description/share/macnav_description/package.zsh'
[1.986s] Level 1:colcon.colcon_core.environment:create_file_with_runtime_dependencies(/mac_remote/ws/install/macnav_description/share/colcon-core/packages/macnav_description)
[2.102s] DEBUG:colcon.colcon_core.event_handler.log_command:Invoking command in '/mac_remote/ws/build/manual_control': CMAKE_PREFIX_PATH=/mac_remote/ws/install/mac_messages:/mac_remote/ws/install/macnav_description PYTHONPATH=/mac_remote/ws/build/manual_control/prefix_override:/mac_remote/ws/install/manual_control/lib/python3.10/site-packages:${PYTHONPATH} /usr/bin/python3 setup.py develop --editable --build-directory /mac_remote/ws/build/manual_control/build --no-deps install_data
[2.525s] Level 1:colcon.colcon_core.shell:create_environment_hook('manual_control', 'pythonpath_develop')
[2.526s] DEBUG:colcon.colcon_core.event_handler.log_command:Invoked command in '/mac_remote/ws/build/manual_control' returned '0': CMAKE_PREFIX_PATH=/mac_remote/ws/install/mac_messages:/mac_remote/ws/install/macnav_description PYTHONPATH=/mac_remote/ws/build/manual_control/prefix_override:/mac_remote/ws/install/manual_control/lib/python3.10/site-packages:${PYTHONPATH} /usr/bin/python3 setup.py develop --editable --build-directory /mac_remote/ws/build/manual_control/build --no-deps install_data
[2.540s] INFO:colcon.colcon_core.shell:Creating environment hook '/mac_remote/ws/build/manual_control/share/manual_control/hook/pythonpath_develop.ps1'
[2.540s] INFO:colcon.colcon_core.shell:Creating environment descriptor '/mac_remote/ws/build/manual_control/share/manual_control/hook/pythonpath_develop.dsv'
[2.540s] INFO:colcon.colcon_core.shell:Creating environment hook '/mac_remote/ws/build/manual_control/share/manual_control/hook/pythonpath_develop.sh'
[2.555s] Level 1:colcon.colcon_core.environment:checking '/mac_remote/ws/install/manual_control' for CMake module files
[2.555s] Level 1:colcon.colcon_core.environment:checking '/mac_remote/ws/install/manual_control' for CMake config files
[2.556s] Level 1:colcon.colcon_core.environment:checking '/mac_remote/ws/install/manual_control/lib'
[2.556s] Level 1:colcon.colcon_core.environment:checking '/mac_remote/ws/install/manual_control/bin'
[2.556s] Level 1:colcon.colcon_core.environment:checking '/mac_remote/ws/install/manual_control/lib/pkgconfig/manual_control.pc'
[2.556s] Level 1:colcon.colcon_core.environment:checking '/mac_remote/ws/install/manual_control/lib/python3.10/site-packages'
[2.556s] Level 1:colcon.colcon_core.shell:create_environment_hook('manual_control', 'pythonpath')
[2.572s] INFO:colcon.colcon_core.shell:Creating environment hook '/mac_remote/ws/install/manual_control/share/manual_control/hook/pythonpath.ps1'
[2.572s] INFO:colcon.colcon_core.shell:Creating environment descriptor '/mac_remote/ws/install/manual_control/share/manual_control/hook/pythonpath.dsv'
[2.572s] INFO:colcon.colcon_core.shell:Creating environment hook '/mac_remote/ws/install/manual_control/share/manual_control/hook/pythonpath.sh'
[2.573s] Level 1:colcon.colcon_core.environment:checking '/mac_remote/ws/install/manual_control/bin'
[2.573s] Level 1:colcon.colcon_core.environment:create_environment_scripts_only(manual_control)
[2.586s] INFO:colcon.colcon_core.shell:Creating package script '/mac_remote/ws/install/manual_control/share/manual_control/package.ps1'
[2.587s] INFO:colcon.colcon_core.shell:Creating package descriptor '/mac_remote/ws/install/manual_control/share/manual_control/package.dsv'
[2.587s] INFO:colcon.colcon_core.shell:Creating package script '/mac_remote/ws/install/manual_control/share/manual_control/package.sh'
[2.588s] INFO:colcon.colcon_core.shell:Creating package script '/mac_remote/ws/install/manual_control/share/manual_control/package.bash'
[2.588s] INFO:colcon.colcon_core.shell:Creating package script '/mac_remote/ws/install/manual_control/share/manual_control/package.zsh'
[2.588s] Level 1:colcon.colcon_core.environment:create_file_with_runtime_dependencies(/mac_remote/ws/install/manual_control/share/colcon-core/packages/manual_control)
[2.588s] DEBUG:colcon.colcon_parallel_executor.executor.parallel:closing loop
[2.589s] DEBUG:colcon.colcon_parallel_executor.executor.parallel:loop closed
[2.589s] DEBUG:colcon.colcon_parallel_executor.executor.parallel:run_until_complete finished with '0'
[2.589s] DEBUG:colcon.colcon_core.event_reactor:joining thread
[2.609s] INFO:colcon.colcon_core.plugin_system:Skipping extension 'colcon_notification.desktop_notification.notify_send': Could not find 'notify-send'
[2.610s] INFO:colcon.colcon_core.plugin_system:Skipping extension 'colcon_notification.desktop_notification.terminal_notifier': Not used on non-Darwin systems
[2.610s] INFO:colcon.colcon_core.plugin_system:Skipping extension 'colcon_notification.desktop_notification.win32': Not used on non-Windows systems
[2.610s] INFO:colcon.colcon_notification.desktop_notification:Sending desktop notification using 'notify2'
[2.614s] DEBUG:colcon.colcon_notification.desktop_notification.notify2:Failed to initialize notify2: org.freedesktop.DBus.Error.Spawn.ExecFailed: /usr/bin/dbus-launch terminated abnormally without any error message
[2.615s] DEBUG:colcon.colcon_core.event_reactor:joined thread
[2.631s] INFO:colcon.colcon_core.shell:Creating prefix script '/mac_remote/ws/install/local_setup.ps1'
[2.632s] INFO:colcon.colcon_core.shell:Creating prefix util module '/mac_remote/ws/install/_local_setup_util_ps1.py'
[2.633s] INFO:colcon.colcon_core.shell:Creating prefix chain script '/mac_remote/ws/install/setup.ps1'
[2.646s] INFO:colcon.colcon_core.shell:Creating prefix script '/mac_remote/ws/install/local_setup.sh'
[2.647s] INFO:colcon.colcon_core.shell:Creating prefix util module '/mac_remote/ws/install/_local_setup_util_sh.py'
[2.647s] INFO:colcon.colcon_core.shell:Creating prefix chain script '/mac_remote/ws/install/setup.sh'
[2.660s] INFO:colcon.colcon_core.shell:Creating prefix script '/mac_remote/ws/install/local_setup.bash'
[2.661s] INFO:colcon.colcon_core.shell:Creating prefix chain script '/mac_remote/ws/install/setup.bash'
[2.674s] INFO:colcon.colcon_core.shell:Creating prefix script '/mac_remote/ws/install/local_setup.zsh'
[2.675s] INFO:colcon.colcon_core.shell:Creating prefix chain script '/mac_remote/ws/install/setup.zsh'
