[0.719s] Invoking command in '/mac_remote/ws/src/manual_control': CMAKE_PREFIX_PATH=/mac_remote/ws/install/mac_messages:/mac_remote/ws/install/macnav_description PYTHONPATH=/mac_remote/ws/build/manual_control/prefix_override:/mac_remote/ws/install/manual_control/lib/python3.10/site-packages:${PYTHONPATH} /usr/bin/python3 setup.py egg_info --egg-base ../../build/manual_control build --build-base /mac_remote/ws/build/manual_control/build install --record /mac_remote/ws/build/manual_control/install.log --single-version-externally-managed
[0.947s] running egg_info
[0.948s] writing ../../build/manual_control/manual_control.egg-info/PKG-INFO
[0.948s] writing dependency_links to ../../build/manual_control/manual_control.egg-info/dependency_links.txt
[0.948s] writing entry points to ../../build/manual_control/manual_control.egg-info/entry_points.txt
[0.948s] writing requirements to ../../build/manual_control/manual_control.egg-info/requires.txt
[0.949s] writing top-level names to ../../build/manual_control/manual_control.egg-info/top_level.txt
[0.951s] reading manifest file '../../build/manual_control/manual_control.egg-info/SOURCES.txt'
[0.952s] writing manifest file '../../build/manual_control/manual_control.egg-info/SOURCES.txt'
[0.952s] running build
[0.952s] running build_py
[0.952s] copying manual_control/odom_to_tf_node.py -> /mac_remote/ws/build/manual_control/build/lib/manual_control
[0.953s] running install
[0.953s] running install_lib
[0.954s] copying /mac_remote/ws/build/manual_control/build/lib/manual_control/odom_to_tf_node.py -> /mac_remote/ws/install/manual_control/lib/python3.10/site-packages/manual_control
[0.955s] byte-compiling /mac_remote/ws/install/manual_control/lib/python3.10/site-packages/manual_control/odom_to_tf_node.py to odom_to_tf_node.cpython-310.pyc
[0.956s] running install_data
[0.956s] running install_egg_info
[0.958s] removing '/mac_remote/ws/install/manual_control/lib/python3.10/site-packages/manual_control-0.0.0-py3.10.egg-info' (and everything under it)
[0.959s] Copying ../../build/manual_control/manual_control.egg-info to /mac_remote/ws/install/manual_control/lib/python3.10/site-packages/manual_control-0.0.0-py3.10.egg-info
[0.960s] running install_scripts
[0.979s] Installing manual_control_node script to /mac_remote/ws/install/manual_control/lib/manual_control
[0.979s] Installing odom_to_tf_node script to /mac_remote/ws/install/manual_control/lib/manual_control
[0.980s] writing list of installed files to '/mac_remote/ws/build/manual_control/install.log'
[1.001s] Invoked command in '/mac_remote/ws/src/manual_control' returned '0': CMAKE_PREFIX_PATH=/mac_remote/ws/install/mac_messages:/mac_remote/ws/install/macnav_description PYTHONPATH=/mac_remote/ws/build/manual_control/prefix_override:/mac_remote/ws/install/manual_control/lib/python3.10/site-packages:${PYTHONPATH} /usr/bin/python3 setup.py egg_info --egg-base ../../build/manual_control build --build-base /mac_remote/ws/build/manual_control/build install --record /mac_remote/ws/build/manual_control/install.log --single-version-externally-managed
