-- Install configuration: ""
-- Execute custom install script
-- Up-to-date symlink: /mac_remote/ws/install/macnav_drive/share/macnav_drive//launch/map.launch.xml
-- Up-to-date symlink: /mac_remote/ws/install/macnav_drive/share/macnav_drive//config/drive_conf.rviz
-- Symlinking: /mac_remote/ws/install/macnav_drive/share/macnav_drive//config/mapper_params_online_async.yaml
-- Up-to-date symlink: /mac_remote/ws/install/macnav_drive/share/ament_index/resource_index/package_run_dependencies/macnav_drive
-- Up-to-date symlink: /mac_remote/ws/install/macnav_drive/share/ament_index/resource_index/parent_prefix_path/macnav_drive
-- Up-to-date symlink: /mac_remote/ws/install/macnav_drive/share/macnav_drive/environment/ament_prefix_path.sh
-- Up-to-date symlink: /mac_remote/ws/install/macnav_drive/share/macnav_drive/environment/ament_prefix_path.dsv
-- Up-to-date symlink: /mac_remote/ws/install/macnav_drive/share/macnav_drive/environment/path.sh
-- Up-to-date symlink: /mac_remote/ws/install/macnav_drive/share/macnav_drive/environment/path.dsv
-- Up-to-date symlink: /mac_remote/ws/install/macnav_drive/share/macnav_drive/local_setup.bash
-- Up-to-date symlink: /mac_remote/ws/install/macnav_drive/share/macnav_drive/local_setup.sh
-- Up-to-date symlink: /mac_remote/ws/install/macnav_drive/share/macnav_drive/local_setup.zsh
-- Up-to-date symlink: /mac_remote/ws/install/macnav_drive/share/macnav_drive/local_setup.dsv
-- Symlinking: /mac_remote/ws/install/macnav_drive/share/macnav_drive/package.dsv
-- Up-to-date symlink: /mac_remote/ws/install/macnav_drive/share/ament_index/resource_index/packages/macnav_drive
-- Up-to-date symlink: /mac_remote/ws/install/macnav_drive/share/macnav_drive/cmake/macnav_driveConfig.cmake
-- Up-to-date symlink: /mac_remote/ws/install/macnav_drive/share/macnav_drive/cmake/macnav_driveConfig-version.cmake
-- Up-to-date symlink: /mac_remote/ws/install/macnav_drive/share/macnav_drive/package.xml
