[0.165s] Invoking command in '/mac_remote/ws/build/macnav_drive': CMAKE_PREFIX_PATH=${CMAKE_PREFIX_PATH}:/mac_remote/ws/install/manual_control:/mac_remote/ws/install/joint_state_publisher:/opt/ros/humble /usr/bin/cmake --build /mac_remote/ws/build/macnav_drive -- -j12 -l12
[0.510s] Invoked command in '/mac_remote/ws/build/macnav_drive' returned '0': CMAKE_PREFIX_PATH=${CMAKE_PREFIX_PATH}:/mac_remote/ws/install/manual_control:/mac_remote/ws/install/joint_state_publisher:/opt/ros/humble /usr/bin/cmake --build /mac_remote/ws/build/macnav_drive -- -j12 -l12
[0.547s] Invoking command in '/mac_remote/ws/build/macnav_drive': CMAKE_PREFIX_PATH=${CMAKE_PREFIX_PATH}:/mac_remote/ws/install/manual_control:/mac_remote/ws/install/joint_state_publisher:/opt/ros/humble /usr/bin/cmake --install /mac_remote/ws/build/macnav_drive
[0.558s] -- Install configuration: ""
[0.558s] -- Execute custom install script
[0.559s] -- Up-to-date symlink: /mac_remote/ws/install/macnav_drive/share/macnav_drive//launch/map.launch.xml
[0.559s] -- Up-to-date symlink: /mac_remote/ws/install/macnav_drive/share/macnav_drive//config/drive_conf.rviz
[0.559s] -- Symlinking: /mac_remote/ws/install/macnav_drive/share/macnav_drive//config/mapper_params_online_async.yaml
[0.569s] -- Up-to-date symlink: /mac_remote/ws/install/macnav_drive/share/ament_index/resource_index/package_run_dependencies/macnav_drive
[0.570s] -- Up-to-date symlink: /mac_remote/ws/install/macnav_drive/share/ament_index/resource_index/parent_prefix_path/macnav_drive
[0.570s] -- Up-to-date symlink: /mac_remote/ws/install/macnav_drive/share/macnav_drive/environment/ament_prefix_path.sh
[0.570s] -- Up-to-date symlink: /mac_remote/ws/install/macnav_drive/share/macnav_drive/environment/ament_prefix_path.dsv
[0.570s] -- Up-to-date symlink: /mac_remote/ws/install/macnav_drive/share/macnav_drive/environment/path.sh
[0.571s] -- Up-to-date symlink: /mac_remote/ws/install/macnav_drive/share/macnav_drive/environment/path.dsv
[0.571s] -- Up-to-date symlink: /mac_remote/ws/install/macnav_drive/share/macnav_drive/local_setup.bash
[0.571s] -- Up-to-date symlink: /mac_remote/ws/install/macnav_drive/share/macnav_drive/local_setup.sh
[0.571s] -- Up-to-date symlink: /mac_remote/ws/install/macnav_drive/share/macnav_drive/local_setup.zsh
[0.571s] -- Up-to-date symlink: /mac_remote/ws/install/macnav_drive/share/macnav_drive/local_setup.dsv
[0.572s] -- Symlinking: /mac_remote/ws/install/macnav_drive/share/macnav_drive/package.dsv
[0.583s] -- Up-to-date symlink: /mac_remote/ws/install/macnav_drive/share/ament_index/resource_index/packages/macnav_drive
[0.583s] -- Up-to-date symlink: /mac_remote/ws/install/macnav_drive/share/macnav_drive/cmake/macnav_driveConfig.cmake
[0.584s] -- Up-to-date symlink: /mac_remote/ws/install/macnav_drive/share/macnav_drive/cmake/macnav_driveConfig-version.cmake
[0.585s] -- Up-to-date symlink: /mac_remote/ws/install/macnav_drive/share/macnav_drive/package.xml
[0.586s] Invoked command in '/mac_remote/ws/build/macnav_drive' returned '0': CMAKE_PREFIX_PATH=${CMAKE_PREFIX_PATH}:/mac_remote/ws/install/manual_control:/mac_remote/ws/install/joint_state_publisher:/opt/ros/humble /usr/bin/cmake --install /mac_remote/ws/build/macnav_drive
