[0.224s] Invoking command in '/mac_remote/ws/build/macnav_description': CMAKE_PREFIX_PATH=${CMAKE_PREFIX_PATH}:/mac_remote/ws/install/manual_control:/mac_remote/ws/install/joint_state_publisher:/opt/ros/humble /usr/bin/cmake /mac_remote/ws/src/macnav_description -DCMAKE_INSTALL_PREFIX=/mac_remote/ws/install/macnav_description
[0.260s] -- Found ament_cmake: 1.3.5 (/opt/ros/humble/share/ament_cmake/cmake)
[0.422s] -- Override CMake install command with custom implementation using symlinks instead of copying resources
[0.504s] -- Configuring done
[0.507s] -- Generating done
[0.508s] -- Build files have been written to: /mac_remote/ws/build/macnav_description
[0.573s] Invoked command in '/mac_remote/ws/build/macnav_description' returned '0': CMAKE_PREFIX_PATH=${CMAKE_PREFIX_PATH}:/mac_remote/ws/install/manual_control:/mac_remote/ws/install/joint_state_publisher:/opt/ros/humble /usr/bin/cmake /mac_remote/ws/src/macnav_description -DCMAKE_INSTALL_PREFIX=/mac_remote/ws/install/macnav_description
[0.574s] Invoking command in '/mac_remote/ws/build/macnav_description': CMAKE_PREFIX_PATH=${CMAKE_PREFIX_PATH}:/mac_remote/ws/install/manual_control:/mac_remote/ws/install/joint_state_publisher:/opt/ros/humble /usr/bin/cmake --build /mac_remote/ws/build/macnav_description -- -j12 -l12
[0.621s] Invoked command in '/mac_remote/ws/build/macnav_description' returned '0': CMAKE_PREFIX_PATH=${CMAKE_PREFIX_PATH}:/mac_remote/ws/install/manual_control:/mac_remote/ws/install/joint_state_publisher:/opt/ros/humble /usr/bin/cmake --build /mac_remote/ws/build/macnav_description -- -j12 -l12
[0.649s] Invoking command in '/mac_remote/ws/build/macnav_description': CMAKE_PREFIX_PATH=${CMAKE_PREFIX_PATH}:/mac_remote/ws/install/manual_control:/mac_remote/ws/install/joint_state_publisher:/opt/ros/humble /usr/bin/cmake --install /mac_remote/ws/build/macnav_description
[0.658s] -- Install configuration: ""
[0.658s] -- Execute custom install script
[0.658s] -- Up-to-date symlink: /mac_remote/ws/install/macnav_description/share/macnav_description//urdf/common_properties.xacro
[0.659s] -- Up-to-date symlink: /mac_remote/ws/install/macnav_description/share/macnav_description//urdf/macnav.urdf.xacro
[0.659s] -- Up-to-date symlink: /mac_remote/ws/install/macnav_description/share/macnav_description//urdf/macnav_base.xacro
[0.659s] -- Up-to-date symlink: /mac_remote/ws/install/macnav_description/share/macnav_description//urdf/macnav_lidar.xacro
[0.659s] -- Up-to-date symlink: /mac_remote/ws/install/macnav_description/share/macnav_description//launch/display.launch.xml
[0.660s] -- Up-to-date symlink: /mac_remote/ws/install/macnav_description/share/macnav_description//rviz/macnav_config.rviz
[0.660s] -- Up-to-date symlink: /mac_remote/ws/install/macnav_description/share/ament_index/resource_index/package_run_dependencies/macnav_description
[0.660s] -- Up-to-date symlink: /mac_remote/ws/install/macnav_description/share/ament_index/resource_index/parent_prefix_path/macnav_description
[0.661s] -- Up-to-date symlink: /mac_remote/ws/install/macnav_description/share/macnav_description/environment/ament_prefix_path.sh
[0.661s] -- Up-to-date symlink: /mac_remote/ws/install/macnav_description/share/macnav_description/environment/ament_prefix_path.dsv
[0.661s] -- Up-to-date symlink: /mac_remote/ws/install/macnav_description/share/macnav_description/environment/path.sh
[0.662s] -- Up-to-date symlink: /mac_remote/ws/install/macnav_description/share/macnav_description/environment/path.dsv
[0.662s] -- Up-to-date symlink: /mac_remote/ws/install/macnav_description/share/macnav_description/local_setup.bash
[0.662s] -- Up-to-date symlink: /mac_remote/ws/install/macnav_description/share/macnav_description/local_setup.sh
[0.663s] -- Up-to-date symlink: /mac_remote/ws/install/macnav_description/share/macnav_description/local_setup.zsh
[0.663s] -- Up-to-date symlink: /mac_remote/ws/install/macnav_description/share/macnav_description/local_setup.dsv
[0.663s] -- Symlinking: /mac_remote/ws/install/macnav_description/share/macnav_description/package.dsv
[0.679s] -- Up-to-date symlink: /mac_remote/ws/install/macnav_description/share/ament_index/resource_index/packages/macnav_description
[0.679s] -- Up-to-date symlink: /mac_remote/ws/install/macnav_description/share/macnav_description/cmake/macnav_descriptionConfig.cmake
[0.679s] -- Up-to-date symlink: /mac_remote/ws/install/macnav_description/share/macnav_description/cmake/macnav_descriptionConfig-version.cmake
[0.679s] -- Up-to-date symlink: /mac_remote/ws/install/macnav_description/share/macnav_description/package.xml
[0.726s] Invoked command in '/mac_remote/ws/build/macnav_description' returned '0': CMAKE_PREFIX_PATH=${CMAKE_PREFIX_PATH}:/mac_remote/ws/install/manual_control:/mac_remote/ws/install/joint_state_publisher:/opt/ros/humble /usr/bin/cmake --install /mac_remote/ws/build/macnav_description
