[4.896s] DEBUG:colcon:Command line arguments: ['/usr/bin/colcon', 'build', '--packages-select', 'macnav_description']
[4.896s] DEBUG:colcon:Parsed command line arguments: Namespace(log_base=None, log_level=None, verb_name='build', build_base='build', install_base='install', merge_install=False, symlink_install=False, test_result_base=None, continue_on_error=False, executor='parallel', parallel_workers=12, event_handlers=None, ignore_user_meta=False, metas=['./colcon.meta'], base_paths=['.'], packages_ignore=None, packages_ignore_regex=None, paths=None, packages_up_to=None, packages_up_to_regex=None, packages_above=None, packages_above_and_dependencies=None, packages_above_depth=None, packages_select_by_dep=None, packages_skip_by_dep=None, packages_skip_up_to=None, packages_select_build_failed=False, packages_skip_build_finished=False, packages_select_test_failures=False, packages_skip_test_passed=False, packages_select=['macnav_description'], packages_skip=None, packages_select_regex=None, packages_skip_regex=None, packages_start=None, packages_end=None, cmake_args=None, cmake_target=None, cmake_target_skip_unavailable=False, cmake_clean_cache=False, cmake_clean_first=False, cmake_force_configure=False, ament_cmake_args=None, catkin_cmake_args=None, catkin_skip_building_tests=False, mixin_files=None, mixin=None, verb_parser=<colcon_mixin.mixin.mixin_argument.MixinArgumentDecorator object at 0x7f263c56b910>, verb_extension=<colcon_core.verb.build.BuildVerb object at 0x7f263c5a20b0>, main=<bound method BuildVerb.main of <colcon_core.verb.build.BuildVerb object at 0x7f263c5a20b0>>, mixin_verb=('build',))
[6.273s] Level 1:colcon.colcon_core.package_discovery:discover_packages(colcon_meta) check parameters
[6.867s] INFO:colcon.colcon_metadata.package_discovery.colcon_meta:Using configuration from '/root/.colcon/metadata/default/Gazebo.meta'
[6.870s] INFO:colcon.colcon_metadata.package_discovery.colcon_meta:Using configuration from '/root/.colcon/metadata/default/fastrtps.meta'
[6.871s] Level 1:colcon.colcon_core.package_discovery:discover_packages(recursive) check parameters
[6.871s] Level 1:colcon.colcon_core.package_discovery:discover_packages(ignore) check parameters
[6.871s] Level 1:colcon.colcon_core.package_discovery:discover_packages(path) check parameters
[6.871s] Level 1:colcon.colcon_core.package_discovery:discover_packages(colcon_meta) discover
[6.872s] Level 1:colcon.colcon_core.package_discovery:discover_packages(recursive) discover
[6.872s] INFO:colcon.colcon_core.package_discovery:Crawling recursively for packages in '/mac_remote/ws'
[6.873s] Level 1:colcon.colcon_core.package_identification:_identify(.) by extensions ['ignore', 'ignore_ament_install']
[6.873s] Level 1:colcon.colcon_core.package_identification:_identify(.) by extension 'ignore'
[6.874s] Level 1:colcon.colcon_core.package_identification:_identify(.) by extension 'ignore_ament_install'
[6.874s] Level 1:colcon.colcon_core.package_identification:_identify(.) by extensions ['colcon_pkg']
[6.874s] Level 1:colcon.colcon_core.package_identification:_identify(.) by extension 'colcon_pkg'
[6.875s] Level 1:colcon.colcon_core.package_identification:_identify(.) by extensions ['colcon_meta']
[6.875s] Level 1:colcon.colcon_core.package_identification:_identify(.) by extension 'colcon_meta'
[6.875s] Level 1:colcon.colcon_core.package_identification:_identify(.) by extensions ['ros']
[6.875s] Level 1:colcon.colcon_core.package_identification:_identify(.) by extension 'ros'
[8.050s] Level 1:colcon.colcon_core.package_identification:_identify(.) by extensions ['cmake', 'python']
[8.050s] Level 1:colcon.colcon_core.package_identification:_identify(.) by extension 'cmake'
[8.051s] Level 1:colcon.colcon_core.package_identification:_identify(.) by extension 'python'
[8.051s] Level 1:colcon.colcon_core.package_identification:_identify(.) by extensions ['python_setup_py']
[8.051s] Level 1:colcon.colcon_core.package_identification:_identify(.) by extension 'python_setup_py'
[8.051s] Level 1:colcon.colcon_core.package_identification:_identify(build) by extensions ['ignore', 'ignore_ament_install']
[8.052s] Level 1:colcon.colcon_core.package_identification:_identify(build) by extension 'ignore'
[8.052s] Level 1:colcon.colcon_core.package_identification:_identify(build) ignored
[8.052s] Level 1:colcon.colcon_core.package_identification:_identify(install) by extensions ['ignore', 'ignore_ament_install']
[8.052s] Level 1:colcon.colcon_core.package_identification:_identify(install) by extension 'ignore'
[8.052s] Level 1:colcon.colcon_core.package_identification:_identify(install) ignored
[8.053s] Level 1:colcon.colcon_core.package_identification:_identify(log) by extensions ['ignore', 'ignore_ament_install']
[8.053s] Level 1:colcon.colcon_core.package_identification:_identify(log) by extension 'ignore'
[8.053s] Level 1:colcon.colcon_core.package_identification:_identify(log) ignored
[8.053s] Level 1:colcon.colcon_core.package_identification:_identify(src) by extensions ['ignore', 'ignore_ament_install']
[8.053s] Level 1:colcon.colcon_core.package_identification:_identify(src) by extension 'ignore'
[8.053s] Level 1:colcon.colcon_core.package_identification:_identify(src) by extension 'ignore_ament_install'
[8.054s] Level 1:colcon.colcon_core.package_identification:_identify(src) by extensions ['colcon_pkg']
[8.054s] Level 1:colcon.colcon_core.package_identification:_identify(src) by extension 'colcon_pkg'
[8.054s] Level 1:colcon.colcon_core.package_identification:_identify(src) by extensions ['colcon_meta']
[8.054s] Level 1:colcon.colcon_core.package_identification:_identify(src) by extension 'colcon_meta'
[8.054s] Level 1:colcon.colcon_core.package_identification:_identify(src) by extensions ['ros']
[8.054s] Level 1:colcon.colcon_core.package_identification:_identify(src) by extension 'ros'
[8.054s] Level 1:colcon.colcon_core.package_identification:_identify(src) by extensions ['cmake', 'python']
[8.054s] Level 1:colcon.colcon_core.package_identification:_identify(src) by extension 'cmake'
[8.054s] Level 1:colcon.colcon_core.package_identification:_identify(src) by extension 'python'
[8.054s] Level 1:colcon.colcon_core.package_identification:_identify(src) by extensions ['python_setup_py']
[8.055s] Level 1:colcon.colcon_core.package_identification:_identify(src) by extension 'python_setup_py'
[8.055s] Level 1:colcon.colcon_core.package_identification:_identify(src/mac_messages) by extensions ['ignore', 'ignore_ament_install']
[8.055s] Level 1:colcon.colcon_core.package_identification:_identify(src/mac_messages) by extension 'ignore'
[8.055s] Level 1:colcon.colcon_core.package_identification:_identify(src/mac_messages) by extension 'ignore_ament_install'
[8.055s] Level 1:colcon.colcon_core.package_identification:_identify(src/mac_messages) by extensions ['colcon_pkg']
[8.055s] Level 1:colcon.colcon_core.package_identification:_identify(src/mac_messages) by extension 'colcon_pkg'
[8.055s] Level 1:colcon.colcon_core.package_identification:_identify(src/mac_messages) by extensions ['colcon_meta']
[8.055s] Level 1:colcon.colcon_core.package_identification:_identify(src/mac_messages) by extension 'colcon_meta'
[8.056s] Level 1:colcon.colcon_core.package_identification:_identify(src/mac_messages) by extensions ['ros']
[8.056s] Level 1:colcon.colcon_core.package_identification:_identify(src/mac_messages) by extension 'ros'
[8.061s] DEBUG:colcon.colcon_core.package_identification:Package 'src/mac_messages' with type 'ros.ament_cmake' and name 'mac_messages'
[8.061s] Level 1:colcon.colcon_core.package_identification:_identify(src/macnav_description) by extensions ['ignore', 'ignore_ament_install']
[8.061s] Level 1:colcon.colcon_core.package_identification:_identify(src/macnav_description) by extension 'ignore'
[8.061s] Level 1:colcon.colcon_core.package_identification:_identify(src/macnav_description) by extension 'ignore_ament_install'
[8.062s] Level 1:colcon.colcon_core.package_identification:_identify(src/macnav_description) by extensions ['colcon_pkg']
[8.062s] Level 1:colcon.colcon_core.package_identification:_identify(src/macnav_description) by extension 'colcon_pkg'
[8.062s] Level 1:colcon.colcon_core.package_identification:_identify(src/macnav_description) by extensions ['colcon_meta']
[8.062s] Level 1:colcon.colcon_core.package_identification:_identify(src/macnav_description) by extension 'colcon_meta'
[8.062s] Level 1:colcon.colcon_core.package_identification:_identify(src/macnav_description) by extensions ['ros']
[8.062s] Level 1:colcon.colcon_core.package_identification:_identify(src/macnav_description) by extension 'ros'
[8.063s] DEBUG:colcon.colcon_core.package_identification:Package 'src/macnav_description' with type 'ros.ament_cmake' and name 'macnav_description'
[8.063s] Level 1:colcon.colcon_core.package_identification:_identify(src/manual_control) by extensions ['ignore', 'ignore_ament_install']
[8.063s] Level 1:colcon.colcon_core.package_identification:_identify(src/manual_control) by extension 'ignore'
[8.063s] Level 1:colcon.colcon_core.package_identification:_identify(src/manual_control) by extension 'ignore_ament_install'
[8.063s] Level 1:colcon.colcon_core.package_identification:_identify(src/manual_control) by extensions ['colcon_pkg']
[8.063s] Level 1:colcon.colcon_core.package_identification:_identify(src/manual_control) by extension 'colcon_pkg'
[8.063s] Level 1:colcon.colcon_core.package_identification:_identify(src/manual_control) by extensions ['colcon_meta']
[8.063s] Level 1:colcon.colcon_core.package_identification:_identify(src/manual_control) by extension 'colcon_meta'
[8.063s] Level 1:colcon.colcon_core.package_identification:_identify(src/manual_control) by extensions ['ros']
[8.063s] Level 1:colcon.colcon_core.package_identification:_identify(src/manual_control) by extension 'ros'
[8.064s] DEBUG:colcon.colcon_core.package_identification:Package 'src/manual_control' with type 'ros.ament_python' and name 'manual_control'
[8.064s] Level 1:colcon.colcon_core.package_discovery:discover_packages(recursive) using defaults
[8.064s] Level 1:colcon.colcon_core.package_discovery:discover_packages(ignore) discover
[8.065s] Level 1:colcon.colcon_core.package_discovery:discover_packages(ignore) using defaults
[8.065s] Level 1:colcon.colcon_core.package_discovery:discover_packages(path) discover
[8.065s] Level 1:colcon.colcon_core.package_discovery:discover_packages(path) using defaults
[8.370s] INFO:colcon.colcon_core.package_selection:Skipping not selected package 'mac_messages' in 'src/mac_messages'
[8.370s] INFO:colcon.colcon_core.package_selection:Skipping not selected package 'manual_control' in 'src/manual_control'
[8.382s] Level 5:colcon.colcon_core.verb:set package 'macnav_description' build argument 'cmake_args' from command line to 'None'
[8.382s] Level 5:colcon.colcon_core.verb:set package 'macnav_description' build argument 'cmake_target' from command line to 'None'
[8.382s] Level 5:colcon.colcon_core.verb:set package 'macnav_description' build argument 'cmake_target_skip_unavailable' from command line to 'False'
[8.382s] Level 5:colcon.colcon_core.verb:set package 'macnav_description' build argument 'cmake_clean_cache' from command line to 'False'
[8.382s] Level 5:colcon.colcon_core.verb:set package 'macnav_description' build argument 'cmake_clean_first' from command line to 'False'
[8.382s] Level 5:colcon.colcon_core.verb:set package 'macnav_description' build argument 'cmake_force_configure' from command line to 'False'
[8.382s] Level 5:colcon.colcon_core.verb:set package 'macnav_description' build argument 'ament_cmake_args' from command line to 'None'
[8.382s] Level 5:colcon.colcon_core.verb:set package 'macnav_description' build argument 'catkin_cmake_args' from command line to 'None'
[8.382s] Level 5:colcon.colcon_core.verb:set package 'macnav_description' build argument 'catkin_skip_building_tests' from command line to 'False'
[8.382s] DEBUG:colcon.colcon_core.verb:Building package 'macnav_description' with the following arguments: {'ament_cmake_args': None, 'build_base': '/mac_remote/ws/build/macnav_description', 'catkin_cmake_args': None, 'catkin_skip_building_tests': False, 'cmake_args': None, 'cmake_clean_cache': False, 'cmake_clean_first': False, 'cmake_force_configure': False, 'cmake_target': None, 'cmake_target_skip_unavailable': False, 'install_base': '/mac_remote/ws/install/macnav_description', 'merge_install': False, 'path': '/mac_remote/ws/src/macnav_description', 'symlink_install': False, 'test_result_base': None}
[8.399s] INFO:colcon.colcon_core.executor:Executing jobs using 'parallel' executor
[8.416s] DEBUG:colcon.colcon_parallel_executor.executor.parallel:run_until_complete
[8.416s] INFO:colcon.colcon_ros.task.ament_cmake.build:Building ROS package in '/mac_remote/ws/src/macnav_description' with build type 'ament_cmake'
[8.416s] INFO:colcon.colcon_cmake.task.cmake.build:Building CMake package in '/mac_remote/ws/src/macnav_description'
[8.443s] INFO:colcon.colcon_core.plugin_system:Skipping extension 'colcon_core.shell.bat': Not used on non-Windows systems
[8.443s] INFO:colcon.colcon_core.shell:Skip shell extension 'powershell' for command environment: Not usable outside of PowerShell
[8.443s] DEBUG:colcon.colcon_core.shell:Skip shell extension 'dsv' for command environment
[8.600s] DEBUG:colcon.colcon_core.event_handler.log_command:Invoking command in '/mac_remote/ws/build/macnav_description': CMAKE_PREFIX_PATH=${CMAKE_PREFIX_PATH}:/mac_remote/ws/install/manual_control:/opt/ros/humble /usr/bin/cmake /mac_remote/ws/src/macnav_description -DCMAKE_INSTALL_PREFIX=/mac_remote/ws/install/macnav_description
[14.398s] DEBUG:colcon.colcon_core.event_handler.log_command:Invoked command in '/mac_remote/ws/build/macnav_description' returned '0': CMAKE_PREFIX_PATH=${CMAKE_PREFIX_PATH}:/mac_remote/ws/install/manual_control:/opt/ros/humble /usr/bin/cmake /mac_remote/ws/src/macnav_description -DCMAKE_INSTALL_PREFIX=/mac_remote/ws/install/macnav_description
[14.400s] DEBUG:colcon.colcon_core.event_handler.log_command:Invoking command in '/mac_remote/ws/build/macnav_description': CMAKE_PREFIX_PATH=${CMAKE_PREFIX_PATH}:/mac_remote/ws/install/manual_control:/opt/ros/humble /usr/bin/cmake --build /mac_remote/ws/build/macnav_description -- -j12 -l12
[14.450s] DEBUG:colcon.colcon_core.event_handler.log_command:Invoked command in '/mac_remote/ws/build/macnav_description' returned '0': CMAKE_PREFIX_PATH=${CMAKE_PREFIX_PATH}:/mac_remote/ws/install/manual_control:/opt/ros/humble /usr/bin/cmake --build /mac_remote/ws/build/macnav_description -- -j12 -l12
[14.495s] DEBUG:colcon.colcon_core.event_handler.log_command:Invoking command in '/mac_remote/ws/build/macnav_description': CMAKE_PREFIX_PATH=${CMAKE_PREFIX_PATH}:/mac_remote/ws/install/manual_control:/opt/ros/humble /usr/bin/cmake --install /mac_remote/ws/build/macnav_description
[14.514s] Level 1:colcon.colcon_core.environment:create_environment_scripts_only(macnav_description)
[14.514s] DEBUG:colcon.colcon_core.event_handler.log_command:Invoked command in '/mac_remote/ws/build/macnav_description' returned '0': CMAKE_PREFIX_PATH=${CMAKE_PREFIX_PATH}:/mac_remote/ws/install/manual_control:/opt/ros/humble /usr/bin/cmake --install /mac_remote/ws/build/macnav_description
[14.541s] Level 1:colcon.colcon_core.environment:checking '/mac_remote/ws/install/macnav_description' for CMake module files
[14.542s] Level 1:colcon.colcon_core.environment:checking '/mac_remote/ws/install/macnav_description' for CMake config files
[14.542s] Level 1:colcon.colcon_core.shell:create_environment_hook('macnav_description', 'cmake_prefix_path')
[14.558s] INFO:colcon.colcon_core.shell:Creating environment hook '/mac_remote/ws/install/macnav_description/share/macnav_description/hook/cmake_prefix_path.ps1'
[14.560s] INFO:colcon.colcon_core.shell:Creating environment descriptor '/mac_remote/ws/install/macnav_description/share/macnav_description/hook/cmake_prefix_path.dsv'
[14.561s] INFO:colcon.colcon_core.shell:Creating environment hook '/mac_remote/ws/install/macnav_description/share/macnav_description/hook/cmake_prefix_path.sh'
[14.562s] Level 1:colcon.colcon_core.environment:checking '/mac_remote/ws/install/macnav_description/bin'
[14.562s] Level 1:colcon.colcon_core.environment:checking '/mac_remote/ws/install/macnav_description/lib/pkgconfig/macnav_description.pc'
[14.564s] Level 1:colcon.colcon_core.environment:checking '/mac_remote/ws/install/macnav_description/lib/python3.10/site-packages'
[14.564s] Level 1:colcon.colcon_core.environment:checking '/mac_remote/ws/install/macnav_description/bin'
[14.584s] INFO:colcon.colcon_core.shell:Creating package script '/mac_remote/ws/install/macnav_description/share/macnav_description/package.ps1'
[14.585s] INFO:colcon.colcon_core.shell:Creating package descriptor '/mac_remote/ws/install/macnav_description/share/macnav_description/package.dsv'
[14.586s] INFO:colcon.colcon_core.shell:Creating package script '/mac_remote/ws/install/macnav_description/share/macnav_description/package.sh'
[14.587s] INFO:colcon.colcon_core.shell:Creating package script '/mac_remote/ws/install/macnav_description/share/macnav_description/package.bash'
[14.588s] INFO:colcon.colcon_core.shell:Creating package script '/mac_remote/ws/install/macnav_description/share/macnav_description/package.zsh'
[14.589s] Level 1:colcon.colcon_core.environment:create_file_with_runtime_dependencies(/mac_remote/ws/install/macnav_description/share/colcon-core/packages/macnav_description)
[14.635s] Level 1:colcon.colcon_core.environment:create_environment_scripts_only(macnav_description)
[14.648s] Level 1:colcon.colcon_core.environment:checking '/mac_remote/ws/install/macnav_description' for CMake module files
[14.649s] Level 1:colcon.colcon_core.environment:checking '/mac_remote/ws/install/macnav_description' for CMake config files
[14.649s] Level 1:colcon.colcon_core.shell:create_environment_hook('macnav_description', 'cmake_prefix_path')
[14.664s] INFO:colcon.colcon_core.shell:Creating environment hook '/mac_remote/ws/install/macnav_description/share/macnav_description/hook/cmake_prefix_path.ps1'
[14.664s] INFO:colcon.colcon_core.shell:Creating environment descriptor '/mac_remote/ws/install/macnav_description/share/macnav_description/hook/cmake_prefix_path.dsv'
[14.665s] INFO:colcon.colcon_core.shell:Creating environment hook '/mac_remote/ws/install/macnav_description/share/macnav_description/hook/cmake_prefix_path.sh'
[14.665s] Level 1:colcon.colcon_core.environment:checking '/mac_remote/ws/install/macnav_description/bin'
[14.666s] Level 1:colcon.colcon_core.environment:checking '/mac_remote/ws/install/macnav_description/lib/pkgconfig/macnav_description.pc'
[14.666s] Level 1:colcon.colcon_core.environment:checking '/mac_remote/ws/install/macnav_description/lib/python3.10/site-packages'
[14.666s] Level 1:colcon.colcon_core.environment:checking '/mac_remote/ws/install/macnav_description/bin'
[14.680s] INFO:colcon.colcon_core.shell:Creating package script '/mac_remote/ws/install/macnav_description/share/macnav_description/package.ps1'
[14.680s] INFO:colcon.colcon_core.shell:Creating package descriptor '/mac_remote/ws/install/macnav_description/share/macnav_description/package.dsv'
[14.681s] INFO:colcon.colcon_core.shell:Creating package script '/mac_remote/ws/install/macnav_description/share/macnav_description/package.sh'
[14.681s] INFO:colcon.colcon_core.shell:Creating package script '/mac_remote/ws/install/macnav_description/share/macnav_description/package.bash'
[14.682s] INFO:colcon.colcon_core.shell:Creating package script '/mac_remote/ws/install/macnav_description/share/macnav_description/package.zsh'
[14.682s] Level 1:colcon.colcon_core.environment:create_file_with_runtime_dependencies(/mac_remote/ws/install/macnav_description/share/colcon-core/packages/macnav_description)
[14.682s] DEBUG:colcon.colcon_parallel_executor.executor.parallel:closing loop
[14.683s] DEBUG:colcon.colcon_parallel_executor.executor.parallel:loop closed
[14.683s] DEBUG:colcon.colcon_parallel_executor.executor.parallel:run_until_complete finished with '0'
[14.683s] DEBUG:colcon.colcon_core.event_reactor:joining thread
[14.728s] INFO:colcon.colcon_core.plugin_system:Skipping extension 'colcon_notification.desktop_notification.notify_send': Could not find 'notify-send'
[14.728s] INFO:colcon.colcon_core.plugin_system:Skipping extension 'colcon_notification.desktop_notification.terminal_notifier': Not used on non-Darwin systems
[14.728s] INFO:colcon.colcon_core.plugin_system:Skipping extension 'colcon_notification.desktop_notification.win32': Not used on non-Windows systems
[14.728s] INFO:colcon.colcon_notification.desktop_notification:Sending desktop notification using 'notify2'
[14.731s] DEBUG:colcon.colcon_notification.desktop_notification.notify2:Failed to initialize notify2: org.freedesktop.DBus.Error.Spawn.ExecFailed: /usr/bin/dbus-launch terminated abnormally without any error message
[14.731s] DEBUG:colcon.colcon_core.event_reactor:joined thread
[14.746s] INFO:colcon.colcon_core.shell:Creating prefix script '/mac_remote/ws/install/local_setup.ps1'
[14.747s] INFO:colcon.colcon_core.shell:Creating prefix util module '/mac_remote/ws/install/_local_setup_util_ps1.py'
[14.772s] INFO:colcon.colcon_core.shell:Creating prefix chain script '/mac_remote/ws/install/setup.ps1'
[14.789s] INFO:colcon.colcon_core.shell:Creating prefix script '/mac_remote/ws/install/local_setup.sh'
[14.793s] INFO:colcon.colcon_core.shell:Creating prefix util module '/mac_remote/ws/install/_local_setup_util_sh.py'
[14.793s] INFO:colcon.colcon_core.shell:Creating prefix chain script '/mac_remote/ws/install/setup.sh'
[14.810s] INFO:colcon.colcon_core.shell:Creating prefix script '/mac_remote/ws/install/local_setup.bash'
[14.811s] INFO:colcon.colcon_core.shell:Creating prefix chain script '/mac_remote/ws/install/setup.bash'
[14.830s] INFO:colcon.colcon_core.shell:Creating prefix script '/mac_remote/ws/install/local_setup.zsh'
[14.831s] INFO:colcon.colcon_core.shell:Creating prefix chain script '/mac_remote/ws/install/setup.zsh'
