[  3%] [34m[1mGenerating C code for ROS interfaces[0m
[  6%] [34m[1mGenerating C++ code for ROS interfaces[0m
[  6%] Built target ament_cmake_python_copy_mac_messages
running egg_info
creating mac_messages.egg-info
writing mac_messages.egg-info/PKG-INFO
writing dependency_links to mac_messages.egg-info/dependency_links.txt
writing top-level names to mac_messages.egg-info/top_level.txt
writing manifest file 'mac_messages.egg-info/SOURCES.txt'
reading manifest file 'mac_messages.egg-info/SOURCES.txt'
writing manifest file 'mac_messages.egg-info/SOURCES.txt'
[  9%] [32mBuilding C object CMakeFiles/mac_messages__rosidl_generator_c.dir/rosidl_generator_c/mac_messages/msg/detail/drive__functions.c.o[0m
[  9%] Built target ament_cmake_python_build_mac_messages_egg
[  9%] Built target mac_messages__cpp
[ 16%] [34m[1mGenerating C++ type support dispatch for ROS interfaces[0m
[ 16%] [34m[1mGenerating C++ type support for eProsima Fast-RTPS[0m
[ 19%] [34m[1mGenerating C++ introspection for ROS interfaces[0m
[ 22%] [32m[1mLinking C shared library libmac_messages__rosidl_generator_c.so[0m
[ 22%] Built target mac_messages__rosidl_generator_c
[ 25%] [34m[1mGenerating C type support for eProsima Fast-RTPS[0m
[ 29%] [32mBuilding CXX object CMakeFiles/mac_messages__rosidl_typesupport_introspection_cpp.dir/rosidl_typesupport_introspection_cpp/mac_messages/msg/detail/drive__type_support.cpp.o[0m
[ 32%] [32mBuilding CXX object CMakeFiles/mac_messages__rosidl_typesupport_cpp.dir/rosidl_typesupport_cpp/mac_messages/msg/drive__type_support.cpp.o[0m
[ 35%] [32mBuilding CXX object CMakeFiles/mac_messages__rosidl_typesupport_fastrtps_cpp.dir/rosidl_typesupport_fastrtps_cpp/mac_messages/msg/detail/dds_fastrtps/drive__type_support.cpp.o[0m
[ 38%] [32mBuilding CXX object CMakeFiles/mac_messages__rosidl_typesupport_fastrtps_c.dir/rosidl_typesupport_fastrtps_c/mac_messages/msg/detail/drive__type_support_c.cpp.o[0m
[ 41%] [32m[1mLinking CXX shared library libmac_messages__rosidl_typesupport_cpp.so[0m
[ 41%] Built target mac_messages__rosidl_typesupport_cpp
[ 45%] [34m[1mGenerating C introspection for ROS interfaces[0m
[ 48%] [32m[1mLinking CXX shared library libmac_messages__rosidl_typesupport_introspection_cpp.so[0m
[ 51%] [32m[1mLinking CXX shared library libmac_messages__rosidl_typesupport_fastrtps_cpp.so[0m
[ 51%] Built target mac_messages__rosidl_typesupport_introspection_cpp
[ 54%] [34m[1mGenerating C type support dispatch for ROS interfaces[0m
[ 54%] Built target mac_messages__rosidl_typesupport_fastrtps_cpp
[ 58%] [32m[1mLinking CXX shared library libmac_messages__rosidl_typesupport_fastrtps_c.so[0m
[ 58%] Built target mac_messages__rosidl_typesupport_fastrtps_c
[ 61%] [32mBuilding C object CMakeFiles/mac_messages__rosidl_typesupport_introspection_c.dir/rosidl_typesupport_introspection_c/mac_messages/msg/detail/drive__type_support.c.o[0m
[ 64%] [32m[1mLinking C shared library libmac_messages__rosidl_typesupport_introspection_c.so[0m
[ 64%] Built target mac_messages__rosidl_typesupport_introspection_c
[ 67%] [32mBuilding CXX object CMakeFiles/mac_messages__rosidl_typesupport_c.dir/rosidl_typesupport_c/mac_messages/msg/drive__type_support.cpp.o[0m
[ 70%] [32m[1mLinking CXX shared library libmac_messages__rosidl_typesupport_c.so[0m
[ 70%] Built target mac_messages__rosidl_typesupport_c
[ 70%] Built target mac_messages
[ 74%] [34m[1mGenerating Python code for ROS interfaces[0m
[ 74%] Built target mac_messages__py
[ 77%] [32mBuilding C object CMakeFiles/mac_messages__rosidl_generator_py.dir/rosidl_generator_py/mac_messages/msg/_drive_s.c.o[0m
[ 80%] [32m[1mLinking C shared library rosidl_generator_py/mac_messages/libmac_messages__rosidl_generator_py.so[0m
[ 80%] Built target mac_messages__rosidl_generator_py
[ 83%] [32mBuilding C object CMakeFiles/mac_messages__rosidl_typesupport_introspection_c__pyext.dir/rosidl_generator_py/mac_messages/_mac_messages_s.ep.rosidl_typesupport_introspection_c.c.o[0m
[ 87%] [32mBuilding C object CMakeFiles/mac_messages__rosidl_typesupport_fastrtps_c__pyext.dir/rosidl_generator_py/mac_messages/_mac_messages_s.ep.rosidl_typesupport_fastrtps_c.c.o[0m
[ 90%] [32mBuilding C object CMakeFiles/mac_messages__rosidl_typesupport_c__pyext.dir/rosidl_generator_py/mac_messages/_mac_messages_s.ep.rosidl_typesupport_c.c.o[0m
[ 93%] [32m[1mLinking C shared library rosidl_generator_py/mac_messages/mac_messages_s__rosidl_typesupport_introspection_c.cpython-310-x86_64-linux-gnu.so[0m
[ 96%] [32m[1mLinking C shared library rosidl_generator_py/mac_messages/mac_messages_s__rosidl_typesupport_c.cpython-310-x86_64-linux-gnu.so[0m
[100%] [32m[1mLinking C shared library rosidl_generator_py/mac_messages/mac_messages_s__rosidl_typesupport_fastrtps_c.cpython-310-x86_64-linux-gnu.so[0m
[100%] Built target mac_messages__rosidl_typesupport_introspection_c__pyext
[100%] Built target mac_messages__rosidl_typesupport_c__pyext
[100%] Built target mac_messages__rosidl_typesupport_fastrtps_c__pyext
-- Install configuration: ""
-- Installing: /mac_remote/ws/install/mac_messages/share/ament_index/resource_index/rosidl_interfaces/mac_messages
-- Installing: /mac_remote/ws/install/mac_messages/include/mac_messages/mac_messages
-- Installing: /mac_remote/ws/install/mac_messages/include/mac_messages/mac_messages/msg
-- Installing: /mac_remote/ws/install/mac_messages/include/mac_messages/mac_messages/msg/detail
-- Installing: /mac_remote/ws/install/mac_messages/include/mac_messages/mac_messages/msg/detail/drive__functions.c
-- Installing: /mac_remote/ws/install/mac_messages/include/mac_messages/mac_messages/msg/detail/drive__type_support.h
-- Installing: /mac_remote/ws/install/mac_messages/include/mac_messages/mac_messages/msg/detail/drive__functions.h
-- Installing: /mac_remote/ws/install/mac_messages/include/mac_messages/mac_messages/msg/detail/drive__struct.h
-- Installing: /mac_remote/ws/install/mac_messages/include/mac_messages/mac_messages/msg/drive.h
-- Installing: /mac_remote/ws/install/mac_messages/include/mac_messages/mac_messages/msg/rosidl_generator_c__visibility_control.h
-- Installing: /mac_remote/ws/install/mac_messages/share/mac_messages/environment/library_path.sh
-- Installing: /mac_remote/ws/install/mac_messages/share/mac_messages/environment/library_path.dsv
-- Installing: /mac_remote/ws/install/mac_messages/lib/libmac_messages__rosidl_generator_c.so
-- Set runtime path of "/mac_remote/ws/install/mac_messages/lib/libmac_messages__rosidl_generator_c.so" to ""
-- Up-to-date: /mac_remote/ws/install/mac_messages/include/mac_messages/mac_messages
-- Up-to-date: /mac_remote/ws/install/mac_messages/include/mac_messages/mac_messages/msg
-- Up-to-date: /mac_remote/ws/install/mac_messages/include/mac_messages/mac_messages/msg/detail
-- Installing: /mac_remote/ws/install/mac_messages/include/mac_messages/mac_messages/msg/detail/drive__rosidl_typesupport_fastrtps_c.h
-- Installing: /mac_remote/ws/install/mac_messages/include/mac_messages/mac_messages/msg/rosidl_typesupport_fastrtps_c__visibility_control.h
-- Installing: /mac_remote/ws/install/mac_messages/lib/libmac_messages__rosidl_typesupport_fastrtps_c.so
-- Set runtime path of "/mac_remote/ws/install/mac_messages/lib/libmac_messages__rosidl_typesupport_fastrtps_c.so" to ""
-- Up-to-date: /mac_remote/ws/install/mac_messages/include/mac_messages/mac_messages
-- Up-to-date: /mac_remote/ws/install/mac_messages/include/mac_messages/mac_messages/msg
-- Up-to-date: /mac_remote/ws/install/mac_messages/include/mac_messages/mac_messages/msg/detail
-- Installing: /mac_remote/ws/install/mac_messages/include/mac_messages/mac_messages/msg/detail/drive__rosidl_typesupport_introspection_c.h
-- Installing: /mac_remote/ws/install/mac_messages/include/mac_messages/mac_messages/msg/detail/drive__type_support.c
-- Installing: /mac_remote/ws/install/mac_messages/include/mac_messages/mac_messages/msg/rosidl_typesupport_introspection_c__visibility_control.h
-- Installing: /mac_remote/ws/install/mac_messages/lib/libmac_messages__rosidl_typesupport_introspection_c.so
-- Set runtime path of "/mac_remote/ws/install/mac_messages/lib/libmac_messages__rosidl_typesupport_introspection_c.so" to ""
-- Installing: /mac_remote/ws/install/mac_messages/lib/libmac_messages__rosidl_typesupport_c.so
-- Set runtime path of "/mac_remote/ws/install/mac_messages/lib/libmac_messages__rosidl_typesupport_c.so" to ""
-- Up-to-date: /mac_remote/ws/install/mac_messages/include/mac_messages/mac_messages
-- Up-to-date: /mac_remote/ws/install/mac_messages/include/mac_messages/mac_messages/msg
-- Up-to-date: /mac_remote/ws/install/mac_messages/include/mac_messages/mac_messages/msg/detail
-- Installing: /mac_remote/ws/install/mac_messages/include/mac_messages/mac_messages/msg/detail/drive__traits.hpp
-- Installing: /mac_remote/ws/install/mac_messages/include/mac_messages/mac_messages/msg/detail/drive__builder.hpp
-- Installing: /mac_remote/ws/install/mac_messages/include/mac_messages/mac_messages/msg/detail/drive__struct.hpp
-- Installing: /mac_remote/ws/install/mac_messages/include/mac_messages/mac_messages/msg/drive.hpp
-- Up-to-date: /mac_remote/ws/install/mac_messages/include/mac_messages/mac_messages
-- Up-to-date: /mac_remote/ws/install/mac_messages/include/mac_messages/mac_messages/msg
-- Up-to-date: /mac_remote/ws/install/mac_messages/include/mac_messages/mac_messages/msg/detail
-- Installing: /mac_remote/ws/install/mac_messages/include/mac_messages/mac_messages/msg/detail/dds_fastrtps
-- Installing: /mac_remote/ws/install/mac_messages/include/mac_messages/mac_messages/msg/detail/drive__rosidl_typesupport_fastrtps_cpp.hpp
-- Installing: /mac_remote/ws/install/mac_messages/include/mac_messages/mac_messages/msg/rosidl_typesupport_fastrtps_cpp__visibility_control.h
-- Installing: /mac_remote/ws/install/mac_messages/lib/libmac_messages__rosidl_typesupport_fastrtps_cpp.so
-- Set runtime path of "/mac_remote/ws/install/mac_messages/lib/libmac_messages__rosidl_typesupport_fastrtps_cpp.so" to ""
-- Up-to-date: /mac_remote/ws/install/mac_messages/include/mac_messages/mac_messages
-- Up-to-date: /mac_remote/ws/install/mac_messages/include/mac_messages/mac_messages/msg
-- Up-to-date: /mac_remote/ws/install/mac_messages/include/mac_messages/mac_messages/msg/detail
-- Installing: /mac_remote/ws/install/mac_messages/include/mac_messages/mac_messages/msg/detail/drive__rosidl_typesupport_introspection_cpp.hpp
-- Installing: /mac_remote/ws/install/mac_messages/include/mac_messages/mac_messages/msg/detail/drive__type_support.cpp
-- Installing: /mac_remote/ws/install/mac_messages/lib/libmac_messages__rosidl_typesupport_introspection_cpp.so
-- Set runtime path of "/mac_remote/ws/install/mac_messages/lib/libmac_messages__rosidl_typesupport_introspection_cpp.so" to ""
-- Installing: /mac_remote/ws/install/mac_messages/lib/libmac_messages__rosidl_typesupport_cpp.so
-- Set runtime path of "/mac_remote/ws/install/mac_messages/lib/libmac_messages__rosidl_typesupport_cpp.so" to ""
-- Installing: /mac_remote/ws/install/mac_messages/share/mac_messages/environment/pythonpath.sh
-- Installing: /mac_remote/ws/install/mac_messages/share/mac_messages/environment/pythonpath.dsv
-- Installing: /mac_remote/ws/install/mac_messages/local/lib/python3.10/dist-packages/mac_messages-0.0.0-py3.10.egg-info
-- Installing: /mac_remote/ws/install/mac_messages/local/lib/python3.10/dist-packages/mac_messages-0.0.0-py3.10.egg-info/top_level.txt
-- Installing: /mac_remote/ws/install/mac_messages/local/lib/python3.10/dist-packages/mac_messages-0.0.0-py3.10.egg-info/SOURCES.txt
-- Installing: /mac_remote/ws/install/mac_messages/local/lib/python3.10/dist-packages/mac_messages-0.0.0-py3.10.egg-info/dependency_links.txt
-- Installing: /mac_remote/ws/install/mac_messages/local/lib/python3.10/dist-packages/mac_messages-0.0.0-py3.10.egg-info/PKG-INFO
-- Installing: /mac_remote/ws/install/mac_messages/local/lib/python3.10/dist-packages/mac_messages
-- Installing: /mac_remote/ws/install/mac_messages/local/lib/python3.10/dist-packages/mac_messages/__init__.py
-- Installing: /mac_remote/ws/install/mac_messages/local/lib/python3.10/dist-packages/mac_messages/mac_messages_s__rosidl_typesupport_fastrtps_c.cpython-310-x86_64-linux-gnu.so
-- Installing: /mac_remote/ws/install/mac_messages/local/lib/python3.10/dist-packages/mac_messages/libmac_messages__rosidl_generator_py.so
-- Installing: /mac_remote/ws/install/mac_messages/local/lib/python3.10/dist-packages/mac_messages/_mac_messages_s.ep.rosidl_typesupport_introspection_c.c
-- Installing: /mac_remote/ws/install/mac_messages/local/lib/python3.10/dist-packages/mac_messages/_mac_messages_s.ep.rosidl_typesupport_fastrtps_c.c
-- Installing: /mac_remote/ws/install/mac_messages/local/lib/python3.10/dist-packages/mac_messages/mac_messages_s__rosidl_typesupport_introspection_c.cpython-310-x86_64-linux-gnu.so
-- Installing: /mac_remote/ws/install/mac_messages/local/lib/python3.10/dist-packages/mac_messages/msg
-- Installing: /mac_remote/ws/install/mac_messages/local/lib/python3.10/dist-packages/mac_messages/msg/__init__.py
-- Installing: /mac_remote/ws/install/mac_messages/local/lib/python3.10/dist-packages/mac_messages/msg/_drive.py
-- Installing: /mac_remote/ws/install/mac_messages/local/lib/python3.10/dist-packages/mac_messages/msg/_drive_s.c
-- Installing: /mac_remote/ws/install/mac_messages/local/lib/python3.10/dist-packages/mac_messages/_mac_messages_s.ep.rosidl_typesupport_c.c
-- Installing: /mac_remote/ws/install/mac_messages/local/lib/python3.10/dist-packages/mac_messages/mac_messages_s__rosidl_typesupport_c.cpython-310-x86_64-linux-gnu.so
Listing '/mac_remote/ws/install/mac_messages/local/lib/python3.10/dist-packages/mac_messages'...
Compiling '/mac_remote/ws/install/mac_messages/local/lib/python3.10/dist-packages/mac_messages/__init__.py'...
Listing '/mac_remote/ws/install/mac_messages/local/lib/python3.10/dist-packages/mac_messages/msg'...
Compiling '/mac_remote/ws/install/mac_messages/local/lib/python3.10/dist-packages/mac_messages/msg/__init__.py'...
Compiling '/mac_remote/ws/install/mac_messages/local/lib/python3.10/dist-packages/mac_messages/msg/_drive.py'...
-- Installing: /mac_remote/ws/install/mac_messages/local/lib/python3.10/dist-packages/mac_messages/mac_messages_s__rosidl_typesupport_fastrtps_c.cpython-310-x86_64-linux-gnu.so
-- Set runtime path of "/mac_remote/ws/install/mac_messages/local/lib/python3.10/dist-packages/mac_messages/mac_messages_s__rosidl_typesupport_fastrtps_c.cpython-310-x86_64-linux-gnu.so" to ""
-- Installing: /mac_remote/ws/install/mac_messages/local/lib/python3.10/dist-packages/mac_messages/mac_messages_s__rosidl_typesupport_introspection_c.cpython-310-x86_64-linux-gnu.so
-- Set runtime path of "/mac_remote/ws/install/mac_messages/local/lib/python3.10/dist-packages/mac_messages/mac_messages_s__rosidl_typesupport_introspection_c.cpython-310-x86_64-linux-gnu.so" to ""
-- Installing: /mac_remote/ws/install/mac_messages/local/lib/python3.10/dist-packages/mac_messages/mac_messages_s__rosidl_typesupport_c.cpython-310-x86_64-linux-gnu.so
-- Set runtime path of "/mac_remote/ws/install/mac_messages/local/lib/python3.10/dist-packages/mac_messages/mac_messages_s__rosidl_typesupport_c.cpython-310-x86_64-linux-gnu.so" to ""
-- Installing: /mac_remote/ws/install/mac_messages/lib/libmac_messages__rosidl_generator_py.so
-- Set runtime path of "/mac_remote/ws/install/mac_messages/lib/libmac_messages__rosidl_generator_py.so" to ""
-- Installing: /mac_remote/ws/install/mac_messages/share/mac_messages/msg/Drive.idl
-- Installing: /mac_remote/ws/install/mac_messages/share/mac_messages/msg/Drive.msg
-- Installing: /mac_remote/ws/install/mac_messages/share/ament_index/resource_index/package_run_dependencies/mac_messages
-- Installing: /mac_remote/ws/install/mac_messages/share/ament_index/resource_index/parent_prefix_path/mac_messages
-- Installing: /mac_remote/ws/install/mac_messages/share/mac_messages/environment/ament_prefix_path.sh
-- Installing: /mac_remote/ws/install/mac_messages/share/mac_messages/environment/ament_prefix_path.dsv
-- Installing: /mac_remote/ws/install/mac_messages/share/mac_messages/environment/path.sh
-- Installing: /mac_remote/ws/install/mac_messages/share/mac_messages/environment/path.dsv
-- Installing: /mac_remote/ws/install/mac_messages/share/mac_messages/local_setup.bash
-- Installing: /mac_remote/ws/install/mac_messages/share/mac_messages/local_setup.sh
-- Installing: /mac_remote/ws/install/mac_messages/share/mac_messages/local_setup.zsh
-- Installing: /mac_remote/ws/install/mac_messages/share/mac_messages/local_setup.dsv
-- Installing: /mac_remote/ws/install/mac_messages/share/mac_messages/package.dsv
-- Installing: /mac_remote/ws/install/mac_messages/share/ament_index/resource_index/packages/mac_messages
-- Installing: /mac_remote/ws/install/mac_messages/share/mac_messages/cmake/export_mac_messages__rosidl_generator_cExport.cmake
-- Installing: /mac_remote/ws/install/mac_messages/share/mac_messages/cmake/export_mac_messages__rosidl_generator_cExport-noconfig.cmake
-- Installing: /mac_remote/ws/install/mac_messages/share/mac_messages/cmake/export_mac_messages__rosidl_typesupport_fastrtps_cExport.cmake
-- Installing: /mac_remote/ws/install/mac_messages/share/mac_messages/cmake/export_mac_messages__rosidl_typesupport_fastrtps_cExport-noconfig.cmake
-- Installing: /mac_remote/ws/install/mac_messages/share/mac_messages/cmake/mac_messages__rosidl_typesupport_introspection_cExport.cmake
-- Installing: /mac_remote/ws/install/mac_messages/share/mac_messages/cmake/mac_messages__rosidl_typesupport_introspection_cExport-noconfig.cmake
-- Installing: /mac_remote/ws/install/mac_messages/share/mac_messages/cmake/mac_messages__rosidl_typesupport_cExport.cmake
-- Installing: /mac_remote/ws/install/mac_messages/share/mac_messages/cmake/mac_messages__rosidl_typesupport_cExport-noconfig.cmake
-- Installing: /mac_remote/ws/install/mac_messages/share/mac_messages/cmake/export_mac_messages__rosidl_generator_cppExport.cmake
-- Installing: /mac_remote/ws/install/mac_messages/share/mac_messages/cmake/export_mac_messages__rosidl_typesupport_fastrtps_cppExport.cmake
-- Installing: /mac_remote/ws/install/mac_messages/share/mac_messages/cmake/export_mac_messages__rosidl_typesupport_fastrtps_cppExport-noconfig.cmake
-- Installing: /mac_remote/ws/install/mac_messages/share/mac_messages/cmake/mac_messages__rosidl_typesupport_introspection_cppExport.cmake
-- Installing: /mac_remote/ws/install/mac_messages/share/mac_messages/cmake/mac_messages__rosidl_typesupport_introspection_cppExport-noconfig.cmake
-- Installing: /mac_remote/ws/install/mac_messages/share/mac_messages/cmake/mac_messages__rosidl_typesupport_cppExport.cmake
-- Installing: /mac_remote/ws/install/mac_messages/share/mac_messages/cmake/mac_messages__rosidl_typesupport_cppExport-noconfig.cmake
-- Installing: /mac_remote/ws/install/mac_messages/share/mac_messages/cmake/export_mac_messages__rosidl_generator_pyExport.cmake
-- Installing: /mac_remote/ws/install/mac_messages/share/mac_messages/cmake/export_mac_messages__rosidl_generator_pyExport-noconfig.cmake
-- Installing: /mac_remote/ws/install/mac_messages/share/mac_messages/cmake/rosidl_cmake-extras.cmake
-- Installing: /mac_remote/ws/install/mac_messages/share/mac_messages/cmake/ament_cmake_export_include_directories-extras.cmake
-- Installing: /mac_remote/ws/install/mac_messages/share/mac_messages/cmake/ament_cmake_export_libraries-extras.cmake
-- Installing: /mac_remote/ws/install/mac_messages/share/mac_messages/cmake/ament_cmake_export_targets-extras.cmake
-- Installing: /mac_remote/ws/install/mac_messages/share/mac_messages/cmake/rosidl_cmake_export_typesupport_targets-extras.cmake
-- Installing: /mac_remote/ws/install/mac_messages/share/mac_messages/cmake/ament_cmake_export_dependencies-extras.cmake
-- Installing: /mac_remote/ws/install/mac_messages/share/mac_messages/cmake/rosidl_cmake_export_typesupport_libraries-extras.cmake
-- Installing: /mac_remote/ws/install/mac_messages/share/mac_messages/cmake/mac_messagesConfig.cmake
-- Installing: /mac_remote/ws/install/mac_messages/share/mac_messages/cmake/mac_messagesConfig-version.cmake
-- Installing: /mac_remote/ws/install/mac_messages/share/mac_messages/package.xml
