[0.101s] Invoking command in '/mac_remote/ws/build/mac_messages': CMAKE_PREFIX_PATH=/opt/ros/humble /usr/bin/cmake --build /mac_remote/ws/build/mac_messages -- -j4 -l4
[0.173s] [  3%] [34m[1mGenerating C code for ROS interfaces[0m
[0.200s] [  6%] [34m[1mGenerating C++ code for ROS interfaces[0m
[0.210s] [  6%] Built target ament_cmake_python_copy_mac_messages
[0.793s] running egg_info
[0.795s] creating mac_messages.egg-info
[0.796s] writing mac_messages.egg-info/PKG-INFO
[0.798s] writing dependency_links to mac_messages.egg-info/dependency_links.txt
[0.798s] writing top-level names to mac_messages.egg-info/top_level.txt
[0.798s] writing manifest file 'mac_messages.egg-info/SOURCES.txt'
[0.805s] reading manifest file 'mac_messages.egg-info/SOURCES.txt'
[0.807s] writing manifest file 'mac_messages.egg-info/SOURCES.txt'
[0.874s] [  9%] [32mBuilding C object CMakeFiles/mac_messages__rosidl_generator_c.dir/rosidl_generator_c/mac_messages/msg/detail/drive__functions.c.o[0m
[0.884s] [  9%] Built target ament_cmake_python_build_mac_messages_egg
[0.890s] [  9%] Built target mac_messages__cpp
[0.912s] [ 16%] [34m[1mGenerating C++ type support dispatch for ROS interfaces[0m
[0.913s] [ 16%] [34m[1mGenerating C++ type support for eProsima Fast-RTPS[0m
[0.913s] [ 19%] [34m[1mGenerating C++ introspection for ROS interfaces[0m
[1.051s] [ 22%] [32m[1mLinking C shared library libmac_messages__rosidl_generator_c.so[0m
[1.162s] [ 22%] Built target mac_messages__rosidl_generator_c
[1.187s] [ 25%] [34m[1mGenerating C type support for eProsima Fast-RTPS[0m
[1.556s] [ 29%] [32mBuilding CXX object CMakeFiles/mac_messages__rosidl_typesupport_introspection_cpp.dir/rosidl_typesupport_introspection_cpp/mac_messages/msg/detail/drive__type_support.cpp.o[0m
[1.647s] [ 32%] [32mBuilding CXX object CMakeFiles/mac_messages__rosidl_typesupport_cpp.dir/rosidl_typesupport_cpp/mac_messages/msg/drive__type_support.cpp.o[0m
[1.665s] [ 35%] [32mBuilding CXX object CMakeFiles/mac_messages__rosidl_typesupport_fastrtps_cpp.dir/rosidl_typesupport_fastrtps_cpp/mac_messages/msg/detail/dds_fastrtps/drive__type_support.cpp.o[0m
[2.021s] [ 38%] [32mBuilding CXX object CMakeFiles/mac_messages__rosidl_typesupport_fastrtps_c.dir/rosidl_typesupport_fastrtps_c/mac_messages/msg/detail/drive__type_support_c.cpp.o[0m
[2.432s] [ 41%] [32m[1mLinking CXX shared library libmac_messages__rosidl_typesupport_cpp.so[0m
[2.591s] [ 41%] Built target mac_messages__rosidl_typesupport_cpp
[2.619s] [ 45%] [34m[1mGenerating C introspection for ROS interfaces[0m
[2.749s] [ 48%] [32m[1mLinking CXX shared library libmac_messages__rosidl_typesupport_introspection_cpp.so[0m
[2.807s] [ 51%] [32m[1mLinking CXX shared library libmac_messages__rosidl_typesupport_fastrtps_cpp.so[0m
[2.970s] [ 51%] Built target mac_messages__rosidl_typesupport_introspection_cpp
[3.006s] [ 54%] [34m[1mGenerating C type support dispatch for ROS interfaces[0m
[3.055s] [ 54%] Built target mac_messages__rosidl_typesupport_fastrtps_cpp
[3.073s] [ 58%] [32m[1mLinking CXX shared library libmac_messages__rosidl_typesupport_fastrtps_c.so[0m
[3.237s] [ 58%] Built target mac_messages__rosidl_typesupport_fastrtps_c
[3.328s] [ 61%] [32mBuilding C object CMakeFiles/mac_messages__rosidl_typesupport_introspection_c.dir/rosidl_typesupport_introspection_c/mac_messages/msg/detail/drive__type_support.c.o[0m
[3.386s] [ 64%] [32m[1mLinking C shared library libmac_messages__rosidl_typesupport_introspection_c.so[0m
[3.437s] [ 64%] Built target mac_messages__rosidl_typesupport_introspection_c
[3.491s] [ 67%] [32mBuilding CXX object CMakeFiles/mac_messages__rosidl_typesupport_c.dir/rosidl_typesupport_c/mac_messages/msg/drive__type_support.cpp.o[0m
[3.540s] [ 70%] [32m[1mLinking CXX shared library libmac_messages__rosidl_typesupport_c.so[0m
[3.606s] [ 70%] Built target mac_messages__rosidl_typesupport_c
[3.637s] [ 70%] Built target mac_messages
[3.671s] [ 74%] [34m[1mGenerating Python code for ROS interfaces[0m
[4.190s] [ 74%] Built target mac_messages__py
[4.218s] [ 77%] [32mBuilding C object CMakeFiles/mac_messages__rosidl_generator_py.dir/rosidl_generator_py/mac_messages/msg/_drive_s.c.o[0m
[4.401s] [ 80%] [32m[1mLinking C shared library rosidl_generator_py/mac_messages/libmac_messages__rosidl_generator_py.so[0m
[4.468s] [ 80%] Built target mac_messages__rosidl_generator_py
[4.504s] [ 83%] [32mBuilding C object CMakeFiles/mac_messages__rosidl_typesupport_introspection_c__pyext.dir/rosidl_generator_py/mac_messages/_mac_messages_s.ep.rosidl_typesupport_introspection_c.c.o[0m
[4.509s] [ 87%] [32mBuilding C object CMakeFiles/mac_messages__rosidl_typesupport_fastrtps_c__pyext.dir/rosidl_generator_py/mac_messages/_mac_messages_s.ep.rosidl_typesupport_fastrtps_c.c.o[0m
[4.514s] [ 90%] [32mBuilding C object CMakeFiles/mac_messages__rosidl_typesupport_c__pyext.dir/rosidl_generator_py/mac_messages/_mac_messages_s.ep.rosidl_typesupport_c.c.o[0m
[4.685s] [ 93%] [32m[1mLinking C shared library rosidl_generator_py/mac_messages/mac_messages_s__rosidl_typesupport_introspection_c.cpython-310-x86_64-linux-gnu.so[0m
[4.723s] [ 96%] [32m[1mLinking C shared library rosidl_generator_py/mac_messages/mac_messages_s__rosidl_typesupport_c.cpython-310-x86_64-linux-gnu.so[0m
[4.742s] [100%] [32m[1mLinking C shared library rosidl_generator_py/mac_messages/mac_messages_s__rosidl_typesupport_fastrtps_c.cpython-310-x86_64-linux-gnu.so[0m
[4.752s] [100%] Built target mac_messages__rosidl_typesupport_introspection_c__pyext
[4.795s] [100%] Built target mac_messages__rosidl_typesupport_c__pyext
[4.804s] [100%] Built target mac_messages__rosidl_typesupport_fastrtps_c__pyext
[4.822s] Invoked command in '/mac_remote/ws/build/mac_messages' returned '0': CMAKE_PREFIX_PATH=/opt/ros/humble /usr/bin/cmake --build /mac_remote/ws/build/mac_messages -- -j4 -l4
[4.932s] Invoking command in '/mac_remote/ws/build/mac_messages': CMAKE_PREFIX_PATH=/opt/ros/humble /usr/bin/cmake --install /mac_remote/ws/build/mac_messages
[4.946s] -- Install configuration: ""
[4.947s] -- Installing: /mac_remote/ws/install/mac_messages/share/ament_index/resource_index/rosidl_interfaces/mac_messages
[4.947s] -- Installing: /mac_remote/ws/install/mac_messages/include/mac_messages/mac_messages
[4.947s] -- Installing: /mac_remote/ws/install/mac_messages/include/mac_messages/mac_messages/msg
[4.949s] -- Installing: /mac_remote/ws/install/mac_messages/include/mac_messages/mac_messages/msg/detail
[4.949s] -- Installing: /mac_remote/ws/install/mac_messages/include/mac_messages/mac_messages/msg/detail/drive__functions.c
[4.949s] -- Installing: /mac_remote/ws/install/mac_messages/include/mac_messages/mac_messages/msg/detail/drive__type_support.h
[4.949s] -- Installing: /mac_remote/ws/install/mac_messages/include/mac_messages/mac_messages/msg/detail/drive__functions.h
[4.950s] -- Installing: /mac_remote/ws/install/mac_messages/include/mac_messages/mac_messages/msg/detail/drive__struct.h
[4.950s] -- Installing: /mac_remote/ws/install/mac_messages/include/mac_messages/mac_messages/msg/drive.h
[4.950s] -- Installing: /mac_remote/ws/install/mac_messages/include/mac_messages/mac_messages/msg/rosidl_generator_c__visibility_control.h
[4.951s] -- Installing: /mac_remote/ws/install/mac_messages/share/mac_messages/environment/library_path.sh
[4.951s] -- Installing: /mac_remote/ws/install/mac_messages/share/mac_messages/environment/library_path.dsv
[4.951s] -- Installing: /mac_remote/ws/install/mac_messages/lib/libmac_messages__rosidl_generator_c.so
[4.951s] -- Set runtime path of "/mac_remote/ws/install/mac_messages/lib/libmac_messages__rosidl_generator_c.so" to ""
[4.952s] -- Up-to-date: /mac_remote/ws/install/mac_messages/include/mac_messages/mac_messages
[4.952s] -- Up-to-date: /mac_remote/ws/install/mac_messages/include/mac_messages/mac_messages/msg
[4.952s] -- Up-to-date: /mac_remote/ws/install/mac_messages/include/mac_messages/mac_messages/msg/detail
[4.953s] -- Installing: /mac_remote/ws/install/mac_messages/include/mac_messages/mac_messages/msg/detail/drive__rosidl_typesupport_fastrtps_c.h
[4.953s] -- Installing: /mac_remote/ws/install/mac_messages/include/mac_messages/mac_messages/msg/rosidl_typesupport_fastrtps_c__visibility_control.h
[4.953s] -- Installing: /mac_remote/ws/install/mac_messages/lib/libmac_messages__rosidl_typesupport_fastrtps_c.so
[4.954s] -- Set runtime path of "/mac_remote/ws/install/mac_messages/lib/libmac_messages__rosidl_typesupport_fastrtps_c.so" to ""
[4.954s] -- Up-to-date: /mac_remote/ws/install/mac_messages/include/mac_messages/mac_messages
[4.954s] -- Up-to-date: /mac_remote/ws/install/mac_messages/include/mac_messages/mac_messages/msg
[4.954s] -- Up-to-date: /mac_remote/ws/install/mac_messages/include/mac_messages/mac_messages/msg/detail
[4.955s] -- Installing: /mac_remote/ws/install/mac_messages/include/mac_messages/mac_messages/msg/detail/drive__rosidl_typesupport_introspection_c.h
[4.955s] -- Installing: /mac_remote/ws/install/mac_messages/include/mac_messages/mac_messages/msg/detail/drive__type_support.c
[4.955s] -- Installing: /mac_remote/ws/install/mac_messages/include/mac_messages/mac_messages/msg/rosidl_typesupport_introspection_c__visibility_control.h
[4.955s] -- Installing: /mac_remote/ws/install/mac_messages/lib/libmac_messages__rosidl_typesupport_introspection_c.so
[4.956s] -- Set runtime path of "/mac_remote/ws/install/mac_messages/lib/libmac_messages__rosidl_typesupport_introspection_c.so" to ""
[4.956s] -- Installing: /mac_remote/ws/install/mac_messages/lib/libmac_messages__rosidl_typesupport_c.so
[4.957s] -- Set runtime path of "/mac_remote/ws/install/mac_messages/lib/libmac_messages__rosidl_typesupport_c.so" to ""
[4.957s] -- Up-to-date: /mac_remote/ws/install/mac_messages/include/mac_messages/mac_messages
[4.958s] -- Up-to-date: /mac_remote/ws/install/mac_messages/include/mac_messages/mac_messages/msg
[4.958s] -- Up-to-date: /mac_remote/ws/install/mac_messages/include/mac_messages/mac_messages/msg/detail
[4.959s] -- Installing: /mac_remote/ws/install/mac_messages/include/mac_messages/mac_messages/msg/detail/drive__traits.hpp
[4.962s] -- Installing: /mac_remote/ws/install/mac_messages/include/mac_messages/mac_messages/msg/detail/drive__builder.hpp
[4.963s] -- Installing: /mac_remote/ws/install/mac_messages/include/mac_messages/mac_messages/msg/detail/drive__struct.hpp
[4.963s] -- Installing: /mac_remote/ws/install/mac_messages/include/mac_messages/mac_messages/msg/drive.hpp
[4.963s] -- Up-to-date: /mac_remote/ws/install/mac_messages/include/mac_messages/mac_messages
[4.963s] -- Up-to-date: /mac_remote/ws/install/mac_messages/include/mac_messages/mac_messages/msg
[4.963s] -- Up-to-date: /mac_remote/ws/install/mac_messages/include/mac_messages/mac_messages/msg/detail
[4.964s] -- Installing: /mac_remote/ws/install/mac_messages/include/mac_messages/mac_messages/msg/detail/dds_fastrtps
[4.964s] -- Installing: /mac_remote/ws/install/mac_messages/include/mac_messages/mac_messages/msg/detail/drive__rosidl_typesupport_fastrtps_cpp.hpp
[4.964s] -- Installing: /mac_remote/ws/install/mac_messages/include/mac_messages/mac_messages/msg/rosidl_typesupport_fastrtps_cpp__visibility_control.h
[4.964s] -- Installing: /mac_remote/ws/install/mac_messages/lib/libmac_messages__rosidl_typesupport_fastrtps_cpp.so
[4.964s] -- Set runtime path of "/mac_remote/ws/install/mac_messages/lib/libmac_messages__rosidl_typesupport_fastrtps_cpp.so" to ""
[4.965s] -- Up-to-date: /mac_remote/ws/install/mac_messages/include/mac_messages/mac_messages
[4.965s] -- Up-to-date: /mac_remote/ws/install/mac_messages/include/mac_messages/mac_messages/msg
[4.965s] -- Up-to-date: /mac_remote/ws/install/mac_messages/include/mac_messages/mac_messages/msg/detail
[4.966s] -- Installing: /mac_remote/ws/install/mac_messages/include/mac_messages/mac_messages/msg/detail/drive__rosidl_typesupport_introspection_cpp.hpp
[4.966s] -- Installing: /mac_remote/ws/install/mac_messages/include/mac_messages/mac_messages/msg/detail/drive__type_support.cpp
[4.966s] -- Installing: /mac_remote/ws/install/mac_messages/lib/libmac_messages__rosidl_typesupport_introspection_cpp.so
[4.966s] -- Set runtime path of "/mac_remote/ws/install/mac_messages/lib/libmac_messages__rosidl_typesupport_introspection_cpp.so" to ""
[4.966s] -- Installing: /mac_remote/ws/install/mac_messages/lib/libmac_messages__rosidl_typesupport_cpp.so
[4.967s] -- Set runtime path of "/mac_remote/ws/install/mac_messages/lib/libmac_messages__rosidl_typesupport_cpp.so" to ""
[4.967s] -- Installing: /mac_remote/ws/install/mac_messages/share/mac_messages/environment/pythonpath.sh
[4.968s] -- Installing: /mac_remote/ws/install/mac_messages/share/mac_messages/environment/pythonpath.dsv
[4.968s] -- Installing: /mac_remote/ws/install/mac_messages/local/lib/python3.10/dist-packages/mac_messages-0.0.0-py3.10.egg-info
[4.968s] -- Installing: /mac_remote/ws/install/mac_messages/local/lib/python3.10/dist-packages/mac_messages-0.0.0-py3.10.egg-info/top_level.txt
[4.969s] -- Installing: /mac_remote/ws/install/mac_messages/local/lib/python3.10/dist-packages/mac_messages-0.0.0-py3.10.egg-info/SOURCES.txt
[4.969s] -- Installing: /mac_remote/ws/install/mac_messages/local/lib/python3.10/dist-packages/mac_messages-0.0.0-py3.10.egg-info/dependency_links.txt
[4.969s] -- Installing: /mac_remote/ws/install/mac_messages/local/lib/python3.10/dist-packages/mac_messages-0.0.0-py3.10.egg-info/PKG-INFO
[4.969s] -- Installing: /mac_remote/ws/install/mac_messages/local/lib/python3.10/dist-packages/mac_messages
[4.969s] -- Installing: /mac_remote/ws/install/mac_messages/local/lib/python3.10/dist-packages/mac_messages/__init__.py
[4.969s] -- Installing: /mac_remote/ws/install/mac_messages/local/lib/python3.10/dist-packages/mac_messages/mac_messages_s__rosidl_typesupport_fastrtps_c.cpython-310-x86_64-linux-gnu.so
[4.970s] -- Installing: /mac_remote/ws/install/mac_messages/local/lib/python3.10/dist-packages/mac_messages/libmac_messages__rosidl_generator_py.so
[4.970s] -- Installing: /mac_remote/ws/install/mac_messages/local/lib/python3.10/dist-packages/mac_messages/_mac_messages_s.ep.rosidl_typesupport_introspection_c.c
[4.970s] -- Installing: /mac_remote/ws/install/mac_messages/local/lib/python3.10/dist-packages/mac_messages/_mac_messages_s.ep.rosidl_typesupport_fastrtps_c.c
[4.971s] -- Installing: /mac_remote/ws/install/mac_messages/local/lib/python3.10/dist-packages/mac_messages/mac_messages_s__rosidl_typesupport_introspection_c.cpython-310-x86_64-linux-gnu.so
[4.971s] -- Installing: /mac_remote/ws/install/mac_messages/local/lib/python3.10/dist-packages/mac_messages/msg
[4.971s] -- Installing: /mac_remote/ws/install/mac_messages/local/lib/python3.10/dist-packages/mac_messages/msg/__init__.py
[4.971s] -- Installing: /mac_remote/ws/install/mac_messages/local/lib/python3.10/dist-packages/mac_messages/msg/_drive.py
[4.972s] -- Installing: /mac_remote/ws/install/mac_messages/local/lib/python3.10/dist-packages/mac_messages/msg/_drive_s.c
[4.972s] -- Installing: /mac_remote/ws/install/mac_messages/local/lib/python3.10/dist-packages/mac_messages/_mac_messages_s.ep.rosidl_typesupport_c.c
[4.972s] -- Installing: /mac_remote/ws/install/mac_messages/local/lib/python3.10/dist-packages/mac_messages/mac_messages_s__rosidl_typesupport_c.cpython-310-x86_64-linux-gnu.so
[5.034s] Listing '/mac_remote/ws/install/mac_messages/local/lib/python3.10/dist-packages/mac_messages'...
[5.034s] Compiling '/mac_remote/ws/install/mac_messages/local/lib/python3.10/dist-packages/mac_messages/__init__.py'...
[5.034s] Listing '/mac_remote/ws/install/mac_messages/local/lib/python3.10/dist-packages/mac_messages/msg'...
[5.035s] Compiling '/mac_remote/ws/install/mac_messages/local/lib/python3.10/dist-packages/mac_messages/msg/__init__.py'...
[5.035s] Compiling '/mac_remote/ws/install/mac_messages/local/lib/python3.10/dist-packages/mac_messages/msg/_drive.py'...
[5.041s] -- Installing: /mac_remote/ws/install/mac_messages/local/lib/python3.10/dist-packages/mac_messages/mac_messages_s__rosidl_typesupport_fastrtps_c.cpython-310-x86_64-linux-gnu.so
[5.042s] -- Set runtime path of "/mac_remote/ws/install/mac_messages/local/lib/python3.10/dist-packages/mac_messages/mac_messages_s__rosidl_typesupport_fastrtps_c.cpython-310-x86_64-linux-gnu.so" to ""
[5.042s] -- Installing: /mac_remote/ws/install/mac_messages/local/lib/python3.10/dist-packages/mac_messages/mac_messages_s__rosidl_typesupport_introspection_c.cpython-310-x86_64-linux-gnu.so
[5.043s] -- Set runtime path of "/mac_remote/ws/install/mac_messages/local/lib/python3.10/dist-packages/mac_messages/mac_messages_s__rosidl_typesupport_introspection_c.cpython-310-x86_64-linux-gnu.so" to ""
[5.044s] -- Installing: /mac_remote/ws/install/mac_messages/local/lib/python3.10/dist-packages/mac_messages/mac_messages_s__rosidl_typesupport_c.cpython-310-x86_64-linux-gnu.so
[5.048s] -- Set runtime path of "/mac_remote/ws/install/mac_messages/local/lib/python3.10/dist-packages/mac_messages/mac_messages_s__rosidl_typesupport_c.cpython-310-x86_64-linux-gnu.so" to ""
[5.049s] -- Installing: /mac_remote/ws/install/mac_messages/lib/libmac_messages__rosidl_generator_py.so
[5.049s] -- Set runtime path of "/mac_remote/ws/install/mac_messages/lib/libmac_messages__rosidl_generator_py.so" to ""
[5.049s] -- Installing: /mac_remote/ws/install/mac_messages/share/mac_messages/msg/Drive.idl
[5.049s] -- Installing: /mac_remote/ws/install/mac_messages/share/mac_messages/msg/Drive.msg
[5.050s] -- Installing: /mac_remote/ws/install/mac_messages/share/ament_index/resource_index/package_run_dependencies/mac_messages
[5.050s] -- Installing: /mac_remote/ws/install/mac_messages/share/ament_index/resource_index/parent_prefix_path/mac_messages
[5.050s] -- Installing: /mac_remote/ws/install/mac_messages/share/mac_messages/environment/ament_prefix_path.sh
[5.051s] -- Installing: /mac_remote/ws/install/mac_messages/share/mac_messages/environment/ament_prefix_path.dsv
[5.051s] -- Installing: /mac_remote/ws/install/mac_messages/share/mac_messages/environment/path.sh
[5.051s] -- Installing: /mac_remote/ws/install/mac_messages/share/mac_messages/environment/path.dsv
[5.051s] -- Installing: /mac_remote/ws/install/mac_messages/share/mac_messages/local_setup.bash
[5.052s] -- Installing: /mac_remote/ws/install/mac_messages/share/mac_messages/local_setup.sh
[5.052s] -- Installing: /mac_remote/ws/install/mac_messages/share/mac_messages/local_setup.zsh
[5.052s] -- Installing: /mac_remote/ws/install/mac_messages/share/mac_messages/local_setup.dsv
[5.052s] -- Installing: /mac_remote/ws/install/mac_messages/share/mac_messages/package.dsv
[5.052s] -- Installing: /mac_remote/ws/install/mac_messages/share/ament_index/resource_index/packages/mac_messages
[5.053s] -- Installing: /mac_remote/ws/install/mac_messages/share/mac_messages/cmake/export_mac_messages__rosidl_generator_cExport.cmake
[5.053s] -- Installing: /mac_remote/ws/install/mac_messages/share/mac_messages/cmake/export_mac_messages__rosidl_generator_cExport-noconfig.cmake
[5.053s] -- Installing: /mac_remote/ws/install/mac_messages/share/mac_messages/cmake/export_mac_messages__rosidl_typesupport_fastrtps_cExport.cmake
[5.053s] -- Installing: /mac_remote/ws/install/mac_messages/share/mac_messages/cmake/export_mac_messages__rosidl_typesupport_fastrtps_cExport-noconfig.cmake
[5.054s] -- Installing: /mac_remote/ws/install/mac_messages/share/mac_messages/cmake/mac_messages__rosidl_typesupport_introspection_cExport.cmake
[5.054s] -- Installing: /mac_remote/ws/install/mac_messages/share/mac_messages/cmake/mac_messages__rosidl_typesupport_introspection_cExport-noconfig.cmake
[5.054s] -- Installing: /mac_remote/ws/install/mac_messages/share/mac_messages/cmake/mac_messages__rosidl_typesupport_cExport.cmake
[5.055s] -- Installing: /mac_remote/ws/install/mac_messages/share/mac_messages/cmake/mac_messages__rosidl_typesupport_cExport-noconfig.cmake
[5.055s] -- Installing: /mac_remote/ws/install/mac_messages/share/mac_messages/cmake/export_mac_messages__rosidl_generator_cppExport.cmake
[5.056s] -- Installing: /mac_remote/ws/install/mac_messages/share/mac_messages/cmake/export_mac_messages__rosidl_typesupport_fastrtps_cppExport.cmake
[5.056s] -- Installing: /mac_remote/ws/install/mac_messages/share/mac_messages/cmake/export_mac_messages__rosidl_typesupport_fastrtps_cppExport-noconfig.cmake
[5.056s] -- Installing: /mac_remote/ws/install/mac_messages/share/mac_messages/cmake/mac_messages__rosidl_typesupport_introspection_cppExport.cmake
[5.056s] -- Installing: /mac_remote/ws/install/mac_messages/share/mac_messages/cmake/mac_messages__rosidl_typesupport_introspection_cppExport-noconfig.cmake
[5.057s] -- Installing: /mac_remote/ws/install/mac_messages/share/mac_messages/cmake/mac_messages__rosidl_typesupport_cppExport.cmake
[5.057s] -- Installing: /mac_remote/ws/install/mac_messages/share/mac_messages/cmake/mac_messages__rosidl_typesupport_cppExport-noconfig.cmake
[5.057s] -- Installing: /mac_remote/ws/install/mac_messages/share/mac_messages/cmake/export_mac_messages__rosidl_generator_pyExport.cmake
[5.057s] -- Installing: /mac_remote/ws/install/mac_messages/share/mac_messages/cmake/export_mac_messages__rosidl_generator_pyExport-noconfig.cmake
[5.058s] -- Installing: /mac_remote/ws/install/mac_messages/share/mac_messages/cmake/rosidl_cmake-extras.cmake
[5.058s] -- Installing: /mac_remote/ws/install/mac_messages/share/mac_messages/cmake/ament_cmake_export_include_directories-extras.cmake
[5.063s] -- Installing: /mac_remote/ws/install/mac_messages/share/mac_messages/cmake/ament_cmake_export_libraries-extras.cmake
[5.063s] -- Installing: /mac_remote/ws/install/mac_messages/share/mac_messages/cmake/ament_cmake_export_targets-extras.cmake
[5.063s] -- Installing: /mac_remote/ws/install/mac_messages/share/mac_messages/cmake/rosidl_cmake_export_typesupport_targets-extras.cmake
[5.063s] -- Installing: /mac_remote/ws/install/mac_messages/share/mac_messages/cmake/ament_cmake_export_dependencies-extras.cmake
[5.064s] -- Installing: /mac_remote/ws/install/mac_messages/share/mac_messages/cmake/rosidl_cmake_export_typesupport_libraries-extras.cmake
[5.064s] -- Installing: /mac_remote/ws/install/mac_messages/share/mac_messages/cmake/mac_messagesConfig.cmake
[5.064s] -- Installing: /mac_remote/ws/install/mac_messages/share/mac_messages/cmake/mac_messagesConfig-version.cmake
[5.065s] -- Installing: /mac_remote/ws/install/mac_messages/share/mac_messages/package.xml
[5.068s] Invoked command in '/mac_remote/ws/build/mac_messages' returned '0': CMAKE_PREFIX_PATH=/opt/ros/humble /usr/bin/cmake --install /mac_remote/ws/build/mac_messages
