running develop
/usr/local/lib/python3.8/dist-packages/setuptools/command/develop.py:40: EasyInstallDeprecationWarning: easy_install command is deprecated.
!!

        ********************************************************************************
        Please avoid running ``setup.py`` and ``easy_install``.
        Instead, use pypa/build, pypa/installer or other
        standards-based tools.

        See https://github.com/pypa/setuptools/issues/917 for details.
        ********************************************************************************

!!
  easy_install.initialize_options(self)
/usr/local/lib/python3.8/dist-packages/setuptools/_distutils/cmd.py:66: SetuptoolsDeprecationWarning: setup.py install is deprecated.
!!

        ********************************************************************************
        Please avoid running ``setup.py`` directly.
        Instead, use pypa/build, pypa/installer or other
        standards-based tools.

        See https://blog.ganssle.io/articles/2021/10/setup-py-deprecated.html for details.
        ********************************************************************************

!!
  self.initialize_options()
running egg_info
writing turtlesim_controller.egg-info/PKG-INFO
writing dependency_links to turtlesim_controller.egg-info/dependency_links.txt
writing entry points to turtlesim_controller.egg-info/entry_points.txt
writing requirements to turtlesim_controller.egg-info/requires.txt
writing top-level names to turtlesim_controller.egg-info/top_level.txt
reading manifest file 'turtlesim_controller.egg-info/SOURCES.txt'
writing manifest file 'turtlesim_controller.egg-info/SOURCES.txt'
running build_ext
Creating /mac_everything/ws/install/turtlesim_controller/lib/python3.8/site-packages/turtlesim-controller.egg-link (link to .)
Installing turtlesim_control_node script to /mac_everything/ws/install/turtlesim_controller/lib/turtlesim_controller

Installed /mac_everything/ws/build/turtlesim_controller
running install_data
