[4.223s] Invoking command in '/mac_everything/ws/build/turtlesim_controller': PYTHONPATH=/mac_everything/ws/build/turtlesim_controller/prefix_override:/mac_everything/ws/install/turtlesim_controller/lib/python3.8/site-packages:${PYTHONPATH} /usr/bin/python3 setup.py develop --editable --build-directory /mac_everything/ws/build/turtlesim_controller/build --no-deps install_data
[5.770s] running develop
[5.775s] /usr/local/lib/python3.8/dist-packages/setuptools/command/develop.py:40: EasyInstallDeprecationWarning: easy_install command is deprecated.
[5.776s] !!
[5.776s] 
[5.777s]         ********************************************************************************
[5.777s]         Please avoid running ``setup.py`` and ``easy_install``.
[5.777s]         Instead, use pypa/build, pypa/installer or other
[5.778s]         standards-based tools.
[5.778s] 
[5.778s]         See https://github.com/pypa/setuptools/issues/917 for details.
[5.779s]         ********************************************************************************
[5.779s] 
[5.780s] !!
[5.780s]   easy_install.initialize_options(self)
[5.948s] /usr/local/lib/python3.8/dist-packages/setuptools/_distutils/cmd.py:66: SetuptoolsDeprecationWarning: setup.py install is deprecated.
[5.949s] !!
[5.949s] 
[5.950s]         ********************************************************************************
[5.950s]         Please avoid running ``setup.py`` directly.
[5.950s]         Instead, use pypa/build, pypa/installer or other
[5.951s]         standards-based tools.
[5.951s] 
[5.951s]         See https://blog.ganssle.io/articles/2021/10/setup-py-deprecated.html for details.
[5.952s]         ********************************************************************************
[5.952s] 
[5.953s] !!
[5.953s]   self.initialize_options()
[6.836s] running egg_info
[6.919s] writing turtlesim_controller.egg-info/PKG-INFO
[6.920s] writing dependency_links to turtlesim_controller.egg-info/dependency_links.txt
[6.920s] writing entry points to turtlesim_controller.egg-info/entry_points.txt
[6.921s] writing requirements to turtlesim_controller.egg-info/requires.txt
[6.921s] writing top-level names to turtlesim_controller.egg-info/top_level.txt
[7.087s] reading manifest file 'turtlesim_controller.egg-info/SOURCES.txt'
[7.091s] writing manifest file 'turtlesim_controller.egg-info/SOURCES.txt'
[7.373s] running build_ext
[7.375s] Creating /mac_everything/ws/install/turtlesim_controller/lib/python3.8/site-packages/turtlesim-controller.egg-link (link to .)
[7.377s] Installing turtlesim_control_node script to /mac_everything/ws/install/turtlesim_controller/lib/turtlesim_controller
[7.378s] 
[7.379s] Installed /mac_everything/ws/build/turtlesim_controller
[7.379s] running install_data
[7.558s] Invoked command in '/mac_everything/ws/build/turtlesim_controller' returned '0': PYTHONPATH=/mac_everything/ws/build/turtlesim_controller/prefix_override:/mac_everything/ws/install/turtlesim_controller/lib/python3.8/site-packages:${PYTHONPATH} /usr/bin/python3 setup.py develop --editable --build-directory /mac_everything/ws/build/turtlesim_controller/build --no-deps install_data
