[0.110s] Invoking command in '/mac_remote/ws/build/mac_messages': CMAKE_PREFIX_PATH=${CMAKE_PREFIX_PATH}:/mac_remote/ws/install/manual_control:/opt/ros/humble /usr/bin/cmake --build /mac_remote/ws/build/mac_messages -- -j12 -l12
[0.803s] -- Found ament_cmake: 1.3.5 (/opt/ros/humble/share/ament_cmake/cmake)
[1.314s] -- Found rosidl_default_generators: 1.2.0 (/opt/ros/humble/share/rosidl_default_generators/cmake)
[1.324s] -- Using all available rosidl_typesupport_c: rosidl_typesupport_fastrtps_c;rosidl_typesupport_introspection_c
[1.347s] -- Found rosidl_adapter: 3.1.5 (/opt/ros/humble/share/rosidl_adapter/cmake)
[1.485s] -- Using all available rosidl_typesupport_cpp: rosidl_typesupport_fastrtps_cpp;rosidl_typesupport_introspection_cpp
[1.904s] -- Found ament_cmake_ros: 0.10.0 (/opt/ros/humble/share/ament_cmake_ros/cmake)
[2.082s] -- Using all available rosidl_typesupport_c: rosidl_typesupport_fastrtps_c;rosidl_typesupport_introspection_c
[2.380s] -- Using all available rosidl_typesupport_cpp: rosidl_typesupport_fastrtps_cpp;rosidl_typesupport_introspection_cpp
[2.427s] -- Found python_cmake_module: 0.10.0 (/opt/ros/humble/share/python_cmake_module/cmake)
[2.531s] -- Using PYTHON_EXECUTABLE: /usr/bin/python3
[2.531s] -- Using PYTHON_INCLUDE_DIRS: /usr/include/python3.10
[2.531s] -- Using PYTHON_LIBRARIES: /usr/lib/x86_64-linux-gnu/libpython3.10.so
[2.559s] -- Configuring done
[2.593s] -- Generating done
[2.604s] -- Build files have been written to: /mac_remote/ws/build/mac_messages
[2.673s] [35m[1mConsolidate compiler generated dependencies of target mac_messages__rosidl_generator_c[0m
[2.684s] [  3%] Built target mac_messages__cpp
[2.687s] [  6%] [32mBuilding C object CMakeFiles/mac_messages__rosidl_generator_c.dir/rosidl_generator_c/mac_messages/msg/detail/drive__functions.c.o[0m
[2.698s] [  6%] Built target ament_cmake_python_copy_mac_messages
[2.699s] [35m[1mConsolidate compiler generated dependencies of target mac_messages__rosidl_typesupport_cpp[0m
[2.700s] [35m[1mConsolidate compiler generated dependencies of target mac_messages__rosidl_typesupport_introspection_cpp[0m
[2.700s] [35m[1mConsolidate compiler generated dependencies of target mac_messages__rosidl_typesupport_fastrtps_cpp[0m
[2.719s] [  9%] [32mBuilding CXX object CMakeFiles/mac_messages__rosidl_typesupport_cpp.dir/rosidl_typesupport_cpp/mac_messages/msg/drive__type_support.cpp.o[0m
[2.720s] [ 12%] [32mBuilding CXX object CMakeFiles/mac_messages__rosidl_typesupport_introspection_cpp.dir/rosidl_typesupport_introspection_cpp/mac_messages/msg/detail/drive__type_support.cpp.o[0m
[2.721s] [ 16%] [32mBuilding CXX object CMakeFiles/mac_messages__rosidl_typesupport_fastrtps_cpp.dir/rosidl_typesupport_fastrtps_cpp/mac_messages/msg/detail/dds_fastrtps/drive__type_support.cpp.o[0m
[2.952s] running egg_info
[2.953s] writing mac_messages.egg-info/PKG-INFO
[2.953s] writing dependency_links to mac_messages.egg-info/dependency_links.txt
[2.953s] writing top-level names to mac_messages.egg-info/top_level.txt
[2.955s] reading manifest file 'mac_messages.egg-info/SOURCES.txt'
[2.956s] writing manifest file 'mac_messages.egg-info/SOURCES.txt'
[2.981s] [ 16%] Built target ament_cmake_python_build_mac_messages_egg
[12.856s] [ 19%] [32m[1mLinking C shared library libmac_messages__rosidl_generator_c.so[0m
[13.361s] [ 22%] [32m[1mLinking CXX shared library libmac_messages__rosidl_typesupport_cpp.so[0m
[13.460s] [ 25%] [32m[1mLinking CXX shared library libmac_messages__rosidl_typesupport_introspection_cpp.so[0m
[13.475s] [ 29%] [32m[1mLinking CXX shared library libmac_messages__rosidl_typesupport_fastrtps_cpp.so[0m
[13.544s] [ 32%] Built target mac_messages__rosidl_typesupport_cpp
[13.546s] [ 35%] Built target mac_messages__rosidl_generator_c
[13.555s] [ 38%] Built target mac_messages__rosidl_typesupport_introspection_cpp
[13.560s] [35m[1mConsolidate compiler generated dependencies of target mac_messages__rosidl_typesupport_c[0m
[13.560s] [35m[1mConsolidate compiler generated dependencies of target mac_messages__rosidl_typesupport_introspection_c[0m
[13.560s] [35m[1mConsolidate compiler generated dependencies of target mac_messages__rosidl_typesupport_fastrtps_c[0m
[13.576s] [ 45%] [32mBuilding CXX object CMakeFiles/mac_messages__rosidl_typesupport_c.dir/rosidl_typesupport_c/mac_messages/msg/drive__type_support.cpp.o[0m
[13.576s] [ 45%] [32mBuilding C object CMakeFiles/mac_messages__rosidl_typesupport_introspection_c.dir/rosidl_typesupport_introspection_c/mac_messages/msg/detail/drive__type_support.c.o[0m
[13.579s] [ 48%] [32mBuilding CXX object CMakeFiles/mac_messages__rosidl_typesupport_fastrtps_c.dir/rosidl_typesupport_fastrtps_c/mac_messages/msg/detail/drive__type_support_c.cpp.o[0m
[13.619s] [ 51%] [32m[1mLinking CXX shared library libmac_messages__rosidl_typesupport_c.so[0m
[13.622s] [ 54%] [32m[1mLinking C shared library libmac_messages__rosidl_typesupport_introspection_c.so[0m
[13.634s] [ 58%] Built target mac_messages__rosidl_typesupport_fastrtps_cpp
[13.659s] [ 61%] Built target mac_messages__rosidl_typesupport_introspection_c
[13.668s] [ 64%] Built target mac_messages__rosidl_typesupport_c
[14.034s] [ 67%] [32m[1mLinking CXX shared library libmac_messages__rosidl_typesupport_fastrtps_c.so[0m
[14.111s] [ 70%] Built target mac_messages__rosidl_typesupport_fastrtps_c
[14.131s] [ 70%] Built target mac_messages
[14.151s] [ 74%] Built target mac_messages__py
[14.164s] [35m[1mConsolidate compiler generated dependencies of target mac_messages__rosidl_generator_py[0m
[14.179s] [ 77%] [32mBuilding C object CMakeFiles/mac_messages__rosidl_generator_py.dir/rosidl_generator_py/mac_messages/msg/_drive_s.c.o[0m
[14.843s] [ 80%] [32m[1mLinking C shared library rosidl_generator_py/mac_messages/libmac_messages__rosidl_generator_py.so[0m
[14.885s] [ 80%] Built target mac_messages__rosidl_generator_py
[14.896s] [35m[1mConsolidate compiler generated dependencies of target mac_messages__rosidl_typesupport_c__pyext[0m
[14.896s] [35m[1mConsolidate compiler generated dependencies of target mac_messages__rosidl_typesupport_fastrtps_c__pyext[0m
[14.896s] [35m[1mConsolidate compiler generated dependencies of target mac_messages__rosidl_typesupport_introspection_c__pyext[0m
[14.913s] [ 90%] [32mBuilding C object CMakeFiles/mac_messages__rosidl_typesupport_introspection_c__pyext.dir/rosidl_generator_py/mac_messages/_mac_messages_s.ep.rosidl_typesupport_introspection_c.c.o[0m
[14.913s] [ 90%] [32mBuilding C object CMakeFiles/mac_messages__rosidl_typesupport_fastrtps_c__pyext.dir/rosidl_generator_py/mac_messages/_mac_messages_s.ep.rosidl_typesupport_fastrtps_c.c.o[0m
[14.913s] [ 90%] [32mBuilding C object CMakeFiles/mac_messages__rosidl_typesupport_c__pyext.dir/rosidl_generator_py/mac_messages/_mac_messages_s.ep.rosidl_typesupport_c.c.o[0m
[15.023s] [ 93%] [32m[1mLinking C shared library rosidl_generator_py/mac_messages/mac_messages_s__rosidl_typesupport_c.cpython-310-x86_64-linux-gnu.so[0m
[15.024s] [ 96%] [32m[1mLinking C shared library rosidl_generator_py/mac_messages/mac_messages_s__rosidl_typesupport_introspection_c.cpython-310-x86_64-linux-gnu.so[0m
[15.031s] [100%] [32m[1mLinking C shared library rosidl_generator_py/mac_messages/mac_messages_s__rosidl_typesupport_fastrtps_c.cpython-310-x86_64-linux-gnu.so[0m
[15.065s] [100%] Built target mac_messages__rosidl_typesupport_introspection_c__pyext
[15.065s] [100%] Built target mac_messages__rosidl_typesupport_c__pyext
[15.073s] [100%] Built target mac_messages__rosidl_typesupport_fastrtps_c__pyext
[15.085s] Invoked command in '/mac_remote/ws/build/mac_messages' returned '0': CMAKE_PREFIX_PATH=${CMAKE_PREFIX_PATH}:/mac_remote/ws/install/manual_control:/opt/ros/humble /usr/bin/cmake --build /mac_remote/ws/build/mac_messages -- -j12 -l12
[15.155s] Invoking command in '/mac_remote/ws/build/mac_messages': CMAKE_PREFIX_PATH=${CMAKE_PREFIX_PATH}:/mac_remote/ws/install/manual_control:/opt/ros/humble /usr/bin/cmake --install /mac_remote/ws/build/mac_messages
[15.165s] -- Install configuration: ""
[15.165s] -- Up-to-date: /mac_remote/ws/install/mac_messages/share/ament_index/resource_index/rosidl_interfaces/mac_messages
[15.165s] -- Up-to-date: /mac_remote/ws/install/mac_messages/include/mac_messages/mac_messages
[15.165s] -- Up-to-date: /mac_remote/ws/install/mac_messages/include/mac_messages/mac_messages/msg
[15.165s] -- Up-to-date: /mac_remote/ws/install/mac_messages/include/mac_messages/mac_messages/msg/detail
[15.165s] -- Up-to-date: /mac_remote/ws/install/mac_messages/include/mac_messages/mac_messages/msg/detail/drive__functions.c
[15.165s] -- Up-to-date: /mac_remote/ws/install/mac_messages/include/mac_messages/mac_messages/msg/detail/drive__functions.h
[15.165s] -- Up-to-date: /mac_remote/ws/install/mac_messages/include/mac_messages/mac_messages/msg/detail/drive__type_support.h
[15.165s] -- Up-to-date: /mac_remote/ws/install/mac_messages/include/mac_messages/mac_messages/msg/detail/drive__struct.h
[15.166s] -- Up-to-date: /mac_remote/ws/install/mac_messages/include/mac_messages/mac_messages/msg/rosidl_generator_c__visibility_control.h
[15.166s] -- Up-to-date: /mac_remote/ws/install/mac_messages/include/mac_messages/mac_messages/msg/drive.h
[15.166s] -- Installing: /mac_remote/ws/install/mac_messages/share/mac_messages/environment/library_path.sh
[15.166s] -- Installing: /mac_remote/ws/install/mac_messages/share/mac_messages/environment/library_path.dsv
[15.166s] -- Installing: /mac_remote/ws/install/mac_messages/lib/libmac_messages__rosidl_generator_c.so
[15.166s] -- Set runtime path of "/mac_remote/ws/install/mac_messages/lib/libmac_messages__rosidl_generator_c.so" to ""
[15.166s] -- Up-to-date: /mac_remote/ws/install/mac_messages/include/mac_messages/mac_messages
[15.167s] -- Up-to-date: /mac_remote/ws/install/mac_messages/include/mac_messages/mac_messages/msg
[15.167s] -- Up-to-date: /mac_remote/ws/install/mac_messages/include/mac_messages/mac_messages/msg/detail
[15.167s] -- Up-to-date: /mac_remote/ws/install/mac_messages/include/mac_messages/mac_messages/msg/detail/drive__rosidl_typesupport_fastrtps_c.h
[15.167s] -- Up-to-date: /mac_remote/ws/install/mac_messages/include/mac_messages/mac_messages/msg/rosidl_typesupport_fastrtps_c__visibility_control.h
[15.167s] -- Installing: /mac_remote/ws/install/mac_messages/lib/libmac_messages__rosidl_typesupport_fastrtps_c.so
[15.167s] -- Set runtime path of "/mac_remote/ws/install/mac_messages/lib/libmac_messages__rosidl_typesupport_fastrtps_c.so" to ""
[15.168s] -- Up-to-date: /mac_remote/ws/install/mac_messages/include/mac_messages/mac_messages
[15.168s] -- Up-to-date: /mac_remote/ws/install/mac_messages/include/mac_messages/mac_messages/msg
[15.168s] -- Up-to-date: /mac_remote/ws/install/mac_messages/include/mac_messages/mac_messages/msg/detail
[15.168s] -- Up-to-date: /mac_remote/ws/install/mac_messages/include/mac_messages/mac_messages/msg/detail/drive__type_support.c
[15.168s] -- Up-to-date: /mac_remote/ws/install/mac_messages/include/mac_messages/mac_messages/msg/detail/drive__rosidl_typesupport_introspection_c.h
[15.168s] -- Up-to-date: /mac_remote/ws/install/mac_messages/include/mac_messages/mac_messages/msg/rosidl_typesupport_introspection_c__visibility_control.h
[15.168s] -- Installing: /mac_remote/ws/install/mac_messages/lib/libmac_messages__rosidl_typesupport_introspection_c.so
[15.169s] -- Set runtime path of "/mac_remote/ws/install/mac_messages/lib/libmac_messages__rosidl_typesupport_introspection_c.so" to ""
[15.169s] -- Installing: /mac_remote/ws/install/mac_messages/lib/libmac_messages__rosidl_typesupport_c.so
[15.170s] -- Set runtime path of "/mac_remote/ws/install/mac_messages/lib/libmac_messages__rosidl_typesupport_c.so" to ""
[15.170s] -- Up-to-date: /mac_remote/ws/install/mac_messages/include/mac_messages/mac_messages
[15.170s] -- Up-to-date: /mac_remote/ws/install/mac_messages/include/mac_messages/mac_messages/msg
[15.170s] -- Up-to-date: /mac_remote/ws/install/mac_messages/include/mac_messages/mac_messages/msg/detail
[15.170s] -- Up-to-date: /mac_remote/ws/install/mac_messages/include/mac_messages/mac_messages/msg/detail/drive__builder.hpp
[15.170s] -- Up-to-date: /mac_remote/ws/install/mac_messages/include/mac_messages/mac_messages/msg/detail/drive__traits.hpp
[15.170s] -- Up-to-date: /mac_remote/ws/install/mac_messages/include/mac_messages/mac_messages/msg/detail/drive__struct.hpp
[15.171s] -- Up-to-date: /mac_remote/ws/install/mac_messages/include/mac_messages/mac_messages/msg/drive.hpp
[15.171s] -- Up-to-date: /mac_remote/ws/install/mac_messages/include/mac_messages/mac_messages
[15.171s] -- Up-to-date: /mac_remote/ws/install/mac_messages/include/mac_messages/mac_messages/msg
[15.171s] -- Up-to-date: /mac_remote/ws/install/mac_messages/include/mac_messages/mac_messages/msg/rosidl_typesupport_fastrtps_cpp__visibility_control.h
[15.171s] -- Up-to-date: /mac_remote/ws/install/mac_messages/include/mac_messages/mac_messages/msg/detail
[15.171s] -- Up-to-date: /mac_remote/ws/install/mac_messages/include/mac_messages/mac_messages/msg/detail/drive__rosidl_typesupport_fastrtps_cpp.hpp
[15.171s] -- Installing: /mac_remote/ws/install/mac_messages/include/mac_messages/mac_messages/msg/detail/dds_fastrtps
[15.171s] -- Installing: /mac_remote/ws/install/mac_messages/lib/libmac_messages__rosidl_typesupport_fastrtps_cpp.so
[15.171s] -- Set runtime path of "/mac_remote/ws/install/mac_messages/lib/libmac_messages__rosidl_typesupport_fastrtps_cpp.so" to ""
[15.172s] -- Up-to-date: /mac_remote/ws/install/mac_messages/include/mac_messages/mac_messages
[15.172s] -- Up-to-date: /mac_remote/ws/install/mac_messages/include/mac_messages/mac_messages/msg
[15.172s] -- Up-to-date: /mac_remote/ws/install/mac_messages/include/mac_messages/mac_messages/msg/detail
[15.172s] -- Up-to-date: /mac_remote/ws/install/mac_messages/include/mac_messages/mac_messages/msg/detail/drive__type_support.cpp
[15.172s] -- Up-to-date: /mac_remote/ws/install/mac_messages/include/mac_messages/mac_messages/msg/detail/drive__rosidl_typesupport_introspection_cpp.hpp
[15.172s] -- Installing: /mac_remote/ws/install/mac_messages/lib/libmac_messages__rosidl_typesupport_introspection_cpp.so
[15.173s] -- Set runtime path of "/mac_remote/ws/install/mac_messages/lib/libmac_messages__rosidl_typesupport_introspection_cpp.so" to ""
[15.173s] -- Installing: /mac_remote/ws/install/mac_messages/lib/libmac_messages__rosidl_typesupport_cpp.so
[15.174s] -- Set runtime path of "/mac_remote/ws/install/mac_messages/lib/libmac_messages__rosidl_typesupport_cpp.so" to ""
[15.174s] -- Up-to-date: /mac_remote/ws/install/mac_messages/share/mac_messages/environment/pythonpath.sh
[15.174s] -- Installing: /mac_remote/ws/install/mac_messages/share/mac_messages/environment/pythonpath.dsv
[15.174s] -- Up-to-date: /mac_remote/ws/install/mac_messages/local/lib/python3.10/dist-packages/mac_messages-0.0.0-py3.10.egg-info
[15.174s] -- Installing: /mac_remote/ws/install/mac_messages/local/lib/python3.10/dist-packages/mac_messages-0.0.0-py3.10.egg-info/dependency_links.txt
[15.174s] -- Installing: /mac_remote/ws/install/mac_messages/local/lib/python3.10/dist-packages/mac_messages-0.0.0-py3.10.egg-info/top_level.txt
[15.174s] -- Installing: /mac_remote/ws/install/mac_messages/local/lib/python3.10/dist-packages/mac_messages-0.0.0-py3.10.egg-info/SOURCES.txt
[15.174s] -- Installing: /mac_remote/ws/install/mac_messages/local/lib/python3.10/dist-packages/mac_messages-0.0.0-py3.10.egg-info/PKG-INFO
[15.175s] -- Up-to-date: /mac_remote/ws/install/mac_messages/local/lib/python3.10/dist-packages/mac_messages
[15.175s] -- Up-to-date: /mac_remote/ws/install/mac_messages/local/lib/python3.10/dist-packages/mac_messages/_mac_messages_s.ep.rosidl_typesupport_c.c
[15.175s] -- Up-to-date: /mac_remote/ws/install/mac_messages/local/lib/python3.10/dist-packages/mac_messages/msg
[15.175s] -- Up-to-date: /mac_remote/ws/install/mac_messages/local/lib/python3.10/dist-packages/mac_messages/msg/_drive_s.c
[15.175s] -- Up-to-date: /mac_remote/ws/install/mac_messages/local/lib/python3.10/dist-packages/mac_messages/msg/__init__.py
[15.175s] -- Up-to-date: /mac_remote/ws/install/mac_messages/local/lib/python3.10/dist-packages/mac_messages/msg/_drive.py
[15.175s] -- Installing: /mac_remote/ws/install/mac_messages/local/lib/python3.10/dist-packages/mac_messages/mac_messages_s__rosidl_typesupport_c.cpython-310-x86_64-linux-gnu.so
[15.175s] -- Installing: /mac_remote/ws/install/mac_messages/local/lib/python3.10/dist-packages/mac_messages/mac_messages_s__rosidl_typesupport_introspection_c.cpython-310-x86_64-linux-gnu.so
[15.175s] -- Installing: /mac_remote/ws/install/mac_messages/local/lib/python3.10/dist-packages/mac_messages/libmac_messages__rosidl_generator_py.so
[15.176s] -- Up-to-date: /mac_remote/ws/install/mac_messages/local/lib/python3.10/dist-packages/mac_messages/_mac_messages_s.ep.rosidl_typesupport_introspection_c.c
[15.176s] -- Installing: /mac_remote/ws/install/mac_messages/local/lib/python3.10/dist-packages/mac_messages/__init__.py
[15.176s] -- Up-to-date: /mac_remote/ws/install/mac_messages/local/lib/python3.10/dist-packages/mac_messages/_mac_messages_s.ep.rosidl_typesupport_fastrtps_c.c
[15.176s] -- Installing: /mac_remote/ws/install/mac_messages/local/lib/python3.10/dist-packages/mac_messages/mac_messages_s__rosidl_typesupport_fastrtps_c.cpython-310-x86_64-linux-gnu.so
[15.209s] Listing '/mac_remote/ws/install/mac_messages/local/lib/python3.10/dist-packages/mac_messages'...
[15.209s] Compiling '/mac_remote/ws/install/mac_messages/local/lib/python3.10/dist-packages/mac_messages/__init__.py'...
[15.209s] Listing '/mac_remote/ws/install/mac_messages/local/lib/python3.10/dist-packages/mac_messages/msg'...
[15.209s] Compiling '/mac_remote/ws/install/mac_messages/local/lib/python3.10/dist-packages/mac_messages/msg/__init__.py'...
[15.209s] Compiling '/mac_remote/ws/install/mac_messages/local/lib/python3.10/dist-packages/mac_messages/msg/_drive.py'...
[15.213s] -- Installing: /mac_remote/ws/install/mac_messages/local/lib/python3.10/dist-packages/mac_messages/mac_messages_s__rosidl_typesupport_fastrtps_c.cpython-310-x86_64-linux-gnu.so
[15.213s] -- Set runtime path of "/mac_remote/ws/install/mac_messages/local/lib/python3.10/dist-packages/mac_messages/mac_messages_s__rosidl_typesupport_fastrtps_c.cpython-310-x86_64-linux-gnu.so" to ""
[15.214s] -- Installing: /mac_remote/ws/install/mac_messages/local/lib/python3.10/dist-packages/mac_messages/mac_messages_s__rosidl_typesupport_introspection_c.cpython-310-x86_64-linux-gnu.so
[15.214s] -- Set runtime path of "/mac_remote/ws/install/mac_messages/local/lib/python3.10/dist-packages/mac_messages/mac_messages_s__rosidl_typesupport_introspection_c.cpython-310-x86_64-linux-gnu.so" to ""
[15.214s] -- Installing: /mac_remote/ws/install/mac_messages/local/lib/python3.10/dist-packages/mac_messages/mac_messages_s__rosidl_typesupport_c.cpython-310-x86_64-linux-gnu.so
[15.215s] -- Set runtime path of "/mac_remote/ws/install/mac_messages/local/lib/python3.10/dist-packages/mac_messages/mac_messages_s__rosidl_typesupport_c.cpython-310-x86_64-linux-gnu.so" to ""
[15.215s] -- Installing: /mac_remote/ws/install/mac_messages/lib/libmac_messages__rosidl_generator_py.so
[15.216s] -- Set runtime path of "/mac_remote/ws/install/mac_messages/lib/libmac_messages__rosidl_generator_py.so" to ""
[15.216s] -- Up-to-date: /mac_remote/ws/install/mac_messages/share/mac_messages/msg/Drive.idl
[15.216s] -- Up-to-date: /mac_remote/ws/install/mac_messages/share/mac_messages/msg/Drive.msg
[15.216s] -- Up-to-date: /mac_remote/ws/install/mac_messages/share/ament_index/resource_index/package_run_dependencies/mac_messages
[15.217s] -- Installing: /mac_remote/ws/install/mac_messages/share/ament_index/resource_index/parent_prefix_path/mac_messages
[15.217s] -- Installing: /mac_remote/ws/install/mac_messages/share/mac_messages/environment/ament_prefix_path.sh
[15.217s] -- Installing: /mac_remote/ws/install/mac_messages/share/mac_messages/environment/ament_prefix_path.dsv
[15.217s] -- Installing: /mac_remote/ws/install/mac_messages/share/mac_messages/environment/path.sh
[15.217s] -- Installing: /mac_remote/ws/install/mac_messages/share/mac_messages/environment/path.dsv
[15.217s] -- Up-to-date: /mac_remote/ws/install/mac_messages/share/mac_messages/local_setup.bash
[15.217s] -- Up-to-date: /mac_remote/ws/install/mac_messages/share/mac_messages/local_setup.sh
[15.217s] -- Up-to-date: /mac_remote/ws/install/mac_messages/share/mac_messages/local_setup.zsh
[15.217s] -- Installing: /mac_remote/ws/install/mac_messages/share/mac_messages/local_setup.dsv
[15.218s] -- Installing: /mac_remote/ws/install/mac_messages/share/mac_messages/package.dsv
[15.218s] -- Up-to-date: /mac_remote/ws/install/mac_messages/share/ament_index/resource_index/packages/mac_messages
[15.218s] -- Up-to-date: /mac_remote/ws/install/mac_messages/share/mac_messages/cmake/export_mac_messages__rosidl_generator_cExport.cmake
[15.218s] -- Up-to-date: /mac_remote/ws/install/mac_messages/share/mac_messages/cmake/export_mac_messages__rosidl_generator_cExport-noconfig.cmake
[15.218s] -- Up-to-date: /mac_remote/ws/install/mac_messages/share/mac_messages/cmake/export_mac_messages__rosidl_typesupport_fastrtps_cExport.cmake
[15.218s] -- Up-to-date: /mac_remote/ws/install/mac_messages/share/mac_messages/cmake/export_mac_messages__rosidl_typesupport_fastrtps_cExport-noconfig.cmake
[15.218s] -- Up-to-date: /mac_remote/ws/install/mac_messages/share/mac_messages/cmake/mac_messages__rosidl_typesupport_introspection_cExport.cmake
[15.218s] -- Up-to-date: /mac_remote/ws/install/mac_messages/share/mac_messages/cmake/mac_messages__rosidl_typesupport_introspection_cExport-noconfig.cmake
[15.218s] -- Up-to-date: /mac_remote/ws/install/mac_messages/share/mac_messages/cmake/mac_messages__rosidl_typesupport_cExport.cmake
[15.219s] -- Up-to-date: /mac_remote/ws/install/mac_messages/share/mac_messages/cmake/mac_messages__rosidl_typesupport_cExport-noconfig.cmake
[15.219s] -- Up-to-date: /mac_remote/ws/install/mac_messages/share/mac_messages/cmake/export_mac_messages__rosidl_generator_cppExport.cmake
[15.219s] -- Up-to-date: /mac_remote/ws/install/mac_messages/share/mac_messages/cmake/export_mac_messages__rosidl_typesupport_fastrtps_cppExport.cmake
[15.219s] -- Up-to-date: /mac_remote/ws/install/mac_messages/share/mac_messages/cmake/export_mac_messages__rosidl_typesupport_fastrtps_cppExport-noconfig.cmake
[15.219s] -- Up-to-date: /mac_remote/ws/install/mac_messages/share/mac_messages/cmake/mac_messages__rosidl_typesupport_introspection_cppExport.cmake
[15.219s] -- Up-to-date: /mac_remote/ws/install/mac_messages/share/mac_messages/cmake/mac_messages__rosidl_typesupport_introspection_cppExport-noconfig.cmake
[15.219s] -- Up-to-date: /mac_remote/ws/install/mac_messages/share/mac_messages/cmake/mac_messages__rosidl_typesupport_cppExport.cmake
[15.219s] -- Up-to-date: /mac_remote/ws/install/mac_messages/share/mac_messages/cmake/mac_messages__rosidl_typesupport_cppExport-noconfig.cmake
[15.219s] -- Up-to-date: /mac_remote/ws/install/mac_messages/share/mac_messages/cmake/export_mac_messages__rosidl_generator_pyExport.cmake
[15.219s] -- Up-to-date: /mac_remote/ws/install/mac_messages/share/mac_messages/cmake/export_mac_messages__rosidl_generator_pyExport-noconfig.cmake
[15.220s] -- Up-to-date: /mac_remote/ws/install/mac_messages/share/mac_messages/cmake/rosidl_cmake-extras.cmake
[15.220s] -- Up-to-date: /mac_remote/ws/install/mac_messages/share/mac_messages/cmake/ament_cmake_export_include_directories-extras.cmake
[15.220s] -- Up-to-date: /mac_remote/ws/install/mac_messages/share/mac_messages/cmake/ament_cmake_export_libraries-extras.cmake
[15.220s] -- Up-to-date: /mac_remote/ws/install/mac_messages/share/mac_messages/cmake/ament_cmake_export_targets-extras.cmake
[15.220s] -- Up-to-date: /mac_remote/ws/install/mac_messages/share/mac_messages/cmake/rosidl_cmake_export_typesupport_targets-extras.cmake
[15.220s] -- Up-to-date: /mac_remote/ws/install/mac_messages/share/mac_messages/cmake/ament_cmake_export_dependencies-extras.cmake
[15.220s] -- Up-to-date: /mac_remote/ws/install/mac_messages/share/mac_messages/cmake/rosidl_cmake_export_typesupport_libraries-extras.cmake
[15.220s] -- Up-to-date: /mac_remote/ws/install/mac_messages/share/mac_messages/cmake/mac_messagesConfig.cmake
[15.220s] -- Up-to-date: /mac_remote/ws/install/mac_messages/share/mac_messages/cmake/mac_messagesConfig-version.cmake
[15.220s] -- Up-to-date: /mac_remote/ws/install/mac_messages/share/mac_messages/package.xml
[15.222s] Invoked command in '/mac_remote/ws/build/mac_messages' returned '0': CMAKE_PREFIX_PATH=${CMAKE_PREFIX_PATH}:/mac_remote/ws/install/manual_control:/opt/ros/humble /usr/bin/cmake --install /mac_remote/ws/build/mac_messages
