[0.063s] Invoking command in '/home/dan/MacEwan-Navigation-Bot/ws/build/macnav_description': CMAKE_PREFIX_PATH=${CMAKE_PREFIX_PATH}:/home/dan/MacEwan-Navigation-Bot/ws/install/manual_control:/opt/ros/humble /usr/bin/cmake /home/dan/MacEwan-Navigation-Bot/ws/src/macnav_description -DAMENT_CMAKE_SYMLINK_INSTALL=1 -DCMAKE_INSTALL_PREFIX=/home/dan/MacEwan-Navigation-Bot/ws/install/macnav_description
[0.074s] -- Found ament_cmake: 1.3.5 (/opt/ros/humble/share/ament_cmake/cmake)
[0.195s] -- Override CMake install command with custom implementation using symlinks instead of copying resources
[0.260s] -- Configuring done
[0.262s] -- Generating done
[0.263s] -- Build files have been written to: /home/dan/MacEwan-Navigation-Bot/ws/build/macnav_description
[0.266s] Invoked command in '/home/dan/MacEwan-Navigation-Bot/ws/build/macnav_description' returned '0': CMAKE_PREFIX_PATH=${CMAKE_PREFIX_PATH}:/home/dan/MacEwan-Navigation-Bot/ws/install/manual_control:/opt/ros/humble /usr/bin/cmake /home/dan/MacEwan-Navigation-Bot/ws/src/macnav_description -DAMENT_CMAKE_SYMLINK_INSTALL=1 -DCMAKE_INSTALL_PREFIX=/home/dan/MacEwan-Navigation-Bot/ws/install/macnav_description
[0.267s] Invoking command in '/home/dan/MacEwan-Navigation-Bot/ws/build/macnav_description': CMAKE_PREFIX_PATH=${CMAKE_PREFIX_PATH}:/home/dan/MacEwan-Navigation-Bot/ws/install/manual_control:/opt/ros/humble /usr/bin/cmake --build /home/dan/MacEwan-Navigation-Bot/ws/build/macnav_description -- -j12 -l12
[0.303s] Invoked command in '/home/dan/MacEwan-Navigation-Bot/ws/build/macnav_description' returned '0': CMAKE_PREFIX_PATH=${CMAKE_PREFIX_PATH}:/home/dan/MacEwan-Navigation-Bot/ws/install/manual_control:/opt/ros/humble /usr/bin/cmake --build /home/dan/MacEwan-Navigation-Bot/ws/build/macnav_description -- -j12 -l12
[0.335s] Invoking command in '/home/dan/MacEwan-Navigation-Bot/ws/build/macnav_description': CMAKE_PREFIX_PATH=${CMAKE_PREFIX_PATH}:/home/dan/MacEwan-Navigation-Bot/ws/install/manual_control:/opt/ros/humble /usr/bin/cmake --install /home/dan/MacEwan-Navigation-Bot/ws/build/macnav_description
[0.342s] -- Install configuration: ""
[0.342s] -- Execute custom install script
[0.342s] -- Up-to-date symlink: /home/dan/MacEwan-Navigation-Bot/ws/install/macnav_description/share/macnav_description//urdf/common_properties.xacro
[0.343s] -- Up-to-date symlink: /home/dan/MacEwan-Navigation-Bot/ws/install/macnav_description/share/macnav_description//urdf/macnav.urdf.xacro
[0.343s] -- Up-to-date symlink: /home/dan/MacEwan-Navigation-Bot/ws/install/macnav_description/share/macnav_description//urdf/macnav_base.xacro
[0.343s] -- Up-to-date symlink: /home/dan/MacEwan-Navigation-Bot/ws/install/macnav_description/share/macnav_description//urdf/macnav_lidar.xacro
[0.343s] -- Up-to-date symlink: /home/dan/MacEwan-Navigation-Bot/ws/install/macnav_description/share/macnav_description//launch/display.launch.xml
[0.343s] -- Up-to-date symlink: /home/dan/MacEwan-Navigation-Bot/ws/install/macnav_description/share/macnav_description//rviz/macnav_config.rviz
[0.344s] -- Up-to-date symlink: /home/dan/MacEwan-Navigation-Bot/ws/install/macnav_description/share/ament_index/resource_index/package_run_dependencies/macnav_description
[0.344s] -- Up-to-date symlink: /home/dan/MacEwan-Navigation-Bot/ws/install/macnav_description/share/ament_index/resource_index/parent_prefix_path/macnav_description
[0.344s] -- Up-to-date symlink: /home/dan/MacEwan-Navigation-Bot/ws/install/macnav_description/share/macnav_description/environment/ament_prefix_path.sh
[0.344s] -- Up-to-date symlink: /home/dan/MacEwan-Navigation-Bot/ws/install/macnav_description/share/macnav_description/environment/ament_prefix_path.dsv
[0.344s] -- Up-to-date symlink: /home/dan/MacEwan-Navigation-Bot/ws/install/macnav_description/share/macnav_description/environment/path.sh
[0.344s] -- Up-to-date symlink: /home/dan/MacEwan-Navigation-Bot/ws/install/macnav_description/share/macnav_description/environment/path.dsv
[0.345s] -- Up-to-date symlink: /home/dan/MacEwan-Navigation-Bot/ws/install/macnav_description/share/macnav_description/local_setup.bash
[0.345s] -- Up-to-date symlink: /home/dan/MacEwan-Navigation-Bot/ws/install/macnav_description/share/macnav_description/local_setup.sh
[0.345s] -- Up-to-date symlink: /home/dan/MacEwan-Navigation-Bot/ws/install/macnav_description/share/macnav_description/local_setup.zsh
[0.345s] -- Up-to-date symlink: /home/dan/MacEwan-Navigation-Bot/ws/install/macnav_description/share/macnav_description/local_setup.dsv
[0.345s] -- Symlinking: /home/dan/MacEwan-Navigation-Bot/ws/install/macnav_description/share/macnav_description/package.dsv
[0.354s] -- Up-to-date symlink: /home/dan/MacEwan-Navigation-Bot/ws/install/macnav_description/share/ament_index/resource_index/packages/macnav_description
[0.354s] -- Up-to-date symlink: /home/dan/MacEwan-Navigation-Bot/ws/install/macnav_description/share/macnav_description/cmake/macnav_descriptionConfig.cmake
[0.355s] -- Up-to-date symlink: /home/dan/MacEwan-Navigation-Bot/ws/install/macnav_description/share/macnav_description/cmake/macnav_descriptionConfig-version.cmake
[0.355s] -- Up-to-date symlink: /home/dan/MacEwan-Navigation-Bot/ws/install/macnav_description/share/macnav_description/package.xml
[0.356s] Invoked command in '/home/dan/MacEwan-Navigation-Bot/ws/build/macnav_description' returned '0': CMAKE_PREFIX_PATH=${CMAKE_PREFIX_PATH}:/home/dan/MacEwan-Navigation-Bot/ws/install/manual_control:/opt/ros/humble /usr/bin/cmake --install /home/dan/MacEwan-Navigation-Bot/ws/build/macnav_description
