[0.141s] Invoking command in '/mac_remote/ws/build/macnav_description': CMAKE_PREFIX_PATH=${CMAKE_PREFIX_PATH}:/mac_remote/ws/install/manual_control:/opt/ros/humble /usr/bin/cmake /mac_remote/ws/src/macnav_description -DAMENT_CMAKE_SYMLINK_INSTALL=1 -DCMAKE_INSTALL_PREFIX=/mac_remote/ws/install/macnav_description
[0.154s] -- Found ament_cmake: 1.3.5 (/opt/ros/humble/share/ament_cmake/cmake)
[0.297s] -- Override CMake install command with custom implementation using symlinks instead of copying resources
[0.378s] -- Configuring done
[0.381s] -- Generating done
[0.382s] -- Build files have been written to: /mac_remote/ws/build/macnav_description
[0.474s] Invoked command in '/mac_remote/ws/build/macnav_description' returned '0': CMAKE_PREFIX_PATH=${CMAKE_PREFIX_PATH}:/mac_remote/ws/install/manual_control:/opt/ros/humble /usr/bin/cmake /mac_remote/ws/src/macnav_description -DAMENT_CMAKE_SYMLINK_INSTALL=1 -DCMAKE_INSTALL_PREFIX=/mac_remote/ws/install/macnav_description
[0.478s] Invoking command in '/mac_remote/ws/build/macnav_description': CMAKE_PREFIX_PATH=${CMAKE_PREFIX_PATH}:/mac_remote/ws/install/manual_control:/opt/ros/humble /usr/bin/cmake --build /mac_remote/ws/build/macnav_description -- -j12 -l12
[0.531s] Invoked command in '/mac_remote/ws/build/macnav_description' returned '0': CMAKE_PREFIX_PATH=${CMAKE_PREFIX_PATH}:/mac_remote/ws/install/manual_control:/opt/ros/humble /usr/bin/cmake --build /mac_remote/ws/build/macnav_description -- -j12 -l12
[0.575s] Invoking command in '/mac_remote/ws/build/macnav_description': CMAKE_PREFIX_PATH=${CMAKE_PREFIX_PATH}:/mac_remote/ws/install/manual_control:/opt/ros/humble /usr/bin/cmake --install /mac_remote/ws/build/macnav_description
[0.584s] -- Install configuration: ""
[0.584s] -- Execute custom install script
[0.585s] -- Up-to-date symlink: /mac_remote/ws/install/macnav_description/share/macnav_description//urdf/common_properties.xacro
[0.585s] -- Up-to-date symlink: /mac_remote/ws/install/macnav_description/share/macnav_description//urdf/macnav.urdf.xacro
[0.585s] -- Up-to-date symlink: /mac_remote/ws/install/macnav_description/share/macnav_description//urdf/macnav_base.xacro
[0.586s] -- Up-to-date symlink: /mac_remote/ws/install/macnav_description/share/macnav_description//urdf/macnav_lidar.xacro
[0.586s] -- Up-to-date symlink: /mac_remote/ws/install/macnav_description/share/macnav_description//launch/display.launch.xml
[0.586s] -- Up-to-date symlink: /mac_remote/ws/install/macnav_description/share/macnav_description//rviz/macnav_config.rviz
[0.586s] -- Up-to-date symlink: /mac_remote/ws/install/macnav_description/share/ament_index/resource_index/package_run_dependencies/macnav_description
[0.586s] -- Up-to-date symlink: /mac_remote/ws/install/macnav_description/share/ament_index/resource_index/parent_prefix_path/macnav_description
[0.587s] -- Up-to-date symlink: /mac_remote/ws/install/macnav_description/share/macnav_description/environment/ament_prefix_path.sh
[0.587s] -- Up-to-date symlink: /mac_remote/ws/install/macnav_description/share/macnav_description/environment/ament_prefix_path.dsv
[0.587s] -- Up-to-date symlink: /mac_remote/ws/install/macnav_description/share/macnav_description/environment/path.sh
[0.587s] -- Up-to-date symlink: /mac_remote/ws/install/macnav_description/share/macnav_description/environment/path.dsv
[0.587s] -- Up-to-date symlink: /mac_remote/ws/install/macnav_description/share/macnav_description/local_setup.bash
[0.587s] -- Up-to-date symlink: /mac_remote/ws/install/macnav_description/share/macnav_description/local_setup.sh
[0.588s] -- Up-to-date symlink: /mac_remote/ws/install/macnav_description/share/macnav_description/local_setup.zsh
[0.588s] -- Up-to-date symlink: /mac_remote/ws/install/macnav_description/share/macnav_description/local_setup.dsv
[0.588s] -- Symlinking: /mac_remote/ws/install/macnav_description/share/macnav_description/package.dsv
[0.598s] -- Up-to-date symlink: /mac_remote/ws/install/macnav_description/share/ament_index/resource_index/packages/macnav_description
[0.599s] -- Up-to-date symlink: /mac_remote/ws/install/macnav_description/share/macnav_description/cmake/macnav_descriptionConfig.cmake
[0.599s] -- Up-to-date symlink: /mac_remote/ws/install/macnav_description/share/macnav_description/cmake/macnav_descriptionConfig-version.cmake
[0.599s] -- Up-to-date symlink: /mac_remote/ws/install/macnav_description/share/macnav_description/package.xml
[0.602s] Invoked command in '/mac_remote/ws/build/macnav_description' returned '0': CMAKE_PREFIX_PATH=${CMAKE_PREFIX_PATH}:/mac_remote/ws/install/manual_control:/opt/ros/humble /usr/bin/cmake --install /mac_remote/ws/build/macnav_description
