[0.135s] Invoking command in '/mac_remote/ws/build/mac_messages': CMAKE_PREFIX_PATH=${CMAKE_PREFIX_PATH}:/mac_remote/ws/install/manual_control:/opt/ros/humble /usr/bin/cmake --build /mac_remote/ws/build/mac_messages -- -j12 -l12
[0.201s] [  9%] Built target mac_messages__rosidl_generator_c
[0.202s] [ 12%] Built target mac_messages__cpp
[0.217s] [ 12%] Built target ament_cmake_python_copy_mac_messages
[0.248s] [ 22%] Built target mac_messages__rosidl_typesupport_introspection_c
[0.250s] [ 32%] Built target mac_messages__rosidl_typesupport_c
[0.253s] [ 41%] Built target mac_messages__rosidl_typesupport_fastrtps_c
[0.267s] [ 51%] Built target mac_messages__rosidl_typesupport_fastrtps_cpp
[0.271s] [ 61%] Built target mac_messages__rosidl_typesupport_introspection_cpp
[0.276s] [ 70%] Built target mac_messages__rosidl_typesupport_cpp
[0.315s] [ 70%] Built target mac_messages
[0.348s] [ 74%] Built target mac_messages__py
[0.374s] [ 80%] Built target mac_messages__rosidl_generator_py
[0.402s] [ 93%] Built target mac_messages__rosidl_typesupport_fastrtps_c__pyext
[0.403s] [ 93%] Built target mac_messages__rosidl_typesupport_introspection_c__pyext
[0.404s] [100%] Built target mac_messages__rosidl_typesupport_c__pyext
[0.550s] running egg_info
[0.550s] writing mac_messages.egg-info/PKG-INFO
[0.551s] writing dependency_links to mac_messages.egg-info/dependency_links.txt
[0.551s] writing top-level names to mac_messages.egg-info/top_level.txt
[0.553s] reading manifest file 'mac_messages.egg-info/SOURCES.txt'
[0.553s] writing manifest file 'mac_messages.egg-info/SOURCES.txt'
[0.579s] [100%] Built target ament_cmake_python_build_mac_messages_egg
[0.590s] Invoked command in '/mac_remote/ws/build/mac_messages' returned '0': CMAKE_PREFIX_PATH=${CMAKE_PREFIX_PATH}:/mac_remote/ws/install/manual_control:/opt/ros/humble /usr/bin/cmake --build /mac_remote/ws/build/mac_messages -- -j12 -l12
[0.661s] Invoking command in '/mac_remote/ws/build/mac_messages': CMAKE_PREFIX_PATH=${CMAKE_PREFIX_PATH}:/mac_remote/ws/install/manual_control:/opt/ros/humble /usr/bin/cmake --install /mac_remote/ws/build/mac_messages
[0.670s] -- Install configuration: ""
[0.670s] -- Up-to-date: /mac_remote/ws/install/mac_messages/share/ament_index/resource_index/rosidl_interfaces/mac_messages
[0.670s] -- Up-to-date: /mac_remote/ws/install/mac_messages/include/mac_messages/mac_messages
[0.670s] -- Up-to-date: /mac_remote/ws/install/mac_messages/include/mac_messages/mac_messages/msg
[0.670s] -- Up-to-date: /mac_remote/ws/install/mac_messages/include/mac_messages/mac_messages/msg/detail
[0.670s] -- Up-to-date: /mac_remote/ws/install/mac_messages/include/mac_messages/mac_messages/msg/detail/drive__functions.c
[0.670s] -- Up-to-date: /mac_remote/ws/install/mac_messages/include/mac_messages/mac_messages/msg/detail/drive__functions.h
[0.670s] -- Up-to-date: /mac_remote/ws/install/mac_messages/include/mac_messages/mac_messages/msg/detail/drive__type_support.h
[0.670s] -- Up-to-date: /mac_remote/ws/install/mac_messages/include/mac_messages/mac_messages/msg/detail/drive__struct.h
[0.670s] -- Up-to-date: /mac_remote/ws/install/mac_messages/include/mac_messages/mac_messages/msg/rosidl_generator_c__visibility_control.h
[0.671s] -- Up-to-date: /mac_remote/ws/install/mac_messages/include/mac_messages/mac_messages/msg/drive.h
[0.671s] -- Up-to-date: /mac_remote/ws/install/mac_messages/share/mac_messages/environment/library_path.sh
[0.671s] -- Up-to-date: /mac_remote/ws/install/mac_messages/share/mac_messages/environment/library_path.dsv
[0.671s] -- Up-to-date: /mac_remote/ws/install/mac_messages/lib/libmac_messages__rosidl_generator_c.so
[0.671s] -- Up-to-date: /mac_remote/ws/install/mac_messages/include/mac_messages/mac_messages
[0.671s] -- Up-to-date: /mac_remote/ws/install/mac_messages/include/mac_messages/mac_messages/msg
[0.671s] -- Up-to-date: /mac_remote/ws/install/mac_messages/include/mac_messages/mac_messages/msg/detail
[0.671s] -- Up-to-date: /mac_remote/ws/install/mac_messages/include/mac_messages/mac_messages/msg/detail/drive__rosidl_typesupport_fastrtps_c.h
[0.671s] -- Up-to-date: /mac_remote/ws/install/mac_messages/include/mac_messages/mac_messages/msg/rosidl_typesupport_fastrtps_c__visibility_control.h
[0.671s] -- Up-to-date: /mac_remote/ws/install/mac_messages/lib/libmac_messages__rosidl_typesupport_fastrtps_c.so
[0.671s] -- Up-to-date: /mac_remote/ws/install/mac_messages/include/mac_messages/mac_messages
[0.671s] -- Up-to-date: /mac_remote/ws/install/mac_messages/include/mac_messages/mac_messages/msg
[0.672s] -- Up-to-date: /mac_remote/ws/install/mac_messages/include/mac_messages/mac_messages/msg/detail
[0.672s] -- Up-to-date: /mac_remote/ws/install/mac_messages/include/mac_messages/mac_messages/msg/detail/drive__type_support.c
[0.672s] -- Up-to-date: /mac_remote/ws/install/mac_messages/include/mac_messages/mac_messages/msg/detail/drive__rosidl_typesupport_introspection_c.h
[0.672s] -- Up-to-date: /mac_remote/ws/install/mac_messages/include/mac_messages/mac_messages/msg/rosidl_typesupport_introspection_c__visibility_control.h
[0.672s] -- Up-to-date: /mac_remote/ws/install/mac_messages/lib/libmac_messages__rosidl_typesupport_introspection_c.so
[0.672s] -- Up-to-date: /mac_remote/ws/install/mac_messages/lib/libmac_messages__rosidl_typesupport_c.so
[0.672s] -- Up-to-date: /mac_remote/ws/install/mac_messages/include/mac_messages/mac_messages
[0.672s] -- Up-to-date: /mac_remote/ws/install/mac_messages/include/mac_messages/mac_messages/msg
[0.672s] -- Up-to-date: /mac_remote/ws/install/mac_messages/include/mac_messages/mac_messages/msg/detail
[0.672s] -- Up-to-date: /mac_remote/ws/install/mac_messages/include/mac_messages/mac_messages/msg/detail/drive__builder.hpp
[0.673s] -- Up-to-date: /mac_remote/ws/install/mac_messages/include/mac_messages/mac_messages/msg/detail/drive__traits.hpp
[0.673s] -- Up-to-date: /mac_remote/ws/install/mac_messages/include/mac_messages/mac_messages/msg/detail/drive__struct.hpp
[0.673s] -- Up-to-date: /mac_remote/ws/install/mac_messages/include/mac_messages/mac_messages/msg/drive.hpp
[0.673s] -- Up-to-date: /mac_remote/ws/install/mac_messages/include/mac_messages/mac_messages
[0.673s] -- Up-to-date: /mac_remote/ws/install/mac_messages/include/mac_messages/mac_messages/msg
[0.673s] -- Up-to-date: /mac_remote/ws/install/mac_messages/include/mac_messages/mac_messages/msg/rosidl_typesupport_fastrtps_cpp__visibility_control.h
[0.673s] -- Up-to-date: /mac_remote/ws/install/mac_messages/include/mac_messages/mac_messages/msg/detail
[0.673s] -- Up-to-date: /mac_remote/ws/install/mac_messages/include/mac_messages/mac_messages/msg/detail/drive__rosidl_typesupport_fastrtps_cpp.hpp
[0.673s] -- Up-to-date: /mac_remote/ws/install/mac_messages/include/mac_messages/mac_messages/msg/detail/dds_fastrtps
[0.673s] -- Up-to-date: /mac_remote/ws/install/mac_messages/lib/libmac_messages__rosidl_typesupport_fastrtps_cpp.so
[0.673s] -- Up-to-date: /mac_remote/ws/install/mac_messages/include/mac_messages/mac_messages
[0.673s] -- Up-to-date: /mac_remote/ws/install/mac_messages/include/mac_messages/mac_messages/msg
[0.674s] -- Up-to-date: /mac_remote/ws/install/mac_messages/include/mac_messages/mac_messages/msg/detail
[0.674s] -- Up-to-date: /mac_remote/ws/install/mac_messages/include/mac_messages/mac_messages/msg/detail/drive__type_support.cpp
[0.674s] -- Up-to-date: /mac_remote/ws/install/mac_messages/include/mac_messages/mac_messages/msg/detail/drive__rosidl_typesupport_introspection_cpp.hpp
[0.674s] -- Up-to-date: /mac_remote/ws/install/mac_messages/lib/libmac_messages__rosidl_typesupport_introspection_cpp.so
[0.674s] -- Up-to-date: /mac_remote/ws/install/mac_messages/lib/libmac_messages__rosidl_typesupport_cpp.so
[0.674s] -- Up-to-date: /mac_remote/ws/install/mac_messages/share/mac_messages/environment/pythonpath.sh
[0.674s] -- Up-to-date: /mac_remote/ws/install/mac_messages/share/mac_messages/environment/pythonpath.dsv
[0.675s] -- Up-to-date: /mac_remote/ws/install/mac_messages/local/lib/python3.10/dist-packages/mac_messages-0.0.0-py3.10.egg-info
[0.675s] -- Installing: /mac_remote/ws/install/mac_messages/local/lib/python3.10/dist-packages/mac_messages-0.0.0-py3.10.egg-info/dependency_links.txt
[0.675s] -- Installing: /mac_remote/ws/install/mac_messages/local/lib/python3.10/dist-packages/mac_messages-0.0.0-py3.10.egg-info/top_level.txt
[0.675s] -- Installing: /mac_remote/ws/install/mac_messages/local/lib/python3.10/dist-packages/mac_messages-0.0.0-py3.10.egg-info/SOURCES.txt
[0.675s] -- Installing: /mac_remote/ws/install/mac_messages/local/lib/python3.10/dist-packages/mac_messages-0.0.0-py3.10.egg-info/PKG-INFO
[0.675s] -- Up-to-date: /mac_remote/ws/install/mac_messages/local/lib/python3.10/dist-packages/mac_messages
[0.676s] -- Up-to-date: /mac_remote/ws/install/mac_messages/local/lib/python3.10/dist-packages/mac_messages/_mac_messages_s.ep.rosidl_typesupport_c.c
[0.676s] -- Up-to-date: /mac_remote/ws/install/mac_messages/local/lib/python3.10/dist-packages/mac_messages/msg
[0.676s] -- Up-to-date: /mac_remote/ws/install/mac_messages/local/lib/python3.10/dist-packages/mac_messages/msg/_drive_s.c
[0.676s] -- Up-to-date: /mac_remote/ws/install/mac_messages/local/lib/python3.10/dist-packages/mac_messages/msg/__init__.py
[0.676s] -- Up-to-date: /mac_remote/ws/install/mac_messages/local/lib/python3.10/dist-packages/mac_messages/msg/_drive.py
[0.676s] -- Up-to-date: /mac_remote/ws/install/mac_messages/local/lib/python3.10/dist-packages/mac_messages/mac_messages_s__rosidl_typesupport_c.cpython-310-x86_64-linux-gnu.so
[0.676s] -- Up-to-date: /mac_remote/ws/install/mac_messages/local/lib/python3.10/dist-packages/mac_messages/mac_messages_s__rosidl_typesupport_introspection_c.cpython-310-x86_64-linux-gnu.so
[0.676s] -- Up-to-date: /mac_remote/ws/install/mac_messages/local/lib/python3.10/dist-packages/mac_messages/libmac_messages__rosidl_generator_py.so
[0.676s] -- Up-to-date: /mac_remote/ws/install/mac_messages/local/lib/python3.10/dist-packages/mac_messages/_mac_messages_s.ep.rosidl_typesupport_introspection_c.c
[0.676s] -- Up-to-date: /mac_remote/ws/install/mac_messages/local/lib/python3.10/dist-packages/mac_messages/__init__.py
[0.676s] -- Up-to-date: /mac_remote/ws/install/mac_messages/local/lib/python3.10/dist-packages/mac_messages/_mac_messages_s.ep.rosidl_typesupport_fastrtps_c.c
[0.676s] -- Up-to-date: /mac_remote/ws/install/mac_messages/local/lib/python3.10/dist-packages/mac_messages/mac_messages_s__rosidl_typesupport_fastrtps_c.cpython-310-x86_64-linux-gnu.so
[0.709s] Listing '/mac_remote/ws/install/mac_messages/local/lib/python3.10/dist-packages/mac_messages'...
[0.709s] Listing '/mac_remote/ws/install/mac_messages/local/lib/python3.10/dist-packages/mac_messages/msg'...
[0.720s] -- Up-to-date: /mac_remote/ws/install/mac_messages/local/lib/python3.10/dist-packages/mac_messages/mac_messages_s__rosidl_typesupport_fastrtps_c.cpython-310-x86_64-linux-gnu.so
[0.720s] -- Up-to-date: /mac_remote/ws/install/mac_messages/local/lib/python3.10/dist-packages/mac_messages/mac_messages_s__rosidl_typesupport_introspection_c.cpython-310-x86_64-linux-gnu.so
[0.721s] -- Up-to-date: /mac_remote/ws/install/mac_messages/local/lib/python3.10/dist-packages/mac_messages/mac_messages_s__rosidl_typesupport_c.cpython-310-x86_64-linux-gnu.so
[0.722s] -- Up-to-date: /mac_remote/ws/install/mac_messages/lib/libmac_messages__rosidl_generator_py.so
[0.723s] -- Up-to-date: /mac_remote/ws/install/mac_messages/share/mac_messages/msg/Drive.idl
[0.723s] -- Up-to-date: /mac_remote/ws/install/mac_messages/share/mac_messages/msg/Drive.msg
[0.723s] -- Up-to-date: /mac_remote/ws/install/mac_messages/share/ament_index/resource_index/package_run_dependencies/mac_messages
[0.723s] -- Up-to-date: /mac_remote/ws/install/mac_messages/share/ament_index/resource_index/parent_prefix_path/mac_messages
[0.724s] -- Up-to-date: /mac_remote/ws/install/mac_messages/share/mac_messages/environment/ament_prefix_path.sh
[0.724s] -- Up-to-date: /mac_remote/ws/install/mac_messages/share/mac_messages/environment/ament_prefix_path.dsv
[0.724s] -- Up-to-date: /mac_remote/ws/install/mac_messages/share/mac_messages/environment/path.sh
[0.724s] -- Up-to-date: /mac_remote/ws/install/mac_messages/share/mac_messages/environment/path.dsv
[0.724s] -- Up-to-date: /mac_remote/ws/install/mac_messages/share/mac_messages/local_setup.bash
[0.724s] -- Up-to-date: /mac_remote/ws/install/mac_messages/share/mac_messages/local_setup.sh
[0.725s] -- Up-to-date: /mac_remote/ws/install/mac_messages/share/mac_messages/local_setup.zsh
[0.725s] -- Up-to-date: /mac_remote/ws/install/mac_messages/share/mac_messages/local_setup.dsv
[0.725s] -- Installing: /mac_remote/ws/install/mac_messages/share/mac_messages/package.dsv
[0.725s] -- Up-to-date: /mac_remote/ws/install/mac_messages/share/ament_index/resource_index/packages/mac_messages
[0.725s] -- Up-to-date: /mac_remote/ws/install/mac_messages/share/mac_messages/cmake/export_mac_messages__rosidl_generator_cExport.cmake
[0.725s] -- Up-to-date: /mac_remote/ws/install/mac_messages/share/mac_messages/cmake/export_mac_messages__rosidl_generator_cExport-noconfig.cmake
[0.726s] -- Up-to-date: /mac_remote/ws/install/mac_messages/share/mac_messages/cmake/export_mac_messages__rosidl_typesupport_fastrtps_cExport.cmake
[0.726s] -- Up-to-date: /mac_remote/ws/install/mac_messages/share/mac_messages/cmake/export_mac_messages__rosidl_typesupport_fastrtps_cExport-noconfig.cmake
[0.726s] -- Up-to-date: /mac_remote/ws/install/mac_messages/share/mac_messages/cmake/mac_messages__rosidl_typesupport_introspection_cExport.cmake
[0.726s] -- Up-to-date: /mac_remote/ws/install/mac_messages/share/mac_messages/cmake/mac_messages__rosidl_typesupport_introspection_cExport-noconfig.cmake
[0.726s] -- Up-to-date: /mac_remote/ws/install/mac_messages/share/mac_messages/cmake/mac_messages__rosidl_typesupport_cExport.cmake
[0.727s] -- Up-to-date: /mac_remote/ws/install/mac_messages/share/mac_messages/cmake/mac_messages__rosidl_typesupport_cExport-noconfig.cmake
[0.727s] -- Up-to-date: /mac_remote/ws/install/mac_messages/share/mac_messages/cmake/export_mac_messages__rosidl_generator_cppExport.cmake
[0.727s] -- Up-to-date: /mac_remote/ws/install/mac_messages/share/mac_messages/cmake/export_mac_messages__rosidl_typesupport_fastrtps_cppExport.cmake
[0.727s] -- Up-to-date: /mac_remote/ws/install/mac_messages/share/mac_messages/cmake/export_mac_messages__rosidl_typesupport_fastrtps_cppExport-noconfig.cmake
[0.727s] -- Up-to-date: /mac_remote/ws/install/mac_messages/share/mac_messages/cmake/mac_messages__rosidl_typesupport_introspection_cppExport.cmake
[0.727s] -- Up-to-date: /mac_remote/ws/install/mac_messages/share/mac_messages/cmake/mac_messages__rosidl_typesupport_introspection_cppExport-noconfig.cmake
[0.728s] -- Up-to-date: /mac_remote/ws/install/mac_messages/share/mac_messages/cmake/mac_messages__rosidl_typesupport_cppExport.cmake
[0.728s] -- Up-to-date: /mac_remote/ws/install/mac_messages/share/mac_messages/cmake/mac_messages__rosidl_typesupport_cppExport-noconfig.cmake
[0.728s] -- Up-to-date: /mac_remote/ws/install/mac_messages/share/mac_messages/cmake/export_mac_messages__rosidl_generator_pyExport.cmake
[0.728s] -- Up-to-date: /mac_remote/ws/install/mac_messages/share/mac_messages/cmake/export_mac_messages__rosidl_generator_pyExport-noconfig.cmake
[0.728s] -- Up-to-date: /mac_remote/ws/install/mac_messages/share/mac_messages/cmake/rosidl_cmake-extras.cmake
[0.728s] -- Up-to-date: /mac_remote/ws/install/mac_messages/share/mac_messages/cmake/ament_cmake_export_include_directories-extras.cmake
[0.728s] -- Up-to-date: /mac_remote/ws/install/mac_messages/share/mac_messages/cmake/ament_cmake_export_libraries-extras.cmake
[0.728s] -- Up-to-date: /mac_remote/ws/install/mac_messages/share/mac_messages/cmake/ament_cmake_export_targets-extras.cmake
[0.729s] -- Up-to-date: /mac_remote/ws/install/mac_messages/share/mac_messages/cmake/rosidl_cmake_export_typesupport_targets-extras.cmake
[0.729s] -- Up-to-date: /mac_remote/ws/install/mac_messages/share/mac_messages/cmake/ament_cmake_export_dependencies-extras.cmake
[0.729s] -- Up-to-date: /mac_remote/ws/install/mac_messages/share/mac_messages/cmake/rosidl_cmake_export_typesupport_libraries-extras.cmake
[0.729s] -- Up-to-date: /mac_remote/ws/install/mac_messages/share/mac_messages/cmake/mac_messagesConfig.cmake
[0.729s] -- Up-to-date: /mac_remote/ws/install/mac_messages/share/mac_messages/cmake/mac_messagesConfig-version.cmake
[0.729s] -- Up-to-date: /mac_remote/ws/install/mac_messages/share/mac_messages/package.xml
[0.731s] Invoked command in '/mac_remote/ws/build/mac_messages' returned '0': CMAKE_PREFIX_PATH=${CMAKE_PREFIX_PATH}:/mac_remote/ws/install/manual_control:/opt/ros/humble /usr/bin/cmake --install /mac_remote/ws/build/mac_messages
