[2.740s] Invoking command in '/mac_everything/ws/build/manual_control': PYTHONPATH=/mac_everything/ws/build/manual_control/prefix_override:/mac_everything/ws/install/manual_control/lib/python3.8/site-packages: /usr/bin/python3 setup.py develop --uninstall --editable --build-directory /mac_everything/ws/build/manual_control/build
[3.753s] running develop
[4.321s] Invoked command in '/mac_everything/ws/build/manual_control' returned '0': PYTHONPATH=/mac_everything/ws/build/manual_control/prefix_override:/mac_everything/ws/install/manual_control/lib/python3.8/site-packages: /usr/bin/python3 setup.py develop --uninstall --editable --build-directory /mac_everything/ws/build/manual_control/build
[4.328s] Invoking command in '/mac_everything/ws/src/manual_control': PYTHONPATH=/mac_everything/ws/build/manual_control/prefix_override:/mac_everything/ws/install/manual_control/lib/python3.8/site-packages: /usr/bin/python3 setup.py egg_info --egg-base ../../build/manual_control build --build-base /mac_everything/ws/build/manual_control/build install --record /mac_everything/ws/build/manual_control/install.log --single-version-externally-managed
[5.263s] running egg_info
[5.265s] writing ../../build/manual_control/manual_control.egg-info/PKG-INFO
[5.266s] writing dependency_links to ../../build/manual_control/manual_control.egg-info/dependency_links.txt
[5.267s] writing entry points to ../../build/manual_control/manual_control.egg-info/entry_points.txt
[5.268s] writing requirements to ../../build/manual_control/manual_control.egg-info/requires.txt
[5.268s] writing top-level names to ../../build/manual_control/manual_control.egg-info/top_level.txt
[5.274s] reading manifest file '../../build/manual_control/manual_control.egg-info/SOURCES.txt'
[5.278s] writing manifest file '../../build/manual_control/manual_control.egg-info/SOURCES.txt'
[5.279s] running build
[5.279s] running build_py
[5.280s] copying manual_control/controller_node.py -> /mac_everything/ws/build/manual_control/build/lib/manual_control
[5.281s] running install
[5.284s] running install_lib
[5.288s] copying /mac_everything/ws/build/manual_control/build/lib/manual_control/controller_node.py -> /mac_everything/ws/install/manual_control/lib/python3.8/site-packages/manual_control
[5.290s] byte-compiling /mac_everything/ws/install/manual_control/lib/python3.8/site-packages/manual_control/controller_node.py to controller_node.cpython-38.pyc
[5.291s]   File "/mac_everything/ws/install/manual_control/lib/python3.8/site-packages/manual_control/controller_node.py", line 30
[5.291s]     if msg.buttons[0] and !self.has_enabled_drive:
[5.292s]                           ^
[5.292s] SyntaxError: invalid syntax
[5.293s] 
[5.293s] running install_data
[5.293s] running install_egg_info
[5.298s] removing '/mac_everything/ws/install/manual_control/lib/python3.8/site-packages/manual_control-0.0.0-py3.8.egg-info' (and everything under it)
[5.299s] Copying ../../build/manual_control/manual_control.egg-info to /mac_everything/ws/install/manual_control/lib/python3.8/site-packages/manual_control-0.0.0-py3.8.egg-info
[5.303s] running install_scripts
[5.374s] Installing manual_control_node script to /mac_everything/ws/install/manual_control/lib/manual_control
[5.375s] writing list of installed files to '/mac_everything/ws/build/manual_control/install.log'
[5.468s] Invoked command in '/mac_everything/ws/src/manual_control' returned '0': PYTHONPATH=/mac_everything/ws/build/manual_control/prefix_override:/mac_everything/ws/install/manual_control/lib/python3.8/site-packages: /usr/bin/python3 setup.py egg_info --egg-base ../../build/manual_control build --build-base /mac_everything/ws/build/manual_control/build install --record /mac_everything/ws/build/manual_control/install.log --single-version-externally-managed
