[2.739s] Invoking command in '/mac_everything/ws/build/manual_control': PYTHONPATH=/mac_everything/ws/build/manual_control/prefix_override:/mac_everything/ws/install/manual_control/lib/python3.8/site-packages: /usr/bin/python3 setup.py develop --uninstall --editable --build-directory /mac_everything/ws/build/manual_control/build
[3.749s] running develop
[4.302s] Invoked command in '/mac_everything/ws/build/manual_control' returned '0': PYTHONPATH=/mac_everything/ws/build/manual_control/prefix_override:/mac_everything/ws/install/manual_control/lib/python3.8/site-packages: /usr/bin/python3 setup.py develop --uninstall --editable --build-directory /mac_everything/ws/build/manual_control/build
[4.310s] Invoking command in '/mac_everything/ws/src/manual_control': PYTHONPATH=/mac_everything/ws/build/manual_control/prefix_override:/mac_everything/ws/install/manual_control/lib/python3.8/site-packages: /usr/bin/python3 setup.py egg_info --egg-base ../../build/manual_control build --build-base /mac_everything/ws/build/manual_control/build install --record /mac_everything/ws/build/manual_control/install.log --single-version-externally-managed
[5.254s] running egg_info
[5.256s] writing ../../build/manual_control/manual_control.egg-info/PKG-INFO
[5.256s] writing dependency_links to ../../build/manual_control/manual_control.egg-info/dependency_links.txt
[5.257s] writing entry points to ../../build/manual_control/manual_control.egg-info/entry_points.txt
[5.262s] writing requirements to ../../build/manual_control/manual_control.egg-info/requires.txt
[5.263s] writing top-level names to ../../build/manual_control/manual_control.egg-info/top_level.txt
[5.265s] reading manifest file '../../build/manual_control/manual_control.egg-info/SOURCES.txt'
[5.269s] writing manifest file '../../build/manual_control/manual_control.egg-info/SOURCES.txt'
[5.269s] running build
[5.270s] running build_py
[5.271s] copying manual_control/controller_node.py -> /mac_everything/ws/build/manual_control/build/lib/manual_control
[5.271s] running install
[5.274s] running install_lib
[5.278s] copying /mac_everything/ws/build/manual_control/build/lib/manual_control/controller_node.py -> /mac_everything/ws/install/manual_control/lib/python3.8/site-packages/manual_control
[5.280s] byte-compiling /mac_everything/ws/install/manual_control/lib/python3.8/site-packages/manual_control/controller_node.py to controller_node.cpython-38.pyc
[5.283s] running install_data
[5.285s] running install_egg_info
[5.290s] removing '/mac_everything/ws/install/manual_control/lib/python3.8/site-packages/manual_control-0.0.0-py3.8.egg-info' (and everything under it)
[5.292s] Copying ../../build/manual_control/manual_control.egg-info to /mac_everything/ws/install/manual_control/lib/python3.8/site-packages/manual_control-0.0.0-py3.8.egg-info
[5.295s] running install_scripts
[5.367s] Installing manual_control_node script to /mac_everything/ws/install/manual_control/lib/manual_control
[5.368s] writing list of installed files to '/mac_everything/ws/build/manual_control/install.log'
[5.468s] Invoked command in '/mac_everything/ws/src/manual_control' returned '0': PYTHONPATH=/mac_everything/ws/build/manual_control/prefix_override:/mac_everything/ws/install/manual_control/lib/python3.8/site-packages: /usr/bin/python3 setup.py egg_info --egg-base ../../build/manual_control build --build-base /mac_everything/ws/build/manual_control/build install --record /mac_everything/ws/build/manual_control/install.log --single-version-externally-managed
