[1.073s] DEBUG:colcon:Command line arguments: ['/usr/bin/colcon', 'build']
[1.073s] DEBUG:colcon:Parsed command line arguments: Namespace(log_base=None, log_level=None, verb_name='build', build_base='build', install_base='install', merge_install=False, symlink_install=False, test_result_base=None, continue_on_error=False, executor='parallel', parallel_workers=12, event_handlers=None, ignore_user_meta=False, metas=['./colcon.meta'], base_paths=['.'], packages_ignore=None, packages_ignore_regex=None, paths=None, packages_up_to=None, packages_up_to_regex=None, packages_above=None, packages_above_and_dependencies=None, packages_above_depth=None, packages_select_by_dep=None, packages_skip_by_dep=None, packages_skip_up_to=None, packages_select_build_failed=False, packages_skip_build_finished=False, packages_select_test_failures=False, packages_skip_test_passed=False, packages_select=None, packages_skip=None, packages_select_regex=None, packages_skip_regex=None, packages_start=None, packages_end=None, cmake_args=None, cmake_target=None, cmake_target_skip_unavailable=False, cmake_clean_cache=False, cmake_clean_first=False, cmake_force_configure=False, ament_cmake_args=None, catkin_cmake_args=None, catkin_skip_building_tests=False, mixin_files=None, mixin=None, verb_parser=<colcon_mixin.mixin.mixin_argument.MixinArgumentDecorator object at 0x7faa3ed1e500>, verb_extension=<colcon_core.verb.build.BuildVerb object at 0x7faa3ed58eb0>, main=<bound method BuildVerb.main of <colcon_core.verb.build.BuildVerb object at 0x7faa3ed58eb0>>, mixin_verb=('build',))
[1.115s] Level 1:colcon.colcon_core.package_discovery:discover_packages(colcon_meta) check parameters
[1.115s] INFO:colcon.colcon_metadata.package_discovery.colcon_meta:Using configuration from '/root/.colcon/metadata/default/Gazebo.meta'
[1.116s] INFO:colcon.colcon_metadata.package_discovery.colcon_meta:Using configuration from '/root/.colcon/metadata/default/fastrtps.meta'
[1.116s] Level 1:colcon.colcon_core.package_discovery:discover_packages(recursive) check parameters
[1.116s] Level 1:colcon.colcon_core.package_discovery:discover_packages(ignore) check parameters
[1.116s] Level 1:colcon.colcon_core.package_discovery:discover_packages(path) check parameters
[1.116s] Level 1:colcon.colcon_core.package_discovery:discover_packages(colcon_meta) discover
[1.116s] Level 1:colcon.colcon_core.package_discovery:discover_packages(recursive) discover
[1.116s] INFO:colcon.colcon_core.package_discovery:Crawling recursively for packages in '/mac_remote/ws'
[1.116s] Level 1:colcon.colcon_core.package_identification:_identify(.) by extensions ['ignore', 'ignore_ament_install']
[1.116s] Level 1:colcon.colcon_core.package_identification:_identify(.) by extension 'ignore'
[1.116s] Level 1:colcon.colcon_core.package_identification:_identify(.) by extension 'ignore_ament_install'
[1.116s] Level 1:colcon.colcon_core.package_identification:_identify(.) by extensions ['colcon_pkg']
[1.116s] Level 1:colcon.colcon_core.package_identification:_identify(.) by extension 'colcon_pkg'
[1.116s] Level 1:colcon.colcon_core.package_identification:_identify(.) by extensions ['colcon_meta']
[1.116s] Level 1:colcon.colcon_core.package_identification:_identify(.) by extension 'colcon_meta'
[1.116s] Level 1:colcon.colcon_core.package_identification:_identify(.) by extensions ['ros']
[1.116s] Level 1:colcon.colcon_core.package_identification:_identify(.) by extension 'ros'
[1.127s] Level 1:colcon.colcon_core.package_identification:_identify(.) by extensions ['cmake', 'python']
[1.127s] Level 1:colcon.colcon_core.package_identification:_identify(.) by extension 'cmake'
[1.127s] Level 1:colcon.colcon_core.package_identification:_identify(.) by extension 'python'
[1.127s] Level 1:colcon.colcon_core.package_identification:_identify(.) by extensions ['python_setup_py']
[1.127s] Level 1:colcon.colcon_core.package_identification:_identify(.) by extension 'python_setup_py'
[1.127s] Level 1:colcon.colcon_core.package_identification:_identify(build) by extensions ['ignore', 'ignore_ament_install']
[1.127s] Level 1:colcon.colcon_core.package_identification:_identify(build) by extension 'ignore'
[1.127s] Level 1:colcon.colcon_core.package_identification:_identify(build) ignored
[1.127s] Level 1:colcon.colcon_core.package_identification:_identify(install) by extensions ['ignore', 'ignore_ament_install']
[1.128s] Level 1:colcon.colcon_core.package_identification:_identify(install) by extension 'ignore'
[1.128s] Level 1:colcon.colcon_core.package_identification:_identify(install) ignored
[1.128s] Level 1:colcon.colcon_core.package_identification:_identify(log) by extensions ['ignore', 'ignore_ament_install']
[1.128s] Level 1:colcon.colcon_core.package_identification:_identify(log) by extension 'ignore'
[1.128s] Level 1:colcon.colcon_core.package_identification:_identify(log) ignored
[1.128s] Level 1:colcon.colcon_core.package_identification:_identify(src) by extensions ['ignore', 'ignore_ament_install']
[1.128s] Level 1:colcon.colcon_core.package_identification:_identify(src) by extension 'ignore'
[1.128s] Level 1:colcon.colcon_core.package_identification:_identify(src) by extension 'ignore_ament_install'
[1.128s] Level 1:colcon.colcon_core.package_identification:_identify(src) by extensions ['colcon_pkg']
[1.128s] Level 1:colcon.colcon_core.package_identification:_identify(src) by extension 'colcon_pkg'
[1.128s] Level 1:colcon.colcon_core.package_identification:_identify(src) by extensions ['colcon_meta']
[1.128s] Level 1:colcon.colcon_core.package_identification:_identify(src) by extension 'colcon_meta'
[1.128s] Level 1:colcon.colcon_core.package_identification:_identify(src) by extensions ['ros']
[1.128s] Level 1:colcon.colcon_core.package_identification:_identify(src) by extension 'ros'
[1.128s] Level 1:colcon.colcon_core.package_identification:_identify(src) by extensions ['cmake', 'python']
[1.128s] Level 1:colcon.colcon_core.package_identification:_identify(src) by extension 'cmake'
[1.128s] Level 1:colcon.colcon_core.package_identification:_identify(src) by extension 'python'
[1.128s] Level 1:colcon.colcon_core.package_identification:_identify(src) by extensions ['python_setup_py']
[1.128s] Level 1:colcon.colcon_core.package_identification:_identify(src) by extension 'python_setup_py'
[1.129s] Level 1:colcon.colcon_core.package_identification:_identify(src/mac_messages) by extensions ['ignore', 'ignore_ament_install']
[1.129s] Level 1:colcon.colcon_core.package_identification:_identify(src/mac_messages) by extension 'ignore'
[1.129s] Level 1:colcon.colcon_core.package_identification:_identify(src/mac_messages) by extension 'ignore_ament_install'
[1.129s] Level 1:colcon.colcon_core.package_identification:_identify(src/mac_messages) by extensions ['colcon_pkg']
[1.129s] Level 1:colcon.colcon_core.package_identification:_identify(src/mac_messages) by extension 'colcon_pkg'
[1.129s] Level 1:colcon.colcon_core.package_identification:_identify(src/mac_messages) by extensions ['colcon_meta']
[1.129s] Level 1:colcon.colcon_core.package_identification:_identify(src/mac_messages) by extension 'colcon_meta'
[1.129s] Level 1:colcon.colcon_core.package_identification:_identify(src/mac_messages) by extensions ['ros']
[1.129s] Level 1:colcon.colcon_core.package_identification:_identify(src/mac_messages) by extension 'ros'
[1.131s] DEBUG:colcon.colcon_core.package_identification:Package 'src/mac_messages' with type 'ros.ament_cmake' and name 'mac_messages'
[1.131s] Level 1:colcon.colcon_core.package_identification:_identify(src/macnav_description) by extensions ['ignore', 'ignore_ament_install']
[1.131s] Level 1:colcon.colcon_core.package_identification:_identify(src/macnav_description) by extension 'ignore'
[1.131s] Level 1:colcon.colcon_core.package_identification:_identify(src/macnav_description) by extension 'ignore_ament_install'
[1.131s] Level 1:colcon.colcon_core.package_identification:_identify(src/macnav_description) by extensions ['colcon_pkg']
[1.131s] Level 1:colcon.colcon_core.package_identification:_identify(src/macnav_description) by extension 'colcon_pkg'
[1.131s] Level 1:colcon.colcon_core.package_identification:_identify(src/macnav_description) by extensions ['colcon_meta']
[1.132s] Level 1:colcon.colcon_core.package_identification:_identify(src/macnav_description) by extension 'colcon_meta'
[1.132s] Level 1:colcon.colcon_core.package_identification:_identify(src/macnav_description) by extensions ['ros']
[1.132s] Level 1:colcon.colcon_core.package_identification:_identify(src/macnav_description) by extension 'ros'
[1.132s] DEBUG:colcon.colcon_core.package_identification:Package 'src/macnav_description' with type 'ros.ament_cmake' and name 'macnav_description'
[1.132s] Level 1:colcon.colcon_core.package_identification:_identify(src/manual_control) by extensions ['ignore', 'ignore_ament_install']
[1.132s] Level 1:colcon.colcon_core.package_identification:_identify(src/manual_control) by extension 'ignore'
[1.132s] Level 1:colcon.colcon_core.package_identification:_identify(src/manual_control) by extension 'ignore_ament_install'
[1.132s] Level 1:colcon.colcon_core.package_identification:_identify(src/manual_control) by extensions ['colcon_pkg']
[1.132s] Level 1:colcon.colcon_core.package_identification:_identify(src/manual_control) by extension 'colcon_pkg'
[1.132s] Level 1:colcon.colcon_core.package_identification:_identify(src/manual_control) by extensions ['colcon_meta']
[1.132s] Level 1:colcon.colcon_core.package_identification:_identify(src/manual_control) by extension 'colcon_meta'
[1.132s] Level 1:colcon.colcon_core.package_identification:_identify(src/manual_control) by extensions ['ros']
[1.132s] Level 1:colcon.colcon_core.package_identification:_identify(src/manual_control) by extension 'ros'
[1.133s] DEBUG:colcon.colcon_core.package_identification:Package 'src/manual_control' with type 'ros.ament_python' and name 'manual_control'
[1.133s] Level 1:colcon.colcon_core.package_discovery:discover_packages(recursive) using defaults
[1.133s] Level 1:colcon.colcon_core.package_discovery:discover_packages(ignore) discover
[1.133s] Level 1:colcon.colcon_core.package_discovery:discover_packages(ignore) using defaults
[1.133s] Level 1:colcon.colcon_core.package_discovery:discover_packages(path) discover
[1.133s] Level 1:colcon.colcon_core.package_discovery:discover_packages(path) using defaults
[1.201s] Level 5:colcon.colcon_core.verb:set package 'mac_messages' build argument 'cmake_args' from command line to 'None'
[1.201s] Level 5:colcon.colcon_core.verb:set package 'mac_messages' build argument 'cmake_target' from command line to 'None'
[1.201s] Level 5:colcon.colcon_core.verb:set package 'mac_messages' build argument 'cmake_target_skip_unavailable' from command line to 'False'
[1.201s] Level 5:colcon.colcon_core.verb:set package 'mac_messages' build argument 'cmake_clean_cache' from command line to 'False'
[1.201s] Level 5:colcon.colcon_core.verb:set package 'mac_messages' build argument 'cmake_clean_first' from command line to 'False'
[1.201s] Level 5:colcon.colcon_core.verb:set package 'mac_messages' build argument 'cmake_force_configure' from command line to 'False'
[1.201s] Level 5:colcon.colcon_core.verb:set package 'mac_messages' build argument 'ament_cmake_args' from command line to 'None'
[1.201s] Level 5:colcon.colcon_core.verb:set package 'mac_messages' build argument 'catkin_cmake_args' from command line to 'None'
[1.201s] Level 5:colcon.colcon_core.verb:set package 'mac_messages' build argument 'catkin_skip_building_tests' from command line to 'False'
[1.202s] DEBUG:colcon.colcon_core.verb:Building package 'mac_messages' with the following arguments: {'ament_cmake_args': None, 'build_base': '/mac_remote/ws/build/mac_messages', 'catkin_cmake_args': None, 'catkin_skip_building_tests': False, 'cmake_args': None, 'cmake_clean_cache': False, 'cmake_clean_first': False, 'cmake_force_configure': False, 'cmake_target': None, 'cmake_target_skip_unavailable': False, 'install_base': '/mac_remote/ws/install/mac_messages', 'merge_install': False, 'path': '/mac_remote/ws/src/mac_messages', 'symlink_install': False, 'test_result_base': None}
[1.214s] Level 5:colcon.colcon_core.verb:set package 'macnav_description' build argument 'cmake_args' from command line to 'None'
[1.214s] Level 5:colcon.colcon_core.verb:set package 'macnav_description' build argument 'cmake_target' from command line to 'None'
[1.214s] Level 5:colcon.colcon_core.verb:set package 'macnav_description' build argument 'cmake_target_skip_unavailable' from command line to 'False'
[1.214s] Level 5:colcon.colcon_core.verb:set package 'macnav_description' build argument 'cmake_clean_cache' from command line to 'False'
[1.214s] Level 5:colcon.colcon_core.verb:set package 'macnav_description' build argument 'cmake_clean_first' from command line to 'False'
[1.214s] Level 5:colcon.colcon_core.verb:set package 'macnav_description' build argument 'cmake_force_configure' from command line to 'False'
[1.214s] Level 5:colcon.colcon_core.verb:set package 'macnav_description' build argument 'ament_cmake_args' from command line to 'None'
[1.214s] Level 5:colcon.colcon_core.verb:set package 'macnav_description' build argument 'catkin_cmake_args' from command line to 'None'
[1.214s] Level 5:colcon.colcon_core.verb:set package 'macnav_description' build argument 'catkin_skip_building_tests' from command line to 'False'
[1.214s] DEBUG:colcon.colcon_core.verb:Building package 'macnav_description' with the following arguments: {'ament_cmake_args': None, 'build_base': '/mac_remote/ws/build/macnav_description', 'catkin_cmake_args': None, 'catkin_skip_building_tests': False, 'cmake_args': None, 'cmake_clean_cache': False, 'cmake_clean_first': False, 'cmake_force_configure': False, 'cmake_target': None, 'cmake_target_skip_unavailable': False, 'install_base': '/mac_remote/ws/install/macnav_description', 'merge_install': False, 'path': '/mac_remote/ws/src/macnav_description', 'symlink_install': False, 'test_result_base': None}
[1.227s] Level 5:colcon.colcon_core.verb:set package 'manual_control' build argument 'cmake_args' from command line to 'None'
[1.227s] Level 5:colcon.colcon_core.verb:set package 'manual_control' build argument 'cmake_target' from command line to 'None'
[1.227s] Level 5:colcon.colcon_core.verb:set package 'manual_control' build argument 'cmake_target_skip_unavailable' from command line to 'False'
[1.227s] Level 5:colcon.colcon_core.verb:set package 'manual_control' build argument 'cmake_clean_cache' from command line to 'False'
[1.227s] Level 5:colcon.colcon_core.verb:set package 'manual_control' build argument 'cmake_clean_first' from command line to 'False'
[1.227s] Level 5:colcon.colcon_core.verb:set package 'manual_control' build argument 'cmake_force_configure' from command line to 'False'
[1.227s] Level 5:colcon.colcon_core.verb:set package 'manual_control' build argument 'ament_cmake_args' from command line to 'None'
[1.227s] Level 5:colcon.colcon_core.verb:set package 'manual_control' build argument 'catkin_cmake_args' from command line to 'None'
[1.227s] Level 5:colcon.colcon_core.verb:set package 'manual_control' build argument 'catkin_skip_building_tests' from command line to 'False'
[1.227s] DEBUG:colcon.colcon_core.verb:Building package 'manual_control' with the following arguments: {'ament_cmake_args': None, 'build_base': '/mac_remote/ws/build/manual_control', 'catkin_cmake_args': None, 'catkin_skip_building_tests': False, 'cmake_args': None, 'cmake_clean_cache': False, 'cmake_clean_first': False, 'cmake_force_configure': False, 'cmake_target': None, 'cmake_target_skip_unavailable': False, 'install_base': '/mac_remote/ws/install/manual_control', 'merge_install': False, 'path': '/mac_remote/ws/src/manual_control', 'symlink_install': False, 'test_result_base': None}
[1.239s] INFO:colcon.colcon_core.executor:Executing jobs using 'parallel' executor
[1.251s] DEBUG:colcon.colcon_parallel_executor.executor.parallel:run_until_complete
[1.251s] INFO:colcon.colcon_ros.task.ament_cmake.build:Building ROS package in '/mac_remote/ws/src/mac_messages' with build type 'ament_cmake'
[1.251s] INFO:colcon.colcon_cmake.task.cmake.build:Building CMake package in '/mac_remote/ws/src/mac_messages'
[1.267s] INFO:colcon.colcon_core.plugin_system:Skipping extension 'colcon_core.shell.bat': Not used on non-Windows systems
[1.267s] INFO:colcon.colcon_core.shell:Skip shell extension 'powershell' for command environment: Not usable outside of PowerShell
[1.267s] DEBUG:colcon.colcon_core.shell:Skip shell extension 'dsv' for command environment
[1.310s] INFO:colcon.colcon_ros.task.ament_cmake.build:Building ROS package in '/mac_remote/ws/src/macnav_description' with build type 'ament_cmake'
[1.310s] INFO:colcon.colcon_cmake.task.cmake.build:Building CMake package in '/mac_remote/ws/src/macnav_description'
[1.323s] INFO:colcon.colcon_core.shell:Skip shell extension 'powershell' for command environment: Not usable outside of PowerShell
[1.323s] DEBUG:colcon.colcon_core.shell:Skip shell extension 'dsv' for command environment
[1.375s] DEBUG:colcon.colcon_core.event_handler.log_command:Invoking command in '/mac_remote/ws/build/mac_messages': CMAKE_PREFIX_PATH=${CMAKE_PREFIX_PATH}:/mac_remote/ws/install/manual_control:/opt/ros/humble /usr/bin/cmake --build /mac_remote/ws/build/mac_messages -- -j12 -l12
[1.382s] DEBUG:colcon.colcon_core.event_handler.log_command:Invoking command in '/mac_remote/ws/build/macnav_description': CMAKE_PREFIX_PATH=${CMAKE_PREFIX_PATH}:/mac_remote/ws/install/manual_control:/opt/ros/humble /usr/bin/cmake --build /mac_remote/ws/build/macnav_description -- -j12 -l12
[1.423s] DEBUG:colcon.colcon_core.event_handler.log_command:Invoked command in '/mac_remote/ws/build/macnav_description' returned '0': CMAKE_PREFIX_PATH=${CMAKE_PREFIX_PATH}:/mac_remote/ws/install/manual_control:/opt/ros/humble /usr/bin/cmake --build /mac_remote/ws/build/macnav_description -- -j12 -l12
[1.476s] DEBUG:colcon.colcon_core.event_handler.log_command:Invoking command in '/mac_remote/ws/build/macnav_description': CMAKE_PREFIX_PATH=${CMAKE_PREFIX_PATH}:/mac_remote/ws/install/manual_control:/opt/ros/humble /usr/bin/cmake --install /mac_remote/ws/build/macnav_description
[1.490s] Level 1:colcon.colcon_core.environment:create_environment_scripts_only(macnav_description)
[1.493s] DEBUG:colcon.colcon_core.event_handler.log_command:Invoked command in '/mac_remote/ws/build/macnav_description' returned '0': CMAKE_PREFIX_PATH=${CMAKE_PREFIX_PATH}:/mac_remote/ws/install/manual_control:/opt/ros/humble /usr/bin/cmake --install /mac_remote/ws/build/macnav_description
[1.515s] Level 1:colcon.colcon_core.environment:checking '/mac_remote/ws/install/macnav_description' for CMake module files
[1.516s] Level 1:colcon.colcon_core.environment:checking '/mac_remote/ws/install/macnav_description' for CMake config files
[1.516s] Level 1:colcon.colcon_core.shell:create_environment_hook('macnav_description', 'cmake_prefix_path')
[1.531s] INFO:colcon.colcon_core.shell:Creating environment hook '/mac_remote/ws/install/macnav_description/share/macnav_description/hook/cmake_prefix_path.ps1'
[1.532s] INFO:colcon.colcon_core.shell:Creating environment descriptor '/mac_remote/ws/install/macnav_description/share/macnav_description/hook/cmake_prefix_path.dsv'
[1.532s] INFO:colcon.colcon_core.shell:Creating environment hook '/mac_remote/ws/install/macnav_description/share/macnav_description/hook/cmake_prefix_path.sh'
[1.534s] Level 1:colcon.colcon_core.environment:checking '/mac_remote/ws/install/macnav_description/bin'
[1.534s] Level 1:colcon.colcon_core.environment:checking '/mac_remote/ws/install/macnav_description/lib/pkgconfig/macnav_description.pc'
[1.536s] Level 1:colcon.colcon_core.environment:checking '/mac_remote/ws/install/macnav_description/lib/python3.10/site-packages'
[1.536s] Level 1:colcon.colcon_core.environment:checking '/mac_remote/ws/install/macnav_description/bin'
[1.551s] INFO:colcon.colcon_core.shell:Creating package script '/mac_remote/ws/install/macnav_description/share/macnav_description/package.ps1'
[1.552s] INFO:colcon.colcon_core.shell:Creating package descriptor '/mac_remote/ws/install/macnav_description/share/macnav_description/package.dsv'
[1.553s] INFO:colcon.colcon_core.shell:Creating package script '/mac_remote/ws/install/macnav_description/share/macnav_description/package.sh'
[1.554s] INFO:colcon.colcon_core.shell:Creating package script '/mac_remote/ws/install/macnav_description/share/macnav_description/package.bash'
[1.565s] INFO:colcon.colcon_core.shell:Creating package script '/mac_remote/ws/install/macnav_description/share/macnav_description/package.zsh'
[1.567s] Level 1:colcon.colcon_core.environment:create_file_with_runtime_dependencies(/mac_remote/ws/install/macnav_description/share/colcon-core/packages/macnav_description)
[1.613s] Level 1:colcon.colcon_core.environment:create_environment_scripts_only(macnav_description)
[1.626s] Level 1:colcon.colcon_core.environment:checking '/mac_remote/ws/install/macnav_description' for CMake module files
[1.626s] Level 1:colcon.colcon_core.environment:checking '/mac_remote/ws/install/macnav_description' for CMake config files
[1.627s] Level 1:colcon.colcon_core.shell:create_environment_hook('macnav_description', 'cmake_prefix_path')
[1.642s] INFO:colcon.colcon_core.shell:Creating environment hook '/mac_remote/ws/install/macnav_description/share/macnav_description/hook/cmake_prefix_path.ps1'
[1.642s] INFO:colcon.colcon_core.shell:Creating environment descriptor '/mac_remote/ws/install/macnav_description/share/macnav_description/hook/cmake_prefix_path.dsv'
[1.642s] INFO:colcon.colcon_core.shell:Creating environment hook '/mac_remote/ws/install/macnav_description/share/macnav_description/hook/cmake_prefix_path.sh'
[1.643s] Level 1:colcon.colcon_core.environment:checking '/mac_remote/ws/install/macnav_description/bin'
[1.643s] Level 1:colcon.colcon_core.environment:checking '/mac_remote/ws/install/macnav_description/lib/pkgconfig/macnav_description.pc'
[1.643s] Level 1:colcon.colcon_core.environment:checking '/mac_remote/ws/install/macnav_description/lib/python3.10/site-packages'
[1.644s] Level 1:colcon.colcon_core.environment:checking '/mac_remote/ws/install/macnav_description/bin'
[1.661s] INFO:colcon.colcon_core.shell:Creating package script '/mac_remote/ws/install/macnav_description/share/macnav_description/package.ps1'
[1.662s] INFO:colcon.colcon_core.shell:Creating package descriptor '/mac_remote/ws/install/macnav_description/share/macnav_description/package.dsv'
[1.663s] INFO:colcon.colcon_core.shell:Creating package script '/mac_remote/ws/install/macnav_description/share/macnav_description/package.sh'
[1.663s] INFO:colcon.colcon_core.shell:Creating package script '/mac_remote/ws/install/macnav_description/share/macnav_description/package.bash'
[1.664s] INFO:colcon.colcon_core.shell:Creating package script '/mac_remote/ws/install/macnav_description/share/macnav_description/package.zsh'
[1.664s] Level 1:colcon.colcon_core.environment:create_file_with_runtime_dependencies(/mac_remote/ws/install/macnav_description/share/colcon-core/packages/macnav_description)
[1.799s] DEBUG:colcon.colcon_core.event_handler.log_command:Invoked command in '/mac_remote/ws/build/mac_messages' returned '0': CMAKE_PREFIX_PATH=${CMAKE_PREFIX_PATH}:/mac_remote/ws/install/manual_control:/opt/ros/humble /usr/bin/cmake --build /mac_remote/ws/build/mac_messages -- -j12 -l12
[1.872s] DEBUG:colcon.colcon_core.event_handler.log_command:Invoking command in '/mac_remote/ws/build/mac_messages': CMAKE_PREFIX_PATH=${CMAKE_PREFIX_PATH}:/mac_remote/ws/install/manual_control:/opt/ros/humble /usr/bin/cmake --install /mac_remote/ws/build/mac_messages
[1.933s] Level 1:colcon.colcon_core.environment:create_environment_scripts_only(mac_messages)
[1.934s] DEBUG:colcon.colcon_core.event_handler.log_command:Invoked command in '/mac_remote/ws/build/mac_messages' returned '0': CMAKE_PREFIX_PATH=${CMAKE_PREFIX_PATH}:/mac_remote/ws/install/manual_control:/opt/ros/humble /usr/bin/cmake --install /mac_remote/ws/build/mac_messages
[1.947s] Level 1:colcon.colcon_core.environment:checking '/mac_remote/ws/install/mac_messages' for CMake module files
[1.948s] Level 1:colcon.colcon_core.environment:checking '/mac_remote/ws/install/mac_messages' for CMake config files
[1.948s] Level 1:colcon.colcon_core.shell:create_environment_hook('mac_messages', 'cmake_prefix_path')
[1.964s] INFO:colcon.colcon_core.shell:Creating environment hook '/mac_remote/ws/install/mac_messages/share/mac_messages/hook/cmake_prefix_path.ps1'
[1.965s] INFO:colcon.colcon_core.shell:Creating environment descriptor '/mac_remote/ws/install/mac_messages/share/mac_messages/hook/cmake_prefix_path.dsv'
[1.965s] INFO:colcon.colcon_core.shell:Creating environment hook '/mac_remote/ws/install/mac_messages/share/mac_messages/hook/cmake_prefix_path.sh'
[1.966s] Level 1:colcon.colcon_core.environment:checking '/mac_remote/ws/install/mac_messages/lib'
[1.966s] Level 1:colcon.colcon_core.shell:create_environment_hook('mac_messages', 'ld_library_path_lib')
[1.981s] INFO:colcon.colcon_core.shell:Creating environment hook '/mac_remote/ws/install/mac_messages/share/mac_messages/hook/ld_library_path_lib.ps1'
[1.982s] INFO:colcon.colcon_core.shell:Creating environment descriptor '/mac_remote/ws/install/mac_messages/share/mac_messages/hook/ld_library_path_lib.dsv'
[1.982s] INFO:colcon.colcon_core.shell:Creating environment hook '/mac_remote/ws/install/mac_messages/share/mac_messages/hook/ld_library_path_lib.sh'
[1.982s] Level 1:colcon.colcon_core.environment:checking '/mac_remote/ws/install/mac_messages/bin'
[1.982s] Level 1:colcon.colcon_core.environment:checking '/mac_remote/ws/install/mac_messages/lib/pkgconfig/mac_messages.pc'
[1.983s] Level 1:colcon.colcon_core.environment:checking '/mac_remote/ws/install/mac_messages/lib/python3.10/site-packages'
[1.983s] Level 1:colcon.colcon_core.environment:checking '/mac_remote/ws/install/mac_messages/bin'
[1.995s] INFO:colcon.colcon_core.shell:Creating package script '/mac_remote/ws/install/mac_messages/share/mac_messages/package.ps1'
[1.996s] INFO:colcon.colcon_core.shell:Creating package descriptor '/mac_remote/ws/install/mac_messages/share/mac_messages/package.dsv'
[1.996s] INFO:colcon.colcon_core.shell:Creating package script '/mac_remote/ws/install/mac_messages/share/mac_messages/package.sh'
[1.997s] INFO:colcon.colcon_core.shell:Creating package script '/mac_remote/ws/install/mac_messages/share/mac_messages/package.bash'
[1.997s] INFO:colcon.colcon_core.shell:Creating package script '/mac_remote/ws/install/mac_messages/share/mac_messages/package.zsh'
[1.997s] Level 1:colcon.colcon_core.environment:create_file_with_runtime_dependencies(/mac_remote/ws/install/mac_messages/share/colcon-core/packages/mac_messages)
[2.084s] Level 1:colcon.colcon_core.environment:create_environment_scripts_only(mac_messages)
[2.101s] Level 1:colcon.colcon_core.environment:checking '/mac_remote/ws/install/mac_messages' for CMake module files
[2.101s] Level 1:colcon.colcon_core.environment:checking '/mac_remote/ws/install/mac_messages' for CMake config files
[2.102s] Level 1:colcon.colcon_core.shell:create_environment_hook('mac_messages', 'cmake_prefix_path')
[2.114s] INFO:colcon.colcon_core.shell:Creating environment hook '/mac_remote/ws/install/mac_messages/share/mac_messages/hook/cmake_prefix_path.ps1'
[2.115s] INFO:colcon.colcon_core.shell:Creating environment descriptor '/mac_remote/ws/install/mac_messages/share/mac_messages/hook/cmake_prefix_path.dsv'
[2.115s] INFO:colcon.colcon_core.shell:Creating environment hook '/mac_remote/ws/install/mac_messages/share/mac_messages/hook/cmake_prefix_path.sh'
[2.115s] Level 1:colcon.colcon_core.environment:checking '/mac_remote/ws/install/mac_messages/lib'
[2.115s] Level 1:colcon.colcon_core.shell:create_environment_hook('mac_messages', 'ld_library_path_lib')
[2.128s] INFO:colcon.colcon_core.shell:Creating environment hook '/mac_remote/ws/install/mac_messages/share/mac_messages/hook/ld_library_path_lib.ps1'
[2.129s] INFO:colcon.colcon_core.shell:Creating environment descriptor '/mac_remote/ws/install/mac_messages/share/mac_messages/hook/ld_library_path_lib.dsv'
[2.129s] INFO:colcon.colcon_core.shell:Creating environment hook '/mac_remote/ws/install/mac_messages/share/mac_messages/hook/ld_library_path_lib.sh'
[2.130s] Level 1:colcon.colcon_core.environment:checking '/mac_remote/ws/install/mac_messages/bin'
[2.130s] Level 1:colcon.colcon_core.environment:checking '/mac_remote/ws/install/mac_messages/lib/pkgconfig/mac_messages.pc'
[2.130s] Level 1:colcon.colcon_core.environment:checking '/mac_remote/ws/install/mac_messages/lib/python3.10/site-packages'
[2.130s] Level 1:colcon.colcon_core.environment:checking '/mac_remote/ws/install/mac_messages/bin'
[2.143s] INFO:colcon.colcon_core.shell:Creating package script '/mac_remote/ws/install/mac_messages/share/mac_messages/package.ps1'
[2.144s] INFO:colcon.colcon_core.shell:Creating package descriptor '/mac_remote/ws/install/mac_messages/share/mac_messages/package.dsv'
[2.144s] INFO:colcon.colcon_core.shell:Creating package script '/mac_remote/ws/install/mac_messages/share/mac_messages/package.sh'
[2.145s] INFO:colcon.colcon_core.shell:Creating package script '/mac_remote/ws/install/mac_messages/share/mac_messages/package.bash'
[2.145s] INFO:colcon.colcon_core.shell:Creating package script '/mac_remote/ws/install/mac_messages/share/mac_messages/package.zsh'
[2.145s] Level 1:colcon.colcon_core.environment:create_file_with_runtime_dependencies(/mac_remote/ws/install/mac_messages/share/colcon-core/packages/mac_messages)
[2.145s] INFO:colcon.colcon_ros.task.ament_python.build:Building ROS package in '/mac_remote/ws/src/manual_control' with build type 'ament_python'
[2.146s] Level 1:colcon.colcon_core.shell:create_environment_hook('manual_control', 'ament_prefix_path')
[2.161s] INFO:colcon.colcon_core.shell:Creating environment hook '/mac_remote/ws/install/manual_control/share/manual_control/hook/ament_prefix_path.ps1'
[2.161s] INFO:colcon.colcon_core.shell:Creating environment descriptor '/mac_remote/ws/install/manual_control/share/manual_control/hook/ament_prefix_path.dsv'
[2.161s] INFO:colcon.colcon_core.shell:Creating environment hook '/mac_remote/ws/install/manual_control/share/manual_control/hook/ament_prefix_path.sh'
[2.176s] INFO:colcon.colcon_core.shell:Skip shell extension 'powershell' for command environment: Not usable outside of PowerShell
[2.176s] DEBUG:colcon.colcon_core.shell:Skip shell extension 'dsv' for command environment
[2.475s] INFO:colcon.colcon_core.task.python.build:Building Python package in '/mac_remote/ws/src/manual_control'
[2.489s] INFO:colcon.colcon_core.shell:Skip shell extension 'powershell' for command environment: Not usable outside of PowerShell
[2.490s] DEBUG:colcon.colcon_core.shell:Skip shell extension 'dsv' for command environment
[2.866s] DEBUG:colcon.colcon_core.event_handler.log_command:Invoking command in '/mac_remote/ws/src/manual_control': CMAKE_PREFIX_PATH=/mac_remote/ws/install/mac_messages:/mac_remote/ws/install/macnav_description PYTHONPATH=/mac_remote/ws/build/manual_control/prefix_override:/mac_remote/ws/install/manual_control/lib/python3.10/site-packages:${PYTHONPATH} /usr/bin/python3 setup.py egg_info --egg-base ../../build/manual_control build --build-base /mac_remote/ws/build/manual_control/build install --record /mac_remote/ws/build/manual_control/install.log --single-version-externally-managed
[3.148s] DEBUG:colcon.colcon_core.event_handler.log_command:Invoked command in '/mac_remote/ws/src/manual_control' returned '0': CMAKE_PREFIX_PATH=/mac_remote/ws/install/mac_messages:/mac_remote/ws/install/macnav_description PYTHONPATH=/mac_remote/ws/build/manual_control/prefix_override:/mac_remote/ws/install/manual_control/lib/python3.10/site-packages:${PYTHONPATH} /usr/bin/python3 setup.py egg_info --egg-base ../../build/manual_control build --build-base /mac_remote/ws/build/manual_control/build install --record /mac_remote/ws/build/manual_control/install.log --single-version-externally-managed
[3.161s] Level 1:colcon.colcon_core.environment:checking '/mac_remote/ws/install/manual_control' for CMake module files
[3.161s] Level 1:colcon.colcon_core.environment:checking '/mac_remote/ws/install/manual_control' for CMake config files
[3.161s] Level 1:colcon.colcon_core.environment:checking '/mac_remote/ws/install/manual_control/lib'
[3.162s] Level 1:colcon.colcon_core.environment:checking '/mac_remote/ws/install/manual_control/bin'
[3.162s] Level 1:colcon.colcon_core.environment:checking '/mac_remote/ws/install/manual_control/lib/pkgconfig/manual_control.pc'
[3.162s] Level 1:colcon.colcon_core.environment:checking '/mac_remote/ws/install/manual_control/lib/python3.10/site-packages'
[3.162s] Level 1:colcon.colcon_core.shell:create_environment_hook('manual_control', 'pythonpath')
[3.177s] INFO:colcon.colcon_core.shell:Creating environment hook '/mac_remote/ws/install/manual_control/share/manual_control/hook/pythonpath.ps1'
[3.178s] INFO:colcon.colcon_core.shell:Creating environment descriptor '/mac_remote/ws/install/manual_control/share/manual_control/hook/pythonpath.dsv'
[3.178s] INFO:colcon.colcon_core.shell:Creating environment hook '/mac_remote/ws/install/manual_control/share/manual_control/hook/pythonpath.sh'
[3.179s] Level 1:colcon.colcon_core.environment:checking '/mac_remote/ws/install/manual_control/bin'
[3.179s] Level 1:colcon.colcon_core.environment:create_environment_scripts_only(manual_control)
[3.192s] INFO:colcon.colcon_core.shell:Creating package script '/mac_remote/ws/install/manual_control/share/manual_control/package.ps1'
[3.192s] INFO:colcon.colcon_core.shell:Creating package descriptor '/mac_remote/ws/install/manual_control/share/manual_control/package.dsv'
[3.193s] INFO:colcon.colcon_core.shell:Creating package script '/mac_remote/ws/install/manual_control/share/manual_control/package.sh'
[3.193s] INFO:colcon.colcon_core.shell:Creating package script '/mac_remote/ws/install/manual_control/share/manual_control/package.bash'
[3.194s] INFO:colcon.colcon_core.shell:Creating package script '/mac_remote/ws/install/manual_control/share/manual_control/package.zsh'
[3.194s] Level 1:colcon.colcon_core.environment:create_file_with_runtime_dependencies(/mac_remote/ws/install/manual_control/share/colcon-core/packages/manual_control)
[3.194s] DEBUG:colcon.colcon_parallel_executor.executor.parallel:closing loop
[3.194s] DEBUG:colcon.colcon_parallel_executor.executor.parallel:loop closed
[3.195s] DEBUG:colcon.colcon_parallel_executor.executor.parallel:run_until_complete finished with '0'
[3.195s] DEBUG:colcon.colcon_core.event_reactor:joining thread
[3.216s] INFO:colcon.colcon_core.plugin_system:Skipping extension 'colcon_notification.desktop_notification.notify_send': Could not find 'notify-send'
[3.216s] INFO:colcon.colcon_core.plugin_system:Skipping extension 'colcon_notification.desktop_notification.terminal_notifier': Not used on non-Darwin systems
[3.216s] INFO:colcon.colcon_core.plugin_system:Skipping extension 'colcon_notification.desktop_notification.win32': Not used on non-Windows systems
[3.216s] INFO:colcon.colcon_notification.desktop_notification:Sending desktop notification using 'notify2'
[3.220s] DEBUG:colcon.colcon_notification.desktop_notification.notify2:Failed to initialize notify2: org.freedesktop.DBus.Error.Spawn.ExecFailed: /usr/bin/dbus-launch terminated abnormally without any error message
[3.220s] DEBUG:colcon.colcon_core.event_reactor:joined thread
[3.238s] INFO:colcon.colcon_core.shell:Creating prefix script '/mac_remote/ws/install/local_setup.ps1'
[3.239s] INFO:colcon.colcon_core.shell:Creating prefix util module '/mac_remote/ws/install/_local_setup_util_ps1.py'
[3.240s] INFO:colcon.colcon_core.shell:Creating prefix chain script '/mac_remote/ws/install/setup.ps1'
[3.256s] INFO:colcon.colcon_core.shell:Creating prefix script '/mac_remote/ws/install/local_setup.sh'
[3.257s] INFO:colcon.colcon_core.shell:Creating prefix util module '/mac_remote/ws/install/_local_setup_util_sh.py'
[3.257s] INFO:colcon.colcon_core.shell:Creating prefix chain script '/mac_remote/ws/install/setup.sh'
[3.270s] INFO:colcon.colcon_core.shell:Creating prefix script '/mac_remote/ws/install/local_setup.bash'
[3.271s] INFO:colcon.colcon_core.shell:Creating prefix chain script '/mac_remote/ws/install/setup.bash'
[3.284s] INFO:colcon.colcon_core.shell:Creating prefix script '/mac_remote/ws/install/local_setup.zsh'
[3.285s] INFO:colcon.colcon_core.shell:Creating prefix chain script '/mac_remote/ws/install/setup.zsh'
