[2.699s] Invoking command in '/mac_everything/ws/build/manual_control': PYTHONPATH=/mac_everything/ws/build/manual_control/prefix_override:/mac_everything/ws/install/manual_control/lib/python3.8/site-packages: /usr/bin/python3 setup.py develop --uninstall --editable --build-directory /mac_everything/ws/build/manual_control/build
[3.713s] running develop
[4.268s] Invoked command in '/mac_everything/ws/build/manual_control' returned '0': PYTHONPATH=/mac_everything/ws/build/manual_control/prefix_override:/mac_everything/ws/install/manual_control/lib/python3.8/site-packages: /usr/bin/python3 setup.py develop --uninstall --editable --build-directory /mac_everything/ws/build/manual_control/build
[4.275s] Invoking command in '/mac_everything/ws/src/manual_control': PYTHONPATH=/mac_everything/ws/build/manual_control/prefix_override:/mac_everything/ws/install/manual_control/lib/python3.8/site-packages: /usr/bin/python3 setup.py egg_info --egg-base ../../build/manual_control build --build-base /mac_everything/ws/build/manual_control/build install --record /mac_everything/ws/build/manual_control/install.log --single-version-externally-managed
[5.199s] running egg_info
[5.201s] writing ../../build/manual_control/manual_control.egg-info/PKG-INFO
[5.202s] writing dependency_links to ../../build/manual_control/manual_control.egg-info/dependency_links.txt
[5.203s] writing entry points to ../../build/manual_control/manual_control.egg-info/entry_points.txt
[5.203s] writing requirements to ../../build/manual_control/manual_control.egg-info/requires.txt
[5.204s] writing top-level names to ../../build/manual_control/manual_control.egg-info/top_level.txt
[5.210s] reading manifest file '../../build/manual_control/manual_control.egg-info/SOURCES.txt'
[5.214s] writing manifest file '../../build/manual_control/manual_control.egg-info/SOURCES.txt'
[5.214s] running build
[5.214s] running build_py
[5.215s] copying manual_control/controller_node.py -> /mac_everything/ws/build/manual_control/build/lib/manual_control
[5.216s] running install
[5.219s] running install_lib
[5.223s] copying /mac_everything/ws/build/manual_control/build/lib/manual_control/controller_node.py -> /mac_everything/ws/install/manual_control/lib/python3.8/site-packages/manual_control
[5.225s] byte-compiling /mac_everything/ws/install/manual_control/lib/python3.8/site-packages/manual_control/controller_node.py to controller_node.cpython-38.pyc
[5.228s] running install_data
[5.230s] running install_egg_info
[5.236s] removing '/mac_everything/ws/install/manual_control/lib/python3.8/site-packages/manual_control-0.0.0-py3.8.egg-info' (and everything under it)
[5.237s] Copying ../../build/manual_control/manual_control.egg-info to /mac_everything/ws/install/manual_control/lib/python3.8/site-packages/manual_control-0.0.0-py3.8.egg-info
[5.241s] running install_scripts
[5.313s] Installing manual_turtle_node script to /mac_everything/ws/install/manual_control/lib/manual_control
[5.314s] writing list of installed files to '/mac_everything/ws/build/manual_control/install.log'
[5.414s] Invoked command in '/mac_everything/ws/src/manual_control' returned '0': PYTHONPATH=/mac_everything/ws/build/manual_control/prefix_override:/mac_everything/ws/install/manual_control/lib/python3.8/site-packages: /usr/bin/python3 setup.py egg_info --egg-base ../../build/manual_control build --build-base /mac_everything/ws/build/manual_control/build install --record /mac_everything/ws/build/manual_control/install.log --single-version-externally-managed
