[0.080s] Invoking command in '/mac_remote/ws/build/macnav_description': CMAKE_PREFIX_PATH=${CMAKE_PREFIX_PATH}:/mac_remote/ws/install/manual_control:/opt/ros/humble /usr/bin/cmake --build /mac_remote/ws/build/macnav_description -- -j12 -l12
[0.125s] Invoked command in '/mac_remote/ws/build/macnav_description' returned '0': CMAKE_PREFIX_PATH=${CMAKE_PREFIX_PATH}:/mac_remote/ws/install/manual_control:/opt/ros/humble /usr/bin/cmake --build /mac_remote/ws/build/macnav_description -- -j12 -l12
[0.183s] Invoking command in '/mac_remote/ws/build/macnav_description': CMAKE_PREFIX_PATH=${CMAKE_PREFIX_PATH}:/mac_remote/ws/install/manual_control:/opt/ros/humble /usr/bin/cmake --install /mac_remote/ws/build/macnav_description
[0.200s] -- Install configuration: ""
[0.200s] -- Up-to-date: /mac_remote/ws/install/macnav_description/share/macnav_description//urdf
[0.200s] -- Up-to-date: /mac_remote/ws/install/macnav_description/share/macnav_description//urdf/macnav.urdf.xacro
[0.201s] -- Up-to-date: /mac_remote/ws/install/macnav_description/share/macnav_description//urdf/macnav_lidar.xacro
[0.201s] -- Up-to-date: /mac_remote/ws/install/macnav_description/share/macnav_description//urdf/common_properties.xacro
[0.201s] -- Up-to-date: /mac_remote/ws/install/macnav_description/share/macnav_description//urdf/macnav_base.xacro
[0.201s] -- Up-to-date: /mac_remote/ws/install/macnav_description/share/macnav_description//launch
[0.201s] -- Up-to-date: /mac_remote/ws/install/macnav_description/share/macnav_description//launch/display.launch.xml
[0.202s] -- Up-to-date: /mac_remote/ws/install/macnav_description/share/macnav_description//rviz
[0.202s] -- Up-to-date: /mac_remote/ws/install/macnav_description/share/macnav_description//rviz/macnav_config.rviz
[0.202s] -- Up-to-date: /mac_remote/ws/install/macnav_description/share/ament_index/resource_index/package_run_dependencies/macnav_description
[0.202s] -- Up-to-date: /mac_remote/ws/install/macnav_description/share/ament_index/resource_index/parent_prefix_path/macnav_description
[0.202s] -- Up-to-date: /mac_remote/ws/install/macnav_description/share/macnav_description/environment/ament_prefix_path.sh
[0.202s] -- Up-to-date: /mac_remote/ws/install/macnav_description/share/macnav_description/environment/ament_prefix_path.dsv
[0.203s] -- Up-to-date: /mac_remote/ws/install/macnav_description/share/macnav_description/environment/path.sh
[0.203s] -- Up-to-date: /mac_remote/ws/install/macnav_description/share/macnav_description/environment/path.dsv
[0.203s] -- Up-to-date: /mac_remote/ws/install/macnav_description/share/macnav_description/local_setup.bash
[0.203s] -- Up-to-date: /mac_remote/ws/install/macnav_description/share/macnav_description/local_setup.sh
[0.203s] -- Up-to-date: /mac_remote/ws/install/macnav_description/share/macnav_description/local_setup.zsh
[0.204s] -- Up-to-date: /mac_remote/ws/install/macnav_description/share/macnav_description/local_setup.dsv
[0.204s] -- Installing: /mac_remote/ws/install/macnav_description/share/macnav_description/package.dsv
[0.232s] -- Up-to-date: /mac_remote/ws/install/macnav_description/share/ament_index/resource_index/packages/macnav_description
[0.233s] -- Up-to-date: /mac_remote/ws/install/macnav_description/share/macnav_description/cmake/macnav_descriptionConfig.cmake
[0.233s] -- Up-to-date: /mac_remote/ws/install/macnav_description/share/macnav_description/cmake/macnav_descriptionConfig-version.cmake
[0.233s] -- Up-to-date: /mac_remote/ws/install/macnav_description/share/macnav_description/package.xml
[0.236s] Invoked command in '/mac_remote/ws/build/macnav_description' returned '0': CMAKE_PREFIX_PATH=${CMAKE_PREFIX_PATH}:/mac_remote/ws/install/manual_control:/opt/ros/humble /usr/bin/cmake --install /mac_remote/ws/build/macnav_description
