[0.068s] Invoking command in '/mac_remote/ws/build/macnav_description': CMAKE_PREFIX_PATH=${CMAKE_PREFIX_PATH}:/mac_remote/ws/install/manual_control:/opt/ros/humble /usr/bin/cmake /mac_remote/ws/src/macnav_description -DCMAKE_INSTALL_PREFIX=/mac_remote/ws/install/macnav_description
[0.082s] -- Found ament_cmake: 1.3.5 (/opt/ros/humble/share/ament_cmake/cmake)
[0.231s] -- Override CMake install command with custom implementation using symlinks instead of copying resources
[0.314s] -- Configuring done
[0.317s] -- Generating done
[0.328s] -- Build files have been written to: /mac_remote/ws/build/macnav_description
[0.332s] Invoked command in '/mac_remote/ws/build/macnav_description' returned '0': CMAKE_PREFIX_PATH=${CMAKE_PREFIX_PATH}:/mac_remote/ws/install/manual_control:/opt/ros/humble /usr/bin/cmake /mac_remote/ws/src/macnav_description -DCMAKE_INSTALL_PREFIX=/mac_remote/ws/install/macnav_description
[0.333s] Invoking command in '/mac_remote/ws/build/macnav_description': CMAKE_PREFIX_PATH=${CMAKE_PREFIX_PATH}:/mac_remote/ws/install/manual_control:/opt/ros/humble /usr/bin/cmake --build /mac_remote/ws/build/macnav_description -- -j12 -l12
[0.378s] Invoked command in '/mac_remote/ws/build/macnav_description' returned '0': CMAKE_PREFIX_PATH=${CMAKE_PREFIX_PATH}:/mac_remote/ws/install/manual_control:/opt/ros/humble /usr/bin/cmake --build /mac_remote/ws/build/macnav_description -- -j12 -l12
[0.428s] Invoking command in '/mac_remote/ws/build/macnav_description': CMAKE_PREFIX_PATH=${CMAKE_PREFIX_PATH}:/mac_remote/ws/install/manual_control:/opt/ros/humble /usr/bin/cmake --install /mac_remote/ws/build/macnav_description
[0.438s] -- Install configuration: ""
[0.439s] -- Execute custom install script
[0.439s] -- Up-to-date symlink: /mac_remote/ws/install/macnav_description/share/macnav_description//urdf/common_properties.xacro
[0.440s] -- Up-to-date symlink: /mac_remote/ws/install/macnav_description/share/macnav_description//urdf/macnav.urdf.xacro
[0.440s] -- Up-to-date symlink: /mac_remote/ws/install/macnav_description/share/macnav_description//urdf/macnav_base.xacro
[0.440s] -- Up-to-date symlink: /mac_remote/ws/install/macnav_description/share/macnav_description//urdf/macnav_lidar.xacro
[0.440s] -- Up-to-date symlink: /mac_remote/ws/install/macnav_description/share/macnav_description//launch/display.launch.xml
[0.440s] -- Up-to-date symlink: /mac_remote/ws/install/macnav_description/share/macnav_description//rviz/macnav_config.rviz
[0.440s] -- Up-to-date symlink: /mac_remote/ws/install/macnav_description/share/ament_index/resource_index/package_run_dependencies/macnav_description
[0.440s] -- Up-to-date symlink: /mac_remote/ws/install/macnav_description/share/ament_index/resource_index/parent_prefix_path/macnav_description
[0.441s] -- Up-to-date symlink: /mac_remote/ws/install/macnav_description/share/macnav_description/environment/ament_prefix_path.sh
[0.441s] -- Up-to-date symlink: /mac_remote/ws/install/macnav_description/share/macnav_description/environment/ament_prefix_path.dsv
[0.441s] -- Up-to-date symlink: /mac_remote/ws/install/macnav_description/share/macnav_description/environment/path.sh
[0.441s] -- Up-to-date symlink: /mac_remote/ws/install/macnav_description/share/macnav_description/environment/path.dsv
[0.441s] -- Up-to-date symlink: /mac_remote/ws/install/macnav_description/share/macnav_description/local_setup.bash
[0.442s] -- Up-to-date symlink: /mac_remote/ws/install/macnav_description/share/macnav_description/local_setup.sh
[0.442s] -- Up-to-date symlink: /mac_remote/ws/install/macnav_description/share/macnav_description/local_setup.zsh
[0.442s] -- Up-to-date symlink: /mac_remote/ws/install/macnav_description/share/macnav_description/local_setup.dsv
[0.442s] -- Symlinking: /mac_remote/ws/install/macnav_description/share/macnav_description/package.dsv
[0.454s] -- Up-to-date symlink: /mac_remote/ws/install/macnav_description/share/ament_index/resource_index/packages/macnav_description
[0.454s] -- Up-to-date symlink: /mac_remote/ws/install/macnav_description/share/macnav_description/cmake/macnav_descriptionConfig.cmake
[0.455s] -- Up-to-date symlink: /mac_remote/ws/install/macnav_description/share/macnav_description/cmake/macnav_descriptionConfig-version.cmake
[0.455s] -- Up-to-date symlink: /mac_remote/ws/install/macnav_description/share/macnav_description/package.xml
[0.457s] Invoked command in '/mac_remote/ws/build/macnav_description' returned '0': CMAKE_PREFIX_PATH=${CMAKE_PREFIX_PATH}:/mac_remote/ws/install/manual_control:/opt/ros/humble /usr/bin/cmake --install /mac_remote/ws/build/macnav_description
