[1.467s] DEBUG:colcon:Command line arguments: ['/usr/bin/colcon', 'build', '--packages-select', 'manual_control']
[1.468s] DEBUG:colcon:Parsed command line arguments: Namespace(log_base=None, log_level=None, verb_name='build', build_base='build', install_base='install', merge_install=False, symlink_install=False, test_result_base=None, continue_on_error=False, executor='parallel', parallel_workers=4, event_handlers=None, ignore_user_meta=False, metas=['./colcon.meta'], base_paths=['.'], packages_ignore=None, packages_ignore_regex=None, paths=None, packages_up_to=None, packages_up_to_regex=None, packages_above=None, packages_above_and_dependencies=None, packages_above_depth=None, packages_select_by_dep=None, packages_skip_by_dep=None, packages_skip_up_to=None, packages_select_build_failed=False, packages_skip_build_finished=False, packages_select_test_failures=False, packages_skip_test_passed=False, packages_select=['manual_control'], packages_skip=None, packages_select_regex=None, packages_skip_regex=None, packages_start=None, packages_end=None, cmake_args=None, cmake_target=None, cmake_target_skip_unavailable=False, cmake_clean_cache=False, cmake_clean_first=False, cmake_force_configure=False, ament_cmake_args=None, catkin_cmake_args=None, catkin_skip_building_tests=False, mixin_files=None, mixin=None, verb_parser=<colcon_mixin.mixin.mixin_argument.MixinArgumentDecorator object at 0x7f5f932db2b0>, verb_extension=<colcon_core.verb.build.BuildVerb object at 0x7f5f93422290>, main=<bound method BuildVerb.main of <colcon_core.verb.build.BuildVerb object at 0x7f5f93422290>>, mixin_verb=('build',))
[1.523s] Level 1:colcon.colcon_core.package_discovery:discover_packages(colcon_meta) check parameters
[1.523s] INFO:colcon.colcon_metadata.package_discovery.colcon_meta:Using configuration from '/root/.colcon/metadata/default/Gazebo.meta'
[1.524s] INFO:colcon.colcon_metadata.package_discovery.colcon_meta:Using configuration from '/root/.colcon/metadata/default/fastrtps.meta'
[1.524s] Level 1:colcon.colcon_core.package_discovery:discover_packages(recursive) check parameters
[1.524s] Level 1:colcon.colcon_core.package_discovery:discover_packages(ignore) check parameters
[1.524s] Level 1:colcon.colcon_core.package_discovery:discover_packages(path) check parameters
[1.524s] Level 1:colcon.colcon_core.package_discovery:discover_packages(colcon_meta) discover
[1.525s] Level 1:colcon.colcon_core.package_discovery:discover_packages(recursive) discover
[1.525s] INFO:colcon.colcon_core.package_discovery:Crawling recursively for packages in '/mac_remote/ws'
[1.525s] Level 1:colcon.colcon_core.package_identification:_identify(.) by extensions ['ignore', 'ignore_ament_install']
[1.525s] Level 1:colcon.colcon_core.package_identification:_identify(.) by extension 'ignore'
[1.525s] Level 1:colcon.colcon_core.package_identification:_identify(.) by extension 'ignore_ament_install'
[1.525s] Level 1:colcon.colcon_core.package_identification:_identify(.) by extensions ['colcon_pkg']
[1.525s] Level 1:colcon.colcon_core.package_identification:_identify(.) by extension 'colcon_pkg'
[1.525s] Level 1:colcon.colcon_core.package_identification:_identify(.) by extensions ['colcon_meta']
[1.525s] Level 1:colcon.colcon_core.package_identification:_identify(.) by extension 'colcon_meta'
[1.526s] Level 1:colcon.colcon_core.package_identification:_identify(.) by extensions ['ros']
[1.526s] Level 1:colcon.colcon_core.package_identification:_identify(.) by extension 'ros'
[1.541s] Level 1:colcon.colcon_core.package_identification:_identify(.) by extensions ['cmake', 'python']
[1.541s] Level 1:colcon.colcon_core.package_identification:_identify(.) by extension 'cmake'
[1.541s] Level 1:colcon.colcon_core.package_identification:_identify(.) by extension 'python'
[1.541s] Level 1:colcon.colcon_core.package_identification:_identify(.) by extensions ['python_setup_py']
[1.541s] Level 1:colcon.colcon_core.package_identification:_identify(.) by extension 'python_setup_py'
[1.541s] Level 1:colcon.colcon_core.package_identification:_identify(build) by extensions ['ignore', 'ignore_ament_install']
[1.541s] Level 1:colcon.colcon_core.package_identification:_identify(build) by extension 'ignore'
[1.541s] Level 1:colcon.colcon_core.package_identification:_identify(build) ignored
[1.542s] Level 1:colcon.colcon_core.package_identification:_identify(install) by extensions ['ignore', 'ignore_ament_install']
[1.542s] Level 1:colcon.colcon_core.package_identification:_identify(install) by extension 'ignore'
[1.542s] Level 1:colcon.colcon_core.package_identification:_identify(install) ignored
[1.542s] Level 1:colcon.colcon_core.package_identification:_identify(log) by extensions ['ignore', 'ignore_ament_install']
[1.542s] Level 1:colcon.colcon_core.package_identification:_identify(log) by extension 'ignore'
[1.542s] Level 1:colcon.colcon_core.package_identification:_identify(log) ignored
[1.543s] Level 1:colcon.colcon_core.package_identification:_identify(src) by extensions ['ignore', 'ignore_ament_install']
[1.543s] Level 1:colcon.colcon_core.package_identification:_identify(src) by extension 'ignore'
[1.543s] Level 1:colcon.colcon_core.package_identification:_identify(src) by extension 'ignore_ament_install'
[1.543s] Level 1:colcon.colcon_core.package_identification:_identify(src) by extensions ['colcon_pkg']
[1.543s] Level 1:colcon.colcon_core.package_identification:_identify(src) by extension 'colcon_pkg'
[1.543s] Level 1:colcon.colcon_core.package_identification:_identify(src) by extensions ['colcon_meta']
[1.543s] Level 1:colcon.colcon_core.package_identification:_identify(src) by extension 'colcon_meta'
[1.543s] Level 1:colcon.colcon_core.package_identification:_identify(src) by extensions ['ros']
[1.544s] Level 1:colcon.colcon_core.package_identification:_identify(src) by extension 'ros'
[1.544s] Level 1:colcon.colcon_core.package_identification:_identify(src) by extensions ['cmake', 'python']
[1.544s] Level 1:colcon.colcon_core.package_identification:_identify(src) by extension 'cmake'
[1.544s] Level 1:colcon.colcon_core.package_identification:_identify(src) by extension 'python'
[1.544s] Level 1:colcon.colcon_core.package_identification:_identify(src) by extensions ['python_setup_py']
[1.544s] Level 1:colcon.colcon_core.package_identification:_identify(src) by extension 'python_setup_py'
[1.544s] Level 1:colcon.colcon_core.package_identification:_identify(src/mac_messages) by extensions ['ignore', 'ignore_ament_install']
[1.545s] Level 1:colcon.colcon_core.package_identification:_identify(src/mac_messages) by extension 'ignore'
[1.545s] Level 1:colcon.colcon_core.package_identification:_identify(src/mac_messages) by extension 'ignore_ament_install'
[1.545s] Level 1:colcon.colcon_core.package_identification:_identify(src/mac_messages) by extensions ['colcon_pkg']
[1.545s] Level 1:colcon.colcon_core.package_identification:_identify(src/mac_messages) by extension 'colcon_pkg'
[1.545s] Level 1:colcon.colcon_core.package_identification:_identify(src/mac_messages) by extensions ['colcon_meta']
[1.545s] Level 1:colcon.colcon_core.package_identification:_identify(src/mac_messages) by extension 'colcon_meta'
[1.545s] Level 1:colcon.colcon_core.package_identification:_identify(src/mac_messages) by extensions ['ros']
[1.545s] Level 1:colcon.colcon_core.package_identification:_identify(src/mac_messages) by extension 'ros'
[1.550s] DEBUG:colcon.colcon_core.package_identification:Package 'src/mac_messages' with type 'ros.ament_cmake' and name 'mac_messages'
[1.550s] Level 1:colcon.colcon_core.package_identification:_identify(src/manual_control) by extensions ['ignore', 'ignore_ament_install']
[1.550s] Level 1:colcon.colcon_core.package_identification:_identify(src/manual_control) by extension 'ignore'
[1.550s] Level 1:colcon.colcon_core.package_identification:_identify(src/manual_control) by extension 'ignore_ament_install'
[1.551s] Level 1:colcon.colcon_core.package_identification:_identify(src/manual_control) by extensions ['colcon_pkg']
[1.551s] Level 1:colcon.colcon_core.package_identification:_identify(src/manual_control) by extension 'colcon_pkg'
[1.551s] Level 1:colcon.colcon_core.package_identification:_identify(src/manual_control) by extensions ['colcon_meta']
[1.551s] Level 1:colcon.colcon_core.package_identification:_identify(src/manual_control) by extension 'colcon_meta'
[1.551s] Level 1:colcon.colcon_core.package_identification:_identify(src/manual_control) by extensions ['ros']
[1.551s] Level 1:colcon.colcon_core.package_identification:_identify(src/manual_control) by extension 'ros'
[1.552s] DEBUG:colcon.colcon_core.package_identification:Package 'src/manual_control' with type 'ros.ament_python' and name 'manual_control'
[1.552s] Level 1:colcon.colcon_core.package_discovery:discover_packages(recursive) using defaults
[1.552s] Level 1:colcon.colcon_core.package_discovery:discover_packages(ignore) discover
[1.552s] Level 1:colcon.colcon_core.package_discovery:discover_packages(ignore) using defaults
[1.552s] Level 1:colcon.colcon_core.package_discovery:discover_packages(path) discover
[1.552s] Level 1:colcon.colcon_core.package_discovery:discover_packages(path) using defaults
[1.624s] INFO:colcon.colcon_core.package_selection:Skipping not selected package 'mac_messages' in 'src/mac_messages'
[1.640s] Level 5:colcon.colcon_core.verb:set package 'manual_control' build argument 'cmake_args' from command line to 'None'
[1.640s] Level 5:colcon.colcon_core.verb:set package 'manual_control' build argument 'cmake_target' from command line to 'None'
[1.640s] Level 5:colcon.colcon_core.verb:set package 'manual_control' build argument 'cmake_target_skip_unavailable' from command line to 'False'
[1.640s] Level 5:colcon.colcon_core.verb:set package 'manual_control' build argument 'cmake_clean_cache' from command line to 'False'
[1.640s] Level 5:colcon.colcon_core.verb:set package 'manual_control' build argument 'cmake_clean_first' from command line to 'False'
[1.640s] Level 5:colcon.colcon_core.verb:set package 'manual_control' build argument 'cmake_force_configure' from command line to 'False'
[1.640s] Level 5:colcon.colcon_core.verb:set package 'manual_control' build argument 'ament_cmake_args' from command line to 'None'
[1.640s] Level 5:colcon.colcon_core.verb:set package 'manual_control' build argument 'catkin_cmake_args' from command line to 'None'
[1.641s] Level 5:colcon.colcon_core.verb:set package 'manual_control' build argument 'catkin_skip_building_tests' from command line to 'False'
[1.641s] DEBUG:colcon.colcon_core.verb:Building package 'manual_control' with the following arguments: {'ament_cmake_args': None, 'build_base': '/mac_remote/ws/build/manual_control', 'catkin_cmake_args': None, 'catkin_skip_building_tests': False, 'cmake_args': None, 'cmake_clean_cache': False, 'cmake_clean_first': False, 'cmake_force_configure': False, 'cmake_target': None, 'cmake_target_skip_unavailable': False, 'install_base': '/mac_remote/ws/install/manual_control', 'merge_install': False, 'path': '/mac_remote/ws/src/manual_control', 'symlink_install': False, 'test_result_base': None}
[1.656s] INFO:colcon.colcon_core.executor:Executing jobs using 'parallel' executor
[1.672s] DEBUG:colcon.colcon_parallel_executor.executor.parallel:run_until_complete
[1.673s] INFO:colcon.colcon_ros.task.ament_python.build:Building ROS package in '/mac_remote/ws/src/manual_control' with build type 'ament_python'
[1.673s] Level 1:colcon.colcon_core.shell:create_environment_hook('manual_control', 'ament_prefix_path')
[1.701s] INFO:colcon.colcon_core.plugin_system:Skipping extension 'colcon_core.shell.bat': Not used on non-Windows systems
[1.702s] INFO:colcon.colcon_core.shell:Creating environment hook '/mac_remote/ws/install/manual_control/share/manual_control/hook/ament_prefix_path.ps1'
[1.703s] INFO:colcon.colcon_core.shell:Creating environment descriptor '/mac_remote/ws/install/manual_control/share/manual_control/hook/ament_prefix_path.dsv'
[1.704s] INFO:colcon.colcon_core.shell:Creating environment hook '/mac_remote/ws/install/manual_control/share/manual_control/hook/ament_prefix_path.sh'
[1.727s] INFO:colcon.colcon_core.shell:Skip shell extension 'powershell' for command environment: Not usable outside of PowerShell
[1.727s] DEBUG:colcon.colcon_core.shell:Skip shell extension 'dsv' for command environment
[2.225s] INFO:colcon.colcon_core.task.python.build:Building Python package in '/mac_remote/ws/src/manual_control'
[2.248s] INFO:colcon.colcon_core.shell:Skip shell extension 'powershell' for command environment: Not usable outside of PowerShell
[2.248s] DEBUG:colcon.colcon_core.shell:Skip shell extension 'dsv' for command environment
[2.868s] DEBUG:colcon.colcon_core.event_handler.log_command:Invoking command in '/mac_remote/ws/src/manual_control': PYTHONPATH=/mac_remote/ws/build/manual_control/prefix_override:/mac_remote/ws/install/manual_control/lib/python3.10/site-packages:${PYTHONPATH} /usr/bin/python3 setup.py egg_info --egg-base ../../build/manual_control build --build-base /mac_remote/ws/build/manual_control/build install --record /mac_remote/ws/build/manual_control/install.log --single-version-externally-managed
[3.316s] DEBUG:colcon.colcon_core.event_handler.log_command:Invoked command in '/mac_remote/ws/src/manual_control' returned '0': PYTHONPATH=/mac_remote/ws/build/manual_control/prefix_override:/mac_remote/ws/install/manual_control/lib/python3.10/site-packages:${PYTHONPATH} /usr/bin/python3 setup.py egg_info --egg-base ../../build/manual_control build --build-base /mac_remote/ws/build/manual_control/build install --record /mac_remote/ws/build/manual_control/install.log --single-version-externally-managed
[3.339s] Level 1:colcon.colcon_core.environment:checking '/mac_remote/ws/install/manual_control' for CMake module files
[3.339s] Level 1:colcon.colcon_core.environment:checking '/mac_remote/ws/install/manual_control' for CMake config files
[3.340s] Level 1:colcon.colcon_core.environment:checking '/mac_remote/ws/install/manual_control/lib'
[3.340s] Level 1:colcon.colcon_core.environment:checking '/mac_remote/ws/install/manual_control/bin'
[3.340s] Level 1:colcon.colcon_core.environment:checking '/mac_remote/ws/install/manual_control/lib/pkgconfig/manual_control.pc'
[3.341s] Level 1:colcon.colcon_core.environment:checking '/mac_remote/ws/install/manual_control/lib/python3.10/site-packages'
[3.341s] Level 1:colcon.colcon_core.shell:create_environment_hook('manual_control', 'pythonpath')
[3.370s] INFO:colcon.colcon_core.shell:Creating environment hook '/mac_remote/ws/install/manual_control/share/manual_control/hook/pythonpath.ps1'
[3.371s] INFO:colcon.colcon_core.shell:Creating environment descriptor '/mac_remote/ws/install/manual_control/share/manual_control/hook/pythonpath.dsv'
[3.371s] INFO:colcon.colcon_core.shell:Creating environment hook '/mac_remote/ws/install/manual_control/share/manual_control/hook/pythonpath.sh'
[3.372s] Level 1:colcon.colcon_core.environment:checking '/mac_remote/ws/install/manual_control/bin'
[3.372s] Level 1:colcon.colcon_core.environment:create_environment_scripts_only(manual_control)
[3.410s] INFO:colcon.colcon_core.shell:Creating package script '/mac_remote/ws/install/manual_control/share/manual_control/package.ps1'
[3.413s] INFO:colcon.colcon_core.shell:Creating package descriptor '/mac_remote/ws/install/manual_control/share/manual_control/package.dsv'
[3.415s] INFO:colcon.colcon_core.shell:Creating package script '/mac_remote/ws/install/manual_control/share/manual_control/package.sh'
[3.417s] INFO:colcon.colcon_core.shell:Creating package script '/mac_remote/ws/install/manual_control/share/manual_control/package.bash'
[3.420s] INFO:colcon.colcon_core.shell:Creating package script '/mac_remote/ws/install/manual_control/share/manual_control/package.zsh'
[3.422s] Level 1:colcon.colcon_core.environment:create_file_with_runtime_dependencies(/mac_remote/ws/install/manual_control/share/colcon-core/packages/manual_control)
[3.423s] DEBUG:colcon.colcon_parallel_executor.executor.parallel:closing loop
[3.423s] DEBUG:colcon.colcon_parallel_executor.executor.parallel:loop closed
[3.423s] DEBUG:colcon.colcon_parallel_executor.executor.parallel:run_until_complete finished with '0'
[3.423s] DEBUG:colcon.colcon_core.event_reactor:joining thread
[3.461s] INFO:colcon.colcon_core.plugin_system:Skipping extension 'colcon_notification.desktop_notification.notify_send': Could not find 'notify-send'
[3.461s] INFO:colcon.colcon_core.plugin_system:Skipping extension 'colcon_notification.desktop_notification.terminal_notifier': Not used on non-Darwin systems
[3.461s] INFO:colcon.colcon_core.plugin_system:Skipping extension 'colcon_notification.desktop_notification.win32': Not used on non-Windows systems
[3.462s] INFO:colcon.colcon_notification.desktop_notification:Sending desktop notification using 'notify2'
[3.466s] DEBUG:colcon.colcon_notification.desktop_notification.notify2:Failed to initialize notify2: org.freedesktop.DBus.Error.Spawn.ExecFailed: /usr/bin/dbus-launch terminated abnormally without any error message
[3.466s] DEBUG:colcon.colcon_core.event_reactor:joined thread
[3.490s] INFO:colcon.colcon_core.shell:Creating prefix script '/mac_remote/ws/install/local_setup.ps1'
[3.491s] INFO:colcon.colcon_core.shell:Creating prefix util module '/mac_remote/ws/install/_local_setup_util_ps1.py'
[3.493s] INFO:colcon.colcon_core.shell:Creating prefix chain script '/mac_remote/ws/install/setup.ps1'
[3.512s] INFO:colcon.colcon_core.shell:Creating prefix script '/mac_remote/ws/install/local_setup.sh'
[3.513s] INFO:colcon.colcon_core.shell:Creating prefix util module '/mac_remote/ws/install/_local_setup_util_sh.py'
[3.515s] INFO:colcon.colcon_core.shell:Creating prefix chain script '/mac_remote/ws/install/setup.sh'
[3.533s] INFO:colcon.colcon_core.shell:Creating prefix script '/mac_remote/ws/install/local_setup.bash'
[3.534s] INFO:colcon.colcon_core.shell:Creating prefix chain script '/mac_remote/ws/install/setup.bash'
[3.552s] INFO:colcon.colcon_core.shell:Creating prefix script '/mac_remote/ws/install/local_setup.zsh'
[3.553s] INFO:colcon.colcon_core.shell:Creating prefix chain script '/mac_remote/ws/install/setup.zsh'
