[6.629s] DEBUG:colcon:Command line arguments: ['/usr/bin/colcon', 'build']
[6.629s] DEBUG:colcon:Parsed command line arguments: Namespace(log_base=None, log_level=None, verb_name='build', build_base='build', install_base='install', merge_install=False, symlink_install=False, test_result_base=None, continue_on_error=False, executor='parallel', parallel_workers=12, event_handlers=None, ignore_user_meta=False, metas=['./colcon.meta'], base_paths=['.'], packages_ignore=None, packages_ignore_regex=None, paths=None, packages_up_to=None, packages_up_to_regex=None, packages_above=None, packages_above_and_dependencies=None, packages_above_depth=None, packages_select_by_dep=None, packages_skip_by_dep=None, packages_skip_up_to=None, packages_select_build_failed=False, packages_skip_build_finished=False, packages_select_test_failures=False, packages_skip_test_passed=False, packages_select=None, packages_skip=None, packages_select_regex=None, packages_skip_regex=None, packages_start=None, packages_end=None, cmake_args=None, cmake_target=None, cmake_target_skip_unavailable=False, cmake_clean_cache=False, cmake_clean_first=False, cmake_force_configure=False, ament_cmake_args=None, catkin_cmake_args=None, catkin_skip_building_tests=False, mixin_files=None, mixin=None, verb_parser=<colcon_mixin.mixin.mixin_argument.MixinArgumentDecorator object at 0x7f0a6c595690>, verb_extension=<colcon_core.verb.build.BuildVerb object at 0x7f0a6c596f80>, main=<bound method BuildVerb.main of <colcon_core.verb.build.BuildVerb object at 0x7f0a6c596f80>>, mixin_verb=('build',))
[6.679s] Level 1:colcon.colcon_core.package_discovery:discover_packages(colcon_meta) check parameters
[6.680s] INFO:colcon.colcon_metadata.package_discovery.colcon_meta:Using configuration from '/root/.colcon/metadata/default/Gazebo.meta'
[6.681s] INFO:colcon.colcon_metadata.package_discovery.colcon_meta:Using configuration from '/root/.colcon/metadata/default/fastrtps.meta'
[6.681s] Level 1:colcon.colcon_core.package_discovery:discover_packages(recursive) check parameters
[6.681s] Level 1:colcon.colcon_core.package_discovery:discover_packages(ignore) check parameters
[6.681s] Level 1:colcon.colcon_core.package_discovery:discover_packages(path) check parameters
[6.681s] Level 1:colcon.colcon_core.package_discovery:discover_packages(colcon_meta) discover
[6.681s] Level 1:colcon.colcon_core.package_discovery:discover_packages(recursive) discover
[6.681s] INFO:colcon.colcon_core.package_discovery:Crawling recursively for packages in '/mac_remote/ws'
[6.681s] Level 1:colcon.colcon_core.package_identification:_identify(.) by extensions ['ignore', 'ignore_ament_install']
[6.681s] Level 1:colcon.colcon_core.package_identification:_identify(.) by extension 'ignore'
[6.681s] Level 1:colcon.colcon_core.package_identification:_identify(.) by extension 'ignore_ament_install'
[6.681s] Level 1:colcon.colcon_core.package_identification:_identify(.) by extensions ['colcon_pkg']
[6.681s] Level 1:colcon.colcon_core.package_identification:_identify(.) by extension 'colcon_pkg'
[6.681s] Level 1:colcon.colcon_core.package_identification:_identify(.) by extensions ['colcon_meta']
[6.681s] Level 1:colcon.colcon_core.package_identification:_identify(.) by extension 'colcon_meta'
[6.681s] Level 1:colcon.colcon_core.package_identification:_identify(.) by extensions ['ros']
[6.681s] Level 1:colcon.colcon_core.package_identification:_identify(.) by extension 'ros'
[6.696s] Level 1:colcon.colcon_core.package_identification:_identify(.) by extensions ['cmake', 'python']
[6.696s] Level 1:colcon.colcon_core.package_identification:_identify(.) by extension 'cmake'
[6.696s] Level 1:colcon.colcon_core.package_identification:_identify(.) by extension 'python'
[6.696s] Level 1:colcon.colcon_core.package_identification:_identify(.) by extensions ['python_setup_py']
[6.696s] Level 1:colcon.colcon_core.package_identification:_identify(.) by extension 'python_setup_py'
[6.696s] Level 1:colcon.colcon_core.package_identification:_identify(build) by extensions ['ignore', 'ignore_ament_install']
[6.696s] Level 1:colcon.colcon_core.package_identification:_identify(build) by extension 'ignore'
[6.696s] Level 1:colcon.colcon_core.package_identification:_identify(build) ignored
[6.697s] Level 1:colcon.colcon_core.package_identification:_identify(install) by extensions ['ignore', 'ignore_ament_install']
[6.697s] Level 1:colcon.colcon_core.package_identification:_identify(install) by extension 'ignore'
[6.697s] Level 1:colcon.colcon_core.package_identification:_identify(install) ignored
[6.697s] Level 1:colcon.colcon_core.package_identification:_identify(log) by extensions ['ignore', 'ignore_ament_install']
[6.697s] Level 1:colcon.colcon_core.package_identification:_identify(log) by extension 'ignore'
[6.697s] Level 1:colcon.colcon_core.package_identification:_identify(log) ignored
[6.697s] Level 1:colcon.colcon_core.package_identification:_identify(src) by extensions ['ignore', 'ignore_ament_install']
[6.697s] Level 1:colcon.colcon_core.package_identification:_identify(src) by extension 'ignore'
[6.697s] Level 1:colcon.colcon_core.package_identification:_identify(src) by extension 'ignore_ament_install'
[6.697s] Level 1:colcon.colcon_core.package_identification:_identify(src) by extensions ['colcon_pkg']
[6.697s] Level 1:colcon.colcon_core.package_identification:_identify(src) by extension 'colcon_pkg'
[6.697s] Level 1:colcon.colcon_core.package_identification:_identify(src) by extensions ['colcon_meta']
[6.697s] Level 1:colcon.colcon_core.package_identification:_identify(src) by extension 'colcon_meta'
[6.697s] Level 1:colcon.colcon_core.package_identification:_identify(src) by extensions ['ros']
[6.697s] Level 1:colcon.colcon_core.package_identification:_identify(src) by extension 'ros'
[6.698s] Level 1:colcon.colcon_core.package_identification:_identify(src) by extensions ['cmake', 'python']
[6.698s] Level 1:colcon.colcon_core.package_identification:_identify(src) by extension 'cmake'
[6.698s] Level 1:colcon.colcon_core.package_identification:_identify(src) by extension 'python'
[6.698s] Level 1:colcon.colcon_core.package_identification:_identify(src) by extensions ['python_setup_py']
[6.698s] Level 1:colcon.colcon_core.package_identification:_identify(src) by extension 'python_setup_py'
[6.698s] Level 1:colcon.colcon_core.package_identification:_identify(src/mac_messages) by extensions ['ignore', 'ignore_ament_install']
[6.698s] Level 1:colcon.colcon_core.package_identification:_identify(src/mac_messages) by extension 'ignore'
[6.698s] Level 1:colcon.colcon_core.package_identification:_identify(src/mac_messages) by extension 'ignore_ament_install'
[6.698s] Level 1:colcon.colcon_core.package_identification:_identify(src/mac_messages) by extensions ['colcon_pkg']
[6.698s] Level 1:colcon.colcon_core.package_identification:_identify(src/mac_messages) by extension 'colcon_pkg'
[6.698s] Level 1:colcon.colcon_core.package_identification:_identify(src/mac_messages) by extensions ['colcon_meta']
[6.698s] Level 1:colcon.colcon_core.package_identification:_identify(src/mac_messages) by extension 'colcon_meta'
[6.698s] Level 1:colcon.colcon_core.package_identification:_identify(src/mac_messages) by extensions ['ros']
[6.698s] Level 1:colcon.colcon_core.package_identification:_identify(src/mac_messages) by extension 'ros'
[6.701s] DEBUG:colcon.colcon_core.package_identification:Package 'src/mac_messages' with type 'ros.ament_cmake' and name 'mac_messages'
[6.701s] Level 1:colcon.colcon_core.package_identification:_identify(src/manual_control) by extensions ['ignore', 'ignore_ament_install']
[6.701s] Level 1:colcon.colcon_core.package_identification:_identify(src/manual_control) by extension 'ignore'
[6.701s] Level 1:colcon.colcon_core.package_identification:_identify(src/manual_control) by extension 'ignore_ament_install'
[6.701s] Level 1:colcon.colcon_core.package_identification:_identify(src/manual_control) by extensions ['colcon_pkg']
[6.701s] Level 1:colcon.colcon_core.package_identification:_identify(src/manual_control) by extension 'colcon_pkg'
[6.701s] Level 1:colcon.colcon_core.package_identification:_identify(src/manual_control) by extensions ['colcon_meta']
[6.701s] Level 1:colcon.colcon_core.package_identification:_identify(src/manual_control) by extension 'colcon_meta'
[6.701s] Level 1:colcon.colcon_core.package_identification:_identify(src/manual_control) by extensions ['ros']
[6.702s] Level 1:colcon.colcon_core.package_identification:_identify(src/manual_control) by extension 'ros'
[6.702s] DEBUG:colcon.colcon_core.package_identification:Package 'src/manual_control' with type 'ros.ament_python' and name 'manual_control'
[6.702s] Level 1:colcon.colcon_core.package_discovery:discover_packages(recursive) using defaults
[6.702s] Level 1:colcon.colcon_core.package_discovery:discover_packages(ignore) discover
[6.702s] Level 1:colcon.colcon_core.package_discovery:discover_packages(ignore) using defaults
[6.702s] Level 1:colcon.colcon_core.package_discovery:discover_packages(path) discover
[6.702s] Level 1:colcon.colcon_core.package_discovery:discover_packages(path) using defaults
[6.800s] Level 5:colcon.colcon_core.verb:set package 'mac_messages' build argument 'cmake_args' from command line to 'None'
[6.800s] Level 5:colcon.colcon_core.verb:set package 'mac_messages' build argument 'cmake_target' from command line to 'None'
[6.800s] Level 5:colcon.colcon_core.verb:set package 'mac_messages' build argument 'cmake_target_skip_unavailable' from command line to 'False'
[6.800s] Level 5:colcon.colcon_core.verb:set package 'mac_messages' build argument 'cmake_clean_cache' from command line to 'False'
[6.800s] Level 5:colcon.colcon_core.verb:set package 'mac_messages' build argument 'cmake_clean_first' from command line to 'False'
[6.800s] Level 5:colcon.colcon_core.verb:set package 'mac_messages' build argument 'cmake_force_configure' from command line to 'False'
[6.800s] Level 5:colcon.colcon_core.verb:set package 'mac_messages' build argument 'ament_cmake_args' from command line to 'None'
[6.800s] Level 5:colcon.colcon_core.verb:set package 'mac_messages' build argument 'catkin_cmake_args' from command line to 'None'
[6.800s] Level 5:colcon.colcon_core.verb:set package 'mac_messages' build argument 'catkin_skip_building_tests' from command line to 'False'
[6.800s] DEBUG:colcon.colcon_core.verb:Building package 'mac_messages' with the following arguments: {'ament_cmake_args': None, 'build_base': '/mac_remote/ws/build/mac_messages', 'catkin_cmake_args': None, 'catkin_skip_building_tests': False, 'cmake_args': None, 'cmake_clean_cache': False, 'cmake_clean_first': False, 'cmake_force_configure': False, 'cmake_target': None, 'cmake_target_skip_unavailable': False, 'install_base': '/mac_remote/ws/install/mac_messages', 'merge_install': False, 'path': '/mac_remote/ws/src/mac_messages', 'symlink_install': False, 'test_result_base': None}
[6.812s] Level 5:colcon.colcon_core.verb:set package 'manual_control' build argument 'cmake_args' from command line to 'None'
[6.812s] Level 5:colcon.colcon_core.verb:set package 'manual_control' build argument 'cmake_target' from command line to 'None'
[6.812s] Level 5:colcon.colcon_core.verb:set package 'manual_control' build argument 'cmake_target_skip_unavailable' from command line to 'False'
[6.812s] Level 5:colcon.colcon_core.verb:set package 'manual_control' build argument 'cmake_clean_cache' from command line to 'False'
[6.812s] Level 5:colcon.colcon_core.verb:set package 'manual_control' build argument 'cmake_clean_first' from command line to 'False'
[6.812s] Level 5:colcon.colcon_core.verb:set package 'manual_control' build argument 'cmake_force_configure' from command line to 'False'
[6.812s] Level 5:colcon.colcon_core.verb:set package 'manual_control' build argument 'ament_cmake_args' from command line to 'None'
[6.812s] Level 5:colcon.colcon_core.verb:set package 'manual_control' build argument 'catkin_cmake_args' from command line to 'None'
[6.813s] Level 5:colcon.colcon_core.verb:set package 'manual_control' build argument 'catkin_skip_building_tests' from command line to 'False'
[6.813s] DEBUG:colcon.colcon_core.verb:Building package 'manual_control' with the following arguments: {'ament_cmake_args': None, 'build_base': '/mac_remote/ws/build/manual_control', 'catkin_cmake_args': None, 'catkin_skip_building_tests': False, 'cmake_args': None, 'cmake_clean_cache': False, 'cmake_clean_first': False, 'cmake_force_configure': False, 'cmake_target': None, 'cmake_target_skip_unavailable': False, 'install_base': '/mac_remote/ws/install/manual_control', 'merge_install': False, 'path': '/mac_remote/ws/src/manual_control', 'symlink_install': False, 'test_result_base': None}
[6.825s] INFO:colcon.colcon_core.executor:Executing jobs using 'parallel' executor
[6.837s] DEBUG:colcon.colcon_parallel_executor.executor.parallel:run_until_complete
[6.838s] INFO:colcon.colcon_ros.task.ament_cmake.build:Building ROS package in '/mac_remote/ws/src/mac_messages' with build type 'ament_cmake'
[6.838s] INFO:colcon.colcon_cmake.task.cmake.build:Building CMake package in '/mac_remote/ws/src/mac_messages'
[6.888s] INFO:colcon.colcon_core.plugin_system:Skipping extension 'colcon_core.shell.bat': Not used on non-Windows systems
[6.888s] INFO:colcon.colcon_core.shell:Skip shell extension 'powershell' for command environment: Not usable outside of PowerShell
[6.888s] DEBUG:colcon.colcon_core.shell:Skip shell extension 'dsv' for command environment
[6.948s] DEBUG:colcon.colcon_core.event_handler.log_command:Invoking command in '/mac_remote/ws/build/mac_messages': CMAKE_PREFIX_PATH=${CMAKE_PREFIX_PATH}:/mac_remote/ws/install/manual_control:/opt/ros/humble /usr/bin/cmake --build /mac_remote/ws/build/mac_messages -- -j12 -l12
[21.923s] DEBUG:colcon.colcon_core.event_handler.log_command:Invoked command in '/mac_remote/ws/build/mac_messages' returned '0': CMAKE_PREFIX_PATH=${CMAKE_PREFIX_PATH}:/mac_remote/ws/install/manual_control:/opt/ros/humble /usr/bin/cmake --build /mac_remote/ws/build/mac_messages -- -j12 -l12
[21.994s] DEBUG:colcon.colcon_core.event_handler.log_command:Invoking command in '/mac_remote/ws/build/mac_messages': CMAKE_PREFIX_PATH=${CMAKE_PREFIX_PATH}:/mac_remote/ws/install/manual_control:/opt/ros/humble /usr/bin/cmake --install /mac_remote/ws/build/mac_messages
[22.060s] Level 1:colcon.colcon_core.environment:create_environment_scripts_only(mac_messages)
[22.061s] DEBUG:colcon.colcon_core.event_handler.log_command:Invoked command in '/mac_remote/ws/build/mac_messages' returned '0': CMAKE_PREFIX_PATH=${CMAKE_PREFIX_PATH}:/mac_remote/ws/install/manual_control:/opt/ros/humble /usr/bin/cmake --install /mac_remote/ws/build/mac_messages
[22.119s] Level 1:colcon.colcon_core.environment:checking '/mac_remote/ws/install/mac_messages' for CMake module files
[22.120s] Level 1:colcon.colcon_core.environment:checking '/mac_remote/ws/install/mac_messages' for CMake config files
[22.121s] Level 1:colcon.colcon_core.shell:create_environment_hook('mac_messages', 'cmake_prefix_path')
[22.139s] INFO:colcon.colcon_core.shell:Creating environment hook '/mac_remote/ws/install/mac_messages/share/mac_messages/hook/cmake_prefix_path.ps1'
[22.140s] INFO:colcon.colcon_core.shell:Creating environment descriptor '/mac_remote/ws/install/mac_messages/share/mac_messages/hook/cmake_prefix_path.dsv'
[22.149s] INFO:colcon.colcon_core.shell:Creating environment hook '/mac_remote/ws/install/mac_messages/share/mac_messages/hook/cmake_prefix_path.sh'
[22.150s] Level 1:colcon.colcon_core.environment:checking '/mac_remote/ws/install/mac_messages/lib'
[22.150s] Level 1:colcon.colcon_core.shell:create_environment_hook('mac_messages', 'ld_library_path_lib')
[22.163s] INFO:colcon.colcon_core.shell:Creating environment hook '/mac_remote/ws/install/mac_messages/share/mac_messages/hook/ld_library_path_lib.ps1'
[22.163s] INFO:colcon.colcon_core.shell:Creating environment descriptor '/mac_remote/ws/install/mac_messages/share/mac_messages/hook/ld_library_path_lib.dsv'
[22.164s] INFO:colcon.colcon_core.shell:Creating environment hook '/mac_remote/ws/install/mac_messages/share/mac_messages/hook/ld_library_path_lib.sh'
[22.164s] Level 1:colcon.colcon_core.environment:checking '/mac_remote/ws/install/mac_messages/bin'
[22.164s] Level 1:colcon.colcon_core.environment:checking '/mac_remote/ws/install/mac_messages/lib/pkgconfig/mac_messages.pc'
[22.166s] Level 1:colcon.colcon_core.environment:checking '/mac_remote/ws/install/mac_messages/lib/python3.10/site-packages'
[22.166s] Level 1:colcon.colcon_core.environment:checking '/mac_remote/ws/install/mac_messages/bin'
[22.178s] INFO:colcon.colcon_core.shell:Creating package script '/mac_remote/ws/install/mac_messages/share/mac_messages/package.ps1'
[22.180s] INFO:colcon.colcon_core.shell:Creating package descriptor '/mac_remote/ws/install/mac_messages/share/mac_messages/package.dsv'
[22.193s] INFO:colcon.colcon_core.shell:Creating package script '/mac_remote/ws/install/mac_messages/share/mac_messages/package.sh'
[22.194s] INFO:colcon.colcon_core.shell:Creating package script '/mac_remote/ws/install/mac_messages/share/mac_messages/package.bash'
[22.226s] INFO:colcon.colcon_core.shell:Creating package script '/mac_remote/ws/install/mac_messages/share/mac_messages/package.zsh'
[22.257s] Level 1:colcon.colcon_core.environment:create_file_with_runtime_dependencies(/mac_remote/ws/install/mac_messages/share/colcon-core/packages/mac_messages)
[22.485s] Level 1:colcon.colcon_core.environment:create_environment_scripts_only(mac_messages)
[22.500s] Level 1:colcon.colcon_core.environment:checking '/mac_remote/ws/install/mac_messages' for CMake module files
[22.500s] Level 1:colcon.colcon_core.environment:checking '/mac_remote/ws/install/mac_messages' for CMake config files
[22.501s] Level 1:colcon.colcon_core.shell:create_environment_hook('mac_messages', 'cmake_prefix_path')
[22.514s] INFO:colcon.colcon_core.shell:Creating environment hook '/mac_remote/ws/install/mac_messages/share/mac_messages/hook/cmake_prefix_path.ps1'
[22.514s] INFO:colcon.colcon_core.shell:Creating environment descriptor '/mac_remote/ws/install/mac_messages/share/mac_messages/hook/cmake_prefix_path.dsv'
[22.514s] INFO:colcon.colcon_core.shell:Creating environment hook '/mac_remote/ws/install/mac_messages/share/mac_messages/hook/cmake_prefix_path.sh'
[22.515s] Level 1:colcon.colcon_core.environment:checking '/mac_remote/ws/install/mac_messages/lib'
[22.515s] Level 1:colcon.colcon_core.shell:create_environment_hook('mac_messages', 'ld_library_path_lib')
[22.527s] INFO:colcon.colcon_core.shell:Creating environment hook '/mac_remote/ws/install/mac_messages/share/mac_messages/hook/ld_library_path_lib.ps1'
[22.527s] INFO:colcon.colcon_core.shell:Creating environment descriptor '/mac_remote/ws/install/mac_messages/share/mac_messages/hook/ld_library_path_lib.dsv'
[22.528s] INFO:colcon.colcon_core.shell:Creating environment hook '/mac_remote/ws/install/mac_messages/share/mac_messages/hook/ld_library_path_lib.sh'
[22.528s] Level 1:colcon.colcon_core.environment:checking '/mac_remote/ws/install/mac_messages/bin'
[22.528s] Level 1:colcon.colcon_core.environment:checking '/mac_remote/ws/install/mac_messages/lib/pkgconfig/mac_messages.pc'
[22.528s] Level 1:colcon.colcon_core.environment:checking '/mac_remote/ws/install/mac_messages/lib/python3.10/site-packages'
[22.529s] Level 1:colcon.colcon_core.environment:checking '/mac_remote/ws/install/mac_messages/bin'
[22.541s] INFO:colcon.colcon_core.shell:Creating package script '/mac_remote/ws/install/mac_messages/share/mac_messages/package.ps1'
[22.541s] INFO:colcon.colcon_core.shell:Creating package descriptor '/mac_remote/ws/install/mac_messages/share/mac_messages/package.dsv'
[22.542s] INFO:colcon.colcon_core.shell:Creating package script '/mac_remote/ws/install/mac_messages/share/mac_messages/package.sh'
[22.542s] INFO:colcon.colcon_core.shell:Creating package script '/mac_remote/ws/install/mac_messages/share/mac_messages/package.bash'
[22.543s] INFO:colcon.colcon_core.shell:Creating package script '/mac_remote/ws/install/mac_messages/share/mac_messages/package.zsh'
[22.543s] Level 1:colcon.colcon_core.environment:create_file_with_runtime_dependencies(/mac_remote/ws/install/mac_messages/share/colcon-core/packages/mac_messages)
[22.543s] INFO:colcon.colcon_ros.task.ament_python.build:Building ROS package in '/mac_remote/ws/src/manual_control' with build type 'ament_python'
[22.543s] Level 1:colcon.colcon_core.shell:create_environment_hook('manual_control', 'ament_prefix_path')
[22.556s] INFO:colcon.colcon_core.shell:Creating environment hook '/mac_remote/ws/install/manual_control/share/manual_control/hook/ament_prefix_path.ps1'
[22.557s] INFO:colcon.colcon_core.shell:Creating environment descriptor '/mac_remote/ws/install/manual_control/share/manual_control/hook/ament_prefix_path.dsv'
[22.557s] INFO:colcon.colcon_core.shell:Creating environment hook '/mac_remote/ws/install/manual_control/share/manual_control/hook/ament_prefix_path.sh'
[22.571s] INFO:colcon.colcon_core.shell:Skip shell extension 'powershell' for command environment: Not usable outside of PowerShell
[22.571s] DEBUG:colcon.colcon_core.shell:Skip shell extension 'dsv' for command environment
[22.860s] INFO:colcon.colcon_core.task.python.build:Building Python package in '/mac_remote/ws/src/manual_control'
[22.872s] INFO:colcon.colcon_core.shell:Skip shell extension 'powershell' for command environment: Not usable outside of PowerShell
[22.872s] DEBUG:colcon.colcon_core.shell:Skip shell extension 'dsv' for command environment
[24.218s] DEBUG:colcon.colcon_core.event_handler.log_command:Invoking command in '/mac_remote/ws/build/manual_control': PYTHONPATH=/mac_remote/ws/build/manual_control/prefix_override:/mac_remote/ws/install/manual_control/lib/python3.10/site-packages:${PYTHONPATH} /usr/bin/python3 setup.py develop --uninstall --editable --build-directory /mac_remote/ws/build/manual_control/build
[24.603s] DEBUG:colcon.colcon_core.event_handler.log_command:Invoked command in '/mac_remote/ws/build/manual_control' returned '0': PYTHONPATH=/mac_remote/ws/build/manual_control/prefix_override:/mac_remote/ws/install/manual_control/lib/python3.10/site-packages:${PYTHONPATH} /usr/bin/python3 setup.py develop --uninstall --editable --build-directory /mac_remote/ws/build/manual_control/build
[24.605s] DEBUG:colcon.colcon_core.event_handler.log_command:Invoking command in '/mac_remote/ws/src/manual_control': PYTHONPATH=/mac_remote/ws/build/manual_control/prefix_override:/mac_remote/ws/install/manual_control/lib/python3.10/site-packages:${PYTHONPATH} /usr/bin/python3 setup.py egg_info --egg-base ../../build/manual_control build --build-base /mac_remote/ws/build/manual_control/build install --record /mac_remote/ws/build/manual_control/install.log --single-version-externally-managed
[27.629s] DEBUG:colcon.colcon_core.event_handler.log_command:Invoked command in '/mac_remote/ws/src/manual_control' returned '0': PYTHONPATH=/mac_remote/ws/build/manual_control/prefix_override:/mac_remote/ws/install/manual_control/lib/python3.10/site-packages:${PYTHONPATH} /usr/bin/python3 setup.py egg_info --egg-base ../../build/manual_control build --build-base /mac_remote/ws/build/manual_control/build install --record /mac_remote/ws/build/manual_control/install.log --single-version-externally-managed
[27.643s] Level 1:colcon.colcon_core.environment:checking '/mac_remote/ws/install/manual_control' for CMake module files
[27.644s] Level 1:colcon.colcon_core.environment:checking '/mac_remote/ws/install/manual_control' for CMake config files
[27.644s] Level 1:colcon.colcon_core.environment:checking '/mac_remote/ws/install/manual_control/lib'
[27.644s] Level 1:colcon.colcon_core.environment:checking '/mac_remote/ws/install/manual_control/bin'
[27.644s] Level 1:colcon.colcon_core.environment:checking '/mac_remote/ws/install/manual_control/lib/pkgconfig/manual_control.pc'
[27.645s] Level 1:colcon.colcon_core.environment:checking '/mac_remote/ws/install/manual_control/lib/python3.10/site-packages'
[27.645s] Level 1:colcon.colcon_core.shell:create_environment_hook('manual_control', 'pythonpath')
[27.658s] INFO:colcon.colcon_core.shell:Creating environment hook '/mac_remote/ws/install/manual_control/share/manual_control/hook/pythonpath.ps1'
[28.084s] INFO:colcon.colcon_core.shell:Creating environment descriptor '/mac_remote/ws/install/manual_control/share/manual_control/hook/pythonpath.dsv'
[28.095s] INFO:colcon.colcon_core.shell:Creating environment hook '/mac_remote/ws/install/manual_control/share/manual_control/hook/pythonpath.sh'
[28.104s] Level 1:colcon.colcon_core.environment:checking '/mac_remote/ws/install/manual_control/bin'
[28.104s] Level 1:colcon.colcon_core.environment:create_environment_scripts_only(manual_control)
[28.118s] INFO:colcon.colcon_core.shell:Creating package script '/mac_remote/ws/install/manual_control/share/manual_control/package.ps1'
[28.121s] INFO:colcon.colcon_core.shell:Creating package descriptor '/mac_remote/ws/install/manual_control/share/manual_control/package.dsv'
[28.127s] INFO:colcon.colcon_core.shell:Creating package script '/mac_remote/ws/install/manual_control/share/manual_control/package.sh'
[28.133s] INFO:colcon.colcon_core.shell:Creating package script '/mac_remote/ws/install/manual_control/share/manual_control/package.bash'
[28.206s] INFO:colcon.colcon_core.shell:Creating package script '/mac_remote/ws/install/manual_control/share/manual_control/package.zsh'
[28.222s] Level 1:colcon.colcon_core.environment:create_file_with_runtime_dependencies(/mac_remote/ws/install/manual_control/share/colcon-core/packages/manual_control)
[28.238s] DEBUG:colcon.colcon_parallel_executor.executor.parallel:closing loop
[28.239s] DEBUG:colcon.colcon_parallel_executor.executor.parallel:loop closed
[28.239s] DEBUG:colcon.colcon_parallel_executor.executor.parallel:run_until_complete finished with '0'
[28.239s] DEBUG:colcon.colcon_core.event_reactor:joining thread
[28.874s] INFO:colcon.colcon_core.plugin_system:Skipping extension 'colcon_notification.desktop_notification.notify_send': Could not find 'notify-send'
[28.874s] INFO:colcon.colcon_core.plugin_system:Skipping extension 'colcon_notification.desktop_notification.terminal_notifier': Not used on non-Darwin systems
[28.875s] INFO:colcon.colcon_core.plugin_system:Skipping extension 'colcon_notification.desktop_notification.win32': Not used on non-Windows systems
[28.875s] INFO:colcon.colcon_notification.desktop_notification:Sending desktop notification using 'notify2'
[28.878s] DEBUG:colcon.colcon_notification.desktop_notification.notify2:Failed to initialize notify2: org.freedesktop.DBus.Error.Spawn.ExecFailed: /usr/bin/dbus-launch terminated abnormally without any error message
[28.878s] DEBUG:colcon.colcon_core.event_reactor:joined thread
[28.897s] INFO:colcon.colcon_core.shell:Creating prefix script '/mac_remote/ws/install/local_setup.ps1'
[28.990s] INFO:colcon.colcon_core.shell:Creating prefix util module '/mac_remote/ws/install/_local_setup_util_ps1.py'
[29.522s] INFO:colcon.colcon_core.shell:Creating prefix chain script '/mac_remote/ws/install/setup.ps1'
[29.939s] INFO:colcon.colcon_core.shell:Creating prefix script '/mac_remote/ws/install/local_setup.sh'
[30.146s] INFO:colcon.colcon_core.shell:Creating prefix util module '/mac_remote/ws/install/_local_setup_util_sh.py'
[30.552s] INFO:colcon.colcon_core.shell:Creating prefix chain script '/mac_remote/ws/install/setup.sh'
[30.680s] INFO:colcon.colcon_core.shell:Creating prefix script '/mac_remote/ws/install/local_setup.bash'
[30.950s] INFO:colcon.colcon_core.shell:Creating prefix chain script '/mac_remote/ws/install/setup.bash'
[31.153s] INFO:colcon.colcon_core.shell:Creating prefix script '/mac_remote/ws/install/local_setup.zsh'
[31.334s] INFO:colcon.colcon_core.shell:Creating prefix chain script '/mac_remote/ws/install/setup.zsh'
