[0.096s] Invoking command in '/mac_remote/ws/build/mac_messages': CMAKE_PREFIX_PATH=${CMAKE_PREFIX_PATH}:/opt/ros/humble /usr/bin/cmake --build /mac_remote/ws/build/mac_messages -- -j4 -l4
[0.143s] -- Found ament_cmake: 1.3.5 (/opt/ros/humble/share/ament_cmake/cmake)
[0.371s] -- Found rosidl_default_generators: 1.2.0 (/opt/ros/humble/share/rosidl_default_generators/cmake)
[0.374s] -- Using all available rosidl_typesupport_c: rosidl_typesupport_fastrtps_c;rosidl_typesupport_introspection_c
[0.379s] -- Found rosidl_adapter: 3.1.5 (/opt/ros/humble/share/rosidl_adapter/cmake)
[0.448s] -- Using all available rosidl_typesupport_cpp: rosidl_typesupport_fastrtps_cpp;rosidl_typesupport_introspection_cpp
[0.895s] -- Found ament_cmake_ros: 0.10.0 (/opt/ros/humble/share/ament_cmake_ros/cmake)
[1.208s] -- Using all available rosidl_typesupport_c: rosidl_typesupport_fastrtps_c;rosidl_typesupport_introspection_c
[1.573s] -- Using all available rosidl_typesupport_cpp: rosidl_typesupport_fastrtps_cpp;rosidl_typesupport_introspection_cpp
[1.604s] -- Found python_cmake_module: 0.10.0 (/opt/ros/humble/share/python_cmake_module/cmake)
[1.643s] -- Using PYTHON_EXECUTABLE: /usr/bin/python3
[1.644s] -- Using PYTHON_INCLUDE_DIRS: /usr/include/python3.10
[1.644s] -- Using PYTHON_LIBRARIES: /usr/lib/x86_64-linux-gnu/libpython3.10.so
[1.668s] -- Configuring done
[1.722s] -- Generating done
[1.728s] -- Build files have been written to: /mac_remote/ws/build/mac_messages
[1.769s] [  3%] [34m[1mGenerating C code for ROS interfaces[0m
[1.785s] [  6%] [34m[1mGenerating C++ code for ROS interfaces[0m
[1.818s] [  6%] Built target ament_cmake_python_copy_mac_messages
[2.340s] running egg_info
[2.340s] writing mac_messages.egg-info/PKG-INFO
[2.343s] writing dependency_links to mac_messages.egg-info/dependency_links.txt
[2.346s] writing top-level names to mac_messages.egg-info/top_level.txt
[2.353s] reading manifest file 'mac_messages.egg-info/SOURCES.txt'
[2.358s] writing manifest file 'mac_messages.egg-info/SOURCES.txt'
[2.427s] [  6%] Built target mac_messages__cpp
[2.443s] [  6%] Built target ament_cmake_python_build_mac_messages_egg
[2.462s] [  9%] [34m[1mGenerating C++ introspection for ROS interfaces[0m
[2.468s] [ 12%] [34m[1mGenerating C++ type support dispatch for ROS interfaces[0m
[2.479s] [ 16%] [34m[1mGenerating C++ type support for eProsima Fast-RTPS[0m
[2.483s] [35m[1mConsolidate compiler generated dependencies of target mac_messages__rosidl_generator_c[0m
[2.519s] [ 19%] [32mBuilding C object CMakeFiles/mac_messages__rosidl_generator_c.dir/rosidl_generator_c/mac_messages/msg/detail/drive__functions.c.o[0m
[2.677s] [ 22%] [32m[1mLinking C shared library libmac_messages__rosidl_generator_c.so[0m
[2.767s] [ 22%] Built target mac_messages__rosidl_generator_c
[2.792s] [ 25%] [34m[1mGenerating C type support for eProsima Fast-RTPS[0m
[3.126s] [35m[1mConsolidate compiler generated dependencies of target mac_messages__rosidl_typesupport_cpp[0m
[3.127s] [35m[1mConsolidate compiler generated dependencies of target mac_messages__rosidl_typesupport_introspection_cpp[0m
[3.159s] [ 29%] [32mBuilding CXX object CMakeFiles/mac_messages__rosidl_typesupport_introspection_cpp.dir/rosidl_typesupport_introspection_cpp/mac_messages/msg/detail/drive__type_support.cpp.o[0m
[3.176s] [ 32%] [32mBuilding CXX object CMakeFiles/mac_messages__rosidl_typesupport_cpp.dir/rosidl_typesupport_cpp/mac_messages/msg/drive__type_support.cpp.o[0m
[3.314s] [35m[1mConsolidate compiler generated dependencies of target mac_messages__rosidl_typesupport_fastrtps_cpp[0m
[3.412s] [ 35%] [32mBuilding CXX object CMakeFiles/mac_messages__rosidl_typesupport_fastrtps_cpp.dir/rosidl_typesupport_fastrtps_cpp/mac_messages/msg/detail/dds_fastrtps/drive__type_support.cpp.o[0m
[3.551s] [35m[1mConsolidate compiler generated dependencies of target mac_messages__rosidl_typesupport_fastrtps_c[0m
[3.585s] [ 38%] [32mBuilding CXX object CMakeFiles/mac_messages__rosidl_typesupport_fastrtps_c.dir/rosidl_typesupport_fastrtps_c/mac_messages/msg/detail/drive__type_support_c.cpp.o[0m
[3.995s] [ 41%] [32m[1mLinking CXX shared library libmac_messages__rosidl_typesupport_cpp.so[0m
[4.097s] [ 41%] Built target mac_messages__rosidl_typesupport_cpp
[4.123s] [ 45%] [34m[1mGenerating C introspection for ROS interfaces[0m
[4.400s] [ 48%] [32m[1mLinking CXX shared library libmac_messages__rosidl_typesupport_introspection_cpp.so[0m
[4.597s] [ 51%] [32m[1mLinking CXX shared library libmac_messages__rosidl_typesupport_fastrtps_cpp.so[0m
[4.615s] [ 51%] Built target mac_messages__rosidl_typesupport_introspection_cpp
[4.639s] [ 54%] [34m[1mGenerating C type support dispatch for ROS interfaces[0m
[4.668s] [ 58%] [32m[1mLinking CXX shared library libmac_messages__rosidl_typesupport_fastrtps_c.so[0m
[4.867s] [ 58%] Built target mac_messages__rosidl_typesupport_fastrtps_cpp
[4.899s] [ 58%] Built target mac_messages__rosidl_typesupport_fastrtps_c
[4.913s] [35m[1mConsolidate compiler generated dependencies of target mac_messages__rosidl_typesupport_introspection_c[0m
[4.934s] [ 61%] [32mBuilding C object CMakeFiles/mac_messages__rosidl_typesupport_introspection_c.dir/rosidl_typesupport_introspection_c/mac_messages/msg/detail/drive__type_support.c.o[0m
[4.993s] [ 64%] [32m[1mLinking C shared library libmac_messages__rosidl_typesupport_introspection_c.so[0m
[5.041s] [ 64%] Built target mac_messages__rosidl_typesupport_introspection_c
[5.147s] [35m[1mConsolidate compiler generated dependencies of target mac_messages__rosidl_typesupport_c[0m
[5.166s] [ 67%] [32mBuilding CXX object CMakeFiles/mac_messages__rosidl_typesupport_c.dir/rosidl_typesupport_c/mac_messages/msg/drive__type_support.cpp.o[0m
[5.213s] [ 70%] [32m[1mLinking CXX shared library libmac_messages__rosidl_typesupport_c.so[0m
[5.277s] [ 70%] Built target mac_messages__rosidl_typesupport_c
[5.308s] [ 70%] Built target mac_messages
[5.337s] [ 74%] [34m[1mGenerating Python code for ROS interfaces[0m
[5.845s] [ 74%] Built target mac_messages__py
[5.864s] [35m[1mConsolidate compiler generated dependencies of target mac_messages__rosidl_generator_py[0m
[5.885s] [ 77%] [32mBuilding C object CMakeFiles/mac_messages__rosidl_generator_py.dir/rosidl_generator_py/mac_messages/msg/_drive_s.c.o[0m
[6.035s] [ 80%] [32m[1mLinking C shared library rosidl_generator_py/mac_messages/libmac_messages__rosidl_generator_py.so[0m
[6.101s] [ 80%] Built target mac_messages__rosidl_generator_py
[6.118s] [35m[1mConsolidate compiler generated dependencies of target mac_messages__rosidl_typesupport_introspection_c__pyext[0m
[6.122s] [35m[1mConsolidate compiler generated dependencies of target mac_messages__rosidl_typesupport_fastrtps_c__pyext[0m
[6.123s] [35m[1mConsolidate compiler generated dependencies of target mac_messages__rosidl_typesupport_c__pyext[0m
[6.148s] [ 83%] [32mBuilding C object CMakeFiles/mac_messages__rosidl_typesupport_introspection_c__pyext.dir/rosidl_generator_py/mac_messages/_mac_messages_s.ep.rosidl_typesupport_introspection_c.c.o[0m
[6.157s] [ 87%] [32mBuilding C object CMakeFiles/mac_messages__rosidl_typesupport_fastrtps_c__pyext.dir/rosidl_generator_py/mac_messages/_mac_messages_s.ep.rosidl_typesupport_fastrtps_c.c.o[0m
[6.157s] [ 90%] [32mBuilding C object CMakeFiles/mac_messages__rosidl_typesupport_c__pyext.dir/rosidl_generator_py/mac_messages/_mac_messages_s.ep.rosidl_typesupport_c.c.o[0m
[6.387s] [ 93%] [32m[1mLinking C shared library rosidl_generator_py/mac_messages/mac_messages_s__rosidl_typesupport_introspection_c.cpython-310-x86_64-linux-gnu.so[0m
[6.410s] [ 96%] [32m[1mLinking C shared library rosidl_generator_py/mac_messages/mac_messages_s__rosidl_typesupport_c.cpython-310-x86_64-linux-gnu.so[0m
[6.417s] [100%] [32m[1mLinking C shared library rosidl_generator_py/mac_messages/mac_messages_s__rosidl_typesupport_fastrtps_c.cpython-310-x86_64-linux-gnu.so[0m
[6.464s] [100%] Built target mac_messages__rosidl_typesupport_introspection_c__pyext
[6.500s] [100%] Built target mac_messages__rosidl_typesupport_fastrtps_c__pyext
[6.503s] [100%] Built target mac_messages__rosidl_typesupport_c__pyext
[6.525s] Invoked command in '/mac_remote/ws/build/mac_messages' returned '0': CMAKE_PREFIX_PATH=${CMAKE_PREFIX_PATH}:/opt/ros/humble /usr/bin/cmake --build /mac_remote/ws/build/mac_messages -- -j4 -l4
[6.639s] Invoking command in '/mac_remote/ws/build/mac_messages': CMAKE_PREFIX_PATH=${CMAKE_PREFIX_PATH}:/opt/ros/humble /usr/bin/cmake --install /mac_remote/ws/build/mac_messages
[6.652s] -- Install configuration: ""
[6.653s] -- Up-to-date: /mac_remote/ws/install/mac_messages/share/ament_index/resource_index/rosidl_interfaces/mac_messages
[6.653s] -- Up-to-date: /mac_remote/ws/install/mac_messages/include/mac_messages/mac_messages
[6.653s] -- Up-to-date: /mac_remote/ws/install/mac_messages/include/mac_messages/mac_messages/msg
[6.653s] -- Up-to-date: /mac_remote/ws/install/mac_messages/include/mac_messages/mac_messages/msg/detail
[6.654s] -- Installing: /mac_remote/ws/install/mac_messages/include/mac_messages/mac_messages/msg/detail/drive__functions.c
[6.654s] -- Installing: /mac_remote/ws/install/mac_messages/include/mac_messages/mac_messages/msg/detail/drive__type_support.h
[6.654s] -- Installing: /mac_remote/ws/install/mac_messages/include/mac_messages/mac_messages/msg/detail/drive__functions.h
[6.655s] -- Installing: /mac_remote/ws/install/mac_messages/include/mac_messages/mac_messages/msg/detail/drive__struct.h
[6.655s] -- Installing: /mac_remote/ws/install/mac_messages/include/mac_messages/mac_messages/msg/drive.h
[6.655s] -- Up-to-date: /mac_remote/ws/install/mac_messages/include/mac_messages/mac_messages/msg/rosidl_generator_c__visibility_control.h
[6.655s] -- Up-to-date: /mac_remote/ws/install/mac_messages/share/mac_messages/environment/library_path.sh
[6.656s] -- Installing: /mac_remote/ws/install/mac_messages/share/mac_messages/environment/library_path.dsv
[6.656s] -- Installing: /mac_remote/ws/install/mac_messages/lib/libmac_messages__rosidl_generator_c.so
[6.657s] -- Set runtime path of "/mac_remote/ws/install/mac_messages/lib/libmac_messages__rosidl_generator_c.so" to ""
[6.657s] -- Up-to-date: /mac_remote/ws/install/mac_messages/include/mac_messages/mac_messages
[6.657s] -- Up-to-date: /mac_remote/ws/install/mac_messages/include/mac_messages/mac_messages/msg
[6.657s] -- Up-to-date: /mac_remote/ws/install/mac_messages/include/mac_messages/mac_messages/msg/detail
[6.657s] -- Installing: /mac_remote/ws/install/mac_messages/include/mac_messages/mac_messages/msg/detail/drive__rosidl_typesupport_fastrtps_c.h
[6.658s] -- Up-to-date: /mac_remote/ws/install/mac_messages/include/mac_messages/mac_messages/msg/rosidl_typesupport_fastrtps_c__visibility_control.h
[6.658s] -- Installing: /mac_remote/ws/install/mac_messages/lib/libmac_messages__rosidl_typesupport_fastrtps_c.so
[6.660s] -- Set runtime path of "/mac_remote/ws/install/mac_messages/lib/libmac_messages__rosidl_typesupport_fastrtps_c.so" to ""
[6.660s] -- Up-to-date: /mac_remote/ws/install/mac_messages/include/mac_messages/mac_messages
[6.660s] -- Up-to-date: /mac_remote/ws/install/mac_messages/include/mac_messages/mac_messages/msg
[6.660s] -- Up-to-date: /mac_remote/ws/install/mac_messages/include/mac_messages/mac_messages/msg/detail
[6.661s] -- Installing: /mac_remote/ws/install/mac_messages/include/mac_messages/mac_messages/msg/detail/drive__rosidl_typesupport_introspection_c.h
[6.661s] -- Installing: /mac_remote/ws/install/mac_messages/include/mac_messages/mac_messages/msg/detail/drive__type_support.c
[6.661s] -- Up-to-date: /mac_remote/ws/install/mac_messages/include/mac_messages/mac_messages/msg/rosidl_typesupport_introspection_c__visibility_control.h
[6.661s] -- Installing: /mac_remote/ws/install/mac_messages/lib/libmac_messages__rosidl_typesupport_introspection_c.so
[6.663s] -- Set runtime path of "/mac_remote/ws/install/mac_messages/lib/libmac_messages__rosidl_typesupport_introspection_c.so" to ""
[6.663s] -- Installing: /mac_remote/ws/install/mac_messages/lib/libmac_messages__rosidl_typesupport_c.so
[6.664s] -- Set runtime path of "/mac_remote/ws/install/mac_messages/lib/libmac_messages__rosidl_typesupport_c.so" to ""
[6.664s] -- Up-to-date: /mac_remote/ws/install/mac_messages/include/mac_messages/mac_messages
[6.664s] -- Up-to-date: /mac_remote/ws/install/mac_messages/include/mac_messages/mac_messages/msg
[6.665s] -- Up-to-date: /mac_remote/ws/install/mac_messages/include/mac_messages/mac_messages/msg/detail
[6.665s] -- Installing: /mac_remote/ws/install/mac_messages/include/mac_messages/mac_messages/msg/detail/drive__traits.hpp
[6.665s] -- Installing: /mac_remote/ws/install/mac_messages/include/mac_messages/mac_messages/msg/detail/drive__builder.hpp
[6.665s] -- Installing: /mac_remote/ws/install/mac_messages/include/mac_messages/mac_messages/msg/detail/drive__struct.hpp
[6.666s] -- Installing: /mac_remote/ws/install/mac_messages/include/mac_messages/mac_messages/msg/drive.hpp
[6.666s] -- Up-to-date: /mac_remote/ws/install/mac_messages/include/mac_messages/mac_messages
[6.666s] -- Up-to-date: /mac_remote/ws/install/mac_messages/include/mac_messages/mac_messages/msg
[6.667s] -- Up-to-date: /mac_remote/ws/install/mac_messages/include/mac_messages/mac_messages/msg/detail
[6.667s] -- Up-to-date: /mac_remote/ws/install/mac_messages/include/mac_messages/mac_messages/msg/detail/dds_fastrtps
[6.667s] -- Installing: /mac_remote/ws/install/mac_messages/include/mac_messages/mac_messages/msg/detail/drive__rosidl_typesupport_fastrtps_cpp.hpp
[6.667s] -- Up-to-date: /mac_remote/ws/install/mac_messages/include/mac_messages/mac_messages/msg/rosidl_typesupport_fastrtps_cpp__visibility_control.h
[6.667s] -- Installing: /mac_remote/ws/install/mac_messages/lib/libmac_messages__rosidl_typesupport_fastrtps_cpp.so
[6.669s] -- Set runtime path of "/mac_remote/ws/install/mac_messages/lib/libmac_messages__rosidl_typesupport_fastrtps_cpp.so" to ""
[6.669s] -- Up-to-date: /mac_remote/ws/install/mac_messages/include/mac_messages/mac_messages
[6.669s] -- Up-to-date: /mac_remote/ws/install/mac_messages/include/mac_messages/mac_messages/msg
[6.669s] -- Up-to-date: /mac_remote/ws/install/mac_messages/include/mac_messages/mac_messages/msg/detail
[6.670s] -- Installing: /mac_remote/ws/install/mac_messages/include/mac_messages/mac_messages/msg/detail/drive__rosidl_typesupport_introspection_cpp.hpp
[6.670s] -- Installing: /mac_remote/ws/install/mac_messages/include/mac_messages/mac_messages/msg/detail/drive__type_support.cpp
[6.672s] -- Installing: /mac_remote/ws/install/mac_messages/lib/libmac_messages__rosidl_typesupport_introspection_cpp.so
[6.672s] -- Set runtime path of "/mac_remote/ws/install/mac_messages/lib/libmac_messages__rosidl_typesupport_introspection_cpp.so" to ""
[6.672s] -- Installing: /mac_remote/ws/install/mac_messages/lib/libmac_messages__rosidl_typesupport_cpp.so
[6.673s] -- Set runtime path of "/mac_remote/ws/install/mac_messages/lib/libmac_messages__rosidl_typesupport_cpp.so" to ""
[6.673s] -- Up-to-date: /mac_remote/ws/install/mac_messages/share/mac_messages/environment/pythonpath.sh
[6.674s] -- Installing: /mac_remote/ws/install/mac_messages/share/mac_messages/environment/pythonpath.dsv
[6.674s] -- Up-to-date: /mac_remote/ws/install/mac_messages/local/lib/python3.10/dist-packages/mac_messages-0.0.0-py3.10.egg-info
[6.675s] -- Installing: /mac_remote/ws/install/mac_messages/local/lib/python3.10/dist-packages/mac_messages-0.0.0-py3.10.egg-info/top_level.txt
[6.675s] -- Installing: /mac_remote/ws/install/mac_messages/local/lib/python3.10/dist-packages/mac_messages-0.0.0-py3.10.egg-info/SOURCES.txt
[6.676s] -- Installing: /mac_remote/ws/install/mac_messages/local/lib/python3.10/dist-packages/mac_messages-0.0.0-py3.10.egg-info/dependency_links.txt
[6.676s] -- Installing: /mac_remote/ws/install/mac_messages/local/lib/python3.10/dist-packages/mac_messages-0.0.0-py3.10.egg-info/PKG-INFO
[6.676s] -- Up-to-date: /mac_remote/ws/install/mac_messages/local/lib/python3.10/dist-packages/mac_messages
[6.676s] -- Installing: /mac_remote/ws/install/mac_messages/local/lib/python3.10/dist-packages/mac_messages/__init__.py
[6.677s] -- Installing: /mac_remote/ws/install/mac_messages/local/lib/python3.10/dist-packages/mac_messages/mac_messages_s__rosidl_typesupport_fastrtps_c.cpython-310-x86_64-linux-gnu.so
[6.677s] -- Installing: /mac_remote/ws/install/mac_messages/local/lib/python3.10/dist-packages/mac_messages/libmac_messages__rosidl_generator_py.so
[6.677s] -- Installing: /mac_remote/ws/install/mac_messages/local/lib/python3.10/dist-packages/mac_messages/_mac_messages_s.ep.rosidl_typesupport_introspection_c.c
[6.678s] -- Installing: /mac_remote/ws/install/mac_messages/local/lib/python3.10/dist-packages/mac_messages/_mac_messages_s.ep.rosidl_typesupport_fastrtps_c.c
[6.678s] -- Installing: /mac_remote/ws/install/mac_messages/local/lib/python3.10/dist-packages/mac_messages/mac_messages_s__rosidl_typesupport_introspection_c.cpython-310-x86_64-linux-gnu.so
[6.678s] -- Up-to-date: /mac_remote/ws/install/mac_messages/local/lib/python3.10/dist-packages/mac_messages/msg
[6.678s] -- Installing: /mac_remote/ws/install/mac_messages/local/lib/python3.10/dist-packages/mac_messages/msg/__init__.py
[6.679s] -- Installing: /mac_remote/ws/install/mac_messages/local/lib/python3.10/dist-packages/mac_messages/msg/_drive.py
[6.679s] -- Installing: /mac_remote/ws/install/mac_messages/local/lib/python3.10/dist-packages/mac_messages/msg/_drive_s.c
[6.679s] -- Installing: /mac_remote/ws/install/mac_messages/local/lib/python3.10/dist-packages/mac_messages/_mac_messages_s.ep.rosidl_typesupport_c.c
[6.679s] -- Installing: /mac_remote/ws/install/mac_messages/local/lib/python3.10/dist-packages/mac_messages/mac_messages_s__rosidl_typesupport_c.cpython-310-x86_64-linux-gnu.so
[6.728s] Listing '/mac_remote/ws/install/mac_messages/local/lib/python3.10/dist-packages/mac_messages'...
[6.728s] Compiling '/mac_remote/ws/install/mac_messages/local/lib/python3.10/dist-packages/mac_messages/__init__.py'...
[6.728s] Listing '/mac_remote/ws/install/mac_messages/local/lib/python3.10/dist-packages/mac_messages/msg'...
[6.728s] Compiling '/mac_remote/ws/install/mac_messages/local/lib/python3.10/dist-packages/mac_messages/msg/__init__.py'...
[6.728s] Compiling '/mac_remote/ws/install/mac_messages/local/lib/python3.10/dist-packages/mac_messages/msg/_drive.py'...
[6.735s] -- Installing: /mac_remote/ws/install/mac_messages/local/lib/python3.10/dist-packages/mac_messages/mac_messages_s__rosidl_typesupport_fastrtps_c.cpython-310-x86_64-linux-gnu.so
[6.735s] -- Set runtime path of "/mac_remote/ws/install/mac_messages/local/lib/python3.10/dist-packages/mac_messages/mac_messages_s__rosidl_typesupport_fastrtps_c.cpython-310-x86_64-linux-gnu.so" to ""
[6.736s] -- Installing: /mac_remote/ws/install/mac_messages/local/lib/python3.10/dist-packages/mac_messages/mac_messages_s__rosidl_typesupport_introspection_c.cpython-310-x86_64-linux-gnu.so
[6.737s] -- Set runtime path of "/mac_remote/ws/install/mac_messages/local/lib/python3.10/dist-packages/mac_messages/mac_messages_s__rosidl_typesupport_introspection_c.cpython-310-x86_64-linux-gnu.so" to ""
[6.737s] -- Installing: /mac_remote/ws/install/mac_messages/local/lib/python3.10/dist-packages/mac_messages/mac_messages_s__rosidl_typesupport_c.cpython-310-x86_64-linux-gnu.so
[6.738s] -- Set runtime path of "/mac_remote/ws/install/mac_messages/local/lib/python3.10/dist-packages/mac_messages/mac_messages_s__rosidl_typesupport_c.cpython-310-x86_64-linux-gnu.so" to ""
[6.738s] -- Installing: /mac_remote/ws/install/mac_messages/lib/libmac_messages__rosidl_generator_py.so
[6.739s] -- Set runtime path of "/mac_remote/ws/install/mac_messages/lib/libmac_messages__rosidl_generator_py.so" to ""
[6.740s] -- Installing: /mac_remote/ws/install/mac_messages/share/mac_messages/msg/Drive.idl
[6.740s] -- Installing: /mac_remote/ws/install/mac_messages/share/mac_messages/msg/Drive.msg
[6.740s] -- Up-to-date: /mac_remote/ws/install/mac_messages/share/ament_index/resource_index/package_run_dependencies/mac_messages
[6.740s] -- Installing: /mac_remote/ws/install/mac_messages/share/ament_index/resource_index/parent_prefix_path/mac_messages
[6.740s] -- Up-to-date: /mac_remote/ws/install/mac_messages/share/mac_messages/environment/ament_prefix_path.sh
[6.741s] -- Installing: /mac_remote/ws/install/mac_messages/share/mac_messages/environment/ament_prefix_path.dsv
[6.741s] -- Up-to-date: /mac_remote/ws/install/mac_messages/share/mac_messages/environment/path.sh
[6.741s] -- Installing: /mac_remote/ws/install/mac_messages/share/mac_messages/environment/path.dsv
[6.741s] -- Up-to-date: /mac_remote/ws/install/mac_messages/share/mac_messages/local_setup.bash
[6.742s] -- Up-to-date: /mac_remote/ws/install/mac_messages/share/mac_messages/local_setup.sh
[6.742s] -- Up-to-date: /mac_remote/ws/install/mac_messages/share/mac_messages/local_setup.zsh
[6.743s] -- Installing: /mac_remote/ws/install/mac_messages/share/mac_messages/local_setup.dsv
[6.743s] -- Installing: /mac_remote/ws/install/mac_messages/share/mac_messages/package.dsv
[6.743s] -- Up-to-date: /mac_remote/ws/install/mac_messages/share/ament_index/resource_index/packages/mac_messages
[6.743s] -- Up-to-date: /mac_remote/ws/install/mac_messages/share/mac_messages/cmake/export_mac_messages__rosidl_generator_cExport.cmake
[6.743s] -- Up-to-date: /mac_remote/ws/install/mac_messages/share/mac_messages/cmake/export_mac_messages__rosidl_generator_cExport-noconfig.cmake
[6.744s] -- Up-to-date: /mac_remote/ws/install/mac_messages/share/mac_messages/cmake/export_mac_messages__rosidl_typesupport_fastrtps_cExport.cmake
[6.744s] -- Up-to-date: /mac_remote/ws/install/mac_messages/share/mac_messages/cmake/export_mac_messages__rosidl_typesupport_fastrtps_cExport-noconfig.cmake
[6.744s] -- Up-to-date: /mac_remote/ws/install/mac_messages/share/mac_messages/cmake/mac_messages__rosidl_typesupport_introspection_cExport.cmake
[6.744s] -- Up-to-date: /mac_remote/ws/install/mac_messages/share/mac_messages/cmake/mac_messages__rosidl_typesupport_introspection_cExport-noconfig.cmake
[6.745s] -- Up-to-date: /mac_remote/ws/install/mac_messages/share/mac_messages/cmake/mac_messages__rosidl_typesupport_cExport.cmake
[6.745s] -- Up-to-date: /mac_remote/ws/install/mac_messages/share/mac_messages/cmake/mac_messages__rosidl_typesupport_cExport-noconfig.cmake
[6.745s] -- Up-to-date: /mac_remote/ws/install/mac_messages/share/mac_messages/cmake/export_mac_messages__rosidl_generator_cppExport.cmake
[6.745s] -- Up-to-date: /mac_remote/ws/install/mac_messages/share/mac_messages/cmake/export_mac_messages__rosidl_typesupport_fastrtps_cppExport.cmake
[6.745s] -- Up-to-date: /mac_remote/ws/install/mac_messages/share/mac_messages/cmake/export_mac_messages__rosidl_typesupport_fastrtps_cppExport-noconfig.cmake
[6.746s] -- Up-to-date: /mac_remote/ws/install/mac_messages/share/mac_messages/cmake/mac_messages__rosidl_typesupport_introspection_cppExport.cmake
[6.746s] -- Up-to-date: /mac_remote/ws/install/mac_messages/share/mac_messages/cmake/mac_messages__rosidl_typesupport_introspection_cppExport-noconfig.cmake
[6.746s] -- Up-to-date: /mac_remote/ws/install/mac_messages/share/mac_messages/cmake/mac_messages__rosidl_typesupport_cppExport.cmake
[6.746s] -- Up-to-date: /mac_remote/ws/install/mac_messages/share/mac_messages/cmake/mac_messages__rosidl_typesupport_cppExport-noconfig.cmake
[6.746s] -- Up-to-date: /mac_remote/ws/install/mac_messages/share/mac_messages/cmake/export_mac_messages__rosidl_generator_pyExport.cmake
[6.747s] -- Up-to-date: /mac_remote/ws/install/mac_messages/share/mac_messages/cmake/export_mac_messages__rosidl_generator_pyExport-noconfig.cmake
[6.747s] -- Up-to-date: /mac_remote/ws/install/mac_messages/share/mac_messages/cmake/rosidl_cmake-extras.cmake
[6.747s] -- Up-to-date: /mac_remote/ws/install/mac_messages/share/mac_messages/cmake/ament_cmake_export_include_directories-extras.cmake
[6.747s] -- Up-to-date: /mac_remote/ws/install/mac_messages/share/mac_messages/cmake/ament_cmake_export_libraries-extras.cmake
[6.747s] -- Up-to-date: /mac_remote/ws/install/mac_messages/share/mac_messages/cmake/ament_cmake_export_targets-extras.cmake
[6.747s] -- Up-to-date: /mac_remote/ws/install/mac_messages/share/mac_messages/cmake/rosidl_cmake_export_typesupport_targets-extras.cmake
[6.747s] -- Up-to-date: /mac_remote/ws/install/mac_messages/share/mac_messages/cmake/ament_cmake_export_dependencies-extras.cmake
[6.747s] -- Up-to-date: /mac_remote/ws/install/mac_messages/share/mac_messages/cmake/rosidl_cmake_export_typesupport_libraries-extras.cmake
[6.748s] -- Up-to-date: /mac_remote/ws/install/mac_messages/share/mac_messages/cmake/mac_messagesConfig.cmake
[6.748s] -- Up-to-date: /mac_remote/ws/install/mac_messages/share/mac_messages/cmake/mac_messagesConfig-version.cmake
[6.748s] -- Up-to-date: /mac_remote/ws/install/mac_messages/share/mac_messages/package.xml
[6.749s] Invoked command in '/mac_remote/ws/build/mac_messages' returned '0': CMAKE_PREFIX_PATH=${CMAKE_PREFIX_PATH}:/opt/ros/humble /usr/bin/cmake --install /mac_remote/ws/build/mac_messages
