[0.000000] (-) TimerEvent: {}
[0.001219] (manual_control) JobQueued: {'identifier': 'manual_control', 'dependencies': OrderedDict()}
[0.002249] (manual_control) JobStarted: {'identifier': 'manual_control'}
[0.098845] (-) TimerEvent: {}
[0.199785] (-) TimerEvent: {}
[0.300487] (-) TimerEvent: {}
[0.401146] (-) TimerEvent: {}
[0.501787] (-) TimerEvent: {}
[0.602451] (-) TimerEvent: {}
[0.703105] (-) TimerEvent: {}
[0.803723] (-) TimerEvent: {}
[0.904419] (-) TimerEvent: {}
[1.005103] (-) TimerEvent: {}
[1.105781] (-) TimerEvent: {}
[1.206565] (-) TimerEvent: {}
[1.307242] (-) TimerEvent: {}
[1.407970] (-) TimerEvent: {}
[1.508772] (-) TimerEvent: {}
[1.547496] (manual_control) StderrLine: {'line': b'Traceback (most recent call last):\n  File "/usr/lib/python3/dist-packages/colcon_core/executor/__init__.py", line 91, in __call__\n    rc = await self.task(*args, **kwargs)\n  File "/usr/lib/python3/dist-packages/colcon_core/task/__init__.py", line 93, in __call__\n    return await task_method(*args, **kwargs)\n  File "/usr/lib/python3/dist-packages/colcon_ros/task/ament_python/build.py", line 51, in build\n    setup_py_data = get_setup_data(self.context.pkg, env)\n  File "/usr/lib/python3/dist-packages/colcon_core/task/python/__init__.py", line 20, in get_setup_data\n    return dict(pkg.metadata[key](env))\n  File "/usr/lib/python3/dist-packages/colcon_ros/package_augmentation/ros_ament_python.py", line 57, in getter\n    return get_setup_information(\n  File "/usr/lib/python3/dist-packages/colcon_python_setup_py/package_identification/python_setup_py.py", line 241, in get_setup_information\n    _setup_information_cache[hashable_env] = _get_setup_information(\n  File "/usr/lib/python3/dist-packages/colcon_python_setup_py/package_identification/python_setup_py.py", line 288, in _get_setup_information\n    result = subprocess.run(\n  File "/usr/lib/python3.8/subprocess.py", line 516, in run\n    raise CalledProcessError(retcode, process.args,\nsubprocess.CalledProcessError: Command \'[\'/usr/bin/python3\', \'-c\', \'import sys;from contextlib import suppress;exec("with suppress(ImportError):    from setuptools.extern.packaging.specifiers    import SpecifierSet");exec("with suppress(ImportError):    from packaging.specifiers import SpecifierSet");from distutils.core import run_setup;dist = run_setup(    \\\'setup.py\\\', script_args=(\\\'--dry-run\\\',), stop_after=\\\'config\\\');skip_keys = (\\\'cmdclass\\\', \\\'distclass\\\', \\\'ext_modules\\\', \\\'metadata\\\');data = {    key: value for key, value in dist.__dict__.items()     if (        not key.startswith(\\\'_\\\') and         not callable(value) and         key not in skip_keys and         key not in dist.display_option_names    )};data[\\\'metadata\\\'] = {    k: v for k, v in dist.metadata.__dict__.items()     if k not in (\\\'license_files\\\', \\\'provides_extras\\\')};sys.stdout.buffer.write(repr(data).encode(\\\'utf-8\\\'))\']\' returned non-zero exit status 1.\n'}
[1.549464] (manual_control) JobEnded: {'identifier': 'manual_control', 'rc': 1}
[1.559419] (-) EventReactorShutdown: {}
