[0.075s] Invoking command in '/mac_remote/ws/build/macnav_description': CMAKE_PREFIX_PATH=${CMAKE_PREFIX_PATH}:/mac_remote/ws/install/manual_control:/opt/ros/humble /usr/bin/cmake --build /mac_remote/ws/build/macnav_description -- -j12 -l12
[1.659s] Invoked command in '/mac_remote/ws/build/macnav_description' returned '0': CMAKE_PREFIX_PATH=${CMAKE_PREFIX_PATH}:/mac_remote/ws/install/manual_control:/opt/ros/humble /usr/bin/cmake --build /mac_remote/ws/build/macnav_description -- -j12 -l12
[1.696s] Invoking command in '/mac_remote/ws/build/macnav_description': CMAKE_PREFIX_PATH=${CMAKE_PREFIX_PATH}:/mac_remote/ws/install/manual_control:/opt/ros/humble /usr/bin/cmake --install /mac_remote/ws/build/macnav_description
[1.705s] -- Install configuration: ""
[1.705s] -- Up-to-date: /mac_remote/ws/install/macnav_description/share/macnav_description//urdf
[1.706s] -- Up-to-date: /mac_remote/ws/install/macnav_description/share/macnav_description//urdf/macnav.urdf.xacro
[1.706s] -- Up-to-date: /mac_remote/ws/install/macnav_description/share/macnav_description//urdf/macnav_lidar.xacro
[1.706s] -- Up-to-date: /mac_remote/ws/install/macnav_description/share/macnav_description//urdf/common_properties.xacro
[1.707s] -- Up-to-date: /mac_remote/ws/install/macnav_description/share/macnav_description//urdf/macnav_base.xacro
[1.707s] -- Up-to-date: /mac_remote/ws/install/macnav_description/share/macnav_description//launch
[1.708s] -- Up-to-date: /mac_remote/ws/install/macnav_description/share/macnav_description//launch/display.launch.xml
[1.708s] -- Up-to-date: /mac_remote/ws/install/macnav_description/share/macnav_description//rviz
[1.708s] -- Up-to-date: /mac_remote/ws/install/macnav_description/share/macnav_description//rviz/macnav_config.rviz
[1.709s] -- Up-to-date: /mac_remote/ws/install/macnav_description/share/ament_index/resource_index/package_run_dependencies/macnav_description
[1.709s] -- Up-to-date: /mac_remote/ws/install/macnav_description/share/ament_index/resource_index/parent_prefix_path/macnav_description
[1.709s] -- Up-to-date: /mac_remote/ws/install/macnav_description/share/macnav_description/environment/ament_prefix_path.sh
[1.709s] -- Up-to-date: /mac_remote/ws/install/macnav_description/share/macnav_description/environment/ament_prefix_path.dsv
[1.709s] -- Up-to-date: /mac_remote/ws/install/macnav_description/share/macnav_description/environment/path.sh
[1.710s] -- Up-to-date: /mac_remote/ws/install/macnav_description/share/macnav_description/environment/path.dsv
[1.710s] -- Up-to-date: /mac_remote/ws/install/macnav_description/share/macnav_description/local_setup.bash
[1.710s] -- Up-to-date: /mac_remote/ws/install/macnav_description/share/macnav_description/local_setup.sh
[1.710s] -- Up-to-date: /mac_remote/ws/install/macnav_description/share/macnav_description/local_setup.zsh
[1.711s] -- Up-to-date: /mac_remote/ws/install/macnav_description/share/macnav_description/local_setup.dsv
[1.712s] -- Up-to-date: /mac_remote/ws/install/macnav_description/share/macnav_description/package.dsv
[1.714s] -- Up-to-date: /mac_remote/ws/install/macnav_description/share/ament_index/resource_index/packages/macnav_description
[1.714s] -- Up-to-date: /mac_remote/ws/install/macnav_description/share/macnav_description/cmake/macnav_descriptionConfig.cmake
[1.715s] -- Up-to-date: /mac_remote/ws/install/macnav_description/share/macnav_description/cmake/macnav_descriptionConfig-version.cmake
[1.715s] -- Up-to-date: /mac_remote/ws/install/macnav_description/share/macnav_description/package.xml
[1.715s] Invoked command in '/mac_remote/ws/build/macnav_description' returned '0': CMAKE_PREFIX_PATH=${CMAKE_PREFIX_PATH}:/mac_remote/ws/install/manual_control:/opt/ros/humble /usr/bin/cmake --install /mac_remote/ws/build/macnav_description
