-- Install configuration: ""
-- Execute custom install script
-- Symlinking: /home/dan/MacEwan-Navigation-Bot/ws/install/macnav_description/share/macnav_description//urdf/common_properties.xacro
-- Symlinking: /home/dan/MacEwan-Navigation-Bot/ws/install/macnav_description/share/macnav_description//urdf/macnav.urdf.xacro
-- Symlinking: /home/dan/MacEwan-Navigation-Bot/ws/install/macnav_description/share/macnav_description//urdf/macnav.xacro
-- Symlinking: /home/dan/MacEwan-Navigation-Bot/ws/install/macnav_description/share/macnav_description//urdf/macnav_base.xacro
-- Symlinking: /home/dan/MacEwan-Navigation-Bot/ws/install/macnav_description/share/macnav_description//urdf/macnav_lidar.xacro
-- Symlinking: /home/dan/MacEwan-Navigation-Bot/ws/install/macnav_description/share/macnav_description//launch/display.launch.xml
-- Symlinking: /home/dan/MacEwan-Navigation-Bot/ws/install/macnav_description/share/macnav_description//rviz/macnav_config.rviz
-- Symlinking: /home/dan/MacEwan-Navigation-Bot/ws/install/macnav_description/share/ament_index/resource_index/package_run_dependencies/macnav_description
-- Symlinking: /home/dan/MacEwan-Navigation-Bot/ws/install/macnav_description/share/ament_index/resource_index/parent_prefix_path/macnav_description
-- Symlinking: /home/dan/MacEwan-Navigation-Bot/ws/install/macnav_description/share/macnav_description/environment/ament_prefix_path.sh
-- Symlinking: /home/dan/MacEwan-Navigation-Bot/ws/install/macnav_description/share/macnav_description/environment/ament_prefix_path.dsv
-- Symlinking: /home/dan/MacEwan-Navigation-Bot/ws/install/macnav_description/share/macnav_description/environment/path.sh
-- Symlinking: /home/dan/MacEwan-Navigation-Bot/ws/install/macnav_description/share/macnav_description/environment/path.dsv
-- Symlinking: /home/dan/MacEwan-Navigation-Bot/ws/install/macnav_description/share/macnav_description/local_setup.bash
-- Symlinking: /home/dan/MacEwan-Navigation-Bot/ws/install/macnav_description/share/macnav_description/local_setup.sh
-- Symlinking: /home/dan/MacEwan-Navigation-Bot/ws/install/macnav_description/share/macnav_description/local_setup.zsh
-- Symlinking: /home/dan/MacEwan-Navigation-Bot/ws/install/macnav_description/share/macnav_description/local_setup.dsv
-- Symlinking: /home/dan/MacEwan-Navigation-Bot/ws/install/macnav_description/share/macnav_description/package.dsv
-- Symlinking: /home/dan/MacEwan-Navigation-Bot/ws/install/macnav_description/share/ament_index/resource_index/packages/macnav_description
-- Symlinking: /home/dan/MacEwan-Navigation-Bot/ws/install/macnav_description/share/macnav_description/cmake/macnav_descriptionConfig.cmake
-- Symlinking: /home/dan/MacEwan-Navigation-Bot/ws/install/macnav_description/share/macnav_description/cmake/macnav_descriptionConfig-version.cmake
-- Symlinking: /home/dan/MacEwan-Navigation-Bot/ws/install/macnav_description/share/macnav_description/package.xml
