/mac_remote/ws/install/manual_control/lib/python3.10/site-packages/manual_control/manual_node.py
/mac_remote/ws/install/manual_control/lib/python3.10/site-packages/manual_control/odom_to_tf_node.py
/mac_remote/ws/install/manual_control/lib/python3.10/site-packages/manual_control/__init__.py
/mac_remote/ws/install/manual_control/lib/python3.10/site-packages/manual_control/odom_test_node.py
/mac_remote/ws/install/manual_control/lib/python3.10/site-packages/manual_control/__pycache__/manual_node.cpython-310.pyc
/mac_remote/ws/install/manual_control/lib/python3.10/site-packages/manual_control/__pycache__/odom_to_tf_node.cpython-310.pyc
/mac_remote/ws/install/manual_control/lib/python3.10/site-packages/manual_control/__pycache__/__init__.cpython-310.pyc
/mac_remote/ws/install/manual_control/lib/python3.10/site-packages/manual_control/__pycache__/odom_test_node.cpython-310.pyc
/mac_remote/ws/install/manual_control/share/ament_index/resource_index/packages/manual_control
/mac_remote/ws/install/manual_control/share/manual_control/package.xml
/mac_remote/ws/install/manual_control/lib/python3.10/site-packages/manual_control-0.0.0-py3.10.egg-info/dependency_links.txt
/mac_remote/ws/install/manual_control/lib/python3.10/site-packages/manual_control-0.0.0-py3.10.egg-info/zip-safe
/mac_remote/ws/install/manual_control/lib/python3.10/site-packages/manual_control-0.0.0-py3.10.egg-info/top_level.txt
/mac_remote/ws/install/manual_control/lib/python3.10/site-packages/manual_control-0.0.0-py3.10.egg-info/SOURCES.txt
/mac_remote/ws/install/manual_control/lib/python3.10/site-packages/manual_control-0.0.0-py3.10.egg-info/requires.txt
/mac_remote/ws/install/manual_control/lib/python3.10/site-packages/manual_control-0.0.0-py3.10.egg-info/entry_points.txt
/mac_remote/ws/install/manual_control/lib/python3.10/site-packages/manual_control-0.0.0-py3.10.egg-info/PKG-INFO
/mac_remote/ws/install/manual_control/lib/manual_control/manual_control_node
/mac_remote/ws/install/manual_control/lib/manual_control/odom_test_node
/mac_remote/ws/install/manual_control/lib/manual_control/odom_to_tf_node
