running develop
running egg_info
creating manual_control.egg-info
writing manual_control.egg-info/PKG-INFO
writing dependency_links to manual_control.egg-info/dependency_links.txt
writing entry points to manual_control.egg-info/entry_points.txt
writing requirements to manual_control.egg-info/requires.txt
writing top-level names to manual_control.egg-info/top_level.txt
writing manifest file 'manual_control.egg-info/SOURCES.txt'
reading manifest file 'manual_control.egg-info/SOURCES.txt'
writing manifest file 'manual_control.egg-info/SOURCES.txt'
running build_ext
Creating /mac_everything/ws/install/manual_control/lib/python3.8/site-packages/manual-control.egg-link (link to .)
Installing manual_control_node script to /mac_everything/ws/install/manual_control/lib/manual_control

Installed /mac_everything/ws/build/manual_control
running install_data
creating /mac_everything/ws/install/manual_control/share/ament_index
creating /mac_everything/ws/install/manual_control/share/ament_index/resource_index
creating /mac_everything/ws/install/manual_control/share/ament_index/resource_index/packages
copying resource/manual_control -> /mac_everything/ws/install/manual_control/share/ament_index/resource_index/packages
copying package.xml -> /mac_everything/ws/install/manual_control/share/manual_control
