[0.210s] Invoking command in '/mac_remote/ws/build/joint_state_publisher': /usr/bin/cmake /mac_remote/ws/src/joint_state_publisher/joint_state_publisher -DCATKIN_INSTALL_INTO_PREFIX_ROOT=0 -DCATKIN_SYMLINK_INSTALL=ON -DCMAKE_INSTALL_PREFIX=/mac_remote/ws/install/joint_state_publisher
[0.464s] -- The C compiler identification is GNU 11.4.0
[0.609s] -- The CXX compiler identification is GNU 11.4.0
[0.626s] -- Detecting C compiler ABI info
[0.736s] -- Detecting C compiler ABI info - done
[0.746s] -- Check for working C compiler: /usr/bin/cc - skipped
[0.746s] -- Detecting C compile features
[0.747s] -- Detecting C compile features - done
[0.751s] -- Detecting CXX compiler ABI info
[0.861s] -- Detecting CXX compiler ABI info - done
[0.878s] -- Check for working CXX compiler: /usr/bin/c++ - skipped
[0.878s] -- Detecting CXX compile features
[0.879s] -- Detecting CXX compile features - done
[0.931s] [31mCMake Error at CMakeLists.txt:4 (find_package):
[0.931s]   By not providing "Findcatkin.cmake" in CMAKE_MODULE_PATH this project has
[0.931s]   asked CMake to find a package configuration file provided by "catkin", but
[0.931s]   CMake did not find one.
[0.931s] 
[0.931s]   Could not find a package configuration file provided by "catkin" with any
[0.932s]   of the following names:
[0.932s] 
[0.932s]     catkinConfig.cmake
[0.932s]     catkin-config.cmake
[0.932s] 
[0.932s]   Add the installation prefix of "catkin" to CMAKE_PREFIX_PATH or set
[0.932s]   "catkin_DIR" to a directory containing one of the above files.  If "catkin"
[0.932s]   provides a separate development package or SDK, be sure it has been
[0.932s]   installed.
[0.933s] 
[0.933s] [0m
[0.933s] -- Configuring incomplete, errors occurred!
[0.933s] See also "/mac_remote/ws/build/joint_state_publisher/CMakeFiles/CMakeOutput.log".
[0.936s] Invoked command in '/mac_remote/ws/build/joint_state_publisher' returned '1': /usr/bin/cmake /mac_remote/ws/src/joint_state_publisher/joint_state_publisher -DCATKIN_INSTALL_INTO_PREFIX_ROOT=0 -DCATKIN_SYMLINK_INSTALL=ON -DCMAKE_INSTALL_PREFIX=/mac_remote/ws/install/joint_state_publisher
