[0.968s] Invoking command in '/mac_remote/ws/src/manual_control': PYTHONPATH=/mac_remote/ws/build/manual_control/prefix_override:/mac_remote/ws/install/manual_control/lib/python3.10/site-packages:${PYTHONPATH} /usr/bin/python3 setup.py egg_info --egg-base ../../build/manual_control build --build-base /mac_remote/ws/build/manual_control/build install --record /mac_remote/ws/build/manual_control/install.log --single-version-externally-managed
[1.261s] running egg_info
[1.261s] writing ../../build/manual_control/manual_control.egg-info/PKG-INFO
[1.261s] writing dependency_links to ../../build/manual_control/manual_control.egg-info/dependency_links.txt
[1.262s] writing entry points to ../../build/manual_control/manual_control.egg-info/entry_points.txt
[1.262s] writing requirements to ../../build/manual_control/manual_control.egg-info/requires.txt
[1.262s] writing top-level names to ../../build/manual_control/manual_control.egg-info/top_level.txt
[1.264s] reading manifest file '../../build/manual_control/manual_control.egg-info/SOURCES.txt'
[1.264s] writing manifest file '../../build/manual_control/manual_control.egg-info/SOURCES.txt'
[1.264s] running build
[1.264s] running build_py
[1.265s] running install
[1.265s] running install_lib
[1.266s] running install_data
[1.266s] running install_egg_info
[1.268s] removing '/mac_remote/ws/install/manual_control/lib/python3.10/site-packages/manual_control-0.0.0-py3.10.egg-info' (and everything under it)
[1.269s] Copying ../../build/manual_control/manual_control.egg-info to /mac_remote/ws/install/manual_control/lib/python3.10/site-packages/manual_control-0.0.0-py3.10.egg-info
[1.270s] running install_scripts
[1.289s] Installing manual_control_node script to /mac_remote/ws/install/manual_control/lib/manual_control
[1.289s] writing list of installed files to '/mac_remote/ws/build/manual_control/install.log'
[1.311s] Invoked command in '/mac_remote/ws/src/manual_control' returned '0': PYTHONPATH=/mac_remote/ws/build/manual_control/prefix_override:/mac_remote/ws/install/manual_control/lib/python3.10/site-packages:${PYTHONPATH} /usr/bin/python3 setup.py egg_info --egg-base ../../build/manual_control build --build-base /mac_remote/ws/build/manual_control/build install --record /mac_remote/ws/build/manual_control/install.log --single-version-externally-managed
