[2.745s] Invoking command in '/mac_everything/ws/build/manual_control': PYTHONPATH=/mac_everything/ws/build/manual_control/prefix_override:/mac_everything/ws/install/manual_control/lib/python3.8/site-packages: /usr/bin/python3 setup.py develop --uninstall --editable --build-directory /mac_everything/ws/build/manual_control/build
[3.755s] running develop
[4.313s] Invoked command in '/mac_everything/ws/build/manual_control' returned '0': PYTHONPATH=/mac_everything/ws/build/manual_control/prefix_override:/mac_everything/ws/install/manual_control/lib/python3.8/site-packages: /usr/bin/python3 setup.py develop --uninstall --editable --build-directory /mac_everything/ws/build/manual_control/build
[4.323s] Invoking command in '/mac_everything/ws/src/manual_control': PYTHONPATH=/mac_everything/ws/build/manual_control/prefix_override:/mac_everything/ws/install/manual_control/lib/python3.8/site-packages: /usr/bin/python3 setup.py egg_info --egg-base ../../build/manual_control build --build-base /mac_everything/ws/build/manual_control/build install --record /mac_everything/ws/build/manual_control/install.log --single-version-externally-managed
[5.250s] running egg_info
[5.252s] writing ../../build/manual_control/manual_control.egg-info/PKG-INFO
[5.254s] writing dependency_links to ../../build/manual_control/manual_control.egg-info/dependency_links.txt
[5.254s] writing entry points to ../../build/manual_control/manual_control.egg-info/entry_points.txt
[5.255s] writing requirements to ../../build/manual_control/manual_control.egg-info/requires.txt
[5.255s] writing top-level names to ../../build/manual_control/manual_control.egg-info/top_level.txt
[5.262s] reading manifest file '../../build/manual_control/manual_control.egg-info/SOURCES.txt'
[5.266s] writing manifest file '../../build/manual_control/manual_control.egg-info/SOURCES.txt'
[5.266s] running build
[5.267s] running build_py
[5.268s] running install
[5.271s] running install_lib
[5.277s] running install_data
[5.279s] running install_egg_info
[5.284s] removing '/mac_everything/ws/install/manual_control/lib/python3.8/site-packages/manual_control-0.0.0-py3.8.egg-info' (and everything under it)
[5.285s] Copying ../../build/manual_control/manual_control.egg-info to /mac_everything/ws/install/manual_control/lib/python3.8/site-packages/manual_control-0.0.0-py3.8.egg-info
[5.289s] running install_scripts
[5.360s] Installing manual_turtle_node script to /mac_everything/ws/install/manual_control/lib/manual_control
[5.361s] writing list of installed files to '/mac_everything/ws/build/manual_control/install.log'
[5.457s] Invoked command in '/mac_everything/ws/src/manual_control' returned '0': PYTHONPATH=/mac_everything/ws/build/manual_control/prefix_override:/mac_everything/ws/install/manual_control/lib/python3.8/site-packages: /usr/bin/python3 setup.py egg_info --egg-base ../../build/manual_control build --build-base /mac_everything/ws/build/manual_control/build install --record /mac_everything/ws/build/manual_control/install.log --single-version-externally-managed
