-- Found ament_cmake: 1.3.5 (/opt/ros/humble/share/ament_cmake/cmake)
-- Override CMake install command with custom implementation using symlinks instead of copying resources
-- Configuring done
-- Generating done
-- Build files have been written to: /mac_remote/ws/build/macnav_drive
-- Install configuration: ""
-- Execute custom install script
-- Symlinking: /mac_remote/ws/install/macnav_drive/share/macnav_drive//launch/map.launch.xml
-- Up-to-date symlink: /mac_remote/ws/install/macnav_drive/share/ament_index/resource_index/package_run_dependencies/macnav_drive
-- Up-to-date symlink: /mac_remote/ws/install/macnav_drive/share/ament_index/resource_index/parent_prefix_path/macnav_drive
-- Up-to-date symlink: /mac_remote/ws/install/macnav_drive/share/macnav_drive/environment/ament_prefix_path.sh
-- Up-to-date symlink: /mac_remote/ws/install/macnav_drive/share/macnav_drive/environment/ament_prefix_path.dsv
-- Up-to-date symlink: /mac_remote/ws/install/macnav_drive/share/macnav_drive/environment/path.sh
-- Up-to-date symlink: /mac_remote/ws/install/macnav_drive/share/macnav_drive/environment/path.dsv
-- Up-to-date symlink: /mac_remote/ws/install/macnav_drive/share/macnav_drive/local_setup.bash
-- Up-to-date symlink: /mac_remote/ws/install/macnav_drive/share/macnav_drive/local_setup.sh
-- Up-to-date symlink: /mac_remote/ws/install/macnav_drive/share/macnav_drive/local_setup.zsh
-- Up-to-date symlink: /mac_remote/ws/install/macnav_drive/share/macnav_drive/local_setup.dsv
-- Symlinking: /mac_remote/ws/install/macnav_drive/share/macnav_drive/package.dsv
-- Up-to-date symlink: /mac_remote/ws/install/macnav_drive/share/ament_index/resource_index/packages/macnav_drive
-- Up-to-date symlink: /mac_remote/ws/install/macnav_drive/share/macnav_drive/cmake/macnav_driveConfig.cmake
-- Up-to-date symlink: /mac_remote/ws/install/macnav_drive/share/macnav_drive/cmake/macnav_driveConfig-version.cmake
-- Up-to-date symlink: /mac_remote/ws/install/macnav_drive/share/macnav_drive/package.xml
