[0.068s] Invoking command in '/mac_remote/ws/build/macnav_drive': CMAKE_PREFIX_PATH=${CMAKE_PREFIX_PATH}:/mac_remote/ws/install/manual_control:/opt/ros/humble /usr/bin/cmake /mac_remote/ws/src/macnav_drive -DCMAKE_INSTALL_PREFIX=/mac_remote/ws/install/macnav_drive
[0.083s] -- Found ament_cmake: 1.3.5 (/opt/ros/humble/share/ament_cmake/cmake)
[0.229s] -- Override CMake install command with custom implementation using symlinks instead of copying resources
[0.305s] -- Configuring done
[0.308s] -- Generating done
[0.309s] -- Build files have been written to: /mac_remote/ws/build/macnav_drive
[0.313s] Invoked command in '/mac_remote/ws/build/macnav_drive' returned '0': CMAKE_PREFIX_PATH=${CMAKE_PREFIX_PATH}:/mac_remote/ws/install/manual_control:/opt/ros/humble /usr/bin/cmake /mac_remote/ws/src/macnav_drive -DCMAKE_INSTALL_PREFIX=/mac_remote/ws/install/macnav_drive
[0.315s] Invoking command in '/mac_remote/ws/build/macnav_drive': CMAKE_PREFIX_PATH=${CMAKE_PREFIX_PATH}:/mac_remote/ws/install/manual_control:/opt/ros/humble /usr/bin/cmake --build /mac_remote/ws/build/macnav_drive -- -j12 -l12
[0.358s] Invoked command in '/mac_remote/ws/build/macnav_drive' returned '0': CMAKE_PREFIX_PATH=${CMAKE_PREFIX_PATH}:/mac_remote/ws/install/manual_control:/opt/ros/humble /usr/bin/cmake --build /mac_remote/ws/build/macnav_drive -- -j12 -l12
[0.395s] Invoking command in '/mac_remote/ws/build/macnav_drive': CMAKE_PREFIX_PATH=${CMAKE_PREFIX_PATH}:/mac_remote/ws/install/manual_control:/opt/ros/humble /usr/bin/cmake --install /mac_remote/ws/build/macnav_drive
[0.403s] -- Install configuration: ""
[0.403s] -- Execute custom install script
[0.404s] -- Symlinking: /mac_remote/ws/install/macnav_drive/share/macnav_drive//launch/map.launch.xml
[0.417s] -- Up-to-date symlink: /mac_remote/ws/install/macnav_drive/share/ament_index/resource_index/package_run_dependencies/macnav_drive
[0.417s] -- Up-to-date symlink: /mac_remote/ws/install/macnav_drive/share/ament_index/resource_index/parent_prefix_path/macnav_drive
[0.417s] -- Up-to-date symlink: /mac_remote/ws/install/macnav_drive/share/macnav_drive/environment/ament_prefix_path.sh
[0.417s] -- Up-to-date symlink: /mac_remote/ws/install/macnav_drive/share/macnav_drive/environment/ament_prefix_path.dsv
[0.417s] -- Up-to-date symlink: /mac_remote/ws/install/macnav_drive/share/macnav_drive/environment/path.sh
[0.417s] -- Up-to-date symlink: /mac_remote/ws/install/macnav_drive/share/macnav_drive/environment/path.dsv
[0.418s] -- Up-to-date symlink: /mac_remote/ws/install/macnav_drive/share/macnav_drive/local_setup.bash
[0.418s] -- Up-to-date symlink: /mac_remote/ws/install/macnav_drive/share/macnav_drive/local_setup.sh
[0.418s] -- Up-to-date symlink: /mac_remote/ws/install/macnav_drive/share/macnav_drive/local_setup.zsh
[0.418s] -- Up-to-date symlink: /mac_remote/ws/install/macnav_drive/share/macnav_drive/local_setup.dsv
[0.419s] -- Symlinking: /mac_remote/ws/install/macnav_drive/share/macnav_drive/package.dsv
[0.433s] -- Up-to-date symlink: /mac_remote/ws/install/macnav_drive/share/ament_index/resource_index/packages/macnav_drive
[0.433s] -- Up-to-date symlink: /mac_remote/ws/install/macnav_drive/share/macnav_drive/cmake/macnav_driveConfig.cmake
[0.433s] -- Up-to-date symlink: /mac_remote/ws/install/macnav_drive/share/macnav_drive/cmake/macnav_driveConfig-version.cmake
[0.434s] -- Up-to-date symlink: /mac_remote/ws/install/macnav_drive/share/macnav_drive/package.xml
[0.436s] Invoked command in '/mac_remote/ws/build/macnav_drive' returned '0': CMAKE_PREFIX_PATH=${CMAKE_PREFIX_PATH}:/mac_remote/ws/install/manual_control:/opt/ros/humble /usr/bin/cmake --install /mac_remote/ws/build/macnav_drive
