[1.194s] Invoking command in '/mac_remote/ws/src/manual_control': PYTHONPATH=/mac_remote/ws/build/manual_control/prefix_override:/mac_remote/ws/install/manual_control/lib/python3.10/site-packages:${PYTHONPATH} /usr/bin/python3 setup.py egg_info --egg-base ../../build/manual_control build --build-base /mac_remote/ws/build/manual_control/build install --record /mac_remote/ws/build/manual_control/install.log --single-version-externally-managed
[1.545s] running egg_info
[1.545s] creating ../../build/manual_control/manual_control.egg-info
[1.546s] writing ../../build/manual_control/manual_control.egg-info/PKG-INFO
[1.546s] writing dependency_links to ../../build/manual_control/manual_control.egg-info/dependency_links.txt
[1.547s] writing entry points to ../../build/manual_control/manual_control.egg-info/entry_points.txt
[1.547s] writing requirements to ../../build/manual_control/manual_control.egg-info/requires.txt
[1.547s] writing top-level names to ../../build/manual_control/manual_control.egg-info/top_level.txt
[1.547s] writing manifest file '../../build/manual_control/manual_control.egg-info/SOURCES.txt'
[1.550s] reading manifest file '../../build/manual_control/manual_control.egg-info/SOURCES.txt'
[1.551s] writing manifest file '../../build/manual_control/manual_control.egg-info/SOURCES.txt'
[1.552s] running build
[1.552s] running build_py
[1.552s] creating /mac_remote/ws/build/manual_control/build
[1.552s] creating /mac_remote/ws/build/manual_control/build/lib
[1.553s] creating /mac_remote/ws/build/manual_control/build/lib/manual_control
[1.553s] copying manual_control/__init__.py -> /mac_remote/ws/build/manual_control/build/lib/manual_control
[1.553s] copying manual_control/manual_node.py -> /mac_remote/ws/build/manual_control/build/lib/manual_control
[1.553s] running install
[1.553s] running install_lib
[1.554s] creating /mac_remote/ws/install/manual_control/lib/python3.10/site-packages/manual_control
[1.555s] copying /mac_remote/ws/build/manual_control/build/lib/manual_control/__init__.py -> /mac_remote/ws/install/manual_control/lib/python3.10/site-packages/manual_control
[1.556s] copying /mac_remote/ws/build/manual_control/build/lib/manual_control/manual_node.py -> /mac_remote/ws/install/manual_control/lib/python3.10/site-packages/manual_control
[1.557s] byte-compiling /mac_remote/ws/install/manual_control/lib/python3.10/site-packages/manual_control/__init__.py to __init__.cpython-310.pyc
[1.558s] byte-compiling /mac_remote/ws/install/manual_control/lib/python3.10/site-packages/manual_control/manual_node.py to manual_node.cpython-310.pyc
[1.558s] running install_data
[1.559s] creating /mac_remote/ws/install/manual_control/share/ament_index
[1.560s] creating /mac_remote/ws/install/manual_control/share/ament_index/resource_index
[1.560s] creating /mac_remote/ws/install/manual_control/share/ament_index/resource_index/packages
[1.560s] copying resource/manual_control -> /mac_remote/ws/install/manual_control/share/ament_index/resource_index/packages
[1.560s] copying package.xml -> /mac_remote/ws/install/manual_control/share/manual_control
[1.561s] running install_egg_info
[1.563s] Copying ../../build/manual_control/manual_control.egg-info to /mac_remote/ws/install/manual_control/lib/python3.10/site-packages/manual_control-0.0.0-py3.10.egg-info
[1.565s] running install_scripts
[1.593s] Installing manual_control_node script to /mac_remote/ws/install/manual_control/lib/manual_control
[1.594s] writing list of installed files to '/mac_remote/ws/build/manual_control/install.log'
[1.641s] Invoked command in '/mac_remote/ws/src/manual_control' returned '0': PYTHONPATH=/mac_remote/ws/build/manual_control/prefix_override:/mac_remote/ws/install/manual_control/lib/python3.10/site-packages:${PYTHONPATH} /usr/bin/python3 setup.py egg_info --egg-base ../../build/manual_control build --build-base /mac_remote/ws/build/manual_control/build install --record /mac_remote/ws/build/manual_control/install.log --single-version-externally-managed
