running develop
running egg_info
creating turtlesim_controller.egg-info
writing turtlesim_controller.egg-info/PKG-INFO
writing dependency_links to turtlesim_controller.egg-info/dependency_links.txt
writing entry points to turtlesim_controller.egg-info/entry_points.txt
writing requirements to turtlesim_controller.egg-info/requires.txt
writing top-level names to turtlesim_controller.egg-info/top_level.txt
writing manifest file 'turtlesim_controller.egg-info/SOURCES.txt'
reading manifest file 'turtlesim_controller.egg-info/SOURCES.txt'
writing manifest file 'turtlesim_controller.egg-info/SOURCES.txt'
running build_ext
Creating /mac_everything/ws/install/turtlesim_controller/lib/python3.8/site-packages/turtlesim-controller.egg-link (link to .)
Installing turtlesim_control_node script to /mac_everything/ws/install/turtlesim_controller/lib/turtlesim_controller

Installed /mac_everything/ws/build/turtlesim_controller
running install_data
creating /mac_everything/ws/install/turtlesim_controller/share/ament_index
creating /mac_everything/ws/install/turtlesim_controller/share/ament_index/resource_index
creating /mac_everything/ws/install/turtlesim_controller/share/ament_index/resource_index/packages
copying resource/turtlesim_controller -> /mac_everything/ws/install/turtlesim_controller/share/ament_index/resource_index/packages
copying package.xml -> /mac_everything/ws/install/turtlesim_controller/share/turtlesim_controller
