[1.314s] Invoking command in '/mac_remote/ws/build/manual_control': CMAKE_PREFIX_PATH=/mac_remote/ws/install/mac_messages:/mac_remote/ws/install/macnav_drive:/mac_remote/ws/install/macnav_description PYTHONPATH=/mac_remote/ws/build/manual_control/prefix_override:/mac_remote/ws/install/manual_control/lib/python3.10/site-packages:${PYTHONPATH} /usr/bin/python3 setup.py develop --uninstall --editable --build-directory /mac_remote/ws/build/manual_control/build
[1.566s] running develop
[1.708s] Removing /mac_remote/ws/install/manual_control/lib/python3.10/site-packages/manual-control.egg-link (link to .)
[1.731s] Invoked command in '/mac_remote/ws/build/manual_control' returned '0': CMAKE_PREFIX_PATH=/mac_remote/ws/install/mac_messages:/mac_remote/ws/install/macnav_drive:/mac_remote/ws/install/macnav_description PYTHONPATH=/mac_remote/ws/build/manual_control/prefix_override:/mac_remote/ws/install/manual_control/lib/python3.10/site-packages:${PYTHONPATH} /usr/bin/python3 setup.py develop --uninstall --editable --build-directory /mac_remote/ws/build/manual_control/build
[1.733s] Invoking command in '/mac_remote/ws/src/manual_control': CMAKE_PREFIX_PATH=/mac_remote/ws/install/mac_messages:/mac_remote/ws/install/macnav_drive:/mac_remote/ws/install/macnav_description PYTHONPATH=/mac_remote/ws/build/manual_control/prefix_override:/mac_remote/ws/install/manual_control/lib/python3.10/site-packages:${PYTHONPATH} /usr/bin/python3 setup.py egg_info --egg-base ../../build/manual_control build --build-base /mac_remote/ws/build/manual_control/build install --record /mac_remote/ws/build/manual_control/install.log --single-version-externally-managed
[1.974s] running egg_info
[1.975s] writing ../../build/manual_control/manual_control.egg-info/PKG-INFO
[1.975s] writing dependency_links to ../../build/manual_control/manual_control.egg-info/dependency_links.txt
[1.975s] writing entry points to ../../build/manual_control/manual_control.egg-info/entry_points.txt
[1.975s] writing requirements to ../../build/manual_control/manual_control.egg-info/requires.txt
[1.975s] writing top-level names to ../../build/manual_control/manual_control.egg-info/top_level.txt
[1.977s] reading manifest file '../../build/manual_control/manual_control.egg-info/SOURCES.txt'
[1.978s] writing manifest file '../../build/manual_control/manual_control.egg-info/SOURCES.txt'
[1.978s] running build
[1.978s] running build_py
[1.978s] copying manual_control/manual_node.py -> /mac_remote/ws/build/manual_control/build/lib/manual_control
[1.983s] copying manual_control/odom_to_tf_node.py -> /mac_remote/ws/build/manual_control/build/lib/manual_control
[1.983s] copying manual_control/odom_test_node.py -> /mac_remote/ws/build/manual_control/build/lib/manual_control
[1.984s] running install
[1.984s] running install_lib
[1.985s] creating /mac_remote/ws/install/manual_control/lib/python3.10/site-packages/manual_control
[1.985s] copying /mac_remote/ws/build/manual_control/build/lib/manual_control/manual_node.py -> /mac_remote/ws/install/manual_control/lib/python3.10/site-packages/manual_control
[1.985s] copying /mac_remote/ws/build/manual_control/build/lib/manual_control/odom_to_tf_node.py -> /mac_remote/ws/install/manual_control/lib/python3.10/site-packages/manual_control
[1.985s] copying /mac_remote/ws/build/manual_control/build/lib/manual_control/__init__.py -> /mac_remote/ws/install/manual_control/lib/python3.10/site-packages/manual_control
[1.985s] copying /mac_remote/ws/build/manual_control/build/lib/manual_control/odom_test_node.py -> /mac_remote/ws/install/manual_control/lib/python3.10/site-packages/manual_control
[1.986s] byte-compiling /mac_remote/ws/install/manual_control/lib/python3.10/site-packages/manual_control/manual_node.py to manual_node.cpython-310.pyc
[1.987s] byte-compiling /mac_remote/ws/install/manual_control/lib/python3.10/site-packages/manual_control/odom_to_tf_node.py to odom_to_tf_node.cpython-310.pyc
[1.987s] byte-compiling /mac_remote/ws/install/manual_control/lib/python3.10/site-packages/manual_control/__init__.py to __init__.cpython-310.pyc
[1.987s] byte-compiling /mac_remote/ws/install/manual_control/lib/python3.10/site-packages/manual_control/odom_test_node.py to odom_test_node.cpython-310.pyc
[1.988s] running install_data
[1.989s] running install_egg_info
[1.991s] Copying ../../build/manual_control/manual_control.egg-info to /mac_remote/ws/install/manual_control/lib/python3.10/site-packages/manual_control-0.0.0-py3.10.egg-info
[1.992s] running install_scripts
[2.011s] Installing manual_control_node script to /mac_remote/ws/install/manual_control/lib/manual_control
[2.011s] Installing odom_test_node script to /mac_remote/ws/install/manual_control/lib/manual_control
[2.011s] Installing odom_to_tf_node script to /mac_remote/ws/install/manual_control/lib/manual_control
[2.011s] writing list of installed files to '/mac_remote/ws/build/manual_control/install.log'
[2.033s] Invoked command in '/mac_remote/ws/src/manual_control' returned '0': CMAKE_PREFIX_PATH=/mac_remote/ws/install/mac_messages:/mac_remote/ws/install/macnav_drive:/mac_remote/ws/install/macnav_description PYTHONPATH=/mac_remote/ws/build/manual_control/prefix_override:/mac_remote/ws/install/manual_control/lib/python3.10/site-packages:${PYTHONPATH} /usr/bin/python3 setup.py egg_info --egg-base ../../build/manual_control build --build-base /mac_remote/ws/build/manual_control/build install --record /mac_remote/ws/build/manual_control/install.log --single-version-externally-managed
