[0.067s] Invoking command in '/mac_remote/ws/build/macnav_drive': CMAKE_PREFIX_PATH=${CMAKE_PREFIX_PATH}:/mac_remote/ws/install/joint_state_publisher:/mac_remote/ws/install/manual_control:/opt/ros/humble /usr/bin/cmake --build /mac_remote/ws/build/macnav_drive -- -j12 -l12
[0.090s] -- Found ament_cmake: 1.3.5 (/opt/ros/humble/share/ament_cmake/cmake)
[0.232s] -- Override CMake install command with custom implementation using symlinks instead of copying resources
[0.302s] -- Configuring done
[0.305s] -- Generating done
[0.321s] -- Build files have been written to: /mac_remote/ws/build/macnav_drive
[0.343s] Invoked command in '/mac_remote/ws/build/macnav_drive' returned '0': CMAKE_PREFIX_PATH=${CMAKE_PREFIX_PATH}:/mac_remote/ws/install/joint_state_publisher:/mac_remote/ws/install/manual_control:/opt/ros/humble /usr/bin/cmake --build /mac_remote/ws/build/macnav_drive -- -j12 -l12
[0.379s] Invoking command in '/mac_remote/ws/build/macnav_drive': CMAKE_PREFIX_PATH=${CMAKE_PREFIX_PATH}:/mac_remote/ws/install/joint_state_publisher:/mac_remote/ws/install/manual_control:/opt/ros/humble /usr/bin/cmake --install /mac_remote/ws/build/macnav_drive
[0.386s] -- Install configuration: ""
[0.387s] -- Execute custom install script
[0.387s] -- Up-to-date symlink: /mac_remote/ws/install/macnav_drive/share/macnav_drive//launch/map.launch.xml
[0.387s] -- Symlinking: /mac_remote/ws/install/macnav_drive/share/macnav_drive//config/drive_conf.rviz
[0.397s] -- Up-to-date symlink: /mac_remote/ws/install/macnav_drive/share/ament_index/resource_index/package_run_dependencies/macnav_drive
[0.397s] -- Up-to-date symlink: /mac_remote/ws/install/macnav_drive/share/ament_index/resource_index/parent_prefix_path/macnav_drive
[0.397s] -- Up-to-date symlink: /mac_remote/ws/install/macnav_drive/share/macnav_drive/environment/ament_prefix_path.sh
[0.397s] -- Up-to-date symlink: /mac_remote/ws/install/macnav_drive/share/macnav_drive/environment/ament_prefix_path.dsv
[0.397s] -- Up-to-date symlink: /mac_remote/ws/install/macnav_drive/share/macnav_drive/environment/path.sh
[0.397s] -- Up-to-date symlink: /mac_remote/ws/install/macnav_drive/share/macnav_drive/environment/path.dsv
[0.397s] -- Up-to-date symlink: /mac_remote/ws/install/macnav_drive/share/macnav_drive/local_setup.bash
[0.398s] -- Up-to-date symlink: /mac_remote/ws/install/macnav_drive/share/macnav_drive/local_setup.sh
[0.398s] -- Up-to-date symlink: /mac_remote/ws/install/macnav_drive/share/macnav_drive/local_setup.zsh
[0.398s] -- Up-to-date symlink: /mac_remote/ws/install/macnav_drive/share/macnav_drive/local_setup.dsv
[0.398s] -- Symlinking: /mac_remote/ws/install/macnav_drive/share/macnav_drive/package.dsv
[0.408s] -- Up-to-date symlink: /mac_remote/ws/install/macnav_drive/share/ament_index/resource_index/packages/macnav_drive
[0.409s] -- Up-to-date symlink: /mac_remote/ws/install/macnav_drive/share/macnav_drive/cmake/macnav_driveConfig.cmake
[0.409s] -- Up-to-date symlink: /mac_remote/ws/install/macnav_drive/share/macnav_drive/cmake/macnav_driveConfig-version.cmake
[0.409s] -- Up-to-date symlink: /mac_remote/ws/install/macnav_drive/share/macnav_drive/package.xml
[0.411s] Invoked command in '/mac_remote/ws/build/macnav_drive' returned '0': CMAKE_PREFIX_PATH=${CMAKE_PREFIX_PATH}:/mac_remote/ws/install/joint_state_publisher:/mac_remote/ws/install/manual_control:/opt/ros/humble /usr/bin/cmake --install /mac_remote/ws/build/macnav_drive
