[0.710s] Invoking command in '/mac_remote/ws/src/manual_control': CMAKE_PREFIX_PATH=/mac_remote/ws/install/mac_messages:/mac_remote/ws/install/macnav_description PYTHONPATH=/mac_remote/ws/build/manual_control/prefix_override:/mac_remote/ws/install/manual_control/lib/python3.10/site-packages:${PYTHONPATH} /usr/bin/python3 setup.py egg_info --egg-base ../../build/manual_control build --build-base /mac_remote/ws/build/manual_control/build install --record /mac_remote/ws/build/manual_control/install.log --single-version-externally-managed
[0.933s] running egg_info
[0.934s] writing ../../build/manual_control/manual_control.egg-info/PKG-INFO
[0.934s] writing dependency_links to ../../build/manual_control/manual_control.egg-info/dependency_links.txt
[0.934s] writing entry points to ../../build/manual_control/manual_control.egg-info/entry_points.txt
[0.935s] writing requirements to ../../build/manual_control/manual_control.egg-info/requires.txt
[0.935s] writing top-level names to ../../build/manual_control/manual_control.egg-info/top_level.txt
[0.936s] reading manifest file '../../build/manual_control/manual_control.egg-info/SOURCES.txt'
[0.937s] writing manifest file '../../build/manual_control/manual_control.egg-info/SOURCES.txt'
[0.937s] running build
[0.937s] running build_py
[0.937s] running install
[0.938s] running install_lib
[0.939s] running install_data
[0.939s] running install_egg_info
[0.941s] removing '/mac_remote/ws/install/manual_control/lib/python3.10/site-packages/manual_control-0.0.0-py3.10.egg-info' (and everything under it)
[0.941s] Copying ../../build/manual_control/manual_control.egg-info to /mac_remote/ws/install/manual_control/lib/python3.10/site-packages/manual_control-0.0.0-py3.10.egg-info
[0.942s] running install_scripts
[0.960s] Installing manual_control_node script to /mac_remote/ws/install/manual_control/lib/manual_control
[0.960s] Installing odom_to_tf_node script to /mac_remote/ws/install/manual_control/lib/manual_control
[0.960s] writing list of installed files to '/mac_remote/ws/build/manual_control/install.log'
[0.984s] Invoked command in '/mac_remote/ws/src/manual_control' returned '0': CMAKE_PREFIX_PATH=/mac_remote/ws/install/mac_messages:/mac_remote/ws/install/macnav_description PYTHONPATH=/mac_remote/ws/build/manual_control/prefix_override:/mac_remote/ws/install/manual_control/lib/python3.10/site-packages:${PYTHONPATH} /usr/bin/python3 setup.py egg_info --egg-base ../../build/manual_control build --build-base /mac_remote/ws/build/manual_control/build install --record /mac_remote/ws/build/manual_control/install.log --single-version-externally-managed
