[0.123s] Invoking command in '/mac_remote/ws/build/mac_messages': CMAKE_PREFIX_PATH=${CMAKE_PREFIX_PATH}:/mac_remote/ws/install/manual_control:/opt/ros/humble /usr/bin/cmake /mac_remote/ws/src/mac_messages -DCMAKE_INSTALL_PREFIX=/mac_remote/ws/install/mac_messages
[0.140s] -- Found ament_cmake: 1.3.5 (/opt/ros/humble/share/ament_cmake/cmake)
[0.291s] -- Override CMake install command with custom implementation using symlinks instead of copying resources
[0.300s] -- Found rosidl_default_generators: 1.2.0 (/opt/ros/humble/share/rosidl_default_generators/cmake)
[0.302s] -- Using all available rosidl_typesupport_c: rosidl_typesupport_fastrtps_c;rosidl_typesupport_introspection_c
[0.305s] -- Found rosidl_adapter: 3.1.5 (/opt/ros/humble/share/rosidl_adapter/cmake)
[0.342s] -- Using all available rosidl_typesupport_cpp: rosidl_typesupport_fastrtps_cpp;rosidl_typesupport_introspection_cpp
[0.706s] -- Found ament_cmake_ros: 0.10.0 (/opt/ros/humble/share/ament_cmake_ros/cmake)
[0.900s] -- Using all available rosidl_typesupport_c: rosidl_typesupport_fastrtps_c;rosidl_typesupport_introspection_c
[1.145s] -- Using all available rosidl_typesupport_cpp: rosidl_typesupport_fastrtps_cpp;rosidl_typesupport_introspection_cpp
[1.166s] -- Found python_cmake_module: 0.10.0 (/opt/ros/humble/share/python_cmake_module/cmake)
[1.188s] -- Using PYTHON_EXECUTABLE: /usr/bin/python3
[1.188s] -- Using PYTHON_INCLUDE_DIRS: /usr/include/python3.10
[1.188s] -- Using PYTHON_LIBRARIES: /usr/lib/x86_64-linux-gnu/libpython3.10.so
[1.208s] -- Configuring done
[1.265s] -- Generating done
[1.297s] -- Build files have been written to: /mac_remote/ws/build/mac_messages
[1.303s] Invoked command in '/mac_remote/ws/build/mac_messages' returned '0': CMAKE_PREFIX_PATH=${CMAKE_PREFIX_PATH}:/mac_remote/ws/install/manual_control:/opt/ros/humble /usr/bin/cmake /mac_remote/ws/src/mac_messages -DCMAKE_INSTALL_PREFIX=/mac_remote/ws/install/mac_messages
[1.304s] Invoking command in '/mac_remote/ws/build/mac_messages': CMAKE_PREFIX_PATH=${CMAKE_PREFIX_PATH}:/mac_remote/ws/install/manual_control:/opt/ros/humble /usr/bin/cmake --build /mac_remote/ws/build/mac_messages -- -j12 -l12
[1.353s] [35m[1mConsolidate compiler generated dependencies of target mac_messages__rosidl_generator_c[0m
[1.363s] failed to create symbolic link '/mac_remote/ws/build/mac_messages/ament_cmake_python/mac_messages/mac_messages' because existing path cannot be removed: Is a directory
[1.364s] [  3%] Built target mac_messages__cpp
[1.364s] gmake[2]: *** [CMakeFiles/ament_cmake_python_symlink_mac_messages.dir/build.make:70: CMakeFiles/ament_cmake_python_symlink_mac_messages] Error 1
[1.365s] gmake[1]: *** [CMakeFiles/Makefile2:421: CMakeFiles/ament_cmake_python_symlink_mac_messages.dir/all] Error 2
[1.365s] gmake[1]: *** Waiting for unfinished jobs....
[1.366s] [ 12%] Built target mac_messages__rosidl_generator_c
[1.367s] gmake: *** [Makefile:146: all] Error 2
[1.370s] Invoked command in '/mac_remote/ws/build/mac_messages' returned '2': CMAKE_PREFIX_PATH=${CMAKE_PREFIX_PATH}:/mac_remote/ws/install/manual_control:/opt/ros/humble /usr/bin/cmake --build /mac_remote/ws/build/mac_messages -- -j12 -l12
