[0.124s] Invoking command in '/mac_remote/ws/build/mac_messages': CMAKE_PREFIX_PATH=${CMAKE_PREFIX_PATH}:/mac_remote/ws/install/manual_control:/opt/ros/humble /usr/bin/cmake --build /mac_remote/ws/build/mac_messages -- -j12 -l12
[1.811s] [  3%] Built target mac_messages__cpp
[1.860s] [  3%] Built target ament_cmake_python_copy_mac_messages
[1.883s] [ 12%] Built target mac_messages__rosidl_generator_c
[1.957s] [ 22%] Built target mac_messages__rosidl_typesupport_c
[2.077s] [ 32%] Built target mac_messages__rosidl_typesupport_introspection_c
[2.095s] [ 51%] Built target mac_messages__rosidl_typesupport_cpp
[2.095s] [ 51%] Built target mac_messages__rosidl_typesupport_introspection_cpp
[2.104s] [ 64%] Built target mac_messages__rosidl_typesupport_fastrtps_c
[2.105s] [ 70%] Built target mac_messages__rosidl_typesupport_fastrtps_cpp
[2.131s] [ 70%] Built target mac_messages
[2.186s] [ 74%] Built target mac_messages__py
[2.188s] running egg_info
[2.188s] writing mac_messages.egg-info/PKG-INFO
[2.189s] writing dependency_links to mac_messages.egg-info/dependency_links.txt
[2.189s] writing top-level names to mac_messages.egg-info/top_level.txt
[2.191s] reading manifest file 'mac_messages.egg-info/SOURCES.txt'
[2.193s] writing manifest file 'mac_messages.egg-info/SOURCES.txt'
[2.223s] [ 74%] Built target ament_cmake_python_build_mac_messages_egg
[2.244s] [ 80%] Built target mac_messages__rosidl_generator_py
[2.329s] [ 87%] Built target mac_messages__rosidl_typesupport_c__pyext
[2.359s] [100%] Built target mac_messages__rosidl_typesupport_introspection_c__pyext
[2.359s] [100%] Built target mac_messages__rosidl_typesupport_fastrtps_c__pyext
[2.374s] Invoked command in '/mac_remote/ws/build/mac_messages' returned '0': CMAKE_PREFIX_PATH=${CMAKE_PREFIX_PATH}:/mac_remote/ws/install/manual_control:/opt/ros/humble /usr/bin/cmake --build /mac_remote/ws/build/mac_messages -- -j12 -l12
[2.439s] Invoking command in '/mac_remote/ws/build/mac_messages': CMAKE_PREFIX_PATH=${CMAKE_PREFIX_PATH}:/mac_remote/ws/install/manual_control:/opt/ros/humble /usr/bin/cmake --install /mac_remote/ws/build/mac_messages
[2.448s] -- Install configuration: ""
[2.448s] -- Up-to-date: /mac_remote/ws/install/mac_messages/share/ament_index/resource_index/rosidl_interfaces/mac_messages
[2.448s] -- Up-to-date: /mac_remote/ws/install/mac_messages/include/mac_messages/mac_messages
[2.448s] -- Up-to-date: /mac_remote/ws/install/mac_messages/include/mac_messages/mac_messages/msg
[2.448s] -- Up-to-date: /mac_remote/ws/install/mac_messages/include/mac_messages/mac_messages/msg/detail
[2.449s] -- Up-to-date: /mac_remote/ws/install/mac_messages/include/mac_messages/mac_messages/msg/detail/drive__functions.c
[2.449s] -- Up-to-date: /mac_remote/ws/install/mac_messages/include/mac_messages/mac_messages/msg/detail/drive__functions.h
[2.449s] -- Up-to-date: /mac_remote/ws/install/mac_messages/include/mac_messages/mac_messages/msg/detail/drive__type_support.h
[2.449s] -- Up-to-date: /mac_remote/ws/install/mac_messages/include/mac_messages/mac_messages/msg/detail/drive__struct.h
[2.449s] -- Up-to-date: /mac_remote/ws/install/mac_messages/include/mac_messages/mac_messages/msg/rosidl_generator_c__visibility_control.h
[2.449s] -- Up-to-date: /mac_remote/ws/install/mac_messages/include/mac_messages/mac_messages/msg/drive.h
[2.449s] -- Up-to-date: /mac_remote/ws/install/mac_messages/share/mac_messages/environment/library_path.sh
[2.449s] -- Up-to-date: /mac_remote/ws/install/mac_messages/share/mac_messages/environment/library_path.dsv
[2.449s] -- Up-to-date: /mac_remote/ws/install/mac_messages/lib/libmac_messages__rosidl_generator_c.so
[2.449s] -- Up-to-date: /mac_remote/ws/install/mac_messages/include/mac_messages/mac_messages
[2.450s] -- Up-to-date: /mac_remote/ws/install/mac_messages/include/mac_messages/mac_messages/msg
[2.450s] -- Up-to-date: /mac_remote/ws/install/mac_messages/include/mac_messages/mac_messages/msg/detail
[2.450s] -- Up-to-date: /mac_remote/ws/install/mac_messages/include/mac_messages/mac_messages/msg/detail/drive__rosidl_typesupport_fastrtps_c.h
[2.450s] -- Up-to-date: /mac_remote/ws/install/mac_messages/include/mac_messages/mac_messages/msg/rosidl_typesupport_fastrtps_c__visibility_control.h
[2.451s] -- Up-to-date: /mac_remote/ws/install/mac_messages/lib/libmac_messages__rosidl_typesupport_fastrtps_c.so
[2.451s] -- Up-to-date: /mac_remote/ws/install/mac_messages/include/mac_messages/mac_messages
[2.451s] -- Up-to-date: /mac_remote/ws/install/mac_messages/include/mac_messages/mac_messages/msg
[2.451s] -- Up-to-date: /mac_remote/ws/install/mac_messages/include/mac_messages/mac_messages/msg/detail
[2.451s] -- Up-to-date: /mac_remote/ws/install/mac_messages/include/mac_messages/mac_messages/msg/detail/drive__type_support.c
[2.451s] -- Up-to-date: /mac_remote/ws/install/mac_messages/include/mac_messages/mac_messages/msg/detail/drive__rosidl_typesupport_introspection_c.h
[2.451s] -- Up-to-date: /mac_remote/ws/install/mac_messages/include/mac_messages/mac_messages/msg/rosidl_typesupport_introspection_c__visibility_control.h
[2.452s] -- Up-to-date: /mac_remote/ws/install/mac_messages/lib/libmac_messages__rosidl_typesupport_introspection_c.so
[2.452s] -- Up-to-date: /mac_remote/ws/install/mac_messages/lib/libmac_messages__rosidl_typesupport_c.so
[2.452s] -- Up-to-date: /mac_remote/ws/install/mac_messages/include/mac_messages/mac_messages
[2.453s] -- Up-to-date: /mac_remote/ws/install/mac_messages/include/mac_messages/mac_messages/msg
[2.453s] -- Up-to-date: /mac_remote/ws/install/mac_messages/include/mac_messages/mac_messages/msg/detail
[2.453s] -- Up-to-date: /mac_remote/ws/install/mac_messages/include/mac_messages/mac_messages/msg/detail/drive__builder.hpp
[2.453s] -- Up-to-date: /mac_remote/ws/install/mac_messages/include/mac_messages/mac_messages/msg/detail/drive__traits.hpp
[2.453s] -- Up-to-date: /mac_remote/ws/install/mac_messages/include/mac_messages/mac_messages/msg/detail/drive__struct.hpp
[2.453s] -- Up-to-date: /mac_remote/ws/install/mac_messages/include/mac_messages/mac_messages/msg/drive.hpp
[2.453s] -- Up-to-date: /mac_remote/ws/install/mac_messages/include/mac_messages/mac_messages
[2.453s] -- Up-to-date: /mac_remote/ws/install/mac_messages/include/mac_messages/mac_messages/msg
[2.453s] -- Up-to-date: /mac_remote/ws/install/mac_messages/include/mac_messages/mac_messages/msg/rosidl_typesupport_fastrtps_cpp__visibility_control.h
[2.453s] -- Up-to-date: /mac_remote/ws/install/mac_messages/include/mac_messages/mac_messages/msg/detail
[2.453s] -- Up-to-date: /mac_remote/ws/install/mac_messages/include/mac_messages/mac_messages/msg/detail/drive__rosidl_typesupport_fastrtps_cpp.hpp
[2.453s] -- Up-to-date: /mac_remote/ws/install/mac_messages/include/mac_messages/mac_messages/msg/detail/dds_fastrtps
[2.454s] -- Up-to-date: /mac_remote/ws/install/mac_messages/lib/libmac_messages__rosidl_typesupport_fastrtps_cpp.so
[2.454s] -- Up-to-date: /mac_remote/ws/install/mac_messages/include/mac_messages/mac_messages
[2.454s] -- Up-to-date: /mac_remote/ws/install/mac_messages/include/mac_messages/mac_messages/msg
[2.454s] -- Up-to-date: /mac_remote/ws/install/mac_messages/include/mac_messages/mac_messages/msg/detail
[2.454s] -- Up-to-date: /mac_remote/ws/install/mac_messages/include/mac_messages/mac_messages/msg/detail/drive__type_support.cpp
[2.454s] -- Up-to-date: /mac_remote/ws/install/mac_messages/include/mac_messages/mac_messages/msg/detail/drive__rosidl_typesupport_introspection_cpp.hpp
[2.455s] -- Up-to-date: /mac_remote/ws/install/mac_messages/lib/libmac_messages__rosidl_typesupport_introspection_cpp.so
[2.455s] -- Up-to-date: /mac_remote/ws/install/mac_messages/lib/libmac_messages__rosidl_typesupport_cpp.so
[2.456s] -- Up-to-date: /mac_remote/ws/install/mac_messages/share/mac_messages/environment/pythonpath.sh
[2.456s] -- Up-to-date: /mac_remote/ws/install/mac_messages/share/mac_messages/environment/pythonpath.dsv
[2.456s] -- Up-to-date: /mac_remote/ws/install/mac_messages/local/lib/python3.10/dist-packages/mac_messages-0.0.0-py3.10.egg-info
[2.456s] -- Installing: /mac_remote/ws/install/mac_messages/local/lib/python3.10/dist-packages/mac_messages-0.0.0-py3.10.egg-info/dependency_links.txt
[2.456s] -- Installing: /mac_remote/ws/install/mac_messages/local/lib/python3.10/dist-packages/mac_messages-0.0.0-py3.10.egg-info/top_level.txt
[2.456s] -- Installing: /mac_remote/ws/install/mac_messages/local/lib/python3.10/dist-packages/mac_messages-0.0.0-py3.10.egg-info/SOURCES.txt
[2.456s] -- Installing: /mac_remote/ws/install/mac_messages/local/lib/python3.10/dist-packages/mac_messages-0.0.0-py3.10.egg-info/PKG-INFO
[2.457s] -- Up-to-date: /mac_remote/ws/install/mac_messages/local/lib/python3.10/dist-packages/mac_messages
[2.457s] -- Up-to-date: /mac_remote/ws/install/mac_messages/local/lib/python3.10/dist-packages/mac_messages/_mac_messages_s.ep.rosidl_typesupport_c.c
[2.457s] -- Up-to-date: /mac_remote/ws/install/mac_messages/local/lib/python3.10/dist-packages/mac_messages/msg
[2.457s] -- Up-to-date: /mac_remote/ws/install/mac_messages/local/lib/python3.10/dist-packages/mac_messages/msg/_drive_s.c
[2.457s] -- Up-to-date: /mac_remote/ws/install/mac_messages/local/lib/python3.10/dist-packages/mac_messages/msg/__init__.py
[2.457s] -- Up-to-date: /mac_remote/ws/install/mac_messages/local/lib/python3.10/dist-packages/mac_messages/msg/_drive.py
[2.457s] -- Up-to-date: /mac_remote/ws/install/mac_messages/local/lib/python3.10/dist-packages/mac_messages/mac_messages_s__rosidl_typesupport_c.cpython-310-x86_64-linux-gnu.so
[2.457s] -- Up-to-date: /mac_remote/ws/install/mac_messages/local/lib/python3.10/dist-packages/mac_messages/mac_messages_s__rosidl_typesupport_introspection_c.cpython-310-x86_64-linux-gnu.so
[2.457s] -- Up-to-date: /mac_remote/ws/install/mac_messages/local/lib/python3.10/dist-packages/mac_messages/libmac_messages__rosidl_generator_py.so
[2.457s] -- Up-to-date: /mac_remote/ws/install/mac_messages/local/lib/python3.10/dist-packages/mac_messages/_mac_messages_s.ep.rosidl_typesupport_introspection_c.c
[2.457s] -- Up-to-date: /mac_remote/ws/install/mac_messages/local/lib/python3.10/dist-packages/mac_messages/__init__.py
[2.458s] -- Up-to-date: /mac_remote/ws/install/mac_messages/local/lib/python3.10/dist-packages/mac_messages/_mac_messages_s.ep.rosidl_typesupport_fastrtps_c.c
[2.458s] -- Up-to-date: /mac_remote/ws/install/mac_messages/local/lib/python3.10/dist-packages/mac_messages/mac_messages_s__rosidl_typesupport_fastrtps_c.cpython-310-x86_64-linux-gnu.so
[2.489s] Listing '/mac_remote/ws/install/mac_messages/local/lib/python3.10/dist-packages/mac_messages'...
[2.489s] Listing '/mac_remote/ws/install/mac_messages/local/lib/python3.10/dist-packages/mac_messages/msg'...
[2.494s] -- Up-to-date: /mac_remote/ws/install/mac_messages/local/lib/python3.10/dist-packages/mac_messages/mac_messages_s__rosidl_typesupport_fastrtps_c.cpython-310-x86_64-linux-gnu.so
[2.494s] -- Up-to-date: /mac_remote/ws/install/mac_messages/local/lib/python3.10/dist-packages/mac_messages/mac_messages_s__rosidl_typesupport_introspection_c.cpython-310-x86_64-linux-gnu.so
[2.495s] -- Up-to-date: /mac_remote/ws/install/mac_messages/local/lib/python3.10/dist-packages/mac_messages/mac_messages_s__rosidl_typesupport_c.cpython-310-x86_64-linux-gnu.so
[2.496s] -- Up-to-date: /mac_remote/ws/install/mac_messages/lib/libmac_messages__rosidl_generator_py.so
[2.496s] -- Up-to-date: /mac_remote/ws/install/mac_messages/share/mac_messages/msg/Drive.idl
[2.496s] -- Up-to-date: /mac_remote/ws/install/mac_messages/share/mac_messages/msg/Drive.msg
[2.497s] -- Up-to-date: /mac_remote/ws/install/mac_messages/share/ament_index/resource_index/package_run_dependencies/mac_messages
[2.497s] -- Up-to-date: /mac_remote/ws/install/mac_messages/share/ament_index/resource_index/parent_prefix_path/mac_messages
[2.497s] -- Up-to-date: /mac_remote/ws/install/mac_messages/share/mac_messages/environment/ament_prefix_path.sh
[2.497s] -- Up-to-date: /mac_remote/ws/install/mac_messages/share/mac_messages/environment/ament_prefix_path.dsv
[2.497s] -- Up-to-date: /mac_remote/ws/install/mac_messages/share/mac_messages/environment/path.sh
[2.497s] -- Up-to-date: /mac_remote/ws/install/mac_messages/share/mac_messages/environment/path.dsv
[2.497s] -- Up-to-date: /mac_remote/ws/install/mac_messages/share/mac_messages/local_setup.bash
[2.497s] -- Up-to-date: /mac_remote/ws/install/mac_messages/share/mac_messages/local_setup.sh
[2.497s] -- Up-to-date: /mac_remote/ws/install/mac_messages/share/mac_messages/local_setup.zsh
[2.498s] -- Up-to-date: /mac_remote/ws/install/mac_messages/share/mac_messages/local_setup.dsv
[2.498s] -- Installing: /mac_remote/ws/install/mac_messages/share/mac_messages/package.dsv
[2.498s] -- Up-to-date: /mac_remote/ws/install/mac_messages/share/ament_index/resource_index/packages/mac_messages
[2.507s] -- Up-to-date: /mac_remote/ws/install/mac_messages/share/mac_messages/cmake/export_mac_messages__rosidl_generator_cExport.cmake
[2.507s] -- Up-to-date: /mac_remote/ws/install/mac_messages/share/mac_messages/cmake/export_mac_messages__rosidl_generator_cExport-noconfig.cmake
[2.508s] -- Up-to-date: /mac_remote/ws/install/mac_messages/share/mac_messages/cmake/export_mac_messages__rosidl_typesupport_fastrtps_cExport.cmake
[2.508s] -- Up-to-date: /mac_remote/ws/install/mac_messages/share/mac_messages/cmake/export_mac_messages__rosidl_typesupport_fastrtps_cExport-noconfig.cmake
[2.508s] -- Up-to-date: /mac_remote/ws/install/mac_messages/share/mac_messages/cmake/mac_messages__rosidl_typesupport_introspection_cExport.cmake
[2.509s] -- Up-to-date: /mac_remote/ws/install/mac_messages/share/mac_messages/cmake/mac_messages__rosidl_typesupport_introspection_cExport-noconfig.cmake
[2.510s] -- Up-to-date: /mac_remote/ws/install/mac_messages/share/mac_messages/cmake/mac_messages__rosidl_typesupport_cExport.cmake
[2.510s] -- Up-to-date: /mac_remote/ws/install/mac_messages/share/mac_messages/cmake/mac_messages__rosidl_typesupport_cExport-noconfig.cmake
[2.518s] -- Up-to-date: /mac_remote/ws/install/mac_messages/share/mac_messages/cmake/export_mac_messages__rosidl_generator_cppExport.cmake
[2.519s] -- Up-to-date: /mac_remote/ws/install/mac_messages/share/mac_messages/cmake/export_mac_messages__rosidl_typesupport_fastrtps_cppExport.cmake
[2.519s] -- Up-to-date: /mac_remote/ws/install/mac_messages/share/mac_messages/cmake/export_mac_messages__rosidl_typesupport_fastrtps_cppExport-noconfig.cmake
[2.520s] -- Up-to-date: /mac_remote/ws/install/mac_messages/share/mac_messages/cmake/mac_messages__rosidl_typesupport_introspection_cppExport.cmake
[2.520s] -- Up-to-date: /mac_remote/ws/install/mac_messages/share/mac_messages/cmake/mac_messages__rosidl_typesupport_introspection_cppExport-noconfig.cmake
[2.521s] -- Up-to-date: /mac_remote/ws/install/mac_messages/share/mac_messages/cmake/mac_messages__rosidl_typesupport_cppExport.cmake
[2.521s] -- Up-to-date: /mac_remote/ws/install/mac_messages/share/mac_messages/cmake/mac_messages__rosidl_typesupport_cppExport-noconfig.cmake
[2.522s] -- Up-to-date: /mac_remote/ws/install/mac_messages/share/mac_messages/cmake/export_mac_messages__rosidl_generator_pyExport.cmake
[2.523s] -- Up-to-date: /mac_remote/ws/install/mac_messages/share/mac_messages/cmake/export_mac_messages__rosidl_generator_pyExport-noconfig.cmake
[2.523s] -- Up-to-date: /mac_remote/ws/install/mac_messages/share/mac_messages/cmake/rosidl_cmake-extras.cmake
[2.523s] -- Up-to-date: /mac_remote/ws/install/mac_messages/share/mac_messages/cmake/ament_cmake_export_include_directories-extras.cmake
[2.523s] -- Up-to-date: /mac_remote/ws/install/mac_messages/share/mac_messages/cmake/ament_cmake_export_libraries-extras.cmake
[2.523s] -- Up-to-date: /mac_remote/ws/install/mac_messages/share/mac_messages/cmake/ament_cmake_export_targets-extras.cmake
[2.523s] -- Up-to-date: /mac_remote/ws/install/mac_messages/share/mac_messages/cmake/rosidl_cmake_export_typesupport_targets-extras.cmake
[2.523s] -- Up-to-date: /mac_remote/ws/install/mac_messages/share/mac_messages/cmake/ament_cmake_export_dependencies-extras.cmake
[2.524s] -- Up-to-date: /mac_remote/ws/install/mac_messages/share/mac_messages/cmake/rosidl_cmake_export_typesupport_libraries-extras.cmake
[2.524s] -- Up-to-date: /mac_remote/ws/install/mac_messages/share/mac_messages/cmake/mac_messagesConfig.cmake
[2.524s] -- Up-to-date: /mac_remote/ws/install/mac_messages/share/mac_messages/cmake/mac_messagesConfig-version.cmake
[2.524s] -- Up-to-date: /mac_remote/ws/install/mac_messages/share/mac_messages/package.xml
[2.527s] Invoked command in '/mac_remote/ws/build/mac_messages' returned '0': CMAKE_PREFIX_PATH=${CMAKE_PREFIX_PATH}:/mac_remote/ws/install/manual_control:/opt/ros/humble /usr/bin/cmake --install /mac_remote/ws/build/mac_messages
