-- Found ament_cmake: 1.3.5 (/opt/ros/humble/share/ament_cmake/cmake)
-- Override CMake install command with custom implementation using symlinks instead of copying resources
-- Configuring done
-- Generating done
-- Build files have been written to: /mac_remote/ws/build/macnav_description
-- Install configuration: ""
-- Execute custom install script
-- Symlinking: /mac_remote/ws/install/macnav_description/share/macnav_description//urdf/common_properties.xacro
-- Symlinking: /mac_remote/ws/install/macnav_description/share/macnav_description//urdf/macnav.urdf.xacro
-- Symlinking: /mac_remote/ws/install/macnav_description/share/macnav_description//urdf/macnav_base.xacro
-- Symlinking: /mac_remote/ws/install/macnav_description/share/macnav_description//urdf/macnav_lidar.xacro
-- Symlinking: /mac_remote/ws/install/macnav_description/share/macnav_description//launch/display.launch.xml
-- Symlinking: /mac_remote/ws/install/macnav_description/share/macnav_description//rviz/macnav_config.rviz
-- Symlinking: /mac_remote/ws/install/macnav_description/share/ament_index/resource_index/package_run_dependencies/macnav_description
-- Symlinking: /mac_remote/ws/install/macnav_description/share/ament_index/resource_index/parent_prefix_path/macnav_description
-- Symlinking: /mac_remote/ws/install/macnav_description/share/macnav_description/environment/ament_prefix_path.sh
-- Symlinking: /mac_remote/ws/install/macnav_description/share/macnav_description/environment/ament_prefix_path.dsv
-- Symlinking: /mac_remote/ws/install/macnav_description/share/macnav_description/environment/path.sh
-- Symlinking: /mac_remote/ws/install/macnav_description/share/macnav_description/environment/path.dsv
-- Symlinking: /mac_remote/ws/install/macnav_description/share/macnav_description/local_setup.bash
-- Symlinking: /mac_remote/ws/install/macnav_description/share/macnav_description/local_setup.sh
-- Symlinking: /mac_remote/ws/install/macnav_description/share/macnav_description/local_setup.zsh
-- Symlinking: /mac_remote/ws/install/macnav_description/share/macnav_description/local_setup.dsv
-- Symlinking: /mac_remote/ws/install/macnav_description/share/macnav_description/package.dsv
-- Symlinking: /mac_remote/ws/install/macnav_description/share/ament_index/resource_index/packages/macnav_description
-- Symlinking: /mac_remote/ws/install/macnav_description/share/macnav_description/cmake/macnav_descriptionConfig.cmake
-- Symlinking: /mac_remote/ws/install/macnav_description/share/macnav_description/cmake/macnav_descriptionConfig-version.cmake
-- Symlinking: /mac_remote/ws/install/macnav_description/share/macnav_description/package.xml
