[0.068s] Invoking command in '/mac_remote/ws/build/macnav_description': CMAKE_PREFIX_PATH=${CMAKE_PREFIX_PATH}:/mac_remote/ws/install/manual_control:/opt/ros/humble /usr/bin/cmake /mac_remote/ws/src/macnav_description -DAMENT_CMAKE_SYMLINK_INSTALL=1 -DCMAKE_INSTALL_PREFIX=/mac_remote/ws/install/macnav_description
[0.085s] -- Found ament_cmake: 1.3.5 (/opt/ros/humble/share/ament_cmake/cmake)
[0.409s] -- Override CMake install command with custom implementation using symlinks instead of copying resources
[0.561s] -- Configuring done
[0.732s] -- Generating done
[0.740s] -- Build files have been written to: /mac_remote/ws/build/macnav_description
[0.749s] Invoked command in '/mac_remote/ws/build/macnav_description' returned '0': CMAKE_PREFIX_PATH=${CMAKE_PREFIX_PATH}:/mac_remote/ws/install/manual_control:/opt/ros/humble /usr/bin/cmake /mac_remote/ws/src/macnav_description -DAMENT_CMAKE_SYMLINK_INSTALL=1 -DCMAKE_INSTALL_PREFIX=/mac_remote/ws/install/macnav_description
[0.755s] Invoking command in '/mac_remote/ws/build/macnav_description': CMAKE_PREFIX_PATH=${CMAKE_PREFIX_PATH}:/mac_remote/ws/install/manual_control:/opt/ros/humble /usr/bin/cmake --build /mac_remote/ws/build/macnav_description -- -j12 -l12
[0.811s] Invoked command in '/mac_remote/ws/build/macnav_description' returned '0': CMAKE_PREFIX_PATH=${CMAKE_PREFIX_PATH}:/mac_remote/ws/install/manual_control:/opt/ros/humble /usr/bin/cmake --build /mac_remote/ws/build/macnav_description -- -j12 -l12
[0.842s] Invoking command in '/mac_remote/ws/build/macnav_description': CMAKE_PREFIX_PATH=${CMAKE_PREFIX_PATH}:/mac_remote/ws/install/manual_control:/opt/ros/humble /usr/bin/cmake --install /mac_remote/ws/build/macnav_description
[0.850s] -- Install configuration: ""
[0.850s] -- Execute custom install script
[0.851s] -- Symlinking: /mac_remote/ws/install/macnav_description/share/macnav_description//urdf/common_properties.xacro
[0.863s] -- Symlinking: /mac_remote/ws/install/macnav_description/share/macnav_description//urdf/macnav.urdf.xacro
[0.874s] -- Symlinking: /mac_remote/ws/install/macnav_description/share/macnav_description//urdf/macnav_base.xacro
[0.884s] -- Symlinking: /mac_remote/ws/install/macnav_description/share/macnav_description//urdf/macnav_lidar.xacro
[0.893s] -- Symlinking: /mac_remote/ws/install/macnav_description/share/macnav_description//launch/display.launch.xml
[0.902s] -- Symlinking: /mac_remote/ws/install/macnav_description/share/macnav_description//rviz/macnav_config.rviz
[0.912s] -- Symlinking: /mac_remote/ws/install/macnav_description/share/ament_index/resource_index/package_run_dependencies/macnav_description
[0.923s] -- Symlinking: /mac_remote/ws/install/macnav_description/share/ament_index/resource_index/parent_prefix_path/macnav_description
[0.933s] -- Symlinking: /mac_remote/ws/install/macnav_description/share/macnav_description/environment/ament_prefix_path.sh
[0.943s] -- Symlinking: /mac_remote/ws/install/macnav_description/share/macnav_description/environment/ament_prefix_path.dsv
[0.952s] -- Symlinking: /mac_remote/ws/install/macnav_description/share/macnav_description/environment/path.sh
[0.964s] -- Symlinking: /mac_remote/ws/install/macnav_description/share/macnav_description/environment/path.dsv
[0.974s] -- Symlinking: /mac_remote/ws/install/macnav_description/share/macnav_description/local_setup.bash
[0.983s] -- Symlinking: /mac_remote/ws/install/macnav_description/share/macnav_description/local_setup.sh
[0.992s] -- Symlinking: /mac_remote/ws/install/macnav_description/share/macnav_description/local_setup.zsh
[1.002s] -- Symlinking: /mac_remote/ws/install/macnav_description/share/macnav_description/local_setup.dsv
[1.011s] -- Symlinking: /mac_remote/ws/install/macnav_description/share/macnav_description/package.dsv
[1.020s] -- Symlinking: /mac_remote/ws/install/macnav_description/share/ament_index/resource_index/packages/macnav_description
[1.029s] -- Symlinking: /mac_remote/ws/install/macnav_description/share/macnav_description/cmake/macnav_descriptionConfig.cmake
[1.038s] -- Symlinking: /mac_remote/ws/install/macnav_description/share/macnav_description/cmake/macnav_descriptionConfig-version.cmake
[1.047s] -- Symlinking: /mac_remote/ws/install/macnav_description/share/macnav_description/package.xml
[1.061s] Invoked command in '/mac_remote/ws/build/macnav_description' returned '0': CMAKE_PREFIX_PATH=${CMAKE_PREFIX_PATH}:/mac_remote/ws/install/manual_control:/opt/ros/humble /usr/bin/cmake --install /mac_remote/ws/build/macnav_description
