[1.440s] DEBUG:colcon:Command line arguments: ['/usr/bin/colcon', 'build', '--packages-select', 'mac_messages']
[1.440s] DEBUG:colcon:Parsed command line arguments: Namespace(log_base=None, log_level=None, verb_name='build', build_base='build', install_base='install', merge_install=False, symlink_install=False, test_result_base=None, continue_on_error=False, executor='parallel', parallel_workers=4, event_handlers=None, ignore_user_meta=False, metas=['./colcon.meta'], base_paths=['.'], packages_ignore=None, packages_ignore_regex=None, paths=None, packages_up_to=None, packages_up_to_regex=None, packages_above=None, packages_above_and_dependencies=None, packages_above_depth=None, packages_select_by_dep=None, packages_skip_by_dep=None, packages_skip_up_to=None, packages_select_build_failed=False, packages_skip_build_finished=False, packages_select_test_failures=False, packages_skip_test_passed=False, packages_select=['mac_messages'], packages_skip=None, packages_select_regex=None, packages_skip_regex=None, packages_start=None, packages_end=None, cmake_args=None, cmake_target=None, cmake_target_skip_unavailable=False, cmake_clean_cache=False, cmake_clean_first=False, cmake_force_configure=False, ament_cmake_args=None, catkin_cmake_args=None, catkin_skip_building_tests=False, mixin_files=None, mixin=None, verb_parser=<colcon_mixin.mixin.mixin_argument.MixinArgumentDecorator object at 0x7f9916e55660>, verb_extension=<colcon_core.verb.build.BuildVerb object at 0x7f9916f9dc90>, main=<bound method BuildVerb.main of <colcon_core.verb.build.BuildVerb object at 0x7f9916f9dc90>>, mixin_verb=('build',))
[1.495s] Level 1:colcon.colcon_core.package_discovery:discover_packages(colcon_meta) check parameters
[1.496s] INFO:colcon.colcon_metadata.package_discovery.colcon_meta:Using configuration from '/root/.colcon/metadata/default/Gazebo.meta'
[1.497s] INFO:colcon.colcon_metadata.package_discovery.colcon_meta:Using configuration from '/root/.colcon/metadata/default/fastrtps.meta'
[1.497s] Level 1:colcon.colcon_core.package_discovery:discover_packages(recursive) check parameters
[1.497s] Level 1:colcon.colcon_core.package_discovery:discover_packages(ignore) check parameters
[1.497s] Level 1:colcon.colcon_core.package_discovery:discover_packages(path) check parameters
[1.497s] Level 1:colcon.colcon_core.package_discovery:discover_packages(colcon_meta) discover
[1.497s] Level 1:colcon.colcon_core.package_discovery:discover_packages(recursive) discover
[1.497s] INFO:colcon.colcon_core.package_discovery:Crawling recursively for packages in '/mac_remote/ws'
[1.497s] Level 1:colcon.colcon_core.package_identification:_identify(.) by extensions ['ignore', 'ignore_ament_install']
[1.497s] Level 1:colcon.colcon_core.package_identification:_identify(.) by extension 'ignore'
[1.497s] Level 1:colcon.colcon_core.package_identification:_identify(.) by extension 'ignore_ament_install'
[1.498s] Level 1:colcon.colcon_core.package_identification:_identify(.) by extensions ['colcon_pkg']
[1.498s] Level 1:colcon.colcon_core.package_identification:_identify(.) by extension 'colcon_pkg'
[1.498s] Level 1:colcon.colcon_core.package_identification:_identify(.) by extensions ['colcon_meta']
[1.498s] Level 1:colcon.colcon_core.package_identification:_identify(.) by extension 'colcon_meta'
[1.498s] Level 1:colcon.colcon_core.package_identification:_identify(.) by extensions ['ros']
[1.498s] Level 1:colcon.colcon_core.package_identification:_identify(.) by extension 'ros'
[1.514s] Level 1:colcon.colcon_core.package_identification:_identify(.) by extensions ['cmake', 'python']
[1.514s] Level 1:colcon.colcon_core.package_identification:_identify(.) by extension 'cmake'
[1.514s] Level 1:colcon.colcon_core.package_identification:_identify(.) by extension 'python'
[1.514s] Level 1:colcon.colcon_core.package_identification:_identify(.) by extensions ['python_setup_py']
[1.514s] Level 1:colcon.colcon_core.package_identification:_identify(.) by extension 'python_setup_py'
[1.514s] Level 1:colcon.colcon_core.package_identification:_identify(build) by extensions ['ignore', 'ignore_ament_install']
[1.514s] Level 1:colcon.colcon_core.package_identification:_identify(build) by extension 'ignore'
[1.514s] Level 1:colcon.colcon_core.package_identification:_identify(build) ignored
[1.514s] Level 1:colcon.colcon_core.package_identification:_identify(install) by extensions ['ignore', 'ignore_ament_install']
[1.515s] Level 1:colcon.colcon_core.package_identification:_identify(install) by extension 'ignore'
[1.515s] Level 1:colcon.colcon_core.package_identification:_identify(install) ignored
[1.515s] Level 1:colcon.colcon_core.package_identification:_identify(log) by extensions ['ignore', 'ignore_ament_install']
[1.515s] Level 1:colcon.colcon_core.package_identification:_identify(log) by extension 'ignore'
[1.515s] Level 1:colcon.colcon_core.package_identification:_identify(log) ignored
[1.515s] Level 1:colcon.colcon_core.package_identification:_identify(src) by extensions ['ignore', 'ignore_ament_install']
[1.515s] Level 1:colcon.colcon_core.package_identification:_identify(src) by extension 'ignore'
[1.516s] Level 1:colcon.colcon_core.package_identification:_identify(src) by extension 'ignore_ament_install'
[1.516s] Level 1:colcon.colcon_core.package_identification:_identify(src) by extensions ['colcon_pkg']
[1.516s] Level 1:colcon.colcon_core.package_identification:_identify(src) by extension 'colcon_pkg'
[1.516s] Level 1:colcon.colcon_core.package_identification:_identify(src) by extensions ['colcon_meta']
[1.516s] Level 1:colcon.colcon_core.package_identification:_identify(src) by extension 'colcon_meta'
[1.516s] Level 1:colcon.colcon_core.package_identification:_identify(src) by extensions ['ros']
[1.516s] Level 1:colcon.colcon_core.package_identification:_identify(src) by extension 'ros'
[1.516s] Level 1:colcon.colcon_core.package_identification:_identify(src) by extensions ['cmake', 'python']
[1.516s] Level 1:colcon.colcon_core.package_identification:_identify(src) by extension 'cmake'
[1.517s] Level 1:colcon.colcon_core.package_identification:_identify(src) by extension 'python'
[1.517s] Level 1:colcon.colcon_core.package_identification:_identify(src) by extensions ['python_setup_py']
[1.517s] Level 1:colcon.colcon_core.package_identification:_identify(src) by extension 'python_setup_py'
[1.517s] Level 1:colcon.colcon_core.package_identification:_identify(src/mac_messages) by extensions ['ignore', 'ignore_ament_install']
[1.517s] Level 1:colcon.colcon_core.package_identification:_identify(src/mac_messages) by extension 'ignore'
[1.517s] Level 1:colcon.colcon_core.package_identification:_identify(src/mac_messages) by extension 'ignore_ament_install'
[1.517s] Level 1:colcon.colcon_core.package_identification:_identify(src/mac_messages) by extensions ['colcon_pkg']
[1.518s] Level 1:colcon.colcon_core.package_identification:_identify(src/mac_messages) by extension 'colcon_pkg'
[1.518s] Level 1:colcon.colcon_core.package_identification:_identify(src/mac_messages) by extensions ['colcon_meta']
[1.518s] Level 1:colcon.colcon_core.package_identification:_identify(src/mac_messages) by extension 'colcon_meta'
[1.518s] Level 1:colcon.colcon_core.package_identification:_identify(src/mac_messages) by extensions ['ros']
[1.518s] Level 1:colcon.colcon_core.package_identification:_identify(src/mac_messages) by extension 'ros'
[1.522s] DEBUG:colcon.colcon_core.package_identification:Package 'src/mac_messages' with type 'ros.ament_cmake' and name 'mac_messages'
[1.522s] Level 1:colcon.colcon_core.package_identification:_identify(src/manual_control) by extensions ['ignore', 'ignore_ament_install']
[1.522s] Level 1:colcon.colcon_core.package_identification:_identify(src/manual_control) by extension 'ignore'
[1.523s] Level 1:colcon.colcon_core.package_identification:_identify(src/manual_control) by extension 'ignore_ament_install'
[1.523s] Level 1:colcon.colcon_core.package_identification:_identify(src/manual_control) by extensions ['colcon_pkg']
[1.523s] Level 1:colcon.colcon_core.package_identification:_identify(src/manual_control) by extension 'colcon_pkg'
[1.523s] Level 1:colcon.colcon_core.package_identification:_identify(src/manual_control) by extensions ['colcon_meta']
[1.523s] Level 1:colcon.colcon_core.package_identification:_identify(src/manual_control) by extension 'colcon_meta'
[1.523s] Level 1:colcon.colcon_core.package_identification:_identify(src/manual_control) by extensions ['ros']
[1.523s] Level 1:colcon.colcon_core.package_identification:_identify(src/manual_control) by extension 'ros'
[1.524s] DEBUG:colcon.colcon_core.package_identification:Package 'src/manual_control' with type 'ros.ament_python' and name 'manual_control'
[1.524s] Level 1:colcon.colcon_core.package_discovery:discover_packages(recursive) using defaults
[1.524s] Level 1:colcon.colcon_core.package_discovery:discover_packages(ignore) discover
[1.524s] Level 1:colcon.colcon_core.package_discovery:discover_packages(ignore) using defaults
[1.524s] Level 1:colcon.colcon_core.package_discovery:discover_packages(path) discover
[1.524s] Level 1:colcon.colcon_core.package_discovery:discover_packages(path) using defaults
[1.596s] INFO:colcon.colcon_core.package_selection:Skipping not selected package 'manual_control' in 'src/manual_control'
[1.612s] Level 5:colcon.colcon_core.verb:set package 'mac_messages' build argument 'cmake_args' from command line to 'None'
[1.612s] Level 5:colcon.colcon_core.verb:set package 'mac_messages' build argument 'cmake_target' from command line to 'None'
[1.612s] Level 5:colcon.colcon_core.verb:set package 'mac_messages' build argument 'cmake_target_skip_unavailable' from command line to 'False'
[1.612s] Level 5:colcon.colcon_core.verb:set package 'mac_messages' build argument 'cmake_clean_cache' from command line to 'False'
[1.612s] Level 5:colcon.colcon_core.verb:set package 'mac_messages' build argument 'cmake_clean_first' from command line to 'False'
[1.612s] Level 5:colcon.colcon_core.verb:set package 'mac_messages' build argument 'cmake_force_configure' from command line to 'False'
[1.612s] Level 5:colcon.colcon_core.verb:set package 'mac_messages' build argument 'ament_cmake_args' from command line to 'None'
[1.612s] Level 5:colcon.colcon_core.verb:set package 'mac_messages' build argument 'catkin_cmake_args' from command line to 'None'
[1.612s] Level 5:colcon.colcon_core.verb:set package 'mac_messages' build argument 'catkin_skip_building_tests' from command line to 'False'
[1.612s] DEBUG:colcon.colcon_core.verb:Building package 'mac_messages' with the following arguments: {'ament_cmake_args': None, 'build_base': '/mac_remote/ws/build/mac_messages', 'catkin_cmake_args': None, 'catkin_skip_building_tests': False, 'cmake_args': None, 'cmake_clean_cache': False, 'cmake_clean_first': False, 'cmake_force_configure': False, 'cmake_target': None, 'cmake_target_skip_unavailable': False, 'install_base': '/mac_remote/ws/install/mac_messages', 'merge_install': False, 'path': '/mac_remote/ws/src/mac_messages', 'symlink_install': False, 'test_result_base': None}
[1.628s] INFO:colcon.colcon_core.executor:Executing jobs using 'parallel' executor
[1.648s] DEBUG:colcon.colcon_parallel_executor.executor.parallel:run_until_complete
[1.649s] INFO:colcon.colcon_ros.task.ament_cmake.build:Building ROS package in '/mac_remote/ws/src/mac_messages' with build type 'ament_cmake'
[1.650s] INFO:colcon.colcon_cmake.task.cmake.build:Building CMake package in '/mac_remote/ws/src/mac_messages'
[1.683s] INFO:colcon.colcon_core.plugin_system:Skipping extension 'colcon_core.shell.bat': Not used on non-Windows systems
[1.684s] INFO:colcon.colcon_core.shell:Skip shell extension 'powershell' for command environment: Not usable outside of PowerShell
[1.684s] DEBUG:colcon.colcon_core.shell:Skip shell extension 'dsv' for command environment
[1.752s] DEBUG:colcon.colcon_core.event_handler.log_command:Invoking command in '/mac_remote/ws/build/mac_messages': CMAKE_PREFIX_PATH=/opt/ros/humble /usr/bin/cmake --build /mac_remote/ws/build/mac_messages -- -j4 -l4
[6.473s] DEBUG:colcon.colcon_core.event_handler.log_command:Invoked command in '/mac_remote/ws/build/mac_messages' returned '0': CMAKE_PREFIX_PATH=/opt/ros/humble /usr/bin/cmake --build /mac_remote/ws/build/mac_messages -- -j4 -l4
[6.583s] DEBUG:colcon.colcon_core.event_handler.log_command:Invoking command in '/mac_remote/ws/build/mac_messages': CMAKE_PREFIX_PATH=/opt/ros/humble /usr/bin/cmake --install /mac_remote/ws/build/mac_messages
[6.717s] Level 1:colcon.colcon_core.environment:create_environment_scripts_only(mac_messages)
[6.718s] DEBUG:colcon.colcon_core.event_handler.log_command:Invoked command in '/mac_remote/ws/build/mac_messages' returned '0': CMAKE_PREFIX_PATH=/opt/ros/humble /usr/bin/cmake --install /mac_remote/ws/build/mac_messages
[6.741s] Level 1:colcon.colcon_core.environment:checking '/mac_remote/ws/install/mac_messages' for CMake module files
[6.742s] Level 1:colcon.colcon_core.environment:checking '/mac_remote/ws/install/mac_messages' for CMake config files
[6.742s] Level 1:colcon.colcon_core.shell:create_environment_hook('mac_messages', 'cmake_prefix_path')
[6.760s] INFO:colcon.colcon_core.shell:Creating environment hook '/mac_remote/ws/install/mac_messages/share/mac_messages/hook/cmake_prefix_path.ps1'
[6.762s] INFO:colcon.colcon_core.shell:Creating environment descriptor '/mac_remote/ws/install/mac_messages/share/mac_messages/hook/cmake_prefix_path.dsv'
[6.763s] INFO:colcon.colcon_core.shell:Creating environment hook '/mac_remote/ws/install/mac_messages/share/mac_messages/hook/cmake_prefix_path.sh'
[6.765s] Level 1:colcon.colcon_core.environment:checking '/mac_remote/ws/install/mac_messages/lib'
[6.765s] Level 1:colcon.colcon_core.shell:create_environment_hook('mac_messages', 'ld_library_path_lib')
[6.781s] INFO:colcon.colcon_core.shell:Creating environment hook '/mac_remote/ws/install/mac_messages/share/mac_messages/hook/ld_library_path_lib.ps1'
[6.782s] INFO:colcon.colcon_core.shell:Creating environment descriptor '/mac_remote/ws/install/mac_messages/share/mac_messages/hook/ld_library_path_lib.dsv'
[6.783s] INFO:colcon.colcon_core.shell:Creating environment hook '/mac_remote/ws/install/mac_messages/share/mac_messages/hook/ld_library_path_lib.sh'
[6.783s] Level 1:colcon.colcon_core.environment:checking '/mac_remote/ws/install/mac_messages/bin'
[6.783s] Level 1:colcon.colcon_core.environment:checking '/mac_remote/ws/install/mac_messages/lib/pkgconfig/mac_messages.pc'
[6.787s] Level 1:colcon.colcon_core.environment:checking '/mac_remote/ws/install/mac_messages/lib/python3.10/site-packages'
[6.787s] Level 1:colcon.colcon_core.environment:checking '/mac_remote/ws/install/mac_messages/bin'
[6.814s] INFO:colcon.colcon_core.shell:Creating package script '/mac_remote/ws/install/mac_messages/share/mac_messages/package.ps1'
[6.816s] INFO:colcon.colcon_core.shell:Creating package descriptor '/mac_remote/ws/install/mac_messages/share/mac_messages/package.dsv'
[6.817s] INFO:colcon.colcon_core.shell:Creating package script '/mac_remote/ws/install/mac_messages/share/mac_messages/package.sh'
[6.818s] INFO:colcon.colcon_core.shell:Creating package script '/mac_remote/ws/install/mac_messages/share/mac_messages/package.bash'
[6.819s] INFO:colcon.colcon_core.shell:Creating package script '/mac_remote/ws/install/mac_messages/share/mac_messages/package.zsh'
[6.819s] Level 1:colcon.colcon_core.environment:create_file_with_runtime_dependencies(/mac_remote/ws/install/mac_messages/share/colcon-core/packages/mac_messages)
[6.933s] Level 1:colcon.colcon_core.environment:create_environment_scripts_only(mac_messages)
[6.953s] Level 1:colcon.colcon_core.environment:checking '/mac_remote/ws/install/mac_messages' for CMake module files
[6.954s] Level 1:colcon.colcon_core.environment:checking '/mac_remote/ws/install/mac_messages' for CMake config files
[6.955s] Level 1:colcon.colcon_core.shell:create_environment_hook('mac_messages', 'cmake_prefix_path')
[6.972s] INFO:colcon.colcon_core.shell:Creating environment hook '/mac_remote/ws/install/mac_messages/share/mac_messages/hook/cmake_prefix_path.ps1'
[6.973s] INFO:colcon.colcon_core.shell:Creating environment descriptor '/mac_remote/ws/install/mac_messages/share/mac_messages/hook/cmake_prefix_path.dsv'
[6.974s] INFO:colcon.colcon_core.shell:Creating environment hook '/mac_remote/ws/install/mac_messages/share/mac_messages/hook/cmake_prefix_path.sh'
[6.974s] Level 1:colcon.colcon_core.environment:checking '/mac_remote/ws/install/mac_messages/lib'
[6.975s] Level 1:colcon.colcon_core.shell:create_environment_hook('mac_messages', 'ld_library_path_lib')
[6.996s] INFO:colcon.colcon_core.shell:Creating environment hook '/mac_remote/ws/install/mac_messages/share/mac_messages/hook/ld_library_path_lib.ps1'
[6.997s] INFO:colcon.colcon_core.shell:Creating environment descriptor '/mac_remote/ws/install/mac_messages/share/mac_messages/hook/ld_library_path_lib.dsv'
[6.998s] INFO:colcon.colcon_core.shell:Creating environment hook '/mac_remote/ws/install/mac_messages/share/mac_messages/hook/ld_library_path_lib.sh'
[6.999s] Level 1:colcon.colcon_core.environment:checking '/mac_remote/ws/install/mac_messages/bin'
[6.999s] Level 1:colcon.colcon_core.environment:checking '/mac_remote/ws/install/mac_messages/lib/pkgconfig/mac_messages.pc'
[7.000s] Level 1:colcon.colcon_core.environment:checking '/mac_remote/ws/install/mac_messages/lib/python3.10/site-packages'
[7.000s] Level 1:colcon.colcon_core.environment:checking '/mac_remote/ws/install/mac_messages/bin'
[7.019s] INFO:colcon.colcon_core.shell:Creating package script '/mac_remote/ws/install/mac_messages/share/mac_messages/package.ps1'
[7.020s] INFO:colcon.colcon_core.shell:Creating package descriptor '/mac_remote/ws/install/mac_messages/share/mac_messages/package.dsv'
[7.021s] INFO:colcon.colcon_core.shell:Creating package script '/mac_remote/ws/install/mac_messages/share/mac_messages/package.sh'
[7.021s] INFO:colcon.colcon_core.shell:Creating package script '/mac_remote/ws/install/mac_messages/share/mac_messages/package.bash'
[7.022s] INFO:colcon.colcon_core.shell:Creating package script '/mac_remote/ws/install/mac_messages/share/mac_messages/package.zsh'
[7.023s] Level 1:colcon.colcon_core.environment:create_file_with_runtime_dependencies(/mac_remote/ws/install/mac_messages/share/colcon-core/packages/mac_messages)
[7.023s] DEBUG:colcon.colcon_parallel_executor.executor.parallel:closing loop
[7.024s] DEBUG:colcon.colcon_parallel_executor.executor.parallel:loop closed
[7.024s] DEBUG:colcon.colcon_parallel_executor.executor.parallel:run_until_complete finished with '0'
[7.024s] DEBUG:colcon.colcon_core.event_reactor:joining thread
[7.060s] INFO:colcon.colcon_core.plugin_system:Skipping extension 'colcon_notification.desktop_notification.notify_send': Could not find 'notify-send'
[7.061s] INFO:colcon.colcon_core.plugin_system:Skipping extension 'colcon_notification.desktop_notification.terminal_notifier': Not used on non-Darwin systems
[7.061s] INFO:colcon.colcon_core.plugin_system:Skipping extension 'colcon_notification.desktop_notification.win32': Not used on non-Windows systems
[7.062s] INFO:colcon.colcon_notification.desktop_notification:Sending desktop notification using 'notify2'
[7.067s] DEBUG:colcon.colcon_notification.desktop_notification.notify2:Failed to initialize notify2: org.freedesktop.DBus.Error.Spawn.ExecFailed: /usr/bin/dbus-launch terminated abnormally without any error message
[7.067s] DEBUG:colcon.colcon_core.event_reactor:joined thread
[7.088s] INFO:colcon.colcon_core.shell:Creating prefix script '/mac_remote/ws/install/local_setup.ps1'
[7.089s] INFO:colcon.colcon_core.shell:Creating prefix util module '/mac_remote/ws/install/_local_setup_util_ps1.py'
[7.091s] INFO:colcon.colcon_core.shell:Creating prefix chain script '/mac_remote/ws/install/setup.ps1'
[7.113s] INFO:colcon.colcon_core.shell:Creating prefix script '/mac_remote/ws/install/local_setup.sh'
[7.115s] INFO:colcon.colcon_core.shell:Creating prefix util module '/mac_remote/ws/install/_local_setup_util_sh.py'
[7.116s] INFO:colcon.colcon_core.shell:Creating prefix chain script '/mac_remote/ws/install/setup.sh'
[7.144s] INFO:colcon.colcon_core.shell:Creating prefix script '/mac_remote/ws/install/local_setup.bash'
[7.145s] INFO:colcon.colcon_core.shell:Creating prefix chain script '/mac_remote/ws/install/setup.bash'
[7.163s] INFO:colcon.colcon_core.shell:Creating prefix script '/mac_remote/ws/install/local_setup.zsh'
[7.164s] INFO:colcon.colcon_core.shell:Creating prefix chain script '/mac_remote/ws/install/setup.zsh'
