[1.907s] DEBUG:colcon:Command line arguments: ['/usr/bin/colcon', 'build', '--symlink-install']
[1.907s] DEBUG:colcon:Parsed command line arguments: Namespace(ament_cmake_args=None, base_paths=['.'], build_base='build', catkin_cmake_args=None, catkin_skip_building_tests=False, cmake_args=None, cmake_clean_cache=False, cmake_clean_first=False, cmake_force_configure=False, cmake_target=None, cmake_target_skip_unavailable=False, continue_on_error=False, event_handlers=None, executor='parallel', ignore_user_meta=False, install_base='install', log_base=None, log_level=None, main=<bound method BuildVerb.main of <colcon_core.verb.build.BuildVerb object at 0x7fb5daab50>>, merge_install=False, metas=['./colcon.meta'], packages_above=None, packages_above_and_dependencies=None, packages_above_depth=None, packages_end=None, packages_ignore=None, packages_ignore_regex=None, packages_select=None, packages_select_build_failed=False, packages_select_by_dep=None, packages_select_regex=None, packages_select_test_failures=False, packages_skip=None, packages_skip_build_finished=False, packages_skip_by_dep=None, packages_skip_regex=None, packages_skip_test_passed=False, packages_skip_up_to=None, packages_start=None, packages_up_to=None, packages_up_to_regex=None, parallel_workers=4, paths=None, symlink_install=True, test_result_base=None, verb_extension=<colcon_core.verb.build.BuildVerb object at 0x7fb5daab50>, verb_name='build', verb_parser=<colcon_defaults.argument_parser.defaults.DefaultArgumentsDecorator object at 0x7fb5d1f100>)
[2.109s] Level 1:colcon.colcon_core.package_discovery:discover_packages(colcon_meta) check parameters
[2.110s] Level 1:colcon.colcon_core.package_discovery:discover_packages(recursive) check parameters
[2.110s] Level 1:colcon.colcon_core.package_discovery:discover_packages(ignore) check parameters
[2.110s] Level 1:colcon.colcon_core.package_discovery:discover_packages(path) check parameters
[2.110s] Level 1:colcon.colcon_core.package_discovery:discover_packages(colcon_meta) discover
[2.111s] Level 1:colcon.colcon_core.package_discovery:discover_packages(recursive) discover
[2.111s] INFO:colcon.colcon_core.package_discovery:Crawling recursively for packages in '/mac_everything/ws'
[2.111s] Level 1:colcon.colcon_core.package_identification:_identify(.) by extensions ['ignore', 'ignore_ament_install']
[2.112s] Level 1:colcon.colcon_core.package_identification:_identify(.) by extension 'ignore'
[2.112s] Level 1:colcon.colcon_core.package_identification:_identify(.) by extension 'ignore_ament_install'
[2.112s] Level 1:colcon.colcon_core.package_identification:_identify(.) by extensions ['colcon_pkg']
[2.113s] Level 1:colcon.colcon_core.package_identification:_identify(.) by extension 'colcon_pkg'
[2.113s] Level 1:colcon.colcon_core.package_identification:_identify(.) by extensions ['colcon_meta']
[2.113s] Level 1:colcon.colcon_core.package_identification:_identify(.) by extension 'colcon_meta'
[2.113s] Level 1:colcon.colcon_core.package_identification:_identify(.) by extensions ['ros']
[2.113s] Level 1:colcon.colcon_core.package_identification:_identify(.) by extension 'ros'
[2.175s] Level 1:colcon.colcon_core.package_identification:_identify(.) by extensions ['cmake', 'python']
[2.175s] Level 1:colcon.colcon_core.package_identification:_identify(.) by extension 'cmake'
[2.176s] Level 1:colcon.colcon_core.package_identification:_identify(.) by extension 'python'
[2.176s] Level 1:colcon.colcon_core.package_identification:_identify(.) by extensions ['python_setup_py']
[2.176s] Level 1:colcon.colcon_core.package_identification:_identify(.) by extension 'python_setup_py'
[2.177s] Level 1:colcon.colcon_core.package_identification:_identify(build) by extensions ['ignore', 'ignore_ament_install']
[2.177s] Level 1:colcon.colcon_core.package_identification:_identify(build) by extension 'ignore'
[2.177s] Level 1:colcon.colcon_core.package_identification:_identify(build) ignored
[2.178s] Level 1:colcon.colcon_core.package_identification:_identify(install) by extensions ['ignore', 'ignore_ament_install']
[2.178s] Level 1:colcon.colcon_core.package_identification:_identify(install) by extension 'ignore'
[2.178s] Level 1:colcon.colcon_core.package_identification:_identify(install) ignored
[2.179s] Level 1:colcon.colcon_core.package_identification:_identify(log) by extensions ['ignore', 'ignore_ament_install']
[2.179s] Level 1:colcon.colcon_core.package_identification:_identify(log) by extension 'ignore'
[2.179s] Level 1:colcon.colcon_core.package_identification:_identify(log) ignored
[2.180s] Level 1:colcon.colcon_core.package_identification:_identify(src) by extensions ['ignore', 'ignore_ament_install']
[2.180s] Level 1:colcon.colcon_core.package_identification:_identify(src) by extension 'ignore'
[2.180s] Level 1:colcon.colcon_core.package_identification:_identify(src) by extension 'ignore_ament_install'
[2.181s] Level 1:colcon.colcon_core.package_identification:_identify(src) by extensions ['colcon_pkg']
[2.181s] Level 1:colcon.colcon_core.package_identification:_identify(src) by extension 'colcon_pkg'
[2.181s] Level 1:colcon.colcon_core.package_identification:_identify(src) by extensions ['colcon_meta']
[2.181s] Level 1:colcon.colcon_core.package_identification:_identify(src) by extension 'colcon_meta'
[2.181s] Level 1:colcon.colcon_core.package_identification:_identify(src) by extensions ['ros']
[2.181s] Level 1:colcon.colcon_core.package_identification:_identify(src) by extension 'ros'
[2.182s] Level 1:colcon.colcon_core.package_identification:_identify(src) by extensions ['cmake', 'python']
[2.182s] Level 1:colcon.colcon_core.package_identification:_identify(src) by extension 'cmake'
[2.182s] Level 1:colcon.colcon_core.package_identification:_identify(src) by extension 'python'
[2.182s] Level 1:colcon.colcon_core.package_identification:_identify(src) by extensions ['python_setup_py']
[2.182s] Level 1:colcon.colcon_core.package_identification:_identify(src) by extension 'python_setup_py'
[2.183s] Level 1:colcon.colcon_core.package_identification:_identify(src/manual_control) by extensions ['ignore', 'ignore_ament_install']
[2.183s] Level 1:colcon.colcon_core.package_identification:_identify(src/manual_control) by extension 'ignore'
[2.183s] Level 1:colcon.colcon_core.package_identification:_identify(src/manual_control) by extension 'ignore_ament_install'
[2.184s] Level 1:colcon.colcon_core.package_identification:_identify(src/manual_control) by extensions ['colcon_pkg']
[2.184s] Level 1:colcon.colcon_core.package_identification:_identify(src/manual_control) by extension 'colcon_pkg'
[2.184s] Level 1:colcon.colcon_core.package_identification:_identify(src/manual_control) by extensions ['colcon_meta']
[2.184s] Level 1:colcon.colcon_core.package_identification:_identify(src/manual_control) by extension 'colcon_meta'
[2.184s] Level 1:colcon.colcon_core.package_identification:_identify(src/manual_control) by extensions ['ros']
[2.185s] Level 1:colcon.colcon_core.package_identification:_identify(src/manual_control) by extension 'ros'
[2.202s] DEBUG:colcon.colcon_core.package_identification:Package 'src/manual_control' with type 'ros.ament_python' and name 'manual_control'
[2.202s] Level 1:colcon.colcon_core.package_discovery:discover_packages(recursive) using defaults
[2.203s] Level 1:colcon.colcon_core.package_discovery:discover_packages(ignore) discover
[2.203s] Level 1:colcon.colcon_core.package_discovery:discover_packages(ignore) using defaults
[2.203s] Level 1:colcon.colcon_core.package_discovery:discover_packages(path) discover
[2.203s] Level 1:colcon.colcon_core.package_discovery:discover_packages(path) using defaults
[2.368s] Level 5:colcon.colcon_core.verb:set package 'manual_control' build argument 'cmake_args' from command line to 'None'
[2.368s] Level 5:colcon.colcon_core.verb:set package 'manual_control' build argument 'cmake_target' from command line to 'None'
[2.369s] Level 5:colcon.colcon_core.verb:set package 'manual_control' build argument 'cmake_target_skip_unavailable' from command line to 'False'
[2.369s] Level 5:colcon.colcon_core.verb:set package 'manual_control' build argument 'cmake_clean_cache' from command line to 'False'
[2.369s] Level 5:colcon.colcon_core.verb:set package 'manual_control' build argument 'cmake_clean_first' from command line to 'False'
[2.369s] Level 5:colcon.colcon_core.verb:set package 'manual_control' build argument 'cmake_force_configure' from command line to 'False'
[2.369s] Level 5:colcon.colcon_core.verb:set package 'manual_control' build argument 'ament_cmake_args' from command line to 'None'
[2.369s] Level 5:colcon.colcon_core.verb:set package 'manual_control' build argument 'catkin_cmake_args' from command line to 'None'
[2.369s] Level 5:colcon.colcon_core.verb:set package 'manual_control' build argument 'catkin_skip_building_tests' from command line to 'False'
[2.370s] DEBUG:colcon.colcon_core.verb:Building package 'manual_control' with the following arguments: {'ament_cmake_args': None, 'build_base': '/mac_everything/ws/build/manual_control', 'catkin_cmake_args': None, 'catkin_skip_building_tests': False, 'cmake_args': None, 'cmake_clean_cache': False, 'cmake_clean_first': False, 'cmake_force_configure': False, 'cmake_target': None, 'cmake_target_skip_unavailable': False, 'install_base': '/mac_everything/ws/install/manual_control', 'merge_install': False, 'path': '/mac_everything/ws/src/manual_control', 'symlink_install': True, 'test_result_base': None}
[2.376s] INFO:colcon.colcon_core.executor:Executing jobs using 'parallel' executor
[2.411s] DEBUG:colcon.colcon_parallel_executor.executor.parallel:run_until_complete
[2.412s] INFO:colcon.colcon_ros.task.ament_python.build:Building ROS package in '/mac_everything/ws/src/manual_control' with build type 'ament_python'
[2.413s] Level 1:colcon.colcon_core.shell:create_environment_hook('manual_control', 'ament_prefix_path')
[2.452s] INFO:colcon.colcon_core.plugin_system:Skipping extension 'colcon_core.shell.bat': Not used on non-Windows systems
[2.453s] INFO:colcon.colcon_core.shell:Creating environment hook '/mac_everything/ws/install/manual_control/share/manual_control/hook/ament_prefix_path.ps1'
[2.456s] INFO:colcon.colcon_core.shell:Creating environment descriptor '/mac_everything/ws/install/manual_control/share/manual_control/hook/ament_prefix_path.dsv'
[2.461s] INFO:colcon.colcon_core.shell:Creating environment hook '/mac_everything/ws/install/manual_control/share/manual_control/hook/ament_prefix_path.sh'
[2.479s] INFO:colcon.colcon_core.shell:Skip shell extension 'powershell' for command environment: Not usable outside of PowerShell
[2.479s] DEBUG:colcon.colcon_core.shell:Skip shell extension 'dsv' for command environment
[3.548s] INFO:colcon.colcon_core.task.python.build:Building Python package in '/mac_everything/ws/src/manual_control'
[3.564s] INFO:colcon.colcon_core.shell:Skip shell extension 'powershell' for command environment: Not usable outside of PowerShell
[3.564s] DEBUG:colcon.colcon_core.shell:Skip shell extension 'dsv' for command environment
[5.364s] DEBUG:colcon.colcon_core.task.python.build:While undoing a previous installation files outside the Python library path are being ignored: /mac_everything/ws/install/manual_control/share/ament_index/resource_index/packages/manual_control
[5.364s] DEBUG:colcon.colcon_core.task.python.build:While undoing a previous installation files outside the Python library path are being ignored: /mac_everything/ws/install/manual_control/share/manual_control/package.xml
[5.365s] DEBUG:colcon.colcon_core.task.python.build:While undoing a previous installation files outside the Python library path are being ignored: /mac_everything/ws/install/manual_control/lib/manual_control/manual_arduino_node
[5.366s] DEBUG:colcon.colcon_core.task.python.build:While undoing a previous installation files outside the Python library path are being ignored: /mac_everything/ws/install/manual_control/lib/manual_control/manual_turtle_node
[5.370s] DEBUG:colcon.colcon_core.event_handler.log_command:Invoking command in '/mac_everything/ws/build/manual_control': PYTHONPATH=/mac_everything/ws/build/manual_control/prefix_override:/mac_everything/ws/install/manual_control/lib/python3.8/site-packages: /usr/bin/python3 setup.py develop --editable --build-directory /mac_everything/ws/build/manual_control/build --no-deps install_data
[7.122s] Level 1:colcon.colcon_core.shell:create_environment_hook('manual_control', 'pythonpath_develop')
[7.133s] DEBUG:colcon.colcon_core.event_handler.log_command:Invoked command in '/mac_everything/ws/build/manual_control' returned '0': PYTHONPATH=/mac_everything/ws/build/manual_control/prefix_override:/mac_everything/ws/install/manual_control/lib/python3.8/site-packages: /usr/bin/python3 setup.py develop --editable --build-directory /mac_everything/ws/build/manual_control/build --no-deps install_data
[7.139s] INFO:colcon.colcon_core.shell:Creating environment hook '/mac_everything/ws/build/manual_control/share/manual_control/hook/pythonpath_develop.ps1'
[7.141s] INFO:colcon.colcon_core.shell:Creating environment descriptor '/mac_everything/ws/build/manual_control/share/manual_control/hook/pythonpath_develop.dsv'
[7.142s] INFO:colcon.colcon_core.shell:Creating environment hook '/mac_everything/ws/build/manual_control/share/manual_control/hook/pythonpath_develop.sh'
[7.199s] Level 1:colcon.colcon_core.environment:checking '/mac_everything/ws/install/manual_control' for CMake module files
[7.201s] Level 1:colcon.colcon_core.environment:checking '/mac_everything/ws/install/manual_control' for CMake config files
[7.204s] Level 1:colcon.colcon_core.environment:checking '/mac_everything/ws/install/manual_control/lib'
[7.205s] Level 1:colcon.colcon_core.environment:checking '/mac_everything/ws/install/manual_control/bin'
[7.205s] Level 1:colcon.colcon_core.environment:checking '/mac_everything/ws/install/manual_control/lib/pkgconfig/manual_control.pc'
[7.206s] Level 1:colcon.colcon_core.environment:checking '/mac_everything/ws/install/manual_control/lib/python3.8/site-packages'
[7.206s] Level 1:colcon.colcon_core.shell:create_environment_hook('manual_control', 'pythonpath')
[7.221s] INFO:colcon.colcon_core.shell:Creating environment hook '/mac_everything/ws/install/manual_control/share/manual_control/hook/pythonpath.ps1'
[7.222s] INFO:colcon.colcon_core.shell:Creating environment descriptor '/mac_everything/ws/install/manual_control/share/manual_control/hook/pythonpath.dsv'
[7.224s] INFO:colcon.colcon_core.shell:Creating environment hook '/mac_everything/ws/install/manual_control/share/manual_control/hook/pythonpath.sh'
[7.225s] Level 1:colcon.colcon_core.environment:checking '/mac_everything/ws/install/manual_control/bin'
[7.226s] Level 1:colcon.colcon_core.environment:create_environment_scripts_only(manual_control)
[7.241s] INFO:colcon.colcon_core.shell:Creating package script '/mac_everything/ws/install/manual_control/share/manual_control/package.ps1'
[7.250s] INFO:colcon.colcon_core.shell:Creating package descriptor '/mac_everything/ws/install/manual_control/share/manual_control/package.dsv'
[7.256s] INFO:colcon.colcon_core.shell:Creating package script '/mac_everything/ws/install/manual_control/share/manual_control/package.sh'
[7.260s] INFO:colcon.colcon_core.shell:Creating package script '/mac_everything/ws/install/manual_control/share/manual_control/package.bash'
[7.264s] INFO:colcon.colcon_core.shell:Creating package script '/mac_everything/ws/install/manual_control/share/manual_control/package.zsh'
[7.268s] Level 1:colcon.colcon_core.environment:create_file_with_runtime_dependencies(/mac_everything/ws/install/manual_control/share/colcon-core/packages/manual_control)
[7.269s] DEBUG:colcon.colcon_parallel_executor.executor.parallel:closing loop
[7.271s] DEBUG:colcon.colcon_parallel_executor.executor.parallel:loop closed
[7.271s] DEBUG:colcon.colcon_parallel_executor.executor.parallel:run_until_complete finished with '0'
[7.272s] DEBUG:colcon.colcon_core.event_reactor:joining thread
[7.304s] INFO:colcon.colcon_core.plugin_system:Skipping extension 'colcon_notification.desktop_notification.notify_send': Could not find 'notify-send'
[7.304s] INFO:colcon.colcon_core.plugin_system:Skipping extension 'colcon_notification.desktop_notification.terminal_notifier': Not used on non-Darwin systems
[7.305s] INFO:colcon.colcon_core.plugin_system:Skipping extension 'colcon_notification.desktop_notification.win32': Not used on non-Windows systems
[7.305s] INFO:colcon.colcon_notification.desktop_notification:Sending desktop notification using 'notify2'
[7.320s] DEBUG:colcon.colcon_notification.desktop_notification.notify2:Failed to initialize notify2: org.freedesktop.DBus.Error.Spawn.ExecFailed: /usr/bin/dbus-launch terminated abnormally with the following error: Autolaunch error: X11 initialization failed.

[7.321s] DEBUG:colcon.colcon_core.event_reactor:joined thread
[7.338s] INFO:colcon.colcon_core.shell:Creating prefix script '/mac_everything/ws/install/local_setup.ps1'
[7.346s] INFO:colcon.colcon_core.shell:Creating prefix util module '/mac_everything/ws/install/_local_setup_util_ps1.py'
[7.362s] INFO:colcon.colcon_core.shell:Creating prefix chain script '/mac_everything/ws/install/setup.ps1'
[7.371s] INFO:colcon.colcon_core.shell:Creating prefix script '/mac_everything/ws/install/local_setup.sh'
[7.374s] INFO:colcon.colcon_core.shell:Creating prefix util module '/mac_everything/ws/install/_local_setup_util_sh.py'
[7.376s] INFO:colcon.colcon_core.shell:Creating prefix chain script '/mac_everything/ws/install/setup.sh'
[7.383s] INFO:colcon.colcon_core.shell:Creating prefix script '/mac_everything/ws/install/local_setup.bash'
[7.385s] INFO:colcon.colcon_core.shell:Creating prefix chain script '/mac_everything/ws/install/setup.bash'
[7.392s] INFO:colcon.colcon_core.shell:Creating prefix script '/mac_everything/ws/install/local_setup.zsh'
[7.397s] INFO:colcon.colcon_core.shell:Creating prefix chain script '/mac_everything/ws/install/setup.zsh'
