[3.360s] DEBUG:colcon:Command line arguments: ['/usr/bin/colcon', 'build', '--packages-select', 'mac_messages']
[3.360s] DEBUG:colcon:Parsed command line arguments: Namespace(ament_cmake_args=None, base_paths=['.'], build_base='build', catkin_cmake_args=None, catkin_skip_building_tests=False, cmake_args=None, cmake_clean_cache=False, cmake_clean_first=False, cmake_force_configure=False, cmake_target=None, cmake_target_skip_unavailable=False, continue_on_error=False, event_handlers=None, executor='parallel', ignore_user_meta=False, install_base='install', log_base=None, log_level=None, main=<bound method BuildVerb.main of <colcon_core.verb.build.BuildVerb object at 0x7f9e70dfd0>>, merge_install=False, metas=['./colcon.meta'], packages_above=None, packages_above_and_dependencies=None, packages_above_depth=None, packages_end=None, packages_ignore=None, packages_ignore_regex=None, packages_select=['mac_messages'], packages_select_build_failed=False, packages_select_by_dep=None, packages_select_regex=None, packages_select_test_failures=False, packages_skip=None, packages_skip_build_finished=False, packages_skip_by_dep=None, packages_skip_regex=None, packages_skip_test_passed=False, packages_skip_up_to=None, packages_start=None, packages_up_to=None, packages_up_to_regex=None, parallel_workers=4, paths=None, symlink_install=False, test_result_base=None, verb_extension=<colcon_core.verb.build.BuildVerb object at 0x7f9e70dfd0>, verb_name='build', verb_parser=<colcon_defaults.argument_parser.defaults.DefaultArgumentsDecorator object at 0x7f9e719358>)
[3.616s] Level 1:colcon.colcon_core.package_discovery:discover_packages(colcon_meta) check parameters
[3.617s] Level 1:colcon.colcon_core.package_discovery:discover_packages(recursive) check parameters
[3.617s] Level 1:colcon.colcon_core.package_discovery:discover_packages(ignore) check parameters
[3.618s] Level 1:colcon.colcon_core.package_discovery:discover_packages(path) check parameters
[3.618s] Level 1:colcon.colcon_core.package_discovery:discover_packages(colcon_meta) discover
[3.620s] Level 1:colcon.colcon_core.package_discovery:discover_packages(recursive) discover
[3.620s] INFO:colcon.colcon_core.package_discovery:Crawling recursively for packages in '/mac_everything/ws'
[3.621s] Level 1:colcon.colcon_core.package_identification:_identify(.) by extensions ['ignore', 'ignore_ament_install']
[3.621s] Level 1:colcon.colcon_core.package_identification:_identify(.) by extension 'ignore'
[3.622s] Level 1:colcon.colcon_core.package_identification:_identify(.) by extension 'ignore_ament_install'
[3.622s] Level 1:colcon.colcon_core.package_identification:_identify(.) by extensions ['colcon_pkg']
[3.622s] Level 1:colcon.colcon_core.package_identification:_identify(.) by extension 'colcon_pkg'
[3.623s] Level 1:colcon.colcon_core.package_identification:_identify(.) by extensions ['colcon_meta']
[3.623s] Level 1:colcon.colcon_core.package_identification:_identify(.) by extension 'colcon_meta'
[3.623s] Level 1:colcon.colcon_core.package_identification:_identify(.) by extensions ['ros']
[3.624s] Level 1:colcon.colcon_core.package_identification:_identify(.) by extension 'ros'
[3.812s] Level 1:colcon.colcon_core.package_identification:_identify(.) by extensions ['cmake', 'python']
[3.813s] Level 1:colcon.colcon_core.package_identification:_identify(.) by extension 'cmake'
[3.813s] Level 1:colcon.colcon_core.package_identification:_identify(.) by extension 'python'
[3.813s] Level 1:colcon.colcon_core.package_identification:_identify(.) by extensions ['python_setup_py']
[3.814s] Level 1:colcon.colcon_core.package_identification:_identify(.) by extension 'python_setup_py'
[3.814s] Level 1:colcon.colcon_core.package_identification:_identify(build) by extensions ['ignore', 'ignore_ament_install']
[3.815s] Level 1:colcon.colcon_core.package_identification:_identify(build) by extension 'ignore'
[3.815s] Level 1:colcon.colcon_core.package_identification:_identify(build) ignored
[3.817s] Level 1:colcon.colcon_core.package_identification:_identify(install) by extensions ['ignore', 'ignore_ament_install']
[3.817s] Level 1:colcon.colcon_core.package_identification:_identify(install) by extension 'ignore'
[3.818s] Level 1:colcon.colcon_core.package_identification:_identify(install) ignored
[3.818s] Level 1:colcon.colcon_core.package_identification:_identify(log) by extensions ['ignore', 'ignore_ament_install']
[3.819s] Level 1:colcon.colcon_core.package_identification:_identify(log) by extension 'ignore'
[3.819s] Level 1:colcon.colcon_core.package_identification:_identify(log) ignored
[3.819s] Level 1:colcon.colcon_core.package_identification:_identify(src) by extensions ['ignore', 'ignore_ament_install']
[3.820s] Level 1:colcon.colcon_core.package_identification:_identify(src) by extension 'ignore'
[3.820s] Level 1:colcon.colcon_core.package_identification:_identify(src) by extension 'ignore_ament_install'
[3.820s] Level 1:colcon.colcon_core.package_identification:_identify(src) by extensions ['colcon_pkg']
[3.820s] Level 1:colcon.colcon_core.package_identification:_identify(src) by extension 'colcon_pkg'
[3.821s] Level 1:colcon.colcon_core.package_identification:_identify(src) by extensions ['colcon_meta']
[3.821s] Level 1:colcon.colcon_core.package_identification:_identify(src) by extension 'colcon_meta'
[3.821s] Level 1:colcon.colcon_core.package_identification:_identify(src) by extensions ['ros']
[3.821s] Level 1:colcon.colcon_core.package_identification:_identify(src) by extension 'ros'
[3.822s] Level 1:colcon.colcon_core.package_identification:_identify(src) by extensions ['cmake', 'python']
[3.822s] Level 1:colcon.colcon_core.package_identification:_identify(src) by extension 'cmake'
[3.822s] Level 1:colcon.colcon_core.package_identification:_identify(src) by extension 'python'
[3.823s] Level 1:colcon.colcon_core.package_identification:_identify(src) by extensions ['python_setup_py']
[3.823s] Level 1:colcon.colcon_core.package_identification:_identify(src) by extension 'python_setup_py'
[3.823s] Level 1:colcon.colcon_core.package_identification:_identify(src/mac_messages) by extensions ['ignore', 'ignore_ament_install']
[3.824s] Level 1:colcon.colcon_core.package_identification:_identify(src/mac_messages) by extension 'ignore'
[3.824s] Level 1:colcon.colcon_core.package_identification:_identify(src/mac_messages) by extension 'ignore_ament_install'
[3.824s] Level 1:colcon.colcon_core.package_identification:_identify(src/mac_messages) by extensions ['colcon_pkg']
[3.825s] Level 1:colcon.colcon_core.package_identification:_identify(src/mac_messages) by extension 'colcon_pkg'
[3.825s] Level 1:colcon.colcon_core.package_identification:_identify(src/mac_messages) by extensions ['colcon_meta']
[3.825s] Level 1:colcon.colcon_core.package_identification:_identify(src/mac_messages) by extension 'colcon_meta'
[3.825s] Level 1:colcon.colcon_core.package_identification:_identify(src/mac_messages) by extensions ['ros']
[3.826s] Level 1:colcon.colcon_core.package_identification:_identify(src/mac_messages) by extension 'ros'
[3.844s] DEBUG:colcon.colcon_core.package_identification:Package 'src/mac_messages' with type 'ros.ament_cmake' and name 'mac_messages'
[3.844s] Level 1:colcon.colcon_core.package_identification:_identify(src/manual_control) by extensions ['ignore', 'ignore_ament_install']
[3.845s] Level 1:colcon.colcon_core.package_identification:_identify(src/manual_control) by extension 'ignore'
[3.845s] Level 1:colcon.colcon_core.package_identification:_identify(src/manual_control) by extension 'ignore_ament_install'
[3.846s] Level 1:colcon.colcon_core.package_identification:_identify(src/manual_control) by extensions ['colcon_pkg']
[3.846s] Level 1:colcon.colcon_core.package_identification:_identify(src/manual_control) by extension 'colcon_pkg'
[3.846s] Level 1:colcon.colcon_core.package_identification:_identify(src/manual_control) by extensions ['colcon_meta']
[3.846s] Level 1:colcon.colcon_core.package_identification:_identify(src/manual_control) by extension 'colcon_meta'
[3.847s] Level 1:colcon.colcon_core.package_identification:_identify(src/manual_control) by extensions ['ros']
[3.847s] Level 1:colcon.colcon_core.package_identification:_identify(src/manual_control) by extension 'ros'
[3.853s] DEBUG:colcon.colcon_core.package_identification:Package 'src/manual_control' with type 'ros.ament_python' and name 'manual_control'
[3.854s] Level 1:colcon.colcon_core.package_discovery:discover_packages(recursive) using defaults
[3.855s] Level 1:colcon.colcon_core.package_discovery:discover_packages(ignore) discover
[3.855s] Level 1:colcon.colcon_core.package_discovery:discover_packages(ignore) using defaults
[3.855s] Level 1:colcon.colcon_core.package_discovery:discover_packages(path) discover
[3.855s] Level 1:colcon.colcon_core.package_discovery:discover_packages(path) using defaults
[4.090s] INFO:colcon.colcon_core.package_selection:Skipping not selected package 'manual_control' in 'src/manual_control'
[4.109s] Level 5:colcon.colcon_core.verb:set package 'mac_messages' build argument 'cmake_args' from command line to 'None'
[4.109s] Level 5:colcon.colcon_core.verb:set package 'mac_messages' build argument 'cmake_target' from command line to 'None'
[4.110s] Level 5:colcon.colcon_core.verb:set package 'mac_messages' build argument 'cmake_target_skip_unavailable' from command line to 'False'
[4.110s] Level 5:colcon.colcon_core.verb:set package 'mac_messages' build argument 'cmake_clean_cache' from command line to 'False'
[4.110s] Level 5:colcon.colcon_core.verb:set package 'mac_messages' build argument 'cmake_clean_first' from command line to 'False'
[4.110s] Level 5:colcon.colcon_core.verb:set package 'mac_messages' build argument 'cmake_force_configure' from command line to 'False'
[4.110s] Level 5:colcon.colcon_core.verb:set package 'mac_messages' build argument 'ament_cmake_args' from command line to 'None'
[4.110s] Level 5:colcon.colcon_core.verb:set package 'mac_messages' build argument 'catkin_cmake_args' from command line to 'None'
[4.111s] Level 5:colcon.colcon_core.verb:set package 'mac_messages' build argument 'catkin_skip_building_tests' from command line to 'False'
[4.111s] DEBUG:colcon.colcon_core.verb:Building package 'mac_messages' with the following arguments: {'ament_cmake_args': None, 'build_base': '/mac_everything/ws/build/mac_messages', 'catkin_cmake_args': None, 'catkin_skip_building_tests': False, 'cmake_args': None, 'cmake_clean_cache': False, 'cmake_clean_first': False, 'cmake_force_configure': False, 'cmake_target': None, 'cmake_target_skip_unavailable': False, 'install_base': '/mac_everything/ws/install/mac_messages', 'merge_install': False, 'path': '/mac_everything/ws/src/mac_messages', 'symlink_install': False, 'test_result_base': None}
[4.127s] INFO:colcon.colcon_core.executor:Executing jobs using 'parallel' executor
[4.219s] DEBUG:colcon.colcon_parallel_executor.executor.parallel:run_until_complete
[4.221s] INFO:colcon.colcon_ros.task.ament_cmake.build:Building ROS package in '/mac_everything/ws/src/mac_messages' with build type 'ament_cmake'
[4.222s] INFO:colcon.colcon_cmake.task.cmake.build:Building CMake package in '/mac_everything/ws/src/mac_messages'
[4.299s] INFO:colcon.colcon_core.plugin_system:Skipping extension 'colcon_core.shell.bat': Not used on non-Windows systems
[4.300s] INFO:colcon.colcon_core.shell:Skip shell extension 'powershell' for command environment: Not usable outside of PowerShell
[4.300s] DEBUG:colcon.colcon_core.shell:Skip shell extension 'dsv' for command environment
[4.423s] DEBUG:colcon.colcon_core.event_handler.log_command:Invoking command in '/mac_everything/ws/build/mac_messages': CMAKE_PREFIX_PATH=${CMAKE_PREFIX_PATH}:/mac_everything/ws/install/manual_control /usr/local/bin/cmake /mac_everything/ws/src/mac_messages -DCMAKE_INSTALL_PREFIX=/mac_everything/ws/install/mac_messages
[18.667s] DEBUG:colcon.colcon_core.event_handler.log_command:Invoked command in '/mac_everything/ws/build/mac_messages' returned '0': CMAKE_PREFIX_PATH=${CMAKE_PREFIX_PATH}:/mac_everything/ws/install/manual_control /usr/local/bin/cmake /mac_everything/ws/src/mac_messages -DCMAKE_INSTALL_PREFIX=/mac_everything/ws/install/mac_messages
[18.678s] DEBUG:colcon.colcon_core.event_handler.log_command:Invoking command in '/mac_everything/ws/build/mac_messages': CMAKE_PREFIX_PATH=${CMAKE_PREFIX_PATH}:/mac_everything/ws/install/manual_control /usr/local/bin/cmake --build /mac_everything/ws/build/mac_messages -- -j4 -l4
[30.772s] DEBUG:colcon.colcon_core.event_handler.log_command:Invoked command in '/mac_everything/ws/build/mac_messages' returned '0': CMAKE_PREFIX_PATH=${CMAKE_PREFIX_PATH}:/mac_everything/ws/install/manual_control /usr/local/bin/cmake --build /mac_everything/ws/build/mac_messages -- -j4 -l4
[31.257s] DEBUG:colcon.colcon_core.event_handler.log_command:Invoking command in '/mac_everything/ws/build/mac_messages': CMAKE_PREFIX_PATH=${CMAKE_PREFIX_PATH}:/mac_everything/ws/install/manual_control /usr/local/bin/cmake --install /mac_everything/ws/build/mac_messages
[31.677s] Level 1:colcon.colcon_core.environment:create_environment_scripts_only(mac_messages)
[31.681s] DEBUG:colcon.colcon_core.event_handler.log_command:Invoked command in '/mac_everything/ws/build/mac_messages' returned '0': CMAKE_PREFIX_PATH=${CMAKE_PREFIX_PATH}:/mac_everything/ws/install/manual_control /usr/local/bin/cmake --install /mac_everything/ws/build/mac_messages
[31.769s] Level 1:colcon.colcon_core.environment:checking '/mac_everything/ws/install/mac_messages' for CMake module files
[31.773s] Level 1:colcon.colcon_core.environment:checking '/mac_everything/ws/install/mac_messages' for CMake config files
[31.777s] Level 1:colcon.colcon_core.shell:create_environment_hook('mac_messages', 'cmake_prefix_path')
[31.817s] INFO:colcon.colcon_core.shell:Creating environment hook '/mac_everything/ws/install/mac_messages/share/mac_messages/hook/cmake_prefix_path.ps1'
[31.825s] INFO:colcon.colcon_core.shell:Creating environment descriptor '/mac_everything/ws/install/mac_messages/share/mac_messages/hook/cmake_prefix_path.dsv'
[31.828s] INFO:colcon.colcon_core.shell:Creating environment hook '/mac_everything/ws/install/mac_messages/share/mac_messages/hook/cmake_prefix_path.sh'
[31.834s] Level 1:colcon.colcon_core.environment:checking '/mac_everything/ws/install/mac_messages/lib'
[31.835s] Level 1:colcon.colcon_core.shell:create_environment_hook('mac_messages', 'ld_library_path_lib')
[31.871s] INFO:colcon.colcon_core.shell:Creating environment hook '/mac_everything/ws/install/mac_messages/share/mac_messages/hook/ld_library_path_lib.ps1'
[31.873s] INFO:colcon.colcon_core.shell:Creating environment descriptor '/mac_everything/ws/install/mac_messages/share/mac_messages/hook/ld_library_path_lib.dsv'
[31.874s] INFO:colcon.colcon_core.shell:Creating environment hook '/mac_everything/ws/install/mac_messages/share/mac_messages/hook/ld_library_path_lib.sh'
[31.876s] Level 1:colcon.colcon_core.environment:checking '/mac_everything/ws/install/mac_messages/bin'
[31.876s] Level 1:colcon.colcon_core.environment:checking '/mac_everything/ws/install/mac_messages/lib/pkgconfig/mac_messages.pc'
[31.877s] Level 1:colcon.colcon_core.environment:checking '/mac_everything/ws/install/mac_messages/lib/python3.6/site-packages'
[31.878s] Level 1:colcon.colcon_core.shell:create_environment_hook('mac_messages', 'pythonpath')
[31.915s] INFO:colcon.colcon_core.shell:Creating environment hook '/mac_everything/ws/install/mac_messages/share/mac_messages/hook/pythonpath.ps1'
[31.917s] INFO:colcon.colcon_core.shell:Creating environment descriptor '/mac_everything/ws/install/mac_messages/share/mac_messages/hook/pythonpath.dsv'
[31.919s] INFO:colcon.colcon_core.shell:Creating environment hook '/mac_everything/ws/install/mac_messages/share/mac_messages/hook/pythonpath.sh'
[31.921s] Level 1:colcon.colcon_core.environment:checking '/mac_everything/ws/install/mac_messages/bin'
[31.958s] INFO:colcon.colcon_core.shell:Creating package script '/mac_everything/ws/install/mac_messages/share/mac_messages/package.ps1'
[31.967s] INFO:colcon.colcon_core.shell:Creating package descriptor '/mac_everything/ws/install/mac_messages/share/mac_messages/package.dsv'
[31.971s] INFO:colcon.colcon_core.shell:Creating package script '/mac_everything/ws/install/mac_messages/share/mac_messages/package.sh'
[31.979s] INFO:colcon.colcon_core.shell:Creating package script '/mac_everything/ws/install/mac_messages/share/mac_messages/package.bash'
[31.984s] INFO:colcon.colcon_core.shell:Creating package script '/mac_everything/ws/install/mac_messages/share/mac_messages/package.zsh'
[31.989s] Level 1:colcon.colcon_core.environment:create_file_with_runtime_dependencies(/mac_everything/ws/install/mac_messages/share/colcon-core/packages/mac_messages)
[32.345s] Level 1:colcon.colcon_core.environment:create_environment_scripts_only(mac_messages)
[32.398s] Level 1:colcon.colcon_core.environment:checking '/mac_everything/ws/install/mac_messages' for CMake module files
[32.403s] Level 1:colcon.colcon_core.environment:checking '/mac_everything/ws/install/mac_messages' for CMake config files
[32.407s] Level 1:colcon.colcon_core.shell:create_environment_hook('mac_messages', 'cmake_prefix_path')
[32.444s] INFO:colcon.colcon_core.shell:Creating environment hook '/mac_everything/ws/install/mac_messages/share/mac_messages/hook/cmake_prefix_path.ps1'
[32.447s] INFO:colcon.colcon_core.shell:Creating environment descriptor '/mac_everything/ws/install/mac_messages/share/mac_messages/hook/cmake_prefix_path.dsv'
[32.449s] INFO:colcon.colcon_core.shell:Creating environment hook '/mac_everything/ws/install/mac_messages/share/mac_messages/hook/cmake_prefix_path.sh'
[32.452s] Level 1:colcon.colcon_core.environment:checking '/mac_everything/ws/install/mac_messages/lib'
[32.453s] Level 1:colcon.colcon_core.shell:create_environment_hook('mac_messages', 'ld_library_path_lib')
[32.491s] INFO:colcon.colcon_core.shell:Creating environment hook '/mac_everything/ws/install/mac_messages/share/mac_messages/hook/ld_library_path_lib.ps1'
[32.493s] INFO:colcon.colcon_core.shell:Creating environment descriptor '/mac_everything/ws/install/mac_messages/share/mac_messages/hook/ld_library_path_lib.dsv'
[32.495s] INFO:colcon.colcon_core.shell:Creating environment hook '/mac_everything/ws/install/mac_messages/share/mac_messages/hook/ld_library_path_lib.sh'
[32.496s] Level 1:colcon.colcon_core.environment:checking '/mac_everything/ws/install/mac_messages/bin'
[32.496s] Level 1:colcon.colcon_core.environment:checking '/mac_everything/ws/install/mac_messages/lib/pkgconfig/mac_messages.pc'
[32.497s] Level 1:colcon.colcon_core.environment:checking '/mac_everything/ws/install/mac_messages/lib/python3.6/site-packages'
[32.498s] Level 1:colcon.colcon_core.shell:create_environment_hook('mac_messages', 'pythonpath')
[32.534s] INFO:colcon.colcon_core.shell:Creating environment hook '/mac_everything/ws/install/mac_messages/share/mac_messages/hook/pythonpath.ps1'
[32.536s] INFO:colcon.colcon_core.shell:Creating environment descriptor '/mac_everything/ws/install/mac_messages/share/mac_messages/hook/pythonpath.dsv'
[32.537s] INFO:colcon.colcon_core.shell:Creating environment hook '/mac_everything/ws/install/mac_messages/share/mac_messages/hook/pythonpath.sh'
[32.539s] Level 1:colcon.colcon_core.environment:checking '/mac_everything/ws/install/mac_messages/bin'
[32.584s] INFO:colcon.colcon_core.shell:Creating package script '/mac_everything/ws/install/mac_messages/share/mac_messages/package.ps1'
[32.587s] INFO:colcon.colcon_core.shell:Creating package descriptor '/mac_everything/ws/install/mac_messages/share/mac_messages/package.dsv'
[32.590s] INFO:colcon.colcon_core.shell:Creating package script '/mac_everything/ws/install/mac_messages/share/mac_messages/package.sh'
[32.592s] INFO:colcon.colcon_core.shell:Creating package script '/mac_everything/ws/install/mac_messages/share/mac_messages/package.bash'
[32.595s] INFO:colcon.colcon_core.shell:Creating package script '/mac_everything/ws/install/mac_messages/share/mac_messages/package.zsh'
[32.597s] Level 1:colcon.colcon_core.environment:create_file_with_runtime_dependencies(/mac_everything/ws/install/mac_messages/share/colcon-core/packages/mac_messages)
[32.598s] DEBUG:colcon.colcon_parallel_executor.executor.parallel:closing loop
[32.601s] DEBUG:colcon.colcon_parallel_executor.executor.parallel:loop closed
[32.602s] DEBUG:colcon.colcon_parallel_executor.executor.parallel:run_until_complete finished with '0'
[32.603s] DEBUG:colcon.colcon_core.event_reactor:joining thread
[32.671s] INFO:colcon.colcon_core.plugin_system:Skipping extension 'colcon_notification.desktop_notification.notify_send': Could not find 'notify-send'
[32.671s] INFO:colcon.colcon_core.plugin_system:Skipping extension 'colcon_notification.desktop_notification.terminal_notifier': Not used on non-Darwin systems
[32.672s] INFO:colcon.colcon_core.plugin_system:Skipping extension 'colcon_notification.desktop_notification.win32': Not used on non-Windows systems
[32.672s] INFO:colcon.colcon_notification.desktop_notification:Sending desktop notification using 'notify2'
[32.672s] DEBUG:colcon.colcon_notification.desktop_notification.notify2:Failed to initialize notify2: org.freedesktop.DBus.Error.NotSupported: Unable to autolaunch a dbus-daemon without a $DISPLAY for X11
[32.673s] DEBUG:colcon.colcon_core.event_reactor:joined thread
[32.712s] INFO:colcon.colcon_core.shell:Creating prefix script '/mac_everything/ws/install/local_setup.ps1'
[32.722s] INFO:colcon.colcon_core.shell:Creating prefix util module '/mac_everything/ws/install/_local_setup_util_ps1.py'
[32.735s] INFO:colcon.colcon_core.shell:Creating prefix chain script '/mac_everything/ws/install/setup.ps1'
[32.751s] INFO:colcon.colcon_core.shell:Creating prefix script '/mac_everything/ws/install/local_setup.sh'
[32.755s] INFO:colcon.colcon_core.shell:Creating prefix util module '/mac_everything/ws/install/_local_setup_util_sh.py'
[32.757s] INFO:colcon.colcon_core.shell:Creating prefix chain script '/mac_everything/ws/install/setup.sh'
[32.774s] INFO:colcon.colcon_core.shell:Creating prefix script '/mac_everything/ws/install/local_setup.bash'
[32.782s] INFO:colcon.colcon_core.shell:Creating prefix chain script '/mac_everything/ws/install/setup.bash'
[32.796s] INFO:colcon.colcon_core.shell:Creating prefix script '/mac_everything/ws/install/local_setup.zsh'
[32.803s] INFO:colcon.colcon_core.shell:Creating prefix chain script '/mac_everything/ws/install/setup.zsh'
