[2.195s] DEBUG:colcon:Command line arguments: ['/usr/bin/colcon', 'build', '--symlink-install']
[2.195s] DEBUG:colcon:Parsed command line arguments: Namespace(ament_cmake_args=None, base_paths=['.'], build_base='build', catkin_cmake_args=None, catkin_skip_building_tests=False, cmake_args=None, cmake_clean_cache=False, cmake_clean_first=False, cmake_force_configure=False, cmake_target=None, cmake_target_skip_unavailable=False, continue_on_error=False, event_handlers=None, executor='parallel', ignore_user_meta=False, install_base='install', log_base=None, log_level=None, main=<bound method BuildVerb.main of <colcon_core.verb.build.BuildVerb object at 0x7fa86838e0>>, merge_install=False, metas=['./colcon.meta'], packages_above=None, packages_above_and_dependencies=None, packages_above_depth=None, packages_end=None, packages_ignore=None, packages_ignore_regex=None, packages_select=None, packages_select_build_failed=False, packages_select_by_dep=None, packages_select_regex=None, packages_select_test_failures=False, packages_skip=None, packages_skip_build_finished=False, packages_skip_by_dep=None, packages_skip_regex=None, packages_skip_test_passed=False, packages_skip_up_to=None, packages_start=None, packages_up_to=None, packages_up_to_regex=None, parallel_workers=4, paths=None, symlink_install=True, test_result_base=None, verb_extension=<colcon_core.verb.build.BuildVerb object at 0x7fa86838e0>, verb_name='build', verb_parser=<colcon_defaults.argument_parser.defaults.DefaultArgumentsDecorator object at 0x7fa8683e50>)
[2.418s] Level 1:colcon.colcon_core.package_discovery:discover_packages(colcon_meta) check parameters
[2.419s] Level 1:colcon.colcon_core.package_discovery:discover_packages(recursive) check parameters
[2.419s] Level 1:colcon.colcon_core.package_discovery:discover_packages(ignore) check parameters
[2.419s] Level 1:colcon.colcon_core.package_discovery:discover_packages(path) check parameters
[2.419s] Level 1:colcon.colcon_core.package_discovery:discover_packages(colcon_meta) discover
[2.419s] Level 1:colcon.colcon_core.package_discovery:discover_packages(recursive) discover
[2.420s] INFO:colcon.colcon_core.package_discovery:Crawling recursively for packages in '/mac_everything/ws'
[2.420s] Level 1:colcon.colcon_core.package_identification:_identify(.) by extensions ['ignore', 'ignore_ament_install']
[2.420s] Level 1:colcon.colcon_core.package_identification:_identify(.) by extension 'ignore'
[2.421s] Level 1:colcon.colcon_core.package_identification:_identify(.) by extension 'ignore_ament_install'
[2.421s] Level 1:colcon.colcon_core.package_identification:_identify(.) by extensions ['colcon_pkg']
[2.421s] Level 1:colcon.colcon_core.package_identification:_identify(.) by extension 'colcon_pkg'
[2.421s] Level 1:colcon.colcon_core.package_identification:_identify(.) by extensions ['colcon_meta']
[2.421s] Level 1:colcon.colcon_core.package_identification:_identify(.) by extension 'colcon_meta'
[2.422s] Level 1:colcon.colcon_core.package_identification:_identify(.) by extensions ['ros']
[2.422s] Level 1:colcon.colcon_core.package_identification:_identify(.) by extension 'ros'
[2.480s] Level 1:colcon.colcon_core.package_identification:_identify(.) by extensions ['cmake', 'python']
[2.481s] Level 1:colcon.colcon_core.package_identification:_identify(.) by extension 'cmake'
[2.481s] Level 1:colcon.colcon_core.package_identification:_identify(.) by extension 'python'
[2.481s] Level 1:colcon.colcon_core.package_identification:_identify(.) by extensions ['python_setup_py']
[2.481s] Level 1:colcon.colcon_core.package_identification:_identify(.) by extension 'python_setup_py'
[2.482s] Level 1:colcon.colcon_core.package_identification:_identify(build) by extensions ['ignore', 'ignore_ament_install']
[2.482s] Level 1:colcon.colcon_core.package_identification:_identify(build) by extension 'ignore'
[2.482s] Level 1:colcon.colcon_core.package_identification:_identify(build) ignored
[2.483s] Level 1:colcon.colcon_core.package_identification:_identify(install) by extensions ['ignore', 'ignore_ament_install']
[2.483s] Level 1:colcon.colcon_core.package_identification:_identify(install) by extension 'ignore'
[2.484s] Level 1:colcon.colcon_core.package_identification:_identify(install) ignored
[2.484s] Level 1:colcon.colcon_core.package_identification:_identify(log) by extensions ['ignore', 'ignore_ament_install']
[2.484s] Level 1:colcon.colcon_core.package_identification:_identify(log) by extension 'ignore'
[2.485s] Level 1:colcon.colcon_core.package_identification:_identify(log) ignored
[2.485s] Level 1:colcon.colcon_core.package_identification:_identify(src) by extensions ['ignore', 'ignore_ament_install']
[2.485s] Level 1:colcon.colcon_core.package_identification:_identify(src) by extension 'ignore'
[2.486s] Level 1:colcon.colcon_core.package_identification:_identify(src) by extension 'ignore_ament_install'
[2.486s] Level 1:colcon.colcon_core.package_identification:_identify(src) by extensions ['colcon_pkg']
[2.486s] Level 1:colcon.colcon_core.package_identification:_identify(src) by extension 'colcon_pkg'
[2.486s] Level 1:colcon.colcon_core.package_identification:_identify(src) by extensions ['colcon_meta']
[2.486s] Level 1:colcon.colcon_core.package_identification:_identify(src) by extension 'colcon_meta'
[2.486s] Level 1:colcon.colcon_core.package_identification:_identify(src) by extensions ['ros']
[2.487s] Level 1:colcon.colcon_core.package_identification:_identify(src) by extension 'ros'
[2.487s] Level 1:colcon.colcon_core.package_identification:_identify(src) by extensions ['cmake', 'python']
[2.487s] Level 1:colcon.colcon_core.package_identification:_identify(src) by extension 'cmake'
[2.487s] Level 1:colcon.colcon_core.package_identification:_identify(src) by extension 'python'
[2.488s] Level 1:colcon.colcon_core.package_identification:_identify(src) by extensions ['python_setup_py']
[2.488s] Level 1:colcon.colcon_core.package_identification:_identify(src) by extension 'python_setup_py'
[2.488s] Level 1:colcon.colcon_core.package_identification:_identify(src/manual_control) by extensions ['ignore', 'ignore_ament_install']
[2.488s] Level 1:colcon.colcon_core.package_identification:_identify(src/manual_control) by extension 'ignore'
[2.489s] Level 1:colcon.colcon_core.package_identification:_identify(src/manual_control) by extension 'ignore_ament_install'
[2.489s] Level 1:colcon.colcon_core.package_identification:_identify(src/manual_control) by extensions ['colcon_pkg']
[2.489s] Level 1:colcon.colcon_core.package_identification:_identify(src/manual_control) by extension 'colcon_pkg'
[2.489s] Level 1:colcon.colcon_core.package_identification:_identify(src/manual_control) by extensions ['colcon_meta']
[2.489s] Level 1:colcon.colcon_core.package_identification:_identify(src/manual_control) by extension 'colcon_meta'
[2.490s] Level 1:colcon.colcon_core.package_identification:_identify(src/manual_control) by extensions ['ros']
[2.490s] Level 1:colcon.colcon_core.package_identification:_identify(src/manual_control) by extension 'ros'
[2.511s] DEBUG:colcon.colcon_core.package_identification:Package 'src/manual_control' with type 'ros.ament_python' and name 'manual_control'
[2.511s] Level 1:colcon.colcon_core.package_discovery:discover_packages(recursive) using defaults
[2.512s] Level 1:colcon.colcon_core.package_discovery:discover_packages(ignore) discover
[2.512s] Level 1:colcon.colcon_core.package_discovery:discover_packages(ignore) using defaults
[2.512s] Level 1:colcon.colcon_core.package_discovery:discover_packages(path) discover
[2.512s] Level 1:colcon.colcon_core.package_discovery:discover_packages(path) using defaults
[2.680s] Level 5:colcon.colcon_core.verb:set package 'manual_control' build argument 'cmake_args' from command line to 'None'
[2.680s] Level 5:colcon.colcon_core.verb:set package 'manual_control' build argument 'cmake_target' from command line to 'None'
[2.680s] Level 5:colcon.colcon_core.verb:set package 'manual_control' build argument 'cmake_target_skip_unavailable' from command line to 'False'
[2.680s] Level 5:colcon.colcon_core.verb:set package 'manual_control' build argument 'cmake_clean_cache' from command line to 'False'
[2.680s] Level 5:colcon.colcon_core.verb:set package 'manual_control' build argument 'cmake_clean_first' from command line to 'False'
[2.680s] Level 5:colcon.colcon_core.verb:set package 'manual_control' build argument 'cmake_force_configure' from command line to 'False'
[2.681s] Level 5:colcon.colcon_core.verb:set package 'manual_control' build argument 'ament_cmake_args' from command line to 'None'
[2.681s] Level 5:colcon.colcon_core.verb:set package 'manual_control' build argument 'catkin_cmake_args' from command line to 'None'
[2.681s] Level 5:colcon.colcon_core.verb:set package 'manual_control' build argument 'catkin_skip_building_tests' from command line to 'False'
[2.681s] DEBUG:colcon.colcon_core.verb:Building package 'manual_control' with the following arguments: {'ament_cmake_args': None, 'build_base': '/mac_everything/ws/build/manual_control', 'catkin_cmake_args': None, 'catkin_skip_building_tests': False, 'cmake_args': None, 'cmake_clean_cache': False, 'cmake_clean_first': False, 'cmake_force_configure': False, 'cmake_target': None, 'cmake_target_skip_unavailable': False, 'install_base': '/mac_everything/ws/install/manual_control', 'merge_install': False, 'path': '/mac_everything/ws/src/manual_control', 'symlink_install': True, 'test_result_base': None}
[2.687s] INFO:colcon.colcon_core.executor:Executing jobs using 'parallel' executor
[2.722s] DEBUG:colcon.colcon_parallel_executor.executor.parallel:run_until_complete
[2.723s] INFO:colcon.colcon_ros.task.ament_python.build:Building ROS package in '/mac_everything/ws/src/manual_control' with build type 'ament_python'
[2.723s] Level 1:colcon.colcon_core.shell:create_environment_hook('manual_control', 'ament_prefix_path')
[2.765s] INFO:colcon.colcon_core.plugin_system:Skipping extension 'colcon_core.shell.bat': Not used on non-Windows systems
[2.766s] INFO:colcon.colcon_core.shell:Creating environment hook '/mac_everything/ws/install/manual_control/share/manual_control/hook/ament_prefix_path.ps1'
[2.769s] INFO:colcon.colcon_core.shell:Creating environment descriptor '/mac_everything/ws/install/manual_control/share/manual_control/hook/ament_prefix_path.dsv'
[2.773s] INFO:colcon.colcon_core.shell:Creating environment hook '/mac_everything/ws/install/manual_control/share/manual_control/hook/ament_prefix_path.sh'
[2.791s] INFO:colcon.colcon_core.shell:Skip shell extension 'powershell' for command environment: Not usable outside of PowerShell
[2.792s] DEBUG:colcon.colcon_core.shell:Skip shell extension 'dsv' for command environment
[3.824s] INFO:colcon.colcon_core.task.python.build:Building Python package in '/mac_everything/ws/src/manual_control'
[3.839s] INFO:colcon.colcon_core.shell:Skip shell extension 'powershell' for command environment: Not usable outside of PowerShell
[3.839s] DEBUG:colcon.colcon_core.shell:Skip shell extension 'dsv' for command environment
[5.594s] DEBUG:colcon.colcon_core.event_handler.log_command:Invoking command in '/mac_everything/ws/build/manual_control': PYTHONPATH=/mac_everything/ws/build/manual_control/prefix_override:/mac_everything/ws/install/manual_control/lib/python3.8/site-packages: /usr/bin/python3 setup.py develop --editable --build-directory /mac_everything/ws/build/manual_control/build --no-deps install_data
[7.320s] Level 1:colcon.colcon_core.shell:create_environment_hook('manual_control', 'pythonpath_develop')
[7.332s] DEBUG:colcon.colcon_core.event_handler.log_command:Invoked command in '/mac_everything/ws/build/manual_control' returned '0': PYTHONPATH=/mac_everything/ws/build/manual_control/prefix_override:/mac_everything/ws/install/manual_control/lib/python3.8/site-packages: /usr/bin/python3 setup.py develop --editable --build-directory /mac_everything/ws/build/manual_control/build --no-deps install_data
[7.337s] INFO:colcon.colcon_core.shell:Creating environment hook '/mac_everything/ws/build/manual_control/share/manual_control/hook/pythonpath_develop.ps1'
[7.339s] INFO:colcon.colcon_core.shell:Creating environment descriptor '/mac_everything/ws/build/manual_control/share/manual_control/hook/pythonpath_develop.dsv'
[7.340s] INFO:colcon.colcon_core.shell:Creating environment hook '/mac_everything/ws/build/manual_control/share/manual_control/hook/pythonpath_develop.sh'
[7.408s] Level 1:colcon.colcon_core.environment:checking '/mac_everything/ws/install/manual_control' for CMake module files
[7.411s] Level 1:colcon.colcon_core.environment:checking '/mac_everything/ws/install/manual_control' for CMake config files
[7.413s] Level 1:colcon.colcon_core.environment:checking '/mac_everything/ws/install/manual_control/lib'
[7.414s] Level 1:colcon.colcon_core.environment:checking '/mac_everything/ws/install/manual_control/bin'
[7.414s] Level 1:colcon.colcon_core.environment:checking '/mac_everything/ws/install/manual_control/lib/pkgconfig/manual_control.pc'
[7.415s] Level 1:colcon.colcon_core.environment:checking '/mac_everything/ws/install/manual_control/lib/python3.8/site-packages'
[7.415s] Level 1:colcon.colcon_core.shell:create_environment_hook('manual_control', 'pythonpath')
[7.430s] INFO:colcon.colcon_core.shell:Creating environment hook '/mac_everything/ws/install/manual_control/share/manual_control/hook/pythonpath.ps1'
[7.431s] INFO:colcon.colcon_core.shell:Creating environment descriptor '/mac_everything/ws/install/manual_control/share/manual_control/hook/pythonpath.dsv'
[7.432s] INFO:colcon.colcon_core.shell:Creating environment hook '/mac_everything/ws/install/manual_control/share/manual_control/hook/pythonpath.sh'
[7.434s] Level 1:colcon.colcon_core.environment:checking '/mac_everything/ws/install/manual_control/bin'
[7.435s] Level 1:colcon.colcon_core.environment:create_environment_scripts_only(manual_control)
[7.449s] INFO:colcon.colcon_core.shell:Creating package script '/mac_everything/ws/install/manual_control/share/manual_control/package.ps1'
[7.454s] INFO:colcon.colcon_core.shell:Creating package descriptor '/mac_everything/ws/install/manual_control/share/manual_control/package.dsv'
[7.459s] INFO:colcon.colcon_core.shell:Creating package script '/mac_everything/ws/install/manual_control/share/manual_control/package.sh'
[7.463s] INFO:colcon.colcon_core.shell:Creating package script '/mac_everything/ws/install/manual_control/share/manual_control/package.bash'
[7.467s] INFO:colcon.colcon_core.shell:Creating package script '/mac_everything/ws/install/manual_control/share/manual_control/package.zsh'
[7.472s] Level 1:colcon.colcon_core.environment:create_file_with_runtime_dependencies(/mac_everything/ws/install/manual_control/share/colcon-core/packages/manual_control)
[7.473s] DEBUG:colcon.colcon_parallel_executor.executor.parallel:closing loop
[7.474s] DEBUG:colcon.colcon_parallel_executor.executor.parallel:loop closed
[7.474s] DEBUG:colcon.colcon_parallel_executor.executor.parallel:run_until_complete finished with '0'
[7.475s] DEBUG:colcon.colcon_core.event_reactor:joining thread
[7.510s] INFO:colcon.colcon_core.plugin_system:Skipping extension 'colcon_notification.desktop_notification.notify_send': Could not find 'notify-send'
[7.511s] INFO:colcon.colcon_core.plugin_system:Skipping extension 'colcon_notification.desktop_notification.terminal_notifier': Not used on non-Darwin systems
[7.511s] INFO:colcon.colcon_core.plugin_system:Skipping extension 'colcon_notification.desktop_notification.win32': Not used on non-Windows systems
[7.511s] INFO:colcon.colcon_notification.desktop_notification:Sending desktop notification using 'notify2'
[7.560s] DEBUG:colcon.colcon_notification.desktop_notification.notify2:Failed to initialize notify2: org.freedesktop.DBus.Error.Spawn.ExecFailed: /usr/bin/dbus-launch terminated abnormally with the following error: Autolaunch error: X11 initialization failed.

[7.562s] DEBUG:colcon.colcon_core.event_reactor:joined thread
[7.582s] INFO:colcon.colcon_core.shell:Creating prefix script '/mac_everything/ws/install/local_setup.ps1'
[7.593s] INFO:colcon.colcon_core.shell:Creating prefix util module '/mac_everything/ws/install/_local_setup_util_ps1.py'
[7.603s] INFO:colcon.colcon_core.shell:Creating prefix chain script '/mac_everything/ws/install/setup.ps1'
[7.610s] INFO:colcon.colcon_core.shell:Creating prefix script '/mac_everything/ws/install/local_setup.sh'
[7.612s] INFO:colcon.colcon_core.shell:Creating prefix util module '/mac_everything/ws/install/_local_setup_util_sh.py'
[7.614s] INFO:colcon.colcon_core.shell:Creating prefix chain script '/mac_everything/ws/install/setup.sh'
[7.622s] INFO:colcon.colcon_core.shell:Creating prefix script '/mac_everything/ws/install/local_setup.bash'
[7.627s] INFO:colcon.colcon_core.shell:Creating prefix chain script '/mac_everything/ws/install/setup.bash'
[7.634s] INFO:colcon.colcon_core.shell:Creating prefix script '/mac_everything/ws/install/local_setup.zsh'
[7.636s] INFO:colcon.colcon_core.shell:Creating prefix chain script '/mac_everything/ws/install/setup.zsh'
