-- The C compiler identification is GNU 11.4.0
-- The CXX compiler identification is GNU 11.4.0
-- Detecting C compiler ABI info
-- Detecting C compiler ABI info - done
-- Check for working C compiler: /usr/bin/cc - skipped
-- Detecting C compile features
-- Detecting C compile features - done
-- Detecting CXX compiler ABI info
-- Detecting CXX compiler ABI info - done
-- Check for working CXX compiler: /usr/bin/c++ - skipped
-- Detecting CXX compile features
-- Detecting CXX compile features - done
-- Found ament_cmake: 1.3.5 (/opt/ros/humble/share/ament_cmake/cmake)
-- Found Python3: /usr/bin/python3.10 (found version "3.10.12") found components: Interpreter 
-- Override CMake install command with custom implementation using symlinks instead of copying resources
-- Configuring done
-- Generating done
-- Build files have been written to: /mac_remote/ws/build/macnav_drive
-- Install configuration: ""
-- Execute custom install script
-- Symlinking: /mac_remote/ws/install/macnav_drive/share/ament_index/resource_index/package_run_dependencies/macnav_drive
-- Symlinking: /mac_remote/ws/install/macnav_drive/share/ament_index/resource_index/parent_prefix_path/macnav_drive
-- Symlinking: /mac_remote/ws/install/macnav_drive/share/macnav_drive/environment/ament_prefix_path.sh
-- Symlinking: /mac_remote/ws/install/macnav_drive/share/macnav_drive/environment/ament_prefix_path.dsv
-- Symlinking: /mac_remote/ws/install/macnav_drive/share/macnav_drive/environment/path.sh
-- Symlinking: /mac_remote/ws/install/macnav_drive/share/macnav_drive/environment/path.dsv
-- Symlinking: /mac_remote/ws/install/macnav_drive/share/macnav_drive/local_setup.bash
-- Symlinking: /mac_remote/ws/install/macnav_drive/share/macnav_drive/local_setup.sh
-- Symlinking: /mac_remote/ws/install/macnav_drive/share/macnav_drive/local_setup.zsh
-- Symlinking: /mac_remote/ws/install/macnav_drive/share/macnav_drive/local_setup.dsv
-- Symlinking: /mac_remote/ws/install/macnav_drive/share/macnav_drive/package.dsv
-- Symlinking: /mac_remote/ws/install/macnav_drive/share/ament_index/resource_index/packages/macnav_drive
-- Symlinking: /mac_remote/ws/install/macnav_drive/share/macnav_drive/cmake/macnav_driveConfig.cmake
-- Symlinking: /mac_remote/ws/install/macnav_drive/share/macnav_drive/cmake/macnav_driveConfig-version.cmake
-- Symlinking: /mac_remote/ws/install/macnav_drive/share/macnav_drive/package.xml
