[0.063s] Invoking command in '/mac_remote/ws/build/macnav_drive': CMAKE_PREFIX_PATH=${CMAKE_PREFIX_PATH}:/mac_remote/ws/install/manual_control:/opt/ros/humble /usr/bin/cmake /mac_remote/ws/src/macnav_drive -DAMENT_CMAKE_SYMLINK_INSTALL=1 -DCMAKE_INSTALL_PREFIX=/mac_remote/ws/install/macnav_drive
[7.939s] -- The C compiler identification is GNU 11.4.0
[9.531s] -- The CXX compiler identification is GNU 11.4.0
[9.543s] -- Detecting C compiler ABI info
[9.642s] -- Detecting C compiler ABI info - done
[9.655s] -- Check for working C compiler: /usr/bin/cc - skipped
[9.656s] -- Detecting C compile features
[9.657s] -- Detecting C compile features - done
[9.663s] -- Detecting CXX compiler ABI info
[9.760s] -- Detecting CXX compiler ABI info - done
[9.768s] -- Check for working CXX compiler: /usr/bin/c++ - skipped
[9.768s] -- Detecting CXX compile features
[9.769s] -- Detecting CXX compile features - done
[9.779s] -- Found ament_cmake: 1.3.5 (/opt/ros/humble/share/ament_cmake/cmake)
[9.976s] -- Found Python3: /usr/bin/python3.10 (found version "3.10.12") found components: Interpreter 
[10.055s] -- Override CMake install command with custom implementation using symlinks instead of copying resources
[10.189s] -- Configuring done
[10.193s] -- Generating done
[10.194s] -- Build files have been written to: /mac_remote/ws/build/macnav_drive
[10.200s] Invoked command in '/mac_remote/ws/build/macnav_drive' returned '0': CMAKE_PREFIX_PATH=${CMAKE_PREFIX_PATH}:/mac_remote/ws/install/manual_control:/opt/ros/humble /usr/bin/cmake /mac_remote/ws/src/macnav_drive -DAMENT_CMAKE_SYMLINK_INSTALL=1 -DCMAKE_INSTALL_PREFIX=/mac_remote/ws/install/macnav_drive
[10.202s] Invoking command in '/mac_remote/ws/build/macnav_drive': CMAKE_PREFIX_PATH=${CMAKE_PREFIX_PATH}:/mac_remote/ws/install/manual_control:/opt/ros/humble /usr/bin/cmake --build /mac_remote/ws/build/macnav_drive -- -j12 -l12
[10.246s] Invoked command in '/mac_remote/ws/build/macnav_drive' returned '0': CMAKE_PREFIX_PATH=${CMAKE_PREFIX_PATH}:/mac_remote/ws/install/manual_control:/opt/ros/humble /usr/bin/cmake --build /mac_remote/ws/build/macnav_drive -- -j12 -l12
[10.281s] Invoking command in '/mac_remote/ws/build/macnav_drive': CMAKE_PREFIX_PATH=${CMAKE_PREFIX_PATH}:/mac_remote/ws/install/manual_control:/opt/ros/humble /usr/bin/cmake --install /mac_remote/ws/build/macnav_drive
[10.291s] -- Install configuration: ""
[10.291s] -- Execute custom install script
[10.292s] -- Symlinking: /mac_remote/ws/install/macnav_drive/share/ament_index/resource_index/package_run_dependencies/macnav_drive
[10.305s] -- Symlinking: /mac_remote/ws/install/macnav_drive/share/ament_index/resource_index/parent_prefix_path/macnav_drive
[10.317s] -- Symlinking: /mac_remote/ws/install/macnav_drive/share/macnav_drive/environment/ament_prefix_path.sh
[10.328s] -- Symlinking: /mac_remote/ws/install/macnav_drive/share/macnav_drive/environment/ament_prefix_path.dsv
[10.340s] -- Symlinking: /mac_remote/ws/install/macnav_drive/share/macnav_drive/environment/path.sh
[10.351s] -- Symlinking: /mac_remote/ws/install/macnav_drive/share/macnav_drive/environment/path.dsv
[10.361s] -- Symlinking: /mac_remote/ws/install/macnav_drive/share/macnav_drive/local_setup.bash
[10.372s] -- Symlinking: /mac_remote/ws/install/macnav_drive/share/macnav_drive/local_setup.sh
[10.382s] -- Symlinking: /mac_remote/ws/install/macnav_drive/share/macnav_drive/local_setup.zsh
[10.393s] -- Symlinking: /mac_remote/ws/install/macnav_drive/share/macnav_drive/local_setup.dsv
[10.404s] -- Symlinking: /mac_remote/ws/install/macnav_drive/share/macnav_drive/package.dsv
[10.415s] -- Symlinking: /mac_remote/ws/install/macnav_drive/share/ament_index/resource_index/packages/macnav_drive
[10.426s] -- Symlinking: /mac_remote/ws/install/macnav_drive/share/macnav_drive/cmake/macnav_driveConfig.cmake
[10.438s] -- Symlinking: /mac_remote/ws/install/macnav_drive/share/macnav_drive/cmake/macnav_driveConfig-version.cmake
[10.448s] -- Symlinking: /mac_remote/ws/install/macnav_drive/share/macnav_drive/package.xml
[10.461s] Invoked command in '/mac_remote/ws/build/macnav_drive' returned '0': CMAKE_PREFIX_PATH=${CMAKE_PREFIX_PATH}:/mac_remote/ws/install/manual_control:/opt/ros/humble /usr/bin/cmake --install /mac_remote/ws/build/macnav_drive
