[0.536s] Invoking command in '/mac_remote/ws/build/mac_messages': CMAKE_PREFIX_PATH=${CMAKE_PREFIX_PATH}:/mac_remote/ws/install/manual_control:/opt/ros/humble /usr/bin/cmake --build /mac_remote/ws/build/mac_messages -- -j12 -l12
[1.257s] [35m[1mConsolidate compiler generated dependencies of target mac_messages__rosidl_generator_c[0m
[1.267s] [  3%] Built target mac_messages__cpp
[1.280s] [  3%] Built target ament_cmake_python_copy_mac_messages
[1.281s] [35m[1mConsolidate compiler generated dependencies of target mac_messages__rosidl_typesupport_cpp[0m
[1.281s] [35m[1mConsolidate compiler generated dependencies of target mac_messages__rosidl_typesupport_fastrtps_cpp[0m
[1.281s] [35m[1mConsolidate compiler generated dependencies of target mac_messages__rosidl_typesupport_introspection_cpp[0m
[1.552s] running egg_info
[1.553s] writing mac_messages.egg-info/PKG-INFO
[1.667s] writing dependency_links to mac_messages.egg-info/dependency_links.txt
[1.684s] [ 29%] Built target mac_messages__rosidl_typesupport_introspection_cpp
[1.685s] [ 29%] Built target mac_messages__rosidl_generator_c
[1.685s] [ 32%] Built target mac_messages__rosidl_typesupport_fastrtps_cpp
[1.686s] [ 41%] Built target mac_messages__rosidl_typesupport_cpp
[1.700s] [35m[1mConsolidate compiler generated dependencies of target mac_messages__rosidl_typesupport_c[0m
[1.700s] [35m[1mConsolidate compiler generated dependencies of target mac_messages__rosidl_typesupport_introspection_c[0m
[1.700s] [35m[1mConsolidate compiler generated dependencies of target mac_messages__rosidl_typesupport_fastrtps_c[0m
[1.718s] [ 51%] Built target mac_messages__rosidl_typesupport_fastrtps_c
[2.125s] writing top-level names to mac_messages.egg-info/top_level.txt
[2.172s] [ 67%] Built target mac_messages__rosidl_typesupport_introspection_c
[2.172s] [ 70%] Built target mac_messages__rosidl_typesupport_c
[2.217s] [ 70%] Built target mac_messages
[2.262s] [ 74%] Built target mac_messages__py
[2.279s] [35m[1mConsolidate compiler generated dependencies of target mac_messages__rosidl_generator_py[0m
[2.284s] reading manifest file 'mac_messages.egg-info/SOURCES.txt'
[2.285s] writing manifest file 'mac_messages.egg-info/SOURCES.txt'
[2.703s] [ 80%] Built target mac_messages__rosidl_generator_py
[2.717s] [ 80%] Built target ament_cmake_python_build_mac_messages_egg
[2.717s] [35m[1mConsolidate compiler generated dependencies of target mac_messages__rosidl_typesupport_fastrtps_c__pyext[0m
[2.718s] [35m[1mConsolidate compiler generated dependencies of target mac_messages__rosidl_typesupport_introspection_c__pyext[0m
[2.718s] [35m[1mConsolidate compiler generated dependencies of target mac_messages__rosidl_typesupport_c__pyext[0m
[3.057s] [100%] Built target mac_messages__rosidl_typesupport_fastrtps_c__pyext
[3.057s] [100%] Built target mac_messages__rosidl_typesupport_c__pyext
[3.058s] [100%] Built target mac_messages__rosidl_typesupport_introspection_c__pyext
[3.069s] Invoked command in '/mac_remote/ws/build/mac_messages' returned '0': CMAKE_PREFIX_PATH=${CMAKE_PREFIX_PATH}:/mac_remote/ws/install/manual_control:/opt/ros/humble /usr/bin/cmake --build /mac_remote/ws/build/mac_messages -- -j12 -l12
[3.186s] Invoking command in '/mac_remote/ws/build/mac_messages': CMAKE_PREFIX_PATH=${CMAKE_PREFIX_PATH}:/mac_remote/ws/install/manual_control:/opt/ros/humble /usr/bin/cmake --install /mac_remote/ws/build/mac_messages
[3.204s] -- Install configuration: ""
[3.205s] -- Up-to-date: /mac_remote/ws/install/mac_messages/share/ament_index/resource_index/rosidl_interfaces/mac_messages
[3.205s] -- Up-to-date: /mac_remote/ws/install/mac_messages/include/mac_messages/mac_messages
[3.205s] -- Up-to-date: /mac_remote/ws/install/mac_messages/include/mac_messages/mac_messages/msg
[3.205s] -- Up-to-date: /mac_remote/ws/install/mac_messages/include/mac_messages/mac_messages/msg/detail
[3.205s] -- Up-to-date: /mac_remote/ws/install/mac_messages/include/mac_messages/mac_messages/msg/detail/drive__functions.c
[3.206s] -- Up-to-date: /mac_remote/ws/install/mac_messages/include/mac_messages/mac_messages/msg/detail/drive__functions.h
[3.206s] -- Up-to-date: /mac_remote/ws/install/mac_messages/include/mac_messages/mac_messages/msg/detail/drive__type_support.h
[3.206s] -- Up-to-date: /mac_remote/ws/install/mac_messages/include/mac_messages/mac_messages/msg/detail/drive__struct.h
[3.206s] -- Up-to-date: /mac_remote/ws/install/mac_messages/include/mac_messages/mac_messages/msg/rosidl_generator_c__visibility_control.h
[3.206s] -- Up-to-date: /mac_remote/ws/install/mac_messages/include/mac_messages/mac_messages/msg/drive.h
[3.206s] -- Up-to-date: /mac_remote/ws/install/mac_messages/share/mac_messages/environment/library_path.sh
[3.207s] -- Up-to-date: /mac_remote/ws/install/mac_messages/share/mac_messages/environment/library_path.dsv
[3.207s] -- Up-to-date: /mac_remote/ws/install/mac_messages/lib/libmac_messages__rosidl_generator_c.so
[3.207s] -- Up-to-date: /mac_remote/ws/install/mac_messages/include/mac_messages/mac_messages
[3.207s] -- Up-to-date: /mac_remote/ws/install/mac_messages/include/mac_messages/mac_messages/msg
[3.207s] -- Up-to-date: /mac_remote/ws/install/mac_messages/include/mac_messages/mac_messages/msg/detail
[3.207s] -- Up-to-date: /mac_remote/ws/install/mac_messages/include/mac_messages/mac_messages/msg/detail/drive__rosidl_typesupport_fastrtps_c.h
[3.208s] -- Up-to-date: /mac_remote/ws/install/mac_messages/include/mac_messages/mac_messages/msg/rosidl_typesupport_fastrtps_c__visibility_control.h
[3.208s] -- Up-to-date: /mac_remote/ws/install/mac_messages/lib/libmac_messages__rosidl_typesupport_fastrtps_c.so
[3.208s] -- Up-to-date: /mac_remote/ws/install/mac_messages/include/mac_messages/mac_messages
[3.208s] -- Up-to-date: /mac_remote/ws/install/mac_messages/include/mac_messages/mac_messages/msg
[3.208s] -- Up-to-date: /mac_remote/ws/install/mac_messages/include/mac_messages/mac_messages/msg/detail
[3.209s] -- Up-to-date: /mac_remote/ws/install/mac_messages/include/mac_messages/mac_messages/msg/detail/drive__type_support.c
[3.209s] -- Up-to-date: /mac_remote/ws/install/mac_messages/include/mac_messages/mac_messages/msg/detail/drive__rosidl_typesupport_introspection_c.h
[3.209s] -- Up-to-date: /mac_remote/ws/install/mac_messages/include/mac_messages/mac_messages/msg/rosidl_typesupport_introspection_c__visibility_control.h
[3.209s] -- Up-to-date: /mac_remote/ws/install/mac_messages/lib/libmac_messages__rosidl_typesupport_introspection_c.so
[3.210s] -- Up-to-date: /mac_remote/ws/install/mac_messages/lib/libmac_messages__rosidl_typesupport_c.so
[3.210s] -- Up-to-date: /mac_remote/ws/install/mac_messages/include/mac_messages/mac_messages
[3.211s] -- Up-to-date: /mac_remote/ws/install/mac_messages/include/mac_messages/mac_messages/msg
[3.211s] -- Up-to-date: /mac_remote/ws/install/mac_messages/include/mac_messages/mac_messages/msg/detail
[3.211s] -- Up-to-date: /mac_remote/ws/install/mac_messages/include/mac_messages/mac_messages/msg/detail/drive__builder.hpp
[3.211s] -- Up-to-date: /mac_remote/ws/install/mac_messages/include/mac_messages/mac_messages/msg/detail/drive__traits.hpp
[3.212s] -- Up-to-date: /mac_remote/ws/install/mac_messages/include/mac_messages/mac_messages/msg/detail/drive__struct.hpp
[3.212s] -- Up-to-date: /mac_remote/ws/install/mac_messages/include/mac_messages/mac_messages/msg/drive.hpp
[3.212s] -- Up-to-date: /mac_remote/ws/install/mac_messages/include/mac_messages/mac_messages
[3.212s] -- Up-to-date: /mac_remote/ws/install/mac_messages/include/mac_messages/mac_messages/msg
[3.212s] -- Up-to-date: /mac_remote/ws/install/mac_messages/include/mac_messages/mac_messages/msg/rosidl_typesupport_fastrtps_cpp__visibility_control.h
[3.212s] -- Up-to-date: /mac_remote/ws/install/mac_messages/include/mac_messages/mac_messages/msg/detail
[3.213s] -- Up-to-date: /mac_remote/ws/install/mac_messages/include/mac_messages/mac_messages/msg/detail/drive__rosidl_typesupport_fastrtps_cpp.hpp
[3.213s] -- Up-to-date: /mac_remote/ws/install/mac_messages/include/mac_messages/mac_messages/msg/detail/dds_fastrtps
[3.213s] -- Up-to-date: /mac_remote/ws/install/mac_messages/lib/libmac_messages__rosidl_typesupport_fastrtps_cpp.so
[3.213s] -- Up-to-date: /mac_remote/ws/install/mac_messages/include/mac_messages/mac_messages
[3.213s] -- Up-to-date: /mac_remote/ws/install/mac_messages/include/mac_messages/mac_messages/msg
[3.213s] -- Up-to-date: /mac_remote/ws/install/mac_messages/include/mac_messages/mac_messages/msg/detail
[3.213s] -- Up-to-date: /mac_remote/ws/install/mac_messages/include/mac_messages/mac_messages/msg/detail/drive__type_support.cpp
[3.214s] -- Up-to-date: /mac_remote/ws/install/mac_messages/include/mac_messages/mac_messages/msg/detail/drive__rosidl_typesupport_introspection_cpp.hpp
[3.214s] -- Up-to-date: /mac_remote/ws/install/mac_messages/lib/libmac_messages__rosidl_typesupport_introspection_cpp.so
[3.214s] -- Up-to-date: /mac_remote/ws/install/mac_messages/lib/libmac_messages__rosidl_typesupport_cpp.so
[3.214s] -- Up-to-date: /mac_remote/ws/install/mac_messages/share/mac_messages/environment/pythonpath.sh
[3.215s] -- Up-to-date: /mac_remote/ws/install/mac_messages/share/mac_messages/environment/pythonpath.dsv
[3.215s] -- Up-to-date: /mac_remote/ws/install/mac_messages/local/lib/python3.10/dist-packages/mac_messages-0.0.0-py3.10.egg-info
[3.215s] -- Installing: /mac_remote/ws/install/mac_messages/local/lib/python3.10/dist-packages/mac_messages-0.0.0-py3.10.egg-info/dependency_links.txt
[3.215s] -- Installing: /mac_remote/ws/install/mac_messages/local/lib/python3.10/dist-packages/mac_messages-0.0.0-py3.10.egg-info/top_level.txt
[3.215s] -- Installing: /mac_remote/ws/install/mac_messages/local/lib/python3.10/dist-packages/mac_messages-0.0.0-py3.10.egg-info/SOURCES.txt
[3.216s] -- Installing: /mac_remote/ws/install/mac_messages/local/lib/python3.10/dist-packages/mac_messages-0.0.0-py3.10.egg-info/PKG-INFO
[3.216s] -- Up-to-date: /mac_remote/ws/install/mac_messages/local/lib/python3.10/dist-packages/mac_messages
[3.217s] -- Up-to-date: /mac_remote/ws/install/mac_messages/local/lib/python3.10/dist-packages/mac_messages/_mac_messages_s.ep.rosidl_typesupport_c.c
[3.217s] -- Up-to-date: /mac_remote/ws/install/mac_messages/local/lib/python3.10/dist-packages/mac_messages/msg
[3.217s] -- Up-to-date: /mac_remote/ws/install/mac_messages/local/lib/python3.10/dist-packages/mac_messages/msg/_drive_s.c
[3.217s] -- Up-to-date: /mac_remote/ws/install/mac_messages/local/lib/python3.10/dist-packages/mac_messages/msg/__init__.py
[3.217s] -- Up-to-date: /mac_remote/ws/install/mac_messages/local/lib/python3.10/dist-packages/mac_messages/msg/_drive.py
[3.217s] -- Up-to-date: /mac_remote/ws/install/mac_messages/local/lib/python3.10/dist-packages/mac_messages/mac_messages_s__rosidl_typesupport_c.cpython-310-x86_64-linux-gnu.so
[3.217s] -- Up-to-date: /mac_remote/ws/install/mac_messages/local/lib/python3.10/dist-packages/mac_messages/mac_messages_s__rosidl_typesupport_introspection_c.cpython-310-x86_64-linux-gnu.so
[3.218s] -- Up-to-date: /mac_remote/ws/install/mac_messages/local/lib/python3.10/dist-packages/mac_messages/libmac_messages__rosidl_generator_py.so
[3.218s] -- Up-to-date: /mac_remote/ws/install/mac_messages/local/lib/python3.10/dist-packages/mac_messages/_mac_messages_s.ep.rosidl_typesupport_introspection_c.c
[3.218s] -- Up-to-date: /mac_remote/ws/install/mac_messages/local/lib/python3.10/dist-packages/mac_messages/__init__.py
[3.218s] -- Up-to-date: /mac_remote/ws/install/mac_messages/local/lib/python3.10/dist-packages/mac_messages/_mac_messages_s.ep.rosidl_typesupport_fastrtps_c.c
[3.218s] -- Up-to-date: /mac_remote/ws/install/mac_messages/local/lib/python3.10/dist-packages/mac_messages/mac_messages_s__rosidl_typesupport_fastrtps_c.cpython-310-x86_64-linux-gnu.so
[3.260s] Listing '/mac_remote/ws/install/mac_messages/local/lib/python3.10/dist-packages/mac_messages'...
[3.260s] Listing '/mac_remote/ws/install/mac_messages/local/lib/python3.10/dist-packages/mac_messages/msg'...
[3.263s] -- Up-to-date: /mac_remote/ws/install/mac_messages/local/lib/python3.10/dist-packages/mac_messages/mac_messages_s__rosidl_typesupport_fastrtps_c.cpython-310-x86_64-linux-gnu.so
[3.264s] -- Up-to-date: /mac_remote/ws/install/mac_messages/local/lib/python3.10/dist-packages/mac_messages/mac_messages_s__rosidl_typesupport_introspection_c.cpython-310-x86_64-linux-gnu.so
[3.264s] -- Up-to-date: /mac_remote/ws/install/mac_messages/local/lib/python3.10/dist-packages/mac_messages/mac_messages_s__rosidl_typesupport_c.cpython-310-x86_64-linux-gnu.so
[3.265s] -- Up-to-date: /mac_remote/ws/install/mac_messages/lib/libmac_messages__rosidl_generator_py.so
[3.265s] -- Up-to-date: /mac_remote/ws/install/mac_messages/share/mac_messages/msg/Drive.idl
[3.265s] -- Up-to-date: /mac_remote/ws/install/mac_messages/share/mac_messages/msg/Drive.msg
[3.265s] -- Up-to-date: /mac_remote/ws/install/mac_messages/share/ament_index/resource_index/package_run_dependencies/mac_messages
[3.266s] -- Up-to-date: /mac_remote/ws/install/mac_messages/share/ament_index/resource_index/parent_prefix_path/mac_messages
[3.266s] -- Up-to-date: /mac_remote/ws/install/mac_messages/share/mac_messages/environment/ament_prefix_path.sh
[3.266s] -- Up-to-date: /mac_remote/ws/install/mac_messages/share/mac_messages/environment/ament_prefix_path.dsv
[3.266s] -- Up-to-date: /mac_remote/ws/install/mac_messages/share/mac_messages/environment/path.sh
[3.266s] -- Up-to-date: /mac_remote/ws/install/mac_messages/share/mac_messages/environment/path.dsv
[3.266s] -- Up-to-date: /mac_remote/ws/install/mac_messages/share/mac_messages/local_setup.bash
[3.266s] -- Up-to-date: /mac_remote/ws/install/mac_messages/share/mac_messages/local_setup.sh
[3.267s] -- Up-to-date: /mac_remote/ws/install/mac_messages/share/mac_messages/local_setup.zsh
[3.267s] -- Up-to-date: /mac_remote/ws/install/mac_messages/share/mac_messages/local_setup.dsv
[3.267s] -- Installing: /mac_remote/ws/install/mac_messages/share/mac_messages/package.dsv
[3.267s] -- Up-to-date: /mac_remote/ws/install/mac_messages/share/ament_index/resource_index/packages/mac_messages
[3.267s] -- Up-to-date: /mac_remote/ws/install/mac_messages/share/mac_messages/cmake/export_mac_messages__rosidl_generator_cExport.cmake
[3.267s] -- Up-to-date: /mac_remote/ws/install/mac_messages/share/mac_messages/cmake/export_mac_messages__rosidl_generator_cExport-noconfig.cmake
[3.268s] -- Up-to-date: /mac_remote/ws/install/mac_messages/share/mac_messages/cmake/export_mac_messages__rosidl_typesupport_fastrtps_cExport.cmake
[3.268s] -- Up-to-date: /mac_remote/ws/install/mac_messages/share/mac_messages/cmake/export_mac_messages__rosidl_typesupport_fastrtps_cExport-noconfig.cmake
[3.268s] -- Up-to-date: /mac_remote/ws/install/mac_messages/share/mac_messages/cmake/mac_messages__rosidl_typesupport_introspection_cExport.cmake
[3.268s] -- Up-to-date: /mac_remote/ws/install/mac_messages/share/mac_messages/cmake/mac_messages__rosidl_typesupport_introspection_cExport-noconfig.cmake
[3.268s] -- Up-to-date: /mac_remote/ws/install/mac_messages/share/mac_messages/cmake/mac_messages__rosidl_typesupport_cExport.cmake
[3.268s] -- Up-to-date: /mac_remote/ws/install/mac_messages/share/mac_messages/cmake/mac_messages__rosidl_typesupport_cExport-noconfig.cmake
[3.269s] -- Up-to-date: /mac_remote/ws/install/mac_messages/share/mac_messages/cmake/export_mac_messages__rosidl_generator_cppExport.cmake
[3.269s] -- Up-to-date: /mac_remote/ws/install/mac_messages/share/mac_messages/cmake/export_mac_messages__rosidl_typesupport_fastrtps_cppExport.cmake
[3.269s] -- Up-to-date: /mac_remote/ws/install/mac_messages/share/mac_messages/cmake/export_mac_messages__rosidl_typesupport_fastrtps_cppExport-noconfig.cmake
[3.269s] -- Up-to-date: /mac_remote/ws/install/mac_messages/share/mac_messages/cmake/mac_messages__rosidl_typesupport_introspection_cppExport.cmake
[3.269s] -- Up-to-date: /mac_remote/ws/install/mac_messages/share/mac_messages/cmake/mac_messages__rosidl_typesupport_introspection_cppExport-noconfig.cmake
[3.269s] -- Up-to-date: /mac_remote/ws/install/mac_messages/share/mac_messages/cmake/mac_messages__rosidl_typesupport_cppExport.cmake
[3.269s] -- Up-to-date: /mac_remote/ws/install/mac_messages/share/mac_messages/cmake/mac_messages__rosidl_typesupport_cppExport-noconfig.cmake
[3.269s] -- Up-to-date: /mac_remote/ws/install/mac_messages/share/mac_messages/cmake/export_mac_messages__rosidl_generator_pyExport.cmake
[3.270s] -- Up-to-date: /mac_remote/ws/install/mac_messages/share/mac_messages/cmake/export_mac_messages__rosidl_generator_pyExport-noconfig.cmake
[3.270s] -- Up-to-date: /mac_remote/ws/install/mac_messages/share/mac_messages/cmake/rosidl_cmake-extras.cmake
[3.270s] -- Up-to-date: /mac_remote/ws/install/mac_messages/share/mac_messages/cmake/ament_cmake_export_include_directories-extras.cmake
[3.270s] -- Up-to-date: /mac_remote/ws/install/mac_messages/share/mac_messages/cmake/ament_cmake_export_libraries-extras.cmake
[3.270s] -- Up-to-date: /mac_remote/ws/install/mac_messages/share/mac_messages/cmake/ament_cmake_export_targets-extras.cmake
[3.270s] -- Up-to-date: /mac_remote/ws/install/mac_messages/share/mac_messages/cmake/rosidl_cmake_export_typesupport_targets-extras.cmake
[3.270s] -- Up-to-date: /mac_remote/ws/install/mac_messages/share/mac_messages/cmake/ament_cmake_export_dependencies-extras.cmake
[3.270s] -- Up-to-date: /mac_remote/ws/install/mac_messages/share/mac_messages/cmake/rosidl_cmake_export_typesupport_libraries-extras.cmake
[3.271s] -- Up-to-date: /mac_remote/ws/install/mac_messages/share/mac_messages/cmake/mac_messagesConfig.cmake
[3.271s] -- Up-to-date: /mac_remote/ws/install/mac_messages/share/mac_messages/cmake/mac_messagesConfig-version.cmake
[3.271s] -- Up-to-date: /mac_remote/ws/install/mac_messages/share/mac_messages/package.xml
[3.475s] Invoked command in '/mac_remote/ws/build/mac_messages' returned '0': CMAKE_PREFIX_PATH=${CMAKE_PREFIX_PATH}:/mac_remote/ws/install/manual_control:/opt/ros/humble /usr/bin/cmake --install /mac_remote/ws/build/mac_messages
