-- The C compiler identification is GNU 7.5.0
-- The CXX compiler identification is GNU 7.5.0
-- Detecting C compiler ABI info
-- Detecting C compiler ABI info - done
-- Check for working C compiler: /usr/bin/cc - skipped
-- Detecting C compile features
-- Detecting C compile features - done
-- Detecting CXX compiler ABI info
-- Detecting CXX compiler ABI info - done
-- Check for working CXX compiler: /usr/bin/c++ - skipped
-- Detecting CXX compile features
-- Detecting CXX compile features - done
-- Found ament_cmake: 2.0.3 (/opt/ros/iron/install/share/ament_cmake/cmake)
-- Found Python3: /usr/bin/python3.6 (found version "3.6.9") found components: Interpreter 
-- Found rosidl_default_generators: 1.5.0 (/opt/ros/iron/install/share/rosidl_default_generators/cmake)
-- Using all available rosidl_typesupport_c: rosidl_typesupport_fastrtps_c;rosidl_typesupport_introspection_c
-- Using all available rosidl_typesupport_cpp: rosidl_typesupport_fastrtps_cpp;rosidl_typesupport_introspection_cpp
-- Found rosidl_adapter: 4.0.1 (/opt/ros/iron/install/share/rosidl_adapter/cmake)
-- Found ament_cmake_ros: 0.11.2 (/opt/ros/iron/install/share/ament_cmake_ros/cmake)
-- Using all available rosidl_typesupport_c: rosidl_typesupport_fastrtps_c;rosidl_typesupport_introspection_c
-- Using all available rosidl_typesupport_cpp: rosidl_typesupport_fastrtps_cpp;rosidl_typesupport_introspection_cpp
[33mCMake Warning (dev) at /opt/ros/iron/install/share/rosidl_generator_py/cmake/rosidl_generator_py_generate_interfaces.cmake:20 (find_package):
  Policy CMP0148 is not set: The FindPythonInterp and FindPythonLibs modules
  are removed.  Run "cmake --help-policy CMP0148" for policy details.  Use
  the cmake_policy command to set the policy and suppress this warning.

Call Stack (most recent call first):
  /opt/ros/iron/install/share/ament_cmake_core/cmake/core/ament_execute_extensions.cmake:48 (include)
  /opt/ros/iron/install/share/rosidl_cmake/cmake/rosidl_generate_interfaces.cmake:316 (ament_execute_extensions)
  CMakeLists.txt:12 (rosidl_generate_interfaces)
This warning is for project developers.  Use -Wno-dev to suppress it.
[0m
-- Found PythonInterp: /usr/bin/python3.6 (found suitable version "3.6.9", minimum required is "3.6") 
-- Found python_cmake_module: 0.10.2 (/opt/ros/iron/install/share/python_cmake_module/cmake)
[33mCMake Warning (dev) at /opt/ros/iron/install/share/python_cmake_module/cmake/Modules/FindPythonExtra.cmake:52 (find_package):
  Policy CMP0148 is not set: The FindPythonInterp and FindPythonLibs modules
  are removed.  Run "cmake --help-policy CMP0148" for policy details.  Use
  the cmake_policy command to set the policy and suppress this warning.

Call Stack (most recent call first):
  /opt/ros/iron/install/share/rosidl_generator_py/cmake/rosidl_generator_py_generate_interfaces.cmake:23 (find_package)
  /opt/ros/iron/install/share/ament_cmake_core/cmake/core/ament_execute_extensions.cmake:48 (include)
  /opt/ros/iron/install/share/rosidl_cmake/cmake/rosidl_generate_interfaces.cmake:316 (ament_execute_extensions)
  CMakeLists.txt:12 (rosidl_generate_interfaces)
This warning is for project developers.  Use -Wno-dev to suppress it.
[0m
[33mCMake Warning (dev) at /opt/ros/iron/install/share/python_cmake_module/cmake/Modules/FindPythonExtra.cmake:140 (find_package):
  Policy CMP0148 is not set: The FindPythonInterp and FindPythonLibs modules
  are removed.  Run "cmake --help-policy CMP0148" for policy details.  Use
  the cmake_policy command to set the policy and suppress this warning.

Call Stack (most recent call first):
  /opt/ros/iron/install/share/rosidl_generator_py/cmake/rosidl_generator_py_generate_interfaces.cmake:23 (find_package)
  /opt/ros/iron/install/share/ament_cmake_core/cmake/core/ament_execute_extensions.cmake:48 (include)
  /opt/ros/iron/install/share/rosidl_cmake/cmake/rosidl_generate_interfaces.cmake:316 (ament_execute_extensions)
  CMakeLists.txt:12 (rosidl_generate_interfaces)
This warning is for project developers.  Use -Wno-dev to suppress it.
[0m
-- Found PythonLibs: /usr/lib/aarch64-linux-gnu/libpython3.6m.so (found suitable version "3.6.9", minimum required is "3.5") 
-- Using PYTHON_EXECUTABLE: /usr/bin/python3.6
-- Using PYTHON_INCLUDE_DIRS: /usr/include/python3.6m
-- Using PYTHON_LIBRARIES: /usr/lib/aarch64-linux-gnu/libpython3.6m.so
-- Found PythonExtra: .so  
-- Using numpy include directory: /usr/local/lib/python3.6/dist-packages/numpy/core/include
-- Configuring done (13.7s)
-- Generating done (0.1s)
-- Build files have been written to: /mac_everything/ws/build/mac_messages
[  2%] [34m[1mGenerating type hashes for ROS interfaces[0m
[  2%] Built target ament_cmake_python_copy_mac_messages
[  2%] Built target mac_messages__rosidl_generator_type_description
[  5%] [34m[1mGenerating C code for ROS interfaces[0m
[  8%] [34m[1mGenerating C++ code for ROS interfaces[0m
running egg_info
creating mac_messages.egg-info
writing mac_messages.egg-info/PKG-INFO
writing dependency_links to mac_messages.egg-info/dependency_links.txt
writing top-level names to mac_messages.egg-info/top_level.txt
writing manifest file 'mac_messages.egg-info/SOURCES.txt'
reading manifest file 'mac_messages.egg-info/SOURCES.txt'
writing manifest file 'mac_messages.egg-info/SOURCES.txt'
[  8%] Built target ament_cmake_python_build_mac_messages_egg
[  8%] Built target mac_messages__cpp
[ 11%] [32mBuilding C object CMakeFiles/mac_messages__rosidl_generator_c.dir/rosidl_generator_c/mac_messages/msg/detail/drive__description.c.o[0m
[ 17%] [32mBuilding C object CMakeFiles/mac_messages__rosidl_generator_c.dir/rosidl_generator_c/mac_messages/msg/detail/drive__type_support.c.o[0m
[ 17%] [32mBuilding C object CMakeFiles/mac_messages__rosidl_generator_c.dir/rosidl_generator_c/mac_messages/msg/detail/drive__functions.c.o[0m
[ 20%] [32m[1mLinking C shared library libmac_messages__rosidl_generator_c.so[0m
[ 20%] Built target mac_messages__rosidl_generator_c
[ 23%] [34m[1mGenerating C introspection for ROS interfaces[0m
[ 32%] [34m[1mGenerating C++ type support for eProsima Fast-RTPS[0m
[ 32%] [34m[1mGenerating C type support for eProsima Fast-RTPS[0m
[ 26%] [34m[1mGenerating C++ introspection for ROS interfaces[0m
[ 35%] [32mBuilding CXX object CMakeFiles/mac_messages__rosidl_typesupport_introspection_cpp.dir/rosidl_typesupport_introspection_cpp/mac_messages/msg/detail/drive__type_support.cpp.o[0m
[ 38%] [32mBuilding C object CMakeFiles/mac_messages__rosidl_typesupport_introspection_c.dir/rosidl_typesupport_introspection_c/mac_messages/msg/detail/drive__type_support.c.o[0m
[ 41%] [32mBuilding CXX object CMakeFiles/mac_messages__rosidl_typesupport_fastrtps_c.dir/rosidl_typesupport_fastrtps_c/mac_messages/msg/detail/drive__type_support_c.cpp.o[0m
[ 44%] [32mBuilding CXX object CMakeFiles/mac_messages__rosidl_typesupport_fastrtps_cpp.dir/rosidl_typesupport_fastrtps_cpp/mac_messages/msg/detail/dds_fastrtps/drive__type_support.cpp.o[0m
[ 47%] [32m[1mLinking C shared library libmac_messages__rosidl_typesupport_introspection_c.so[0m
[ 47%] Built target mac_messages__rosidl_typesupport_introspection_c
[ 50%] [34m[1mGenerating C++ type support dispatch for ROS interfaces[0m
[ 52%] [32m[1mLinking CXX shared library libmac_messages__rosidl_typesupport_introspection_cpp.so[0m
[ 55%] [32m[1mLinking CXX shared library libmac_messages__rosidl_typesupport_fastrtps_c.so[0m
[ 55%] Built target mac_messages__rosidl_typesupport_introspection_cpp
[ 58%] [34m[1mGenerating C type support dispatch for ROS interfaces[0m
[ 58%] Built target mac_messages__rosidl_typesupport_fastrtps_c
[ 61%] [32mBuilding CXX object CMakeFiles/mac_messages__rosidl_typesupport_cpp.dir/rosidl_typesupport_cpp/mac_messages/msg/drive__type_support.cpp.o[0m
[ 64%] [32m[1mLinking CXX shared library libmac_messages__rosidl_typesupport_fastrtps_cpp.so[0m
[ 64%] Built target mac_messages__rosidl_typesupport_fastrtps_cpp
[ 67%] [32m[1mLinking CXX shared library libmac_messages__rosidl_typesupport_cpp.so[0m
[ 67%] Built target mac_messages__rosidl_typesupport_cpp
[ 70%] [32mBuilding CXX object CMakeFiles/mac_messages__rosidl_typesupport_c.dir/rosidl_typesupport_c/mac_messages/msg/drive__type_support.cpp.o[0m
[ 73%] [32m[1mLinking CXX shared library libmac_messages__rosidl_typesupport_c.so[0m
[ 73%] Built target mac_messages__rosidl_typesupport_c
[ 73%] Built target mac_messages
[ 76%] [34m[1mGenerating Python code for ROS interfaces[0m
[ 76%] Built target mac_messages__py
[ 79%] [32mBuilding C object CMakeFiles/mac_messages__rosidl_generator_py.dir/rosidl_generator_py/mac_messages/msg/_drive_s.c.o[0m
[ 82%] [32m[1mLinking C shared library rosidl_generator_py/mac_messages/libmac_messages__rosidl_generator_py.so[0m
[ 82%] Built target mac_messages__rosidl_generator_py
[ 91%] [32mBuilding C object CMakeFiles/mac_messages__rosidl_typesupport_fastrtps_c__pyext.dir/rosidl_generator_py/mac_messages/_mac_messages_s.ep.rosidl_typesupport_fastrtps_c.c.o[0m
[ 91%] [32mBuilding C object CMakeFiles/mac_messages__rosidl_typesupport_c__pyext.dir/rosidl_generator_py/mac_messages/_mac_messages_s.ep.rosidl_typesupport_c.c.o[0m
[ 91%] [32mBuilding C object CMakeFiles/mac_messages__rosidl_typesupport_introspection_c__pyext.dir/rosidl_generator_py/mac_messages/_mac_messages_s.ep.rosidl_typesupport_introspection_c.c.o[0m
[ 94%] [32m[1mLinking C shared library rosidl_generator_py/mac_messages/mac_messages_s__rosidl_typesupport_c.cpython-36m-aarch64-linux-gnu.so[0m
[ 97%] [32m[1mLinking C shared library rosidl_generator_py/mac_messages/mac_messages_s__rosidl_typesupport_introspection_c.cpython-36m-aarch64-linux-gnu.so[0m
[100%] [32m[1mLinking C shared library rosidl_generator_py/mac_messages/mac_messages_s__rosidl_typesupport_fastrtps_c.cpython-36m-aarch64-linux-gnu.so[0m
[100%] Built target mac_messages__rosidl_typesupport_c__pyext
[100%] Built target mac_messages__rosidl_typesupport_introspection_c__pyext
[100%] Built target mac_messages__rosidl_typesupport_fastrtps_c__pyext
-- Install configuration: ""
-- Installing: /mac_everything/ws/install/mac_messages/share/ament_index/resource_index/rosidl_interfaces/mac_messages
-- Installing: /mac_everything/ws/install/mac_messages/share/mac_messages/msg/Drive.json
-- Installing: /mac_everything/ws/install/mac_messages/include/mac_messages/mac_messages
-- Installing: /mac_everything/ws/install/mac_messages/include/mac_messages/mac_messages/msg
-- Installing: /mac_everything/ws/install/mac_messages/include/mac_messages/mac_messages/msg/drive.h
-- Installing: /mac_everything/ws/install/mac_messages/include/mac_messages/mac_messages/msg/detail
-- Installing: /mac_everything/ws/install/mac_messages/include/mac_messages/mac_messages/msg/detail/drive__functions.c
-- Installing: /mac_everything/ws/install/mac_messages/include/mac_messages/mac_messages/msg/detail/drive__description.c
-- Installing: /mac_everything/ws/install/mac_messages/include/mac_messages/mac_messages/msg/detail/drive__struct.h
-- Installing: /mac_everything/ws/install/mac_messages/include/mac_messages/mac_messages/msg/detail/drive__type_support.c
-- Installing: /mac_everything/ws/install/mac_messages/include/mac_messages/mac_messages/msg/detail/drive__functions.h
-- Installing: /mac_everything/ws/install/mac_messages/include/mac_messages/mac_messages/msg/detail/drive__type_support.h
-- Installing: /mac_everything/ws/install/mac_messages/include/mac_messages/mac_messages/msg/rosidl_generator_c__visibility_control.h
-- Installing: /mac_everything/ws/install/mac_messages/share/mac_messages/environment/library_path.sh
-- Installing: /mac_everything/ws/install/mac_messages/share/mac_messages/environment/library_path.dsv
-- Installing: /mac_everything/ws/install/mac_messages/lib/libmac_messages__rosidl_generator_c.so
-- Set runtime path of "/mac_everything/ws/install/mac_messages/lib/libmac_messages__rosidl_generator_c.so" to ""
-- Up-to-date: /mac_everything/ws/install/mac_messages/include/mac_messages/mac_messages
-- Up-to-date: /mac_everything/ws/install/mac_messages/include/mac_messages/mac_messages/msg
-- Installing: /mac_everything/ws/install/mac_messages/include/mac_messages/mac_messages/msg/rosidl_typesupport_fastrtps_c__visibility_control.h
-- Up-to-date: /mac_everything/ws/install/mac_messages/include/mac_messages/mac_messages/msg/detail
-- Installing: /mac_everything/ws/install/mac_messages/include/mac_messages/mac_messages/msg/detail/drive__rosidl_typesupport_fastrtps_c.h
-- Installing: /mac_everything/ws/install/mac_messages/lib/libmac_messages__rosidl_typesupport_fastrtps_c.so
-- Set runtime path of "/mac_everything/ws/install/mac_messages/lib/libmac_messages__rosidl_typesupport_fastrtps_c.so" to ""
-- Up-to-date: /mac_everything/ws/install/mac_messages/include/mac_messages/mac_messages
-- Up-to-date: /mac_everything/ws/install/mac_messages/include/mac_messages/mac_messages/msg
-- Up-to-date: /mac_everything/ws/install/mac_messages/include/mac_messages/mac_messages/msg/detail
-- Installing: /mac_everything/ws/install/mac_messages/include/mac_messages/mac_messages/msg/detail/drive__type_support.c
-- Installing: /mac_everything/ws/install/mac_messages/include/mac_messages/mac_messages/msg/detail/drive__rosidl_typesupport_introspection_c.h
-- Installing: /mac_everything/ws/install/mac_messages/include/mac_messages/mac_messages/msg/rosidl_typesupport_introspection_c__visibility_control.h
-- Installing: /mac_everything/ws/install/mac_messages/lib/libmac_messages__rosidl_typesupport_introspection_c.so
-- Set runtime path of "/mac_everything/ws/install/mac_messages/lib/libmac_messages__rosidl_typesupport_introspection_c.so" to ""
-- Installing: /mac_everything/ws/install/mac_messages/lib/libmac_messages__rosidl_typesupport_c.so
-- Set runtime path of "/mac_everything/ws/install/mac_messages/lib/libmac_messages__rosidl_typesupport_c.so" to ""
-- Up-to-date: /mac_everything/ws/install/mac_messages/include/mac_messages/mac_messages
-- Up-to-date: /mac_everything/ws/install/mac_messages/include/mac_messages/mac_messages/msg
-- Installing: /mac_everything/ws/install/mac_messages/include/mac_messages/mac_messages/msg/drive.hpp
-- Up-to-date: /mac_everything/ws/install/mac_messages/include/mac_messages/mac_messages/msg/detail
-- Installing: /mac_everything/ws/install/mac_messages/include/mac_messages/mac_messages/msg/detail/drive__struct.hpp
-- Installing: /mac_everything/ws/install/mac_messages/include/mac_messages/mac_messages/msg/detail/drive__builder.hpp
-- Installing: /mac_everything/ws/install/mac_messages/include/mac_messages/mac_messages/msg/detail/drive__traits.hpp
-- Up-to-date: /mac_everything/ws/install/mac_messages/include/mac_messages/mac_messages
-- Up-to-date: /mac_everything/ws/install/mac_messages/include/mac_messages/mac_messages/msg
-- Installing: /mac_everything/ws/install/mac_messages/include/mac_messages/mac_messages/msg/rosidl_typesupport_fastrtps_cpp__visibility_control.h
-- Up-to-date: /mac_everything/ws/install/mac_messages/include/mac_messages/mac_messages/msg/detail
-- Installing: /mac_everything/ws/install/mac_messages/include/mac_messages/mac_messages/msg/detail/drive__rosidl_typesupport_fastrtps_cpp.hpp
-- Installing: /mac_everything/ws/install/mac_messages/include/mac_messages/mac_messages/msg/detail/dds_fastrtps
-- Installing: /mac_everything/ws/install/mac_messages/lib/libmac_messages__rosidl_typesupport_fastrtps_cpp.so
-- Set runtime path of "/mac_everything/ws/install/mac_messages/lib/libmac_messages__rosidl_typesupport_fastrtps_cpp.so" to ""
-- Up-to-date: /mac_everything/ws/install/mac_messages/include/mac_messages/mac_messages
-- Up-to-date: /mac_everything/ws/install/mac_messages/include/mac_messages/mac_messages/msg
-- Up-to-date: /mac_everything/ws/install/mac_messages/include/mac_messages/mac_messages/msg/detail
-- Installing: /mac_everything/ws/install/mac_messages/include/mac_messages/mac_messages/msg/detail/drive__type_support.cpp
-- Installing: /mac_everything/ws/install/mac_messages/include/mac_messages/mac_messages/msg/detail/drive__rosidl_typesupport_introspection_cpp.hpp
-- Installing: /mac_everything/ws/install/mac_messages/lib/libmac_messages__rosidl_typesupport_introspection_cpp.so
-- Set runtime path of "/mac_everything/ws/install/mac_messages/lib/libmac_messages__rosidl_typesupport_introspection_cpp.so" to ""
-- Installing: /mac_everything/ws/install/mac_messages/lib/libmac_messages__rosidl_typesupport_cpp.so
-- Set runtime path of "/mac_everything/ws/install/mac_messages/lib/libmac_messages__rosidl_typesupport_cpp.so" to ""
-- Installing: /mac_everything/ws/install/mac_messages/share/mac_messages/environment/pythonpath.sh
-- Installing: /mac_everything/ws/install/mac_messages/share/mac_messages/environment/pythonpath.dsv
-- Installing: /mac_everything/ws/install/mac_messages/lib/python3.6/site-packages/mac_messages-0.0.0-py3.6.egg-info
-- Installing: /mac_everything/ws/install/mac_messages/lib/python3.6/site-packages/mac_messages-0.0.0-py3.6.egg-info/SOURCES.txt
-- Installing: /mac_everything/ws/install/mac_messages/lib/python3.6/site-packages/mac_messages-0.0.0-py3.6.egg-info/dependency_links.txt
-- Installing: /mac_everything/ws/install/mac_messages/lib/python3.6/site-packages/mac_messages-0.0.0-py3.6.egg-info/top_level.txt
-- Installing: /mac_everything/ws/install/mac_messages/lib/python3.6/site-packages/mac_messages-0.0.0-py3.6.egg-info/PKG-INFO
-- Installing: /mac_everything/ws/install/mac_messages/lib/python3.6/site-packages/mac_messages
-- Installing: /mac_everything/ws/install/mac_messages/lib/python3.6/site-packages/mac_messages/_mac_messages_s.ep.rosidl_typesupport_fastrtps_c.c
-- Installing: /mac_everything/ws/install/mac_messages/lib/python3.6/site-packages/mac_messages/__init__.py
-- Installing: /mac_everything/ws/install/mac_messages/lib/python3.6/site-packages/mac_messages/mac_messages_s__rosidl_typesupport_fastrtps_c.cpython-36m-aarch64-linux-gnu.so
-- Installing: /mac_everything/ws/install/mac_messages/lib/python3.6/site-packages/mac_messages/mac_messages_s__rosidl_typesupport_introspection_c.cpython-36m-aarch64-linux-gnu.so
-- Installing: /mac_everything/ws/install/mac_messages/lib/python3.6/site-packages/mac_messages/_mac_messages_s.ep.rosidl_typesupport_introspection_c.c
-- Installing: /mac_everything/ws/install/mac_messages/lib/python3.6/site-packages/mac_messages/libmac_messages__rosidl_generator_py.so
-- Installing: /mac_everything/ws/install/mac_messages/lib/python3.6/site-packages/mac_messages/msg
-- Installing: /mac_everything/ws/install/mac_messages/lib/python3.6/site-packages/mac_messages/msg/_drive.py
-- Installing: /mac_everything/ws/install/mac_messages/lib/python3.6/site-packages/mac_messages/msg/__init__.py
-- Installing: /mac_everything/ws/install/mac_messages/lib/python3.6/site-packages/mac_messages/msg/_drive_s.c
-- Installing: /mac_everything/ws/install/mac_messages/lib/python3.6/site-packages/mac_messages/_mac_messages_s.ep.rosidl_typesupport_c.c
-- Installing: /mac_everything/ws/install/mac_messages/lib/python3.6/site-packages/mac_messages/mac_messages_s__rosidl_typesupport_c.cpython-36m-aarch64-linux-gnu.so
Listing '/mac_everything/ws/install/mac_messages/lib/python3.6/site-packages/mac_messages'...
Compiling '/mac_everything/ws/install/mac_messages/lib/python3.6/site-packages/mac_messages/__init__.py'...
Listing '/mac_everything/ws/install/mac_messages/lib/python3.6/site-packages/mac_messages/msg'...
Compiling '/mac_everything/ws/install/mac_messages/lib/python3.6/site-packages/mac_messages/msg/__init__.py'...
Compiling '/mac_everything/ws/install/mac_messages/lib/python3.6/site-packages/mac_messages/msg/_drive.py'...
-- Installing: /mac_everything/ws/install/mac_messages/lib/python3.6/site-packages/mac_messages/mac_messages_s__rosidl_typesupport_fastrtps_c.cpython-36m-aarch64-linux-gnu.so
-- Set runtime path of "/mac_everything/ws/install/mac_messages/lib/python3.6/site-packages/mac_messages/mac_messages_s__rosidl_typesupport_fastrtps_c.cpython-36m-aarch64-linux-gnu.so" to ""
-- Installing: /mac_everything/ws/install/mac_messages/lib/python3.6/site-packages/mac_messages/mac_messages_s__rosidl_typesupport_introspection_c.cpython-36m-aarch64-linux-gnu.so
-- Set runtime path of "/mac_everything/ws/install/mac_messages/lib/python3.6/site-packages/mac_messages/mac_messages_s__rosidl_typesupport_introspection_c.cpython-36m-aarch64-linux-gnu.so" to ""
-- Installing: /mac_everything/ws/install/mac_messages/lib/python3.6/site-packages/mac_messages/mac_messages_s__rosidl_typesupport_c.cpython-36m-aarch64-linux-gnu.so
-- Set runtime path of "/mac_everything/ws/install/mac_messages/lib/python3.6/site-packages/mac_messages/mac_messages_s__rosidl_typesupport_c.cpython-36m-aarch64-linux-gnu.so" to ""
-- Installing: /mac_everything/ws/install/mac_messages/lib/libmac_messages__rosidl_generator_py.so
-- Set runtime path of "/mac_everything/ws/install/mac_messages/lib/libmac_messages__rosidl_generator_py.so" to ""
-- Installing: /mac_everything/ws/install/mac_messages/share/mac_messages/msg/Drive.idl
-- Installing: /mac_everything/ws/install/mac_messages/share/mac_messages/msg/Drive.msg
-- Installing: /mac_everything/ws/install/mac_messages/share/ament_index/resource_index/package_run_dependencies/mac_messages
-- Installing: /mac_everything/ws/install/mac_messages/share/ament_index/resource_index/parent_prefix_path/mac_messages
-- Installing: /mac_everything/ws/install/mac_messages/share/mac_messages/environment/ament_prefix_path.sh
-- Installing: /mac_everything/ws/install/mac_messages/share/mac_messages/environment/ament_prefix_path.dsv
-- Installing: /mac_everything/ws/install/mac_messages/share/mac_messages/environment/path.sh
-- Installing: /mac_everything/ws/install/mac_messages/share/mac_messages/environment/path.dsv
-- Installing: /mac_everything/ws/install/mac_messages/share/mac_messages/local_setup.bash
-- Installing: /mac_everything/ws/install/mac_messages/share/mac_messages/local_setup.sh
-- Installing: /mac_everything/ws/install/mac_messages/share/mac_messages/local_setup.zsh
-- Installing: /mac_everything/ws/install/mac_messages/share/mac_messages/local_setup.dsv
-- Installing: /mac_everything/ws/install/mac_messages/share/mac_messages/package.dsv
-- Installing: /mac_everything/ws/install/mac_messages/share/ament_index/resource_index/packages/mac_messages
-- Installing: /mac_everything/ws/install/mac_messages/share/mac_messages/cmake/export_mac_messages__rosidl_generator_cExport.cmake
-- Installing: /mac_everything/ws/install/mac_messages/share/mac_messages/cmake/export_mac_messages__rosidl_generator_cExport-noconfig.cmake
-- Installing: /mac_everything/ws/install/mac_messages/share/mac_messages/cmake/export_mac_messages__rosidl_typesupport_fastrtps_cExport.cmake
-- Installing: /mac_everything/ws/install/mac_messages/share/mac_messages/cmake/export_mac_messages__rosidl_typesupport_fastrtps_cExport-noconfig.cmake
-- Installing: /mac_everything/ws/install/mac_messages/share/mac_messages/cmake/mac_messages__rosidl_typesupport_introspection_cExport.cmake
-- Installing: /mac_everything/ws/install/mac_messages/share/mac_messages/cmake/mac_messages__rosidl_typesupport_introspection_cExport-noconfig.cmake
-- Installing: /mac_everything/ws/install/mac_messages/share/mac_messages/cmake/mac_messages__rosidl_typesupport_cExport.cmake
-- Installing: /mac_everything/ws/install/mac_messages/share/mac_messages/cmake/mac_messages__rosidl_typesupport_cExport-noconfig.cmake
-- Installing: /mac_everything/ws/install/mac_messages/share/mac_messages/cmake/export_mac_messages__rosidl_generator_cppExport.cmake
-- Installing: /mac_everything/ws/install/mac_messages/share/mac_messages/cmake/export_mac_messages__rosidl_typesupport_fastrtps_cppExport.cmake
-- Installing: /mac_everything/ws/install/mac_messages/share/mac_messages/cmake/export_mac_messages__rosidl_typesupport_fastrtps_cppExport-noconfig.cmake
-- Installing: /mac_everything/ws/install/mac_messages/share/mac_messages/cmake/mac_messages__rosidl_typesupport_introspection_cppExport.cmake
-- Installing: /mac_everything/ws/install/mac_messages/share/mac_messages/cmake/mac_messages__rosidl_typesupport_introspection_cppExport-noconfig.cmake
-- Installing: /mac_everything/ws/install/mac_messages/share/mac_messages/cmake/mac_messages__rosidl_typesupport_cppExport.cmake
-- Installing: /mac_everything/ws/install/mac_messages/share/mac_messages/cmake/mac_messages__rosidl_typesupport_cppExport-noconfig.cmake
-- Installing: /mac_everything/ws/install/mac_messages/share/mac_messages/cmake/export_mac_messages__rosidl_generator_pyExport.cmake
-- Installing: /mac_everything/ws/install/mac_messages/share/mac_messages/cmake/export_mac_messages__rosidl_generator_pyExport-noconfig.cmake
-- Installing: /mac_everything/ws/install/mac_messages/share/mac_messages/cmake/rosidl_cmake-extras.cmake
-- Installing: /mac_everything/ws/install/mac_messages/share/mac_messages/cmake/ament_cmake_export_include_directories-extras.cmake
-- Installing: /mac_everything/ws/install/mac_messages/share/mac_messages/cmake/ament_cmake_export_libraries-extras.cmake
-- Installing: /mac_everything/ws/install/mac_messages/share/mac_messages/cmake/ament_cmake_export_targets-extras.cmake
-- Installing: /mac_everything/ws/install/mac_messages/share/mac_messages/cmake/rosidl_cmake_export_typesupport_targets-extras.cmake
-- Installing: /mac_everything/ws/install/mac_messages/share/mac_messages/cmake/ament_cmake_export_dependencies-extras.cmake
-- Installing: /mac_everything/ws/install/mac_messages/share/mac_messages/cmake/rosidl_cmake_export_typesupport_libraries-extras.cmake
-- Installing: /mac_everything/ws/install/mac_messages/share/mac_messages/cmake/mac_messagesConfig.cmake
-- Installing: /mac_everything/ws/install/mac_messages/share/mac_messages/cmake/mac_messagesConfig-version.cmake
-- Installing: /mac_everything/ws/install/mac_messages/share/mac_messages/package.xml
