[0.201s] Invoking command in '/mac_everything/ws/build/mac_messages': CMAKE_PREFIX_PATH=${CMAKE_PREFIX_PATH}:/mac_everything/ws/install/manual_control /usr/local/bin/cmake /mac_everything/ws/src/mac_messages -DCMAKE_INSTALL_PREFIX=/mac_everything/ws/install/mac_messages
[1.143s] -- The C compiler identification is GNU 7.5.0
[1.609s] -- The CXX compiler identification is GNU 7.5.0
[1.707s] -- Detecting C compiler ABI info
[1.936s] -- Detecting C compiler ABI info - done
[1.983s] -- Check for working C compiler: /usr/bin/cc - skipped
[1.990s] -- Detecting C compile features
[1.991s] -- Detecting C compile features - done
[2.037s] -- Detecting CXX compiler ABI info
[2.279s] -- Detecting CXX compiler ABI info - done
[2.329s] -- Check for working CXX compiler: /usr/bin/c++ - skipped
[2.333s] -- Detecting CXX compile features
[2.334s] -- Detecting CXX compile features - done
[2.365s] -- Found ament_cmake: 2.0.3 (/opt/ros/iron/install/share/ament_cmake/cmake)
[5.510s] -- Found Python3: /usr/bin/python3.6 (found version "3.6.9") found components: Interpreter 
[6.178s] -- Found rosidl_default_generators: 1.5.0 (/opt/ros/iron/install/share/rosidl_default_generators/cmake)
[6.215s] -- Using all available rosidl_typesupport_c: rosidl_typesupport_fastrtps_c;rosidl_typesupport_introspection_c
[6.558s] -- Using all available rosidl_typesupport_cpp: rosidl_typesupport_fastrtps_cpp;rosidl_typesupport_introspection_cpp
[6.882s] -- Found rosidl_adapter: 4.0.1 (/opt/ros/iron/install/share/rosidl_adapter/cmake)
[9.220s] -- Found ament_cmake_ros: 0.11.2 (/opt/ros/iron/install/share/ament_cmake_ros/cmake)
[10.777s] -- Using all available rosidl_typesupport_c: rosidl_typesupport_fastrtps_c;rosidl_typesupport_introspection_c
[12.777s] -- Using all available rosidl_typesupport_cpp: rosidl_typesupport_fastrtps_cpp;rosidl_typesupport_introspection_cpp
[12.789s] [33mCMake Warning (dev) at /opt/ros/iron/install/share/rosidl_generator_py/cmake/rosidl_generator_py_generate_interfaces.cmake:20 (find_package):
[12.790s]   Policy CMP0148 is not set: The FindPythonInterp and FindPythonLibs modules
[12.791s]   are removed.  Run "cmake --help-policy CMP0148" for policy details.  Use
[12.791s]   the cmake_policy command to set the policy and suppress this warning.
[12.792s] 
[12.797s] Call Stack (most recent call first):
[12.797s]   /opt/ros/iron/install/share/ament_cmake_core/cmake/core/ament_execute_extensions.cmake:48 (include)
[12.798s]   /opt/ros/iron/install/share/rosidl_cmake/cmake/rosidl_generate_interfaces.cmake:316 (ament_execute_extensions)
[12.798s]   CMakeLists.txt:12 (rosidl_generate_interfaces)
[12.799s] This warning is for project developers.  Use -Wno-dev to suppress it.
[12.799s] [0m
[12.865s] -- Found PythonInterp: /usr/bin/python3.6 (found suitable version "3.6.9", minimum required is "3.6") 
[12.880s] -- Found python_cmake_module: 0.10.2 (/opt/ros/iron/install/share/python_cmake_module/cmake)
[12.883s] [33mCMake Warning (dev) at /opt/ros/iron/install/share/python_cmake_module/cmake/Modules/FindPythonExtra.cmake:52 (find_package):
[12.885s]   Policy CMP0148 is not set: The FindPythonInterp and FindPythonLibs modules
[12.887s]   are removed.  Run "cmake --help-policy CMP0148" for policy details.  Use
[12.889s]   the cmake_policy command to set the policy and suppress this warning.
[12.890s] 
[12.890s] Call Stack (most recent call first):
[12.891s]   /opt/ros/iron/install/share/rosidl_generator_py/cmake/rosidl_generator_py_generate_interfaces.cmake:23 (find_package)
[12.891s]   /opt/ros/iron/install/share/ament_cmake_core/cmake/core/ament_execute_extensions.cmake:48 (include)
[12.892s]   /opt/ros/iron/install/share/rosidl_cmake/cmake/rosidl_generate_interfaces.cmake:316 (ament_execute_extensions)
[12.892s]   CMakeLists.txt:12 (rosidl_generate_interfaces)
[12.893s] This warning is for project developers.  Use -Wno-dev to suppress it.
[12.893s] [0m
[12.957s] [33mCMake Warning (dev) at /opt/ros/iron/install/share/python_cmake_module/cmake/Modules/FindPythonExtra.cmake:140 (find_package):
[12.957s]   Policy CMP0148 is not set: The FindPythonInterp and FindPythonLibs modules
[12.958s]   are removed.  Run "cmake --help-policy CMP0148" for policy details.  Use
[12.958s]   the cmake_policy command to set the policy and suppress this warning.
[12.959s] 
[12.959s] Call Stack (most recent call first):
[12.960s]   /opt/ros/iron/install/share/rosidl_generator_py/cmake/rosidl_generator_py_generate_interfaces.cmake:23 (find_package)
[12.960s]   /opt/ros/iron/install/share/ament_cmake_core/cmake/core/ament_execute_extensions.cmake:48 (include)
[12.961s]   /opt/ros/iron/install/share/rosidl_cmake/cmake/rosidl_generate_interfaces.cmake:316 (ament_execute_extensions)
[12.961s]   CMakeLists.txt:12 (rosidl_generate_interfaces)
[12.962s] This warning is for project developers.  Use -Wno-dev to suppress it.
[12.962s] [0m
[12.984s] -- Found PythonLibs: /usr/lib/aarch64-linux-gnu/libpython3.6m.so (found suitable version "3.6.9", minimum required is "3.5") 
[12.985s] -- Using PYTHON_EXECUTABLE: /usr/bin/python3.6
[12.986s] -- Using PYTHON_INCLUDE_DIRS: /usr/include/python3.6m
[12.986s] -- Using PYTHON_LIBRARIES: /usr/lib/aarch64-linux-gnu/libpython3.6m.so
[13.059s] -- Found PythonExtra: .so  
[14.169s] -- Using numpy include directory: /usr/local/lib/python3.6/dist-packages/numpy/core/include
[14.243s] -- Configuring done (13.7s)
[14.385s] -- Generating done (0.1s)
[14.398s] -- Build files have been written to: /mac_everything/ws/build/mac_messages
[14.446s] Invoked command in '/mac_everything/ws/build/mac_messages' returned '0': CMAKE_PREFIX_PATH=${CMAKE_PREFIX_PATH}:/mac_everything/ws/install/manual_control /usr/local/bin/cmake /mac_everything/ws/src/mac_messages -DCMAKE_INSTALL_PREFIX=/mac_everything/ws/install/mac_messages
[14.456s] Invoking command in '/mac_everything/ws/build/mac_messages': CMAKE_PREFIX_PATH=${CMAKE_PREFIX_PATH}:/mac_everything/ws/install/manual_control /usr/local/bin/cmake --build /mac_everything/ws/build/mac_messages -- -j4 -l4
[14.654s] [  2%] [34m[1mGenerating type hashes for ROS interfaces[0m
[14.663s] [  2%] Built target ament_cmake_python_copy_mac_messages
[16.017s] [  2%] Built target mac_messages__rosidl_generator_type_description
[16.030s] [  5%] [34m[1mGenerating C code for ROS interfaces[0m
[16.054s] [  8%] [34m[1mGenerating C++ code for ROS interfaces[0m
[16.098s] running egg_info
[16.101s] creating mac_messages.egg-info
[16.104s] writing mac_messages.egg-info/PKG-INFO
[16.106s] writing dependency_links to mac_messages.egg-info/dependency_links.txt
[16.108s] writing top-level names to mac_messages.egg-info/top_level.txt
[16.110s] writing manifest file 'mac_messages.egg-info/SOURCES.txt'
[16.119s] reading manifest file 'mac_messages.egg-info/SOURCES.txt'
[16.124s] writing manifest file 'mac_messages.egg-info/SOURCES.txt'
[16.228s] [  8%] Built target ament_cmake_python_build_mac_messages_egg
[17.697s] [  8%] Built target mac_messages__cpp
[17.939s] [ 11%] [32mBuilding C object CMakeFiles/mac_messages__rosidl_generator_c.dir/rosidl_generator_c/mac_messages/msg/detail/drive__description.c.o[0m
[17.940s] [ 17%] [32mBuilding C object CMakeFiles/mac_messages__rosidl_generator_c.dir/rosidl_generator_c/mac_messages/msg/detail/drive__type_support.c.o[0m
[17.941s] [ 17%] [32mBuilding C object CMakeFiles/mac_messages__rosidl_generator_c.dir/rosidl_generator_c/mac_messages/msg/detail/drive__functions.c.o[0m
[18.154s] [ 20%] [32m[1mLinking C shared library libmac_messages__rosidl_generator_c.so[0m
[18.236s] [ 20%] Built target mac_messages__rosidl_generator_c
[18.250s] [ 23%] [34m[1mGenerating C introspection for ROS interfaces[0m
[18.251s] [ 32%] [34m[1mGenerating C++ type support for eProsima Fast-RTPS[0m
[18.252s] [ 32%] [34m[1mGenerating C type support for eProsima Fast-RTPS[0m
[18.252s] [ 26%] [34m[1mGenerating C++ introspection for ROS interfaces[0m
[19.915s] [ 35%] [32mBuilding CXX object CMakeFiles/mac_messages__rosidl_typesupport_introspection_cpp.dir/rosidl_typesupport_introspection_cpp/mac_messages/msg/detail/drive__type_support.cpp.o[0m
[19.955s] [ 38%] [32mBuilding C object CMakeFiles/mac_messages__rosidl_typesupport_introspection_c.dir/rosidl_typesupport_introspection_c/mac_messages/msg/detail/drive__type_support.c.o[0m
[19.973s] [ 41%] [32mBuilding CXX object CMakeFiles/mac_messages__rosidl_typesupport_fastrtps_c.dir/rosidl_typesupport_fastrtps_c/mac_messages/msg/detail/drive__type_support_c.cpp.o[0m
[19.991s] [ 44%] [32mBuilding CXX object CMakeFiles/mac_messages__rosidl_typesupport_fastrtps_cpp.dir/rosidl_typesupport_fastrtps_cpp/mac_messages/msg/detail/dds_fastrtps/drive__type_support.cpp.o[0m
[20.087s] [ 47%] [32m[1mLinking C shared library libmac_messages__rosidl_typesupport_introspection_c.so[0m
[20.156s] [ 47%] Built target mac_messages__rosidl_typesupport_introspection_c
[20.171s] [ 50%] [34m[1mGenerating C++ type support dispatch for ROS interfaces[0m
[21.317s] [ 52%] [32m[1mLinking CXX shared library libmac_messages__rosidl_typesupport_introspection_cpp.so[0m
[21.479s] [ 55%] [32m[1mLinking CXX shared library libmac_messages__rosidl_typesupport_fastrtps_c.so[0m
[21.549s] [ 55%] Built target mac_messages__rosidl_typesupport_introspection_cpp
[21.568s] [ 58%] [34m[1mGenerating C type support dispatch for ROS interfaces[0m
[21.699s] [ 58%] Built target mac_messages__rosidl_typesupport_fastrtps_c
[21.876s] [ 61%] [32mBuilding CXX object CMakeFiles/mac_messages__rosidl_typesupport_cpp.dir/rosidl_typesupport_cpp/mac_messages/msg/drive__type_support.cpp.o[0m
[22.054s] [ 64%] [32m[1mLinking CXX shared library libmac_messages__rosidl_typesupport_fastrtps_cpp.so[0m
[22.249s] [ 64%] Built target mac_messages__rosidl_typesupport_fastrtps_cpp
[22.915s] [ 67%] [32m[1mLinking CXX shared library libmac_messages__rosidl_typesupport_cpp.so[0m
[23.006s] [ 67%] Built target mac_messages__rosidl_typesupport_cpp
[23.122s] [ 70%] [32mBuilding CXX object CMakeFiles/mac_messages__rosidl_typesupport_c.dir/rosidl_typesupport_c/mac_messages/msg/drive__type_support.cpp.o[0m
[23.268s] [ 73%] [32m[1mLinking CXX shared library libmac_messages__rosidl_typesupport_c.so[0m
[23.350s] [ 73%] Built target mac_messages__rosidl_typesupport_c
[23.376s] [ 73%] Built target mac_messages
[23.405s] [ 76%] [34m[1mGenerating Python code for ROS interfaces[0m
[25.568s] [ 76%] Built target mac_messages__py
[25.595s] [ 79%] [32mBuilding C object CMakeFiles/mac_messages__rosidl_generator_py.dir/rosidl_generator_py/mac_messages/msg/_drive_s.c.o[0m
[25.983s] [ 82%] [32m[1mLinking C shared library rosidl_generator_py/mac_messages/libmac_messages__rosidl_generator_py.so[0m
[26.076s] [ 82%] Built target mac_messages__rosidl_generator_py
[26.105s] [ 91%] [32mBuilding C object CMakeFiles/mac_messages__rosidl_typesupport_fastrtps_c__pyext.dir/rosidl_generator_py/mac_messages/_mac_messages_s.ep.rosidl_typesupport_fastrtps_c.c.o[0m
[26.106s] [ 91%] [32mBuilding C object CMakeFiles/mac_messages__rosidl_typesupport_c__pyext.dir/rosidl_generator_py/mac_messages/_mac_messages_s.ep.rosidl_typesupport_c.c.o[0m
[26.107s] [ 91%] [32mBuilding C object CMakeFiles/mac_messages__rosidl_typesupport_introspection_c__pyext.dir/rosidl_generator_py/mac_messages/_mac_messages_s.ep.rosidl_typesupport_introspection_c.c.o[0m
[26.392s] [ 94%] [32m[1mLinking C shared library rosidl_generator_py/mac_messages/mac_messages_s__rosidl_typesupport_c.cpython-36m-aarch64-linux-gnu.so[0m
[26.404s] [ 97%] [32m[1mLinking C shared library rosidl_generator_py/mac_messages/mac_messages_s__rosidl_typesupport_introspection_c.cpython-36m-aarch64-linux-gnu.so[0m
[26.426s] [100%] [32m[1mLinking C shared library rosidl_generator_py/mac_messages/mac_messages_s__rosidl_typesupport_fastrtps_c.cpython-36m-aarch64-linux-gnu.so[0m
[26.471s] [100%] Built target mac_messages__rosidl_typesupport_c__pyext
[26.488s] [100%] Built target mac_messages__rosidl_typesupport_introspection_c__pyext
[26.517s] [100%] Built target mac_messages__rosidl_typesupport_fastrtps_c__pyext
[26.551s] Invoked command in '/mac_everything/ws/build/mac_messages' returned '0': CMAKE_PREFIX_PATH=${CMAKE_PREFIX_PATH}:/mac_everything/ws/install/manual_control /usr/local/bin/cmake --build /mac_everything/ws/build/mac_messages -- -j4 -l4
[27.035s] Invoking command in '/mac_everything/ws/build/mac_messages': CMAKE_PREFIX_PATH=${CMAKE_PREFIX_PATH}:/mac_everything/ws/install/manual_control /usr/local/bin/cmake --install /mac_everything/ws/build/mac_messages
[27.171s] -- Install configuration: ""
[27.173s] -- Installing: /mac_everything/ws/install/mac_messages/share/ament_index/resource_index/rosidl_interfaces/mac_messages
[27.175s] -- Installing: /mac_everything/ws/install/mac_messages/share/mac_messages/msg/Drive.json
[27.177s] -- Installing: /mac_everything/ws/install/mac_messages/include/mac_messages/mac_messages
[27.182s] -- Installing: /mac_everything/ws/install/mac_messages/include/mac_messages/mac_messages/msg
[27.186s] -- Installing: /mac_everything/ws/install/mac_messages/include/mac_messages/mac_messages/msg/drive.h
[27.188s] -- Installing: /mac_everything/ws/install/mac_messages/include/mac_messages/mac_messages/msg/detail
[27.190s] -- Installing: /mac_everything/ws/install/mac_messages/include/mac_messages/mac_messages/msg/detail/drive__functions.c
[27.191s] -- Installing: /mac_everything/ws/install/mac_messages/include/mac_messages/mac_messages/msg/detail/drive__description.c
[27.192s] -- Installing: /mac_everything/ws/install/mac_messages/include/mac_messages/mac_messages/msg/detail/drive__struct.h
[27.193s] -- Installing: /mac_everything/ws/install/mac_messages/include/mac_messages/mac_messages/msg/detail/drive__type_support.c
[27.194s] -- Installing: /mac_everything/ws/install/mac_messages/include/mac_messages/mac_messages/msg/detail/drive__functions.h
[27.194s] -- Installing: /mac_everything/ws/install/mac_messages/include/mac_messages/mac_messages/msg/detail/drive__type_support.h
[27.195s] -- Installing: /mac_everything/ws/install/mac_messages/include/mac_messages/mac_messages/msg/rosidl_generator_c__visibility_control.h
[27.195s] -- Installing: /mac_everything/ws/install/mac_messages/share/mac_messages/environment/library_path.sh
[27.196s] -- Installing: /mac_everything/ws/install/mac_messages/share/mac_messages/environment/library_path.dsv
[27.196s] -- Installing: /mac_everything/ws/install/mac_messages/lib/libmac_messages__rosidl_generator_c.so
[27.197s] -- Set runtime path of "/mac_everything/ws/install/mac_messages/lib/libmac_messages__rosidl_generator_c.so" to ""
[27.197s] -- Up-to-date: /mac_everything/ws/install/mac_messages/include/mac_messages/mac_messages
[27.198s] -- Up-to-date: /mac_everything/ws/install/mac_messages/include/mac_messages/mac_messages/msg
[27.198s] -- Installing: /mac_everything/ws/install/mac_messages/include/mac_messages/mac_messages/msg/rosidl_typesupport_fastrtps_c__visibility_control.h
[27.199s] -- Up-to-date: /mac_everything/ws/install/mac_messages/include/mac_messages/mac_messages/msg/detail
[27.199s] -- Installing: /mac_everything/ws/install/mac_messages/include/mac_messages/mac_messages/msg/detail/drive__rosidl_typesupport_fastrtps_c.h
[27.200s] -- Installing: /mac_everything/ws/install/mac_messages/lib/libmac_messages__rosidl_typesupport_fastrtps_c.so
[27.201s] -- Set runtime path of "/mac_everything/ws/install/mac_messages/lib/libmac_messages__rosidl_typesupport_fastrtps_c.so" to ""
[27.201s] -- Up-to-date: /mac_everything/ws/install/mac_messages/include/mac_messages/mac_messages
[27.202s] -- Up-to-date: /mac_everything/ws/install/mac_messages/include/mac_messages/mac_messages/msg
[27.202s] -- Up-to-date: /mac_everything/ws/install/mac_messages/include/mac_messages/mac_messages/msg/detail
[27.203s] -- Installing: /mac_everything/ws/install/mac_messages/include/mac_messages/mac_messages/msg/detail/drive__type_support.c
[27.203s] -- Installing: /mac_everything/ws/install/mac_messages/include/mac_messages/mac_messages/msg/detail/drive__rosidl_typesupport_introspection_c.h
[27.204s] -- Installing: /mac_everything/ws/install/mac_messages/include/mac_messages/mac_messages/msg/rosidl_typesupport_introspection_c__visibility_control.h
[27.204s] -- Installing: /mac_everything/ws/install/mac_messages/lib/libmac_messages__rosidl_typesupport_introspection_c.so
[27.205s] -- Set runtime path of "/mac_everything/ws/install/mac_messages/lib/libmac_messages__rosidl_typesupport_introspection_c.so" to ""
[27.205s] -- Installing: /mac_everything/ws/install/mac_messages/lib/libmac_messages__rosidl_typesupport_c.so
[27.205s] -- Set runtime path of "/mac_everything/ws/install/mac_messages/lib/libmac_messages__rosidl_typesupport_c.so" to ""
[27.206s] -- Up-to-date: /mac_everything/ws/install/mac_messages/include/mac_messages/mac_messages
[27.206s] -- Up-to-date: /mac_everything/ws/install/mac_messages/include/mac_messages/mac_messages/msg
[27.207s] -- Installing: /mac_everything/ws/install/mac_messages/include/mac_messages/mac_messages/msg/drive.hpp
[27.207s] -- Up-to-date: /mac_everything/ws/install/mac_messages/include/mac_messages/mac_messages/msg/detail
[27.208s] -- Installing: /mac_everything/ws/install/mac_messages/include/mac_messages/mac_messages/msg/detail/drive__struct.hpp
[27.208s] -- Installing: /mac_everything/ws/install/mac_messages/include/mac_messages/mac_messages/msg/detail/drive__builder.hpp
[27.209s] -- Installing: /mac_everything/ws/install/mac_messages/include/mac_messages/mac_messages/msg/detail/drive__traits.hpp
[27.209s] -- Up-to-date: /mac_everything/ws/install/mac_messages/include/mac_messages/mac_messages
[27.210s] -- Up-to-date: /mac_everything/ws/install/mac_messages/include/mac_messages/mac_messages/msg
[27.211s] -- Installing: /mac_everything/ws/install/mac_messages/include/mac_messages/mac_messages/msg/rosidl_typesupport_fastrtps_cpp__visibility_control.h
[27.211s] -- Up-to-date: /mac_everything/ws/install/mac_messages/include/mac_messages/mac_messages/msg/detail
[27.212s] -- Installing: /mac_everything/ws/install/mac_messages/include/mac_messages/mac_messages/msg/detail/drive__rosidl_typesupport_fastrtps_cpp.hpp
[27.212s] -- Installing: /mac_everything/ws/install/mac_messages/include/mac_messages/mac_messages/msg/detail/dds_fastrtps
[27.214s] -- Installing: /mac_everything/ws/install/mac_messages/lib/libmac_messages__rosidl_typesupport_fastrtps_cpp.so
[27.214s] -- Set runtime path of "/mac_everything/ws/install/mac_messages/lib/libmac_messages__rosidl_typesupport_fastrtps_cpp.so" to ""
[27.215s] -- Up-to-date: /mac_everything/ws/install/mac_messages/include/mac_messages/mac_messages
[27.216s] -- Up-to-date: /mac_everything/ws/install/mac_messages/include/mac_messages/mac_messages/msg
[27.216s] -- Up-to-date: /mac_everything/ws/install/mac_messages/include/mac_messages/mac_messages/msg/detail
[27.217s] -- Installing: /mac_everything/ws/install/mac_messages/include/mac_messages/mac_messages/msg/detail/drive__type_support.cpp
[27.217s] -- Installing: /mac_everything/ws/install/mac_messages/include/mac_messages/mac_messages/msg/detail/drive__rosidl_typesupport_introspection_cpp.hpp
[27.218s] -- Installing: /mac_everything/ws/install/mac_messages/lib/libmac_messages__rosidl_typesupport_introspection_cpp.so
[27.218s] -- Set runtime path of "/mac_everything/ws/install/mac_messages/lib/libmac_messages__rosidl_typesupport_introspection_cpp.so" to ""
[27.219s] -- Installing: /mac_everything/ws/install/mac_messages/lib/libmac_messages__rosidl_typesupport_cpp.so
[27.219s] -- Set runtime path of "/mac_everything/ws/install/mac_messages/lib/libmac_messages__rosidl_typesupport_cpp.so" to ""
[27.220s] -- Installing: /mac_everything/ws/install/mac_messages/share/mac_messages/environment/pythonpath.sh
[27.220s] -- Installing: /mac_everything/ws/install/mac_messages/share/mac_messages/environment/pythonpath.dsv
[27.221s] -- Installing: /mac_everything/ws/install/mac_messages/lib/python3.6/site-packages/mac_messages-0.0.0-py3.6.egg-info
[27.221s] -- Installing: /mac_everything/ws/install/mac_messages/lib/python3.6/site-packages/mac_messages-0.0.0-py3.6.egg-info/SOURCES.txt
[27.222s] -- Installing: /mac_everything/ws/install/mac_messages/lib/python3.6/site-packages/mac_messages-0.0.0-py3.6.egg-info/dependency_links.txt
[27.222s] -- Installing: /mac_everything/ws/install/mac_messages/lib/python3.6/site-packages/mac_messages-0.0.0-py3.6.egg-info/top_level.txt
[27.223s] -- Installing: /mac_everything/ws/install/mac_messages/lib/python3.6/site-packages/mac_messages-0.0.0-py3.6.egg-info/PKG-INFO
[27.223s] -- Installing: /mac_everything/ws/install/mac_messages/lib/python3.6/site-packages/mac_messages
[27.224s] -- Installing: /mac_everything/ws/install/mac_messages/lib/python3.6/site-packages/mac_messages/_mac_messages_s.ep.rosidl_typesupport_fastrtps_c.c
[27.224s] -- Installing: /mac_everything/ws/install/mac_messages/lib/python3.6/site-packages/mac_messages/__init__.py
[27.225s] -- Installing: /mac_everything/ws/install/mac_messages/lib/python3.6/site-packages/mac_messages/mac_messages_s__rosidl_typesupport_fastrtps_c.cpython-36m-aarch64-linux-gnu.so
[27.225s] -- Installing: /mac_everything/ws/install/mac_messages/lib/python3.6/site-packages/mac_messages/mac_messages_s__rosidl_typesupport_introspection_c.cpython-36m-aarch64-linux-gnu.so
[27.226s] -- Installing: /mac_everything/ws/install/mac_messages/lib/python3.6/site-packages/mac_messages/_mac_messages_s.ep.rosidl_typesupport_introspection_c.c
[27.226s] -- Installing: /mac_everything/ws/install/mac_messages/lib/python3.6/site-packages/mac_messages/libmac_messages__rosidl_generator_py.so
[27.227s] -- Installing: /mac_everything/ws/install/mac_messages/lib/python3.6/site-packages/mac_messages/msg
[27.227s] -- Installing: /mac_everything/ws/install/mac_messages/lib/python3.6/site-packages/mac_messages/msg/_drive.py
[27.228s] -- Installing: /mac_everything/ws/install/mac_messages/lib/python3.6/site-packages/mac_messages/msg/__init__.py
[27.228s] -- Installing: /mac_everything/ws/install/mac_messages/lib/python3.6/site-packages/mac_messages/msg/_drive_s.c
[27.229s] -- Installing: /mac_everything/ws/install/mac_messages/lib/python3.6/site-packages/mac_messages/_mac_messages_s.ep.rosidl_typesupport_c.c
[27.229s] -- Installing: /mac_everything/ws/install/mac_messages/lib/python3.6/site-packages/mac_messages/mac_messages_s__rosidl_typesupport_c.cpython-36m-aarch64-linux-gnu.so
[27.374s] Listing '/mac_everything/ws/install/mac_messages/lib/python3.6/site-packages/mac_messages'...
[27.376s] Compiling '/mac_everything/ws/install/mac_messages/lib/python3.6/site-packages/mac_messages/__init__.py'...
[27.377s] Listing '/mac_everything/ws/install/mac_messages/lib/python3.6/site-packages/mac_messages/msg'...
[27.377s] Compiling '/mac_everything/ws/install/mac_messages/lib/python3.6/site-packages/mac_messages/msg/__init__.py'...
[27.378s] Compiling '/mac_everything/ws/install/mac_messages/lib/python3.6/site-packages/mac_messages/msg/_drive.py'...
[27.396s] -- Installing: /mac_everything/ws/install/mac_messages/lib/python3.6/site-packages/mac_messages/mac_messages_s__rosidl_typesupport_fastrtps_c.cpython-36m-aarch64-linux-gnu.so
[27.398s] -- Set runtime path of "/mac_everything/ws/install/mac_messages/lib/python3.6/site-packages/mac_messages/mac_messages_s__rosidl_typesupport_fastrtps_c.cpython-36m-aarch64-linux-gnu.so" to ""
[27.398s] -- Installing: /mac_everything/ws/install/mac_messages/lib/python3.6/site-packages/mac_messages/mac_messages_s__rosidl_typesupport_introspection_c.cpython-36m-aarch64-linux-gnu.so
[27.400s] -- Set runtime path of "/mac_everything/ws/install/mac_messages/lib/python3.6/site-packages/mac_messages/mac_messages_s__rosidl_typesupport_introspection_c.cpython-36m-aarch64-linux-gnu.so" to ""
[27.401s] -- Installing: /mac_everything/ws/install/mac_messages/lib/python3.6/site-packages/mac_messages/mac_messages_s__rosidl_typesupport_c.cpython-36m-aarch64-linux-gnu.so
[27.402s] -- Set runtime path of "/mac_everything/ws/install/mac_messages/lib/python3.6/site-packages/mac_messages/mac_messages_s__rosidl_typesupport_c.cpython-36m-aarch64-linux-gnu.so" to ""
[27.403s] -- Installing: /mac_everything/ws/install/mac_messages/lib/libmac_messages__rosidl_generator_py.so
[27.404s] -- Set runtime path of "/mac_everything/ws/install/mac_messages/lib/libmac_messages__rosidl_generator_py.so" to ""
[27.405s] -- Installing: /mac_everything/ws/install/mac_messages/share/mac_messages/msg/Drive.idl
[27.405s] -- Installing: /mac_everything/ws/install/mac_messages/share/mac_messages/msg/Drive.msg
[27.406s] -- Installing: /mac_everything/ws/install/mac_messages/share/ament_index/resource_index/package_run_dependencies/mac_messages
[27.407s] -- Installing: /mac_everything/ws/install/mac_messages/share/ament_index/resource_index/parent_prefix_path/mac_messages
[27.407s] -- Installing: /mac_everything/ws/install/mac_messages/share/mac_messages/environment/ament_prefix_path.sh
[27.408s] -- Installing: /mac_everything/ws/install/mac_messages/share/mac_messages/environment/ament_prefix_path.dsv
[27.408s] -- Installing: /mac_everything/ws/install/mac_messages/share/mac_messages/environment/path.sh
[27.409s] -- Installing: /mac_everything/ws/install/mac_messages/share/mac_messages/environment/path.dsv
[27.410s] -- Installing: /mac_everything/ws/install/mac_messages/share/mac_messages/local_setup.bash
[27.411s] -- Installing: /mac_everything/ws/install/mac_messages/share/mac_messages/local_setup.sh
[27.411s] -- Installing: /mac_everything/ws/install/mac_messages/share/mac_messages/local_setup.zsh
[27.412s] -- Installing: /mac_everything/ws/install/mac_messages/share/mac_messages/local_setup.dsv
[27.412s] -- Installing: /mac_everything/ws/install/mac_messages/share/mac_messages/package.dsv
[27.413s] -- Installing: /mac_everything/ws/install/mac_messages/share/ament_index/resource_index/packages/mac_messages
[27.413s] -- Installing: /mac_everything/ws/install/mac_messages/share/mac_messages/cmake/export_mac_messages__rosidl_generator_cExport.cmake
[27.414s] -- Installing: /mac_everything/ws/install/mac_messages/share/mac_messages/cmake/export_mac_messages__rosidl_generator_cExport-noconfig.cmake
[27.414s] -- Installing: /mac_everything/ws/install/mac_messages/share/mac_messages/cmake/export_mac_messages__rosidl_typesupport_fastrtps_cExport.cmake
[27.415s] -- Installing: /mac_everything/ws/install/mac_messages/share/mac_messages/cmake/export_mac_messages__rosidl_typesupport_fastrtps_cExport-noconfig.cmake
[27.415s] -- Installing: /mac_everything/ws/install/mac_messages/share/mac_messages/cmake/mac_messages__rosidl_typesupport_introspection_cExport.cmake
[27.416s] -- Installing: /mac_everything/ws/install/mac_messages/share/mac_messages/cmake/mac_messages__rosidl_typesupport_introspection_cExport-noconfig.cmake
[27.417s] -- Installing: /mac_everything/ws/install/mac_messages/share/mac_messages/cmake/mac_messages__rosidl_typesupport_cExport.cmake
[27.417s] -- Installing: /mac_everything/ws/install/mac_messages/share/mac_messages/cmake/mac_messages__rosidl_typesupport_cExport-noconfig.cmake
[27.418s] -- Installing: /mac_everything/ws/install/mac_messages/share/mac_messages/cmake/export_mac_messages__rosidl_generator_cppExport.cmake
[27.419s] -- Installing: /mac_everything/ws/install/mac_messages/share/mac_messages/cmake/export_mac_messages__rosidl_typesupport_fastrtps_cppExport.cmake
[27.419s] -- Installing: /mac_everything/ws/install/mac_messages/share/mac_messages/cmake/export_mac_messages__rosidl_typesupport_fastrtps_cppExport-noconfig.cmake
[27.420s] -- Installing: /mac_everything/ws/install/mac_messages/share/mac_messages/cmake/mac_messages__rosidl_typesupport_introspection_cppExport.cmake
[27.421s] -- Installing: /mac_everything/ws/install/mac_messages/share/mac_messages/cmake/mac_messages__rosidl_typesupport_introspection_cppExport-noconfig.cmake
[27.421s] -- Installing: /mac_everything/ws/install/mac_messages/share/mac_messages/cmake/mac_messages__rosidl_typesupport_cppExport.cmake
[27.430s] -- Installing: /mac_everything/ws/install/mac_messages/share/mac_messages/cmake/mac_messages__rosidl_typesupport_cppExport-noconfig.cmake
[27.431s] -- Installing: /mac_everything/ws/install/mac_messages/share/mac_messages/cmake/export_mac_messages__rosidl_generator_pyExport.cmake
[27.432s] -- Installing: /mac_everything/ws/install/mac_messages/share/mac_messages/cmake/export_mac_messages__rosidl_generator_pyExport-noconfig.cmake
[27.432s] -- Installing: /mac_everything/ws/install/mac_messages/share/mac_messages/cmake/rosidl_cmake-extras.cmake
[27.433s] -- Installing: /mac_everything/ws/install/mac_messages/share/mac_messages/cmake/ament_cmake_export_include_directories-extras.cmake
[27.434s] -- Installing: /mac_everything/ws/install/mac_messages/share/mac_messages/cmake/ament_cmake_export_libraries-extras.cmake
[27.434s] -- Installing: /mac_everything/ws/install/mac_messages/share/mac_messages/cmake/ament_cmake_export_targets-extras.cmake
[27.435s] -- Installing: /mac_everything/ws/install/mac_messages/share/mac_messages/cmake/rosidl_cmake_export_typesupport_targets-extras.cmake
[27.435s] -- Installing: /mac_everything/ws/install/mac_messages/share/mac_messages/cmake/ament_cmake_export_dependencies-extras.cmake
[27.436s] -- Installing: /mac_everything/ws/install/mac_messages/share/mac_messages/cmake/rosidl_cmake_export_typesupport_libraries-extras.cmake
[27.437s] -- Installing: /mac_everything/ws/install/mac_messages/share/mac_messages/cmake/mac_messagesConfig.cmake
[27.438s] -- Installing: /mac_everything/ws/install/mac_messages/share/mac_messages/cmake/mac_messagesConfig-version.cmake
[27.438s] -- Installing: /mac_everything/ws/install/mac_messages/share/mac_messages/package.xml
[27.459s] Invoked command in '/mac_everything/ws/build/mac_messages' returned '0': CMAKE_PREFIX_PATH=${CMAKE_PREFIX_PATH}:/mac_everything/ws/install/manual_control /usr/local/bin/cmake --install /mac_everything/ws/build/mac_messages
