[0.183s] Invoking command in '/mac_remote/ws/build/macnav_description': CMAKE_PREFIX_PATH=${CMAKE_PREFIX_PATH}:/mac_remote/ws/install/manual_control:/opt/ros/humble /usr/bin/cmake /mac_remote/ws/src/macnav_description -DCMAKE_INSTALL_PREFIX=/mac_remote/ws/install/macnav_description
[4.184s] -- The C compiler identification is GNU 11.4.0
[4.795s] -- The CXX compiler identification is GNU 11.4.0
[4.870s] -- Detecting C compiler ABI info
[5.153s] -- Detecting C compiler ABI info - done
[5.165s] -- Check for working C compiler: /usr/bin/cc - skipped
[5.165s] -- Detecting C compile features
[5.175s] -- Detecting C compile features - done
[5.185s] -- Detecting CXX compiler ABI info
[5.307s] -- Detecting CXX compiler ABI info - done
[5.314s] -- Check for working CXX compiler: /usr/bin/c++ - skipped
[5.314s] -- Detecting CXX compile features
[5.315s] -- Detecting CXX compile features - done
[5.348s] -- Found ament_cmake: 1.3.5 (/opt/ros/humble/share/ament_cmake/cmake)
[5.632s] -- Found Python3: /usr/bin/python3.10 (found version "3.10.12") found components: Interpreter 
[5.972s] -- Configuring done
[5.975s] -- Generating done
[5.976s] -- Build files have been written to: /mac_remote/ws/build/macnav_description
[5.981s] Invoked command in '/mac_remote/ws/build/macnav_description' returned '0': CMAKE_PREFIX_PATH=${CMAKE_PREFIX_PATH}:/mac_remote/ws/install/manual_control:/opt/ros/humble /usr/bin/cmake /mac_remote/ws/src/macnav_description -DCMAKE_INSTALL_PREFIX=/mac_remote/ws/install/macnav_description
[5.983s] Invoking command in '/mac_remote/ws/build/macnav_description': CMAKE_PREFIX_PATH=${CMAKE_PREFIX_PATH}:/mac_remote/ws/install/manual_control:/opt/ros/humble /usr/bin/cmake --build /mac_remote/ws/build/macnav_description -- -j12 -l12
[6.033s] Invoked command in '/mac_remote/ws/build/macnav_description' returned '0': CMAKE_PREFIX_PATH=${CMAKE_PREFIX_PATH}:/mac_remote/ws/install/manual_control:/opt/ros/humble /usr/bin/cmake --build /mac_remote/ws/build/macnav_description -- -j12 -l12
[6.078s] Invoking command in '/mac_remote/ws/build/macnav_description': CMAKE_PREFIX_PATH=${CMAKE_PREFIX_PATH}:/mac_remote/ws/install/manual_control:/opt/ros/humble /usr/bin/cmake --install /mac_remote/ws/build/macnav_description
[6.090s] -- Install configuration: ""
[6.090s] -- Installing: /mac_remote/ws/install/macnav_description/share/macnav_description//urdf
[6.090s] -- Installing: /mac_remote/ws/install/macnav_description/share/macnav_description//urdf/macnav.urdf.xacro
[6.090s] -- Installing: /mac_remote/ws/install/macnav_description/share/macnav_description//urdf/macnav_lidar.xacro
[6.090s] -- Installing: /mac_remote/ws/install/macnav_description/share/macnav_description//urdf/common_properties.xacro
[6.091s] -- Installing: /mac_remote/ws/install/macnav_description/share/macnav_description//urdf/macnav_base.xacro
[6.091s] -- Installing: /mac_remote/ws/install/macnav_description/share/macnav_description//launch
[6.091s] -- Installing: /mac_remote/ws/install/macnav_description/share/macnav_description//launch/display.launch.xml
[6.091s] -- Installing: /mac_remote/ws/install/macnav_description/share/macnav_description//rviz
[6.091s] -- Installing: /mac_remote/ws/install/macnav_description/share/macnav_description//rviz/macnav_config.rviz
[6.091s] -- Installing: /mac_remote/ws/install/macnav_description/share/ament_index/resource_index/package_run_dependencies/macnav_description
[6.092s] -- Installing: /mac_remote/ws/install/macnav_description/share/ament_index/resource_index/parent_prefix_path/macnav_description
[6.092s] -- Installing: /mac_remote/ws/install/macnav_description/share/macnav_description/environment/ament_prefix_path.sh
[6.092s] -- Installing: /mac_remote/ws/install/macnav_description/share/macnav_description/environment/ament_prefix_path.dsv
[6.092s] -- Installing: /mac_remote/ws/install/macnav_description/share/macnav_description/environment/path.sh
[6.093s] -- Installing: /mac_remote/ws/install/macnav_description/share/macnav_description/environment/path.dsv
[6.093s] -- Installing: /mac_remote/ws/install/macnav_description/share/macnav_description/local_setup.bash
[6.093s] -- Installing: /mac_remote/ws/install/macnav_description/share/macnav_description/local_setup.sh
[6.093s] -- Installing: /mac_remote/ws/install/macnav_description/share/macnav_description/local_setup.zsh
[6.094s] -- Installing: /mac_remote/ws/install/macnav_description/share/macnav_description/local_setup.dsv
[6.094s] -- Installing: /mac_remote/ws/install/macnav_description/share/macnav_description/package.dsv
[6.094s] -- Installing: /mac_remote/ws/install/macnav_description/share/ament_index/resource_index/packages/macnav_description
[6.094s] -- Installing: /mac_remote/ws/install/macnav_description/share/macnav_description/cmake/macnav_descriptionConfig.cmake
[6.095s] -- Installing: /mac_remote/ws/install/macnav_description/share/macnav_description/cmake/macnav_descriptionConfig-version.cmake
[6.095s] -- Installing: /mac_remote/ws/install/macnav_description/share/macnav_description/package.xml
[6.097s] Invoked command in '/mac_remote/ws/build/macnav_description' returned '0': CMAKE_PREFIX_PATH=${CMAKE_PREFIX_PATH}:/mac_remote/ws/install/manual_control:/opt/ros/humble /usr/bin/cmake --install /mac_remote/ws/build/macnav_description
